#
# A fatal error has been detected by the Java Runtime Environment:
#
#  Internal Error (0xc000000d), pid=13148, tid=6716
#
# JRE version: Java(TM) SE Runtime Environment (8.0_45-b15) (build 1.8.0_45-b15)
# Java VM: Java HotSpot(TM) 64-Bit Server VM (25.45-b02 mixed mode windows-amd64 compressed oops)
# Problematic frame:
# C  [ntdll.dll+0xfe9d8]
#
# Failed to write core dump. Minidumps are not enabled by default on client versions of Windows
#
# If you would like to submit a bug report, please visit:
#   http://bugreport.java.com/bugreport/crash.jsp
#

---------------  T H R E A D  ---------------

Current thread (0x00000000135f7000):  VMThread [stack: 0x0000000014690000,0x0000000014790000] [id=6716]

siginfo: ExceptionCode=0xc000000d

Registers:
RAX=0x00007ff5ffffe000, RBX=0xfffffffffffffffe, RCX=0x000000001478f518, RDX=0x000000001478f170
RSP=0x000000001478f3b0, RBP=0x00007ff80fa97408, RSI=0x0000000000000000, RDI=0x0000000000000d00
R8 =0x0000000000200000, R9 =0x000000001478ef10, R10=0x000000001478ef10, R11=0x0000000000000000
R12=0x00000000222300b0, R13=0x0000000021645c70, R14=0x00000000222301b8, R15=0x000000001478f528
RIP=0x00007ff81cd6e9d8, EFLAGS=0x0000000000000206

Top of Stack: (sp=0x000000001478f3b0)
0x000000001478f3b0:   00000000001f4860 fffffffffffffffe
0x000000001478f3c0:   0000000000000000 0000000000000d00
0x000000001478f3d0:   00000000c000000d 0000000000000000
0x000000001478f3e0:   00007ff81cd6e9d8 0000000000000000
0x000000001478f3f0:   0000000000000000 0000000000000000
0x000000001478f400:   0000000000000000 0000000000000000
0x000000001478f410:   0000000000000000 0000000000000000
0x000000001478f420:   0000000000000000 0000000000000000
0x000000001478f430:   0000000000000000 0000000000000000
0x000000001478f440:   0000000000000000 0000000000000000
0x000000001478f450:   0000000000000000 0000000000000000
0x000000001478f460:   0000000000000000 0000000000000013
0x000000001478f470:   0000399228576d7f 0000000000000000
0x000000001478f480:   0000000000000120 00007ff81cd15ebf
0x000000001478f490:   00000000001f0000 0000000000000000
0x000000001478f4a0:   0000000000000120 0000000000000000 

Instructions: (pc=0x00007ff81cd6e9d8)
0x00007ff81cd6e9b8:   6b f9 ff c7 44 24 20 0d 00 00 c0 b9 57 00 00 00
0x00007ff81cd6e9c8:   e8 23 14 f5 ff 90 48 8d 4c 24 20 e8 a4 37 f5 ff
0x00007ff81cd6e9d8:   eb 00 48 8b 8c 24 c0 00 00 00 48 33 cc e8 56 47
0x00007ff81cd6e9e8:   f8 ff 48 81 c4 d8 00 00 00 c3 40 55 48 83 ec 20 


Register to memory mapping:

RAX=0x00007ff5ffffe000 is an unknown value
RBX=0xfffffffffffffffe is an unknown value
RCX=0x000000001478f518 is an unknown value
RDX=0x000000001478f170 is an unknown value
RSP=0x000000001478f3b0 is an unknown value
RBP=0x00007ff80fa97408 is an unknown value
RSI=0x0000000000000000 is an unknown value
RDI=0x0000000000000d00 is an unknown value
R8 =0x0000000000200000 is an unknown value
R9 =0x000000001478ef10 is an unknown value
R10=0x000000001478ef10 is an unknown value
R11=0x0000000000000000 is an unknown value
R12=0x00000000222300b0 is an unknown value
R13=0x0000000021645c70 is an unknown value
R14=0x00000000222301b8 is an unknown value
R15=0x000000001478f528 is an unknown value


Stack: [0x0000000014690000,0x0000000014790000],  sp=0x000000001478f3b0,  free space=1020k
Native frames: (J=compiled Java code, j=interpreted, Vv=VM code, C=native code)
C  [ntdll.dll+0xfe9d8]
C  [ntdll.dll+0xa5ebf]
C  [KERNEL32.DLL+0x35da]
C  [MSVCR110.dll+0x752d]
C  [MSVCR110.dll+0x73c6]
C  [MSVCR110.dll+0x14cca]
C  [MSVCR110.dll+0x13edc]
C  [MSVCR110.dll+0x239e]
C  [MSVCR110.dll+0xaf9e]
C  [MSVCP110.dll+0x397b9]
C  [librdi_common.dll+0x14283e]
C  [librdi_common.dll+0x141449]
C  [librdi_target_manager.dll+0x2400]
C  [librdi_target_manager.dll+0x2682]
C  [ntdll.dll+0x231dd]
C  [ntdll.dll+0x2160a]
C  [ntdll.dll+0x6b5ec]
C  [KERNEL32.DLL+0x4d56]
C  [MSVCR100.dll+0x20ccd]
V  [jvm.dll+0x20f135]
V  [jvm.dll+0x247ef7]
V  [jvm.dll+0x247196]
V  [jvm.dll+0x247631]
V  [jvm.dll+0x24784e]
V  [jvm.dll+0x29853a]
C  [MSVCR100.dll+0x21d9f]
C  [MSVCR100.dll+0x21e3b]
C  [KERNEL32.DLL+0x16ad]
C  [ntdll.dll+0x54409]

VM_Operation (0x000000000013f500): Exit, mode: safepoint, requested by thread 0x00000000021c3800


---------------  P R O C E S S  ---------------

Java Threads: ( => current thread )
  0x000000001882c000 JavaThread "Spawner Reaper" daemon [_thread_in_native, id=17056, stack(0x0000000024960000,0x0000000024a60000)]
  0x0000000016788800 JavaThread "Thread-17" daemon [_thread_blocked, id=14056, stack(0x0000000022e00000,0x0000000022f00000)]
  0x0000000015527000 JavaThread "TCF Locator DNS Lookup" daemon [_thread_blocked, id=7040, stack(0x00000000203d0000,0x00000000204d0000)]
  0x0000000015525800 JavaThread "TCF Locator Timer" daemon [_thread_blocked, id=5960, stack(0x00000000202d0000,0x00000000203d0000)]
  0x0000000015524800 JavaThread "TCF Locator Receiver" daemon [_thread_in_native, id=13300, stack(0x000000001ffd0000,0x00000000200d0000)]
  0x0000000015521000 JavaThread "TCF Timer Dispatcher" daemon [_thread_blocked, id=6416, stack(0x000000001f2c0000,0x000000001f3c0000)]
  0x000000001627f800 JavaThread "EMF Reference Cleaner" daemon [_thread_blocked, id=7840, stack(0x0000000017950000,0x0000000017a50000)]
  0x0000000014e12800 JavaThread "Service Thread" daemon [_thread_blocked, id=10360, stack(0x0000000015290000,0x0000000015390000)]
  0x0000000013688800 JavaThread "C1 CompilerThread2" daemon [_thread_blocked, id=15836, stack(0x0000000015190000,0x0000000015290000)]
  0x0000000013684000 JavaThread "C2 CompilerThread1" daemon [_thread_blocked, id=1416, stack(0x0000000014c90000,0x0000000014d90000)]
  0x0000000013680000 JavaThread "C2 CompilerThread0" daemon [_thread_blocked, id=2312, stack(0x0000000014b90000,0x0000000014c90000)]
  0x000000001367d800 JavaThread "Attach Listener" daemon [_thread_blocked, id=14488, stack(0x0000000014a90000,0x0000000014b90000)]
  0x000000001367c800 JavaThread "Signal Dispatcher" daemon [_thread_blocked, id=8000, stack(0x0000000014990000,0x0000000014a90000)]
  0x00000000022b8800 JavaThread "Finalizer" daemon [_thread_blocked, id=14292, stack(0x0000000014890000,0x0000000014990000)]
  0x00000000022b0000 JavaThread "Reference Handler" daemon [_thread_blocked, id=3240, stack(0x0000000014790000,0x0000000014890000)]
  0x00000000021c3800 JavaThread "main" [_thread_blocked, id=14660, stack(0x0000000000040000,0x0000000000140000)]

Other Threads:
=>0x00000000135f7000 VMThread [stack: 0x0000000014690000,0x0000000014790000] [id=6716]

VM state:at safepoint (shutting down)

VM Mutex/Monitor currently owned by a thread:  ([mutex/lock_event])
[0x00000000021c06d0] Threads_lock - owner thread: 0x00000000135f7000

Heap:
 PSYoungGen      total 157184K, used 121739K [0x00000000f5580000, 0x00000000fff00000, 0x0000000100000000)
  eden space 141824K, 82% used [0x00000000f5580000,0x00000000fc865c68,0x00000000fe000000)
  from space 15360K, 26% used [0x00000000ff000000,0x00000000ff3fd1a8,0x00000000fff00000)
  to   space 15872K, 0% used [0x00000000fe000000,0x00000000fe000000,0x00000000fef80000)
 ParOldGen       total 109056K, used 51995K [0x00000000e0000000, 0x00000000e6a80000, 0x00000000f5580000)
  object space 109056K, 47% used [0x00000000e0000000,0x00000000e32c6ec8,0x00000000e6a80000)
 Metaspace       used 85112K, capacity 91350K, committed 91520K, reserved 1128448K
  class space    used 10097K, capacity 12072K, committed 12160K, reserved 1048576K

Card table byte_map: [0x0000000011680000,0x0000000011790000] byte_map_base: 0x0000000010f80000

Marking Bits: (ParMarkBitMap*) 0x0000000067404040
 Begin Bits: [0x0000000011b90000, 0x0000000012390000)
 End Bits:   [0x0000000012390000, 0x0000000012b90000)

Polling page: 0x00000000003e0000

CodeCache: size=245760Kb used=50595Kb max_used=51006Kb free=195164Kb
 bounds [0x00000000022c0000, 0x00000000054f0000, 0x00000000112c0000]
 total_blobs=14226 nmethods=13378 adapters=754
 compilation: enabled

Compilation events (10 events):
Event: 715.014 Thread 0x0000000013688800 nmethod 18154 0x0000000003d94a10 code [0x0000000003d94e20, 0x0000000003d973f8]
Event: 715.016 Thread 0x0000000013688800 18156   !   3       org.eclipse.osgi.internal.serviceregistry.ServiceUse::ungetService (232 bytes)
Event: 715.022 Thread 0x0000000013688800 nmethod 18156 0x00000000031efbd0 code [0x00000000031f0080, 0x00000000031f3038]
Event: 715.125 Thread 0x0000000013680000 18157       4       java.io.File::list (33 bytes)
Event: 715.131 Thread 0x0000000013680000 nmethod 18157 0x0000000002cbf250 code [0x0000000002cbf3a0, 0x0000000002cbf5a8]
Event: 715.152 Thread 0x0000000013688800 18158   !   3       org.eclipse.osgi.internal.baseadaptor.BaseStorage::compact (215 bytes)
Event: 715.155 Thread 0x0000000013688800 nmethod 18158 0x0000000004e4fed0 code [0x0000000004e50320, 0x0000000004e527e8]
Event: 715.252 Thread 0x0000000013684000 nmethod 18142 0x00000000030b6150 code [0x00000000030b6540, 0x00000000030b9de0]
Event: 715.329 Thread 0x0000000013688800 18159       3       org.eclipse.osgi.framework.internal.core.AbstractBundle::close (52 bytes)
Event: 715.331 Thread 0x0000000013688800 nmethod 18159 0x000000000321e390 code [0x000000000321e5c0, 0x000000000321f2c8]

GC Heap History (10 events):
Event: 639.767 GC heap before
{Heap before GC invocations=50 (full 9):
 PSYoungGen      total 153088K, used 141445K [0x00000000f5580000, 0x00000000ffd00000, 0x0000000100000000)
  eden space 135680K, 100% used [0x00000000f5580000,0x00000000fda00000,0x00000000fda00000)
  from space 17408K, 33% used [0x00000000fec00000,0x00000000ff1a16c8,0x00000000ffd00000)
  to   space 17920K, 0% used [0x00000000fda00000,0x00000000fda00000,0x00000000feb80000)
 ParOldGen       total 109056K, used 49141K [0x00000000e0000000, 0x00000000e6a80000, 0x00000000f5580000)
  object space 109056K, 45% used [0x00000000e0000000,0x00000000e2ffd5f8,0x00000000e6a80000)
 Metaspace       used 82725K, capacity 88578K, committed 88832K, reserved 1126400K
  class space    used 9827K, capacity 11668K, committed 11776K, reserved 1048576K
Event: 639.782 GC heap after
Heap after GC invocations=50 (full 9):
 PSYoungGen      total 153600K, used 7583K [0x00000000f5580000, 0x00000000ffe80000, 0x0000000100000000)
  eden space 135680K, 0% used [0x00000000f5580000,0x00000000f5580000,0x00000000fda00000)
  from space 17920K, 42% used [0x00000000fda00000,0x00000000fe167c28,0x00000000feb80000)
  to   space 16896K, 0% used [0x00000000fee00000,0x00000000fee00000,0x00000000ffe80000)
 ParOldGen       total 109056K, used 49141K [0x00000000e0000000, 0x00000000e6a80000, 0x00000000f5580000)
  object space 109056K, 45% used [0x00000000e0000000,0x00000000e2ffd5f8,0x00000000e6a80000)
 Metaspace       used 82725K, capacity 88578K, committed 88832K, reserved 1126400K
  class space    used 9827K, capacity 11668K, committed 11776K, reserved 1048576K
}
Event: 640.714 GC heap before
{Heap before GC invocations=51 (full 9):
 PSYoungGen      total 153600K, used 33301K [0x00000000f5580000, 0x00000000ffe80000, 0x0000000100000000)
  eden space 135680K, 18% used [0x00000000f5580000,0x00000000f6e9d9c0,0x00000000fda00000)
  from space 17920K, 42% used [0x00000000fda00000,0x00000000fe167c28,0x00000000feb80000)
  to   space 16896K, 0% used [0x00000000fee00000,0x00000000fee00000,0x00000000ffe80000)
 ParOldGen       total 109056K, used 49141K [0x00000000e0000000, 0x00000000e6a80000, 0x00000000f5580000)
  object space 109056K, 45% used [0x00000000e0000000,0x00000000e2ffd5f8,0x00000000e6a80000)
 Metaspace       used 82727K, capacity 88578K, committed 88832K, reserved 1126400K
  class space    used 9827K, capacity 11668K, committed 11776K, reserved 1048576K
Event: 640.720 GC heap after
Heap after GC invocations=51 (full 9):
 PSYoungGen      total 155136K, used 6453K [0x00000000f5580000, 0x00000000ffd80000, 0x0000000100000000)
  eden space 139264K, 0% used [0x00000000f5580000,0x00000000f5580000,0x00000000fdd80000)
  from space 15872K, 40% used [0x00000000fee00000,0x00000000ff44d6b8,0x00000000ffd80000)
  to   space 16384K, 0% used [0x00000000fdd80000,0x00000000fdd80000,0x00000000fed80000)
 ParOldGen       total 109056K, used 49141K [0x00000000e0000000, 0x00000000e6a80000, 0x00000000f5580000)
  object space 109056K, 45% used [0x00000000e0000000,0x00000000e2ffd5f8,0x00000000e6a80000)
 Metaspace       used 82727K, capacity 88578K, committed 88832K, reserved 1126400K
  class space    used 9827K, capacity 11668K, committed 11776K, reserved 1048576K
}
Event: 640.720 GC heap before
{Heap before GC invocations=52 (full 10):
 PSYoungGen      total 155136K, used 6453K [0x00000000f5580000, 0x00000000ffd80000, 0x0000000100000000)
  eden space 139264K, 0% used [0x00000000f5580000,0x00000000f5580000,0x00000000fdd80000)
  from space 15872K, 40% used [0x00000000fee00000,0x00000000ff44d6b8,0x00000000ffd80000)
  to   space 16384K, 0% used [0x00000000fdd80000,0x00000000fdd80000,0x00000000fed80000)
 ParOldGen       total 109056K, used 49141K [0x00000000e0000000, 0x00000000e6a80000, 0x00000000f5580000)
  object space 109056K, 45% used [0x00000000e0000000,0x00000000e2ffd5f8,0x00000000e6a80000)
 Metaspace       used 82727K, capacity 88578K, committed 88832K, reserved 1126400K
  class space    used 9827K, capacity 11668K, committed 11776K, reserved 1048576K
Event: 641.286 GC heap after
Heap after GC invocations=52 (full 10):
 PSYoungGen      total 155136K, used 0K [0x00000000f5580000, 0x00000000ffd80000, 0x0000000100000000)
  eden space 139264K, 0% used [0x00000000f5580000,0x00000000f5580000,0x00000000fdd80000)
  from space 15872K, 0% used [0x00000000fee00000,0x00000000fee00000,0x00000000ffd80000)
  to   space 16384K, 0% used [0x00000000fdd80000,0x00000000fdd80000,0x00000000fed80000)
 ParOldGen       total 109056K, used 51993K [0x00000000e0000000, 0x00000000e6a80000, 0x00000000f5580000)
  object space 109056K, 47% used [0x00000000e0000000,0x00000000e32c6660,0x00000000e6a80000)
 Metaspace       used 82727K, capacity 88578K, committed 88832K, reserved 1126400K
  class space    used 9827K, capacity 11668K, committed 11776K, reserved 1048576K
}
Event: 666.494 GC heap before
{Heap before GC invocations=53 (full 10):
 PSYoungGen      total 155136K, used 139264K [0x00000000f5580000, 0x00000000ffd80000, 0x0000000100000000)
  eden space 139264K, 100% used [0x00000000f5580000,0x00000000fdd80000,0x00000000fdd80000)
  from space 15872K, 0% used [0x00000000fee00000,0x00000000fee00000,0x00000000ffd80000)
  to   space 16384K, 0% used [0x00000000fdd80000,0x00000000fdd80000,0x00000000fed80000)
 ParOldGen       total 109056K, used 51993K [0x00000000e0000000, 0x00000000e6a80000, 0x00000000f5580000)
  object space 109056K, 47% used [0x00000000e0000000,0x00000000e32c66b8,0x00000000e6a80000)
 Metaspace       used 83016K, capacity 88898K, committed 89088K, reserved 1126400K
  class space    used 9844K, capacity 11668K, committed 11776K, reserved 1048576K
Event: 666.501 GC heap after
Heap after GC invocations=53 (full 10):
 PSYoungGen      total 155648K, used 1641K [0x00000000f5580000, 0x0000000100000000, 0x0000000100000000)
  eden space 139264K, 0% used [0x00000000f5580000,0x00000000f5580000,0x00000000fdd80000)
  from space 16384K, 10% used [0x00000000fdd80000,0x00000000fdf1a628,0x00000000fed80000)
  to   space 16384K, 0% used [0x00000000ff000000,0x00000000ff000000,0x0000000100000000)
 ParOldGen       total 109056K, used 51993K [0x00000000e0000000, 0x00000000e6a80000, 0x00000000f5580000)
  object space 109056K, 47% used [0x00000000e0000000,0x00000000e32c66b8,0x00000000e6a80000)
 Metaspace       used 83016K, capacity 88898K, committed 89088K, reserved 1126400K
  class space    used 9844K, capacity 11668K, committed 11776K, reserved 1048576K
}
Event: 686.119 GC heap before
{Heap before GC invocations=54 (full 10):
 PSYoungGen      total 155648K, used 140905K [0x00000000f5580000, 0x0000000100000000, 0x0000000100000000)
  eden space 139264K, 100% used [0x00000000f5580000,0x00000000fdd80000,0x00000000fdd80000)
  from space 16384K, 10% used [0x00000000fdd80000,0x00000000fdf1a628,0x00000000fed80000)
  to   space 16384K, 0% used [0x00000000ff000000,0x00000000ff000000,0x0000000100000000)
 ParOldGen       total 109056K, used 51995K [0x00000000e0000000, 0x00000000e6a80000, 0x00000000f5580000)
  object space 109056K, 47% used [0x00000000e0000000,0x00000000e32c6ec8,0x00000000e6a80000)
 Metaspace       used 84306K, capacity 90470K, committed 90624K, reserved 1128448K
  class space    used 10010K, capacity 11910K, committed 12032K, reserved 1048576K
Event: 686.148 GC heap after
Heap after GC invocations=54 (full 10):
 PSYoungGen      total 157184K, used 4084K [0x00000000f5580000, 0x00000000fff00000, 0x0000000100000000)
  eden space 141824K, 0% used [0x00000000f5580000,0x00000000f5580000,0x00000000fe000000)
  from space 15360K, 26% used [0x00000000ff000000,0x00000000ff3fd1a8,0x00000000fff00000)
  to   space 15872K, 0% used [0x00000000fe000000,0x00000000fe000000,0x00000000fef80000)
 ParOldGen       total 109056K, used 51995K [0x00000000e0000000, 0x00000000e6a80000, 0x00000000f5580000)
  object space 109056K, 47% used [0x00000000e0000000,0x00000000e32c6ec8,0x00000000e6a80000)
 Metaspace       used 84306K, capacity 90470K, committed 90624K, reserved 1128448K
  class space    used 10010K, capacity 11910K, committed 12032K, reserved 1048576K
}

Deoptimization events (10 events):
Event: 714.983 Thread 0x0000000015523000 Uncommon trap: reason=unstable_if action=reinterpret pc=0x00000000039674a0 method=org.eclipse.core.internal.jobs.WorkerPool.startJob(Lorg/eclipse/core/internal/jobs/Worker;)Lorg/eclipse/core/internal/jobs/InternalJob; @ 177
Event: 714.983 Thread 0x0000000016780800 Uncommon trap: reason=unstable_if action=reinterpret pc=0x00000000039674a0 method=org.eclipse.core.internal.jobs.WorkerPool.startJob(Lorg/eclipse/core/internal/jobs/Worker;)Lorg/eclipse/core/internal/jobs/InternalJob; @ 177
Event: 714.983 Thread 0x0000000016d0c800 Uncommon trap: reason=unstable_if action=reinterpret pc=0x00000000039674a0 method=org.eclipse.core.internal.jobs.WorkerPool.startJob(Lorg/eclipse/core/internal/jobs/Worker;)Lorg/eclipse/core/internal/jobs/InternalJob; @ 177
Event: 714.983 Thread 0x0000000015521800 Uncommon trap: reason=unstable_if action=reinterpret pc=0x00000000039674a0 method=org.eclipse.core.internal.jobs.WorkerPool.startJob(Lorg/eclipse/core/internal/jobs/Worker;)Lorg/eclipse/core/internal/jobs/InternalJob; @ 177
Event: 714.984 Thread 0x0000000015520000 Uncommon trap: reason=unstable_if action=reinterpret pc=0x00000000039674a0 method=org.eclipse.core.internal.jobs.WorkerPool.startJob(Lorg/eclipse/core/internal/jobs/Worker;)Lorg/eclipse/core/internal/jobs/InternalJob; @ 177
Event: 714.984 Thread 0x000000001882a800 Uncommon trap: reason=unstable_if action=reinterpret pc=0x00000000039674a0 method=org.eclipse.core.internal.jobs.WorkerPool.startJob(Lorg/eclipse/core/internal/jobs/Worker;)Lorg/eclipse/core/internal/jobs/InternalJob; @ 177
Event: 714.984 Thread 0x0000000015c05000 Uncommon trap: reason=unstable_if action=reinterpret pc=0x00000000039674a0 method=org.eclipse.core.internal.jobs.WorkerPool.startJob(Lorg/eclipse/core/internal/jobs/Worker;)Lorg/eclipse/core/internal/jobs/InternalJob; @ 177
Event: 714.985 Thread 0x000000001882a000 Uncommon trap: reason=unstable_if action=reinterpret pc=0x00000000039674a0 method=org.eclipse.core.internal.jobs.WorkerPool.startJob(Lorg/eclipse/core/internal/jobs/Worker;)Lorg/eclipse/core/internal/jobs/InternalJob; @ 177
Event: 715.330 Thread 0x00000000021c3800 Uncommon trap: reason=unstable_if action=reinterpret pc=0x000000000477f080 method=sun.reflect.UnsafeStaticObjectFieldAccessorImpl.set(Ljava/lang/Object;Ljava/lang/Object;)V @ 13
Event: 715.331 Thread 0x000000001882a800 Uncommon trap: reason=bimorphic action=maybe_recompile pc=0x000000000262d0a4 method=java.util.concurrent.CopyOnWriteArrayList.indexOf(Ljava/lang/Object;[Ljava/lang/Object;II)I @ 46

Internal exceptions (10 events):
Event: 713.777 Thread 0x00000000021c3800 Implicit null exception at 0x0000000003f9a6c5 to 0x0000000003f9a995
Event: 714.073 Thread 0x00000000021c3800 Implicit null exception at 0x0000000004cbfa20 to 0x0000000004cbfd85
Event: 714.235 Thread 0x0000000015570000 Implicit null exception at 0x00000000054d2a42 to 0x00000000054d2bdd
Event: 714.243 Thread 0x0000000016785800 Exception <a 'java/lang/InterruptedException'> (0x00000000fc0e7f28) thrown at [C:\re\workspace\8-2-build-windows-amd64-cygwin\jdk8u45\3627\hotspot\src\share\vm\runtime\objectMonitor.cpp, line 1683]
Event: 715.004 Thread 0x0000000015582800 Exception <a 'java/lang/InterruptedException': sleep interrupted> (0x00000000fc448a60) thrown at [C:\re\workspace\8-2-build-windows-amd64-cygwin\jdk8u45\3627\hotspot\src\share\vm\prims\jvm.cpp, line 3211]
Event: 715.006 Thread 0x00000000194e3000 Exception <a 'java/lang/InterruptedException'> (0x00000000fc5ab2f8) thrown at [C:\re\workspace\8-2-build-windows-amd64-cygwin\jdk8u45\3627\hotspot\src\share\vm\runtime\objectMonitor.cpp, line 1683]
Event: 715.007 Thread 0x00000000157b1000 Exception <a 'java/lang/InterruptedException'> (0x00000000fc5cba70) thrown at [C:\re\workspace\8-2-build-windows-amd64-cygwin\jdk8u45\3627\hotspot\src\share\vm\runtime\objectMonitor.cpp, line 1683]
Event: 715.330 Thread 0x0000000015570000 Exception <a 'java/lang/InterruptedException'> (0x00000000fc448180) thrown at [C:\re\workspace\8-2-build-windows-amd64-cygwin\jdk8u45\3627\hotspot\src\share\vm\runtime\objectMonitor.cpp, line 1683]
Event: 715.330 Thread 0x00000000021c3800 Implicit null exception at 0x000000000477ed37 to 0x000000000477f06d
Event: 715.332 Thread 0x000000001882a800 Exception <a 'java/io/IOException'> (0x00000000fc839a68) thrown at [C:\re\workspace\8-2-build-windows-amd64-cygwin\jdk8u45\3627\hotspot\src\share\vm\prims\jni.cpp, line 709]

Events (10 events):
Event: 715.331 Thread 0x000000001882a800 Thread added: 0x000000001882a800
Event: 715.331 Thread 0x000000001882a800 Uncommon trap: trap_request=0xffffffc6 fr.pc=0x000000000262d0a4
Event: 715.331 Thread 0x000000001882a800 DEOPT PACKING pc=0x000000000262d0a4 sp=0x0000000016f4f510
Event: 715.331 Thread 0x000000001882a800 DEOPT UNPACKING pc=0x000000000230582a sp=0x0000000016f4f4c8 mode 2
Event: 715.331 Executing VM operation: RevokeBias
Event: 715.331 Executing VM operation: RevokeBias done
Event: 715.331 Executing VM operation: RevokeBias
Event: 715.331 Executing VM operation: RevokeBias done
Event: 715.332 Thread 0x000000001882a800 Thread exited: 0x000000001882a800
Event: 715.333 Executing VM operation: Exit


Dynamic libraries:
0x0000000000400000 - 0x000000000044f000 	E:\ProgramFiles\Xilinx\SDK\2015.4\eclipse\win64.o\eclipse.exe
0x00007ff81cc70000 - 0x00007ff81ce16000 	C:\Windows\SYSTEM32\ntdll.dll
0x00007ff81c7a0000 - 0x00007ff81c8da000 	C:\Windows\system32\KERNEL32.DLL
0x00007ff81a100000 - 0x00007ff81a20f000 	C:\Windows\system32\KERNELBASE.dll
0x00007ff81aaf0000 - 0x00007ff81ac61000 	C:\Windows\system32\USER32.dll
0x00007ff8176a0000 - 0x00007ff8178fa000 	C:\Windows\WinSxS\amd64_microsoft.windows.common-controls_6595b64144ccf1df_6.0.9600.17031_none_6242a4b3ecbb55a1\COMCTL32.dll
0x00007ff81c5e0000 - 0x00007ff81c687000 	C:\Windows\system32\msvcrt.dll
0x00007ff81c8e0000 - 0x00007ff81ca24000 	C:\Windows\system32\GDI32.dll
0x00007ff81c150000 - 0x00007ff81c184000 	C:\Windows\system32\IMM32.DLL
0x00007ff81a950000 - 0x00007ff81aa89000 	C:\Windows\system32\MSCTF.dll
0x0000000072000000 - 0x0000000072012000 	E:\ProgramFiles\Xilinx\SDK\2015.4\eclipse\win64.o\plugins\org.eclipse.equinox.launcher.win32.win32.x86_64_1.1.200.v20140116-2212\eclipse_1503.dll
0x00007ff81c530000 - 0x00007ff81c5d5000 	C:\Windows\system32\ADVAPI32.dll
0x00007ff812500000 - 0x00007ff81250a000 	C:\Windows\SYSTEM32\VERSION.dll
0x00007ff81c1a0000 - 0x00007ff81c1f7000 	C:\Windows\SYSTEM32\sechost.dll
0x00007ff81c200000 - 0x00007ff81c337000 	C:\Windows\system32\RPCRT4.dll
0x00007ff818cc0000 - 0x00007ff818de1000 	C:\Windows\system32\uxtheme.dll
0x00007ff81c350000 - 0x00007ff81c526000 	C:\Windows\SYSTEM32\combase.dll
0x00007ffff7350000 - 0x00007ffff738f000 	C:\Program Files\ASUS\Bluetooth Software\btmmhook.dll
0x00007ff81ac90000 - 0x00007ff81c09f000 	C:\Windows\system32\SHELL32.dll
0x00007ff81a4f0000 - 0x00007ff81a668000 	C:\Windows\system32\ole32.dll
0x00007ff81a670000 - 0x00007ff81a731000 	C:\Windows\system32\OLEAUT32.dll
0x00007ff81a740000 - 0x00007ff81a791000 	C:\Windows\system32\SHLWAPI.dll
0x00007ff81c340000 - 0x00007ff81c347000 	C:\Windows\system32\PSAPI.DLL
0x0000000066c00000 - 0x0000000067483000 	E:\ProgramFiles\Xilinx\SDK\2015.4\tps\win64\jre\bin\server\jvm.dll
0x00007ffff7e30000 - 0x00007ffff7e39000 	C:\Windows\SYSTEM32\WSOCK32.dll
0x00007ff816bd0000 - 0x00007ff816bef000 	C:\Windows\SYSTEM32\WINMM.dll
0x000000006b8d0000 - 0x000000006b9a2000 	C:\Windows\SYSTEM32\MSVCR100.dll
0x00007ff81ca30000 - 0x00007ff81ca88000 	C:\Windows\system32\WS2_32.dll
0x00007ff816ba0000 - 0x00007ff816bca000 	C:\Windows\SYSTEM32\WINMMBASE.dll
0x00007ff81c6f0000 - 0x00007ff81c6f9000 	C:\Windows\system32\NSI.dll
0x00007ff81a0b0000 - 0x00007ff81a0fa000 	C:\Windows\SYSTEM32\cfgmgr32.dll
0x00007ff818e70000 - 0x00007ff818e96000 	C:\Windows\SYSTEM32\DEVOBJ.dll
0x00000000676b0000 - 0x00000000676bf000 	E:\ProgramFiles\Xilinx\SDK\2015.4\tps\win64\jre\bin\verify.dll
0x0000000066bd0000 - 0x0000000066bf9000 	E:\ProgramFiles\Xilinx\SDK\2015.4\tps\win64\jre\bin\java.dll
0x0000000066bb0000 - 0x0000000066bc6000 	E:\ProgramFiles\Xilinx\SDK\2015.4\tps\win64\jre\bin\zip.dll
0x00007ff817f00000 - 0x00007ff817f9f000 	C:\Windows\system32\SHCORE.dll
0x00007ff819fe0000 - 0x00007ff819ff4000 	C:\Windows\system32\profapi.dll
0x00007ff819880000 - 0x00007ff81989e000 	C:\Windows\SYSTEM32\CRYPTSP.dll
0x00007ff8194c0000 - 0x00007ff8194f5000 	C:\Windows\system32\rsaenh.dll
0x00007ff819b90000 - 0x00007ff819bb6000 	C:\Windows\SYSTEM32\bcrypt.dll
0x00007ff8195d0000 - 0x00007ff8195ee000 	C:\Windows\SYSTEM32\USERENV.dll
0x00007ff819ec0000 - 0x00007ff819f20000 	C:\Windows\system32\bcryptprimitives.dll
0x00007ff819f20000 - 0x00007ff819f2a000 	C:\Windows\SYSTEM32\CRYPTBASE.dll
0x0000000066b90000 - 0x0000000066baa000 	E:\ProgramFiles\Xilinx\SDK\2015.4\tps\win64\jre\bin\net.dll
0x00007ff819820000 - 0x00007ff819878000 	C:\Windows\system32\mswsock.dll
0x00007ff814350000 - 0x00007ff814379000 	C:\Windows\SYSTEM32\IPHLPAPI.DLL
0x00007ff814270000 - 0x00007ff81427a000 	C:\Windows\SYSTEM32\WINNSI.DLL
0x00007ff813f80000 - 0x00007ff813f94000 	C:\Windows\SYSTEM32\dhcpcsvc6.DLL
0x00007ff814440000 - 0x00007ff814459000 	C:\Windows\SYSTEM32\dhcpcsvc.DLL
0x0000000066b70000 - 0x0000000066b81000 	E:\ProgramFiles\Xilinx\SDK\2015.4\tps\win64\jre\bin\nio.dll
0x00007ff818e40000 - 0x00007ff818e4a000 	C:\Windows\SYSTEM32\kernel.appcore.dll
0x00007ff815e20000 - 0x00007ff815e34000 	C:\Windows\system32\napinsp.dll
0x00007ff815a40000 - 0x00007ff815a59000 	C:\Windows\system32\pnrpnsp.dll
0x00007ff818440000 - 0x00007ff81845b000 	C:\Windows\system32\NLAapi.dll
0x00007ff819630000 - 0x00007ff8196d3000 	C:\Windows\SYSTEM32\DNSAPI.dll
0x00007ff8169e0000 - 0x00007ff8169ec000 	C:\Windows\System32\winrnr.dll
0x00007ff812520000 - 0x00007ff812533000 	C:\Windows\system32\wshbth.dll
0x00007ff816a30000 - 0x00007ff816a39000 	C:\Windows\System32\rasadhlp.dll
0x00007ff8141a0000 - 0x00007ff814208000 	C:\Windows\System32\fwpuclnt.dll
0x0000000017e50000 - 0x0000000017ef8000 	C:\Users\CoBoL\.Xilinx\SDK\2015.4\org.eclipse.osgi\bundles\303\1\.cp\swt-win32-4335.dll
0x00007ff81c700000 - 0x00007ff81c79e000 	C:\Windows\system32\comdlg32.dll
0x00007ff816d90000 - 0x00007ff816e0b000 	C:\Windows\SYSTEM32\WINSPOOL.DRV
0x00007ff816a00000 - 0x00007ff816a14000 	C:\Windows\SYSTEM32\USP10.dll
0x00007ff812710000 - 0x00007ff812958000 	C:\Windows\SYSTEM32\WININET.dll
0x00007ff81a260000 - 0x00007ff81a43f000 	C:\Windows\system32\CRYPT32.dll
0x00007ff812b80000 - 0x00007ff812e47000 	C:\Windows\SYSTEM32\iertutil.dll
0x00007ff81a090000 - 0x00007ff81a0a2000 	C:\Windows\system32\MSASN1.dll
0x00007ff817d30000 - 0x00007ff817d50000 	C:\Windows\system32\dwmapi.dll
0x00007ff815f10000 - 0x00007ff81607f000 	C:\Windows\SYSTEM32\propsys.dll
0x00007ff81c0a0000 - 0x00007ff81c144000 	C:\Windows\SYSTEM32\clbcatq.dll
0x0000000017f30000 - 0x0000000017f4e000 	C:\Users\CoBoL\.Xilinx\SDK\2015.4\org.eclipse.osgi\bundles\303\1\.cp\swt-gdip-win32-4335.dll
0x00007ff816bf0000 - 0x00007ff816d88000 	C:\Windows\WinSxS\amd64_microsoft.windows.gdiplus_6595b64144ccf1df_1.1.9600.17227_none_932c0e57474f5080\gdiplus.dll
0x00007ff817900000 - 0x00007ff817aae000 	C:\Windows\SYSTEM32\WindowsCodecs.dll
0x0000000180000000 - 0x0000000180012000 	C:\Users\CoBoL\.Xilinx\SDK\2015.4\org.eclipse.osgi\bundles\121\1\.cp\os\win32\x86_64\localfile_1_0_0.dll
0x00007ff8112f0000 - 0x00007ff811301000 	C:\Users\CoBoL\.Xilinx\SDK\2015.4\org.eclipse.osgi\bundles\124\1\.cp\jWinHttp-1.0.0.dll
0x00007ff80c650000 - 0x00007ff80c715000 	C:\Windows\SYSTEM32\WINHTTP.dll
0x00007ff8170c0000 - 0x00007ff817123000 	C:\Windows\SYSTEM32\oleacc.dll
0x00007ff80fe00000 - 0x00007ff80fe0f000 	E:\ProgramFiles\Xilinx\SDK\2015.4\lib\win64.o\librdi_repo_manager.dll
0x00007ff809de0000 - 0x00007ff809e0a000 	E:\ProgramFiles\Xilinx\SDK\2015.4\lib\win64.o\libisl_sysinfo.dll
0x00007fffcfb90000 - 0x00007fffd051d000 	E:\ProgramFiles\Xilinx\SDK\2015.4\lib\win64.o\librdi_common.dll
0x00007ff802a80000 - 0x00007ff802ad4000 	E:\ProgramFiles\Xilinx\SDK\2015.4\lib\win64.o\librdi_commonxillic.dll
0x00007fffd34a0000 - 0x00007fffd368c000 	E:\ProgramFiles\Xilinx\SDK\2015.4\lib\win64.o\librdi_hsm.dll
0x00007ff80fe90000 - 0x00007ff80ff37000 	C:\Windows\SYSTEM32\MSVCP110.dll
0x00007ff80fa90000 - 0x00007ff80fb64000 	C:\Windows\SYSTEM32\MSVCR110.dll
0x00007fffd4420000 - 0x00007fffd478e000 	E:\ProgramFiles\Xilinx\SDK\2015.4\lib\win64.o\libCOIN-all.dll
0x00007fffd3ad0000 - 0x00007fffd3cee000 	E:\ProgramFiles\Xilinx\SDK\2015.4\lib\win64.o\libXil_lmgr11.dll
0x00007ff8175c0000 - 0x00007ff8175d0000 	E:\ProgramFiles\Xilinx\SDK\2015.4\lib\win64.o\libboost_date_time.dll
0x00007ff80cf90000 - 0x00007ff80cfb2000 	E:\ProgramFiles\Xilinx\SDK\2015.4\lib\win64.o\libboost_filesystem.dll
0x00007ff80cf10000 - 0x00007ff80cf84000 	E:\ProgramFiles\Xilinx\SDK\2015.4\lib\win64.o\libboost_program_options.dll
0x00007ff802780000 - 0x00007ff80287a000 	E:\ProgramFiles\Xilinx\SDK\2015.4\lib\win64.o\libboost_regex.dll
0x00007ff80cef0000 - 0x00007ff80cf03000 	E:\ProgramFiles\Xilinx\SDK\2015.4\lib\win64.o\libboost_signals.dll
0x00007ff815d10000 - 0x00007ff815d19000 	E:\ProgramFiles\Xilinx\SDK\2015.4\lib\win64.o\libboost_system.dll
0x00007ff80ced0000 - 0x00007ff80ceed000 	E:\ProgramFiles\Xilinx\SDK\2015.4\lib\win64.o\libboost_thread.dll
0x00007ff812350000 - 0x00007ff81235b000 	E:\ProgramFiles\Xilinx\SDK\2015.4\lib\win64.o\libboost_xilinx.dll
0x00007ff80cda0000 - 0x00007ff80ce20000 	E:\ProgramFiles\Xilinx\SDK\2015.4\lib\win64.o\libhdlpsolve.dll
0x00007ff809e10000 - 0x00007ff809eaa000 	E:\ProgramFiles\Xilinx\SDK\2015.4\lib\win64.o\libhdxml.dll
0x00007fffd3690000 - 0x00007fffd3ac4e00 	E:\ProgramFiles\Xilinx\SDK\2015.4\lib\win64.o\libisl_iostreams.dll
0x00007ff80cfc0000 - 0x00007ff80cfd5000 	E:\ProgramFiles\Xilinx\SDK\2015.4\lib\win64.o\pthreadVC2.dll
0x00007ffffdb50000 - 0x00007ffffdc80000 	E:\ProgramFiles\Xilinx\SDK\2015.4\lib\win64.o\librdi_curl.dll
0x00007ff80ceb0000 - 0x00007ff80cec8000 	E:\ProgramFiles\Xilinx\SDK\2015.4\lib\win64.o\librdiconfig.dll
0x00007ff802a50000 - 0x00007ff802a73000 	E:\ProgramFiles\Xilinx\SDK\2015.4\lib\win64.o\librdizlib.dll
0x00000000676c0000 - 0x00000000677e7000 	E:\ProgramFiles\Xilinx\SDK\2015.4\lib\win64.o\tcl85t.dll
0x0000000021360000 - 0x00000000215c3000 	E:\ProgramFiles\Xilinx\SDK\2015.4\lib\win64.o\xerces-c_3_1.dll
0x00007ff812f20000 - 0x00007ff8130a5000 	C:\Windows\SYSTEM32\urlmon.dll
0x00007ff80d020000 - 0x00007ff80d043000 	C:\Windows\SYSTEM32\VCOMP110.DLL
0x00007ff801730000 - 0x00007ff801773000 	E:\ProgramFiles\Xilinx\SDK\2015.4\lib\win64.o\librdi_hdf.dll
0x00007fffcf0f0000 - 0x00007fffcf345000 	E:\ProgramFiles\Xilinx\SDK\2015.4\lib\win64.o\librdi_ippcw.dll
0x00007ff817b30000 - 0x00007ff817b45000 	C:\Windows\SYSTEM32\NETAPI32.dll
0x00007ff81a210000 - 0x00007ff81a25c000 	C:\Windows\system32\WINTRUST.dll
0x00007ff8115f0000 - 0x00007ff8115fb000 	E:\ProgramFiles\Xilinx\SDK\2015.4\lib\win64.o\libboost_chrono.dll
0x00007ff80c7b0000 - 0x00007ff80c7c6000 	E:\ProgramFiles\Xilinx\SDK\2015.4\lib\win64.o\libboost_iostreams.dll
0x00007ff802750000 - 0x00007ff802773000 	E:\ProgramFiles\Xilinx\SDK\2015.4\lib\win64.o\libisl_iosutils.dll
0x00007ff819270000 - 0x00007ff81927c000 	C:\Windows\SYSTEM32\netutils.dll
0x00007ff819cb0000 - 0x00007ff819cd5000 	C:\Windows\SYSTEM32\srvcli.dll
0x00007ff817af0000 - 0x00007ff817b06000 	C:\Windows\SYSTEM32\wkscli.dll
0x00007ff816e10000 - 0x00007ff816e17000 	C:\Windows\SYSTEM32\msimg32.dll
0x00007fffce1b0000 - 0x00007fffce9c0000 	E:\ProgramFiles\Xilinx\SDK\2015.4\lib\win64.o\libXil_lmgr11FNP.dll
0x00007ff815e10000 - 0x00007ff815e1c000 	C:\Windows\SYSTEM32\snmpapi.dll
0x00007ff81ca90000 - 0x00007ff81cc64000 	C:\Windows\system32\SETUPAPI.dll
0x00007ff819e90000 - 0x00007ff819ebb000 	C:\Windows\SYSTEM32\SspiCli.dll
0x00007ff80fa00000 - 0x00007ff80fa0a000 	E:\ProgramFiles\Xilinx\SDK\2015.4\lib\win64.o\librdi_jtag_settings.dll
0x00007ff801700000 - 0x00007ff801729000 	E:\ProgramFiles\Xilinx\SDK\2015.4\lib\win64.o\librdi_debug_dialog.dll
0x00007ff80f840000 - 0x00007ff80f848000 	E:\ProgramFiles\Xilinx\SDK\2015.4\lib\win64.o\librdi_target_manager.dll
0x00007ff802730000 - 0x00007ff802746000 	E:\ProgramFiles\Xilinx\SDK\2015.4\eclipse\win64.o\plugins\org.eclipse.cdt.core.win32.x86_64_5.2.0.201402142303\os\win32\x86_64\spawner.dll
0x00007ff8113b0000 - 0x00007ff8113cb000 	C:\Windows\system32\MPR.dll
0x00007ffffd190000 - 0x00007ffffd19b000 	C:\Windows\System32\drprov.dll
0x00007ff8198a0000 - 0x00007ff8198f7000 	C:\Windows\System32\WINSTA.dll
0x00007ffffd170000 - 0x00007ffffd185000 	C:\Windows\System32\ntlanman.dll

VM Arguments:
jvm_args: -Dcom.xilinx.sdk.args.hwspec=E:/projects/xilinix/master_repo/LAB_AEP/Integrated_redo_/hdl/Projects/fmc_imageon_gs/ZEDBOARD/fmc_imageon_gs.sdk/fmc_imageon_gs_wrapper.hdf -Xms64m -Xmx512m & 
java_command: <unknown>
java_class_path (initial): E:\ProgramFiles\Xilinx\SDK\2015.4\eclipse\win64.o\\plugins/org.eclipse.equinox.launcher_1.3.0.v20130327-1440.jar
Launcher Type: generic

Environment Variables:
JAVA_HOME=C:\Program Files\Java\jdk1.8.0_20
CLASSPATH=.;C:\Program Files (x86)\QuickTime\QTSystem\QTJava.zip;
USERNAME=CoBoL
OS=Windows_NT
PROCESSOR_IDENTIFIER=Intel64 Family 6 Model 69 Stepping 1, GenuineIntel



---------------  S Y S T E M  ---------------

OS: Windows 8.1 , 64 bit Build 9600 (6.3.9600.17056)

CPU:total 4 (2 cores per cpu, 2 threads per core) family 6 model 69 stepping 1, cmov, cx8, fxsr, mmx, sse, sse2, sse3, ssse3, sse4.1, sse4.2, popcnt, avx, avx2, aes, clmul, erms, lzcnt, ht, tsc, tscinvbit, bmi1, bmi2

Memory: 4k page, physical 8287332k(2479032k free), swap 10613436k(2151864k free)

vm_info: Java HotSpot(TM) 64-Bit Server VM (25.45-b02) for windows-amd64 JRE (1.8.0_45-b15), built on Apr 30 2015 12:40:44 by "java_re" with MS VC++ 10.0 (VS2010)

time: Tue Jun 07 20:26:10 2016
elapsed time: 715 seconds (0d 0h 11m 55s)

