#-----------------------------------------------------------
# Vivado v2015.4 (64-bit)
# SW Build 1412921 on Wed Nov 18 09:43:45 MST 2015
# IP Build 1412160 on Tue Nov 17 13:47:24 MST 2015
# Start of session at: Tue Jun 14 03:23:10 2016
# Process ID: 6428
# Current directory: E:/projects/xilinix/master_repo/LAB_AEP/Integrated_redo_/hdl/Projects/fmc_imageon_gs/ZEDBOARD
# Command line: vivado.exe -gui_launcher_event rodinguilauncherevent6488 E:\projects\xilinix\master_repo\LAB_AEP\Integrated_redo_\hdl\Projects\fmc_imageon_gs\ZEDBOARD\fmc_imageon_gs.xpr
# Log file: E:/projects/xilinix/master_repo/LAB_AEP/Integrated_redo_/hdl/Projects/fmc_imageon_gs/ZEDBOARD/vivado.log
# Journal file: E:/projects/xilinix/master_repo/LAB_AEP/Integrated_redo_/hdl/Projects/fmc_imageon_gs/ZEDBOARD\vivado.jou
#-----------------------------------------------------------
start_gui
open_project E:/projects/xilinix/master_repo/LAB_AEP/Integrated_redo_/hdl/Projects/fmc_imageon_gs/ZEDBOARD/fmc_imageon_gs.xpr
INFO: [ProjectBase 1-489] The host OS only allows 260 characters in a normal path. The project is stored in a path with more than 80 characters. If you experience issues with IP, Block Designs, or files not being found, please consider moving the project to a location with a shorter path. Alternately consider using the OS subst command to map part of the path to a drive letter.
Current project path is 'E:/projects/xilinix/master_repo/LAB_AEP/Integrated_redo_/hdl/Projects/fmc_imageon_gs/ZEDBOARD'
Scanning sources...
Finished scanning sources
WARNING: [filemgmt 56-3] IPUserFilesDir: Could not find the directory 'E:/projects/xilinix/master_repo/LAB_AEP/Integrated_redo_/hdl/Projects/fmc_imageon_gs/ZEDBOARD/fmc_imageon_gs.ip_user_files'.
WARNING: [filemgmt 56-3] IPStaticSourceDir: Could not find the directory 'E:/projects/xilinix/master_repo/LAB_AEP/Integrated_redo_/hdl/Projects/fmc_imageon_gs/ZEDBOARD/fmc_imageon_gs.ip_user_files/ipstatic'.
INFO: [IP_Flow 19-234] Refreshing IP repositories
INFO: [IP_Flow 19-1700] Loaded user IP repository 'e:/projects/xilinix/master_repo/LAB_AEP/Integrated_redo_/hdl/IP'.
INFO: [IP_Flow 19-1700] Loaded user IP repository 'e:/projects/xilinix/Zynq training repo/Zynq-SoC-Training/lab8/Source Code/ip_cores/zed_audio_ctrl'.
INFO: [IP_Flow 19-2313] Loaded Vivado IP repository 'E:/ProgramFiles/Xilinx/Vivado/2015.4/data/ip'.
open_project: Time (s): cpu = 00:00:55 ; elapsed = 00:00:34 . Memory (MB): peak = 850.012 ; gain = 289.367
open_bd_design {E:/projects/xilinix/master_repo/LAB_AEP/Integrated_redo_/hdl/Projects/fmc_imageon_gs/ZEDBOARD/fmc_imageon_gs.srcs/sources_1/bd/fmc_imageon_gs/fmc_imageon_gs.bd}
Adding component instance block -- xilinx.com:ip:processing_system7:5.5 - processing_system7_0
Adding component instance block -- xilinx.com:ip:v_cfa:7.0 - v_cfa_0
Adding component instance block -- xilinx.com:ip:v_cresample:4.0 - v_cresample_0
Adding component instance block -- xilinx.com:ip:v_osd:6.0 - v_osd_0
Adding component instance block -- xilinx.com:ip:v_rgb2ycrcb:7.1 - v_rgb2ycrcb_0
Adding component instance block -- xilinx.com:ip:v_tc:6.1 - v_tc_0
Adding component instance block -- avnet:avnet_hdmi:avnet_hdmi_in:3.1 - avnet_hdmi_in_0
Adding component instance block -- avnet:avnet_hdmi:avnet_hdmi_out:3.1 - avnet_hdmi_out_0
Adding component instance block -- xilinx.com:ip:axi_vdma:6.2 - axi_vdma_0
Adding component instance block -- xilinx.com:ip:axi_vdma:6.2 - axi_vdma_1
Adding component instance block -- xilinx.com:ip:axi_iic:2.0 - fmc_imageon_iic_0
Adding component instance block -- avnet:onsemi_vita:onsemi_vita_cam:3.2 - onsemi_vita_cam_0
Adding component instance block -- avnet:onsemi_vita:onsemi_vita_spi:3.2 - onsemi_vita_spi_0
Adding component instance block -- xilinx.com:ip:proc_sys_reset:5.0 - rst_processing_system7_0_148_5M
INFO: [Ipptcl 7-1463] No Compatible Board Interface found. Board Tab not created in customize GUI
Adding component instance block -- xilinx.com:ip:proc_sys_reset:5.0 - rst_processing_system7_0_149M
INFO: [Ipptcl 7-1463] No Compatible Board Interface found. Board Tab not created in customize GUI
Adding component instance block -- xilinx.com:ip:proc_sys_reset:5.0 - rst_processing_system7_0_76M
INFO: [Ipptcl 7-1463] No Compatible Board Interface found. Board Tab not created in customize GUI
Adding component instance block -- xilinx.com:ip:v_axi4s_vid_out:4.0 - v_axi4s_vid_out_0
Adding component instance block -- xilinx.com:ip:v_vid_in_axi4s:4.0 - v_vid_in_axi4s_0
Adding component instance block -- xilinx.com:ip:v_vid_in_axi4s:4.0 - v_vid_in_axi4s_1
Adding component instance block -- xilinx.com:ip:xlconstant:1.1 - xlconstant_0
Adding component instance block -- xilinx.com:ip:xlconstant:1.1 - xlconstant_1
Adding component instance block -- xilinx.com:user:zed_audio_ctrl:1.0 - zed_audio_ctrl_0
Adding component instance block -- xilinx.com:ip:xlconstant:1.1 - xlconstant_2
Adding component instance block -- xilinx.com:ip:axi_crossbar:2.1 - xbar
Adding component instance block -- xilinx.com:ip:axi_protocol_converter:2.1 - auto_pc
Adding component instance block -- xilinx.com:ip:axi_crossbar:2.1 - xbar
Adding component instance block -- xilinx.com:ip:axi_protocol_converter:2.1 - auto_pc
Successfully read diagram <fmc_imageon_gs> from BD file <E:/projects/xilinix/master_repo/LAB_AEP/Integrated_redo_/hdl/Projects/fmc_imageon_gs/ZEDBOARD/fmc_imageon_gs.srcs/sources_1/bd/fmc_imageon_gs/fmc_imageon_gs.bd>
open_bd_design: Time (s): cpu = 00:00:38 ; elapsed = 00:00:31 . Memory (MB): peak = 1031.203 ; gain = 175.000
reset_run synth_1
launch_runs impl_1 -to_step write_bitstream
[Tue Jun 14 03:24:52 2016] Launched synth_1...
Run output will be captured here: E:/projects/xilinix/master_repo/LAB_AEP/Integrated_redo_/hdl/Projects/fmc_imageon_gs/ZEDBOARD/fmc_imageon_gs.runs/synth_1/runme.log
[Tue Jun 14 03:24:52 2016] Launched impl_1...
Run output will be captured here: E:/projects/xilinix/master_repo/LAB_AEP/Integrated_redo_/hdl/Projects/fmc_imageon_gs/ZEDBOARD/fmc_imageon_gs.runs/impl_1/runme.log
INFO: [Vivado 12-4158] Exported Hardware file is out of date. Exported hardware information may be inconsistent with respect to the current state of the design. It is recommended that you re-export the design and launch SDK otherwise SDK is launched with out of date hardware system file.
launch_sdk -workspace E:/projects/xilinix/master_repo/LAB_AEP/Integrated_redo_/hdl/Projects/fmc_imageon_gs/ZEDBOARD/fmc_imageon_gs.sdk -hwspec E:/projects/xilinix/master_repo/LAB_AEP/Integrated_redo_/hdl/Projects/fmc_imageon_gs/ZEDBOARD/fmc_imageon_gs.sdk/fmc_imageon_gs_wrapper.hdf
INFO: [Vivado 12-393] Launching SDK...
INFO: [Vivado 12-417] Running xsdk -workspace E:/projects/xilinix/master_repo/LAB_AEP/Integrated_redo_/hdl/Projects/fmc_imageon_gs/ZEDBOARD/fmc_imageon_gs.sdk -hwspec E:/projects/xilinix/master_repo/LAB_AEP/Integrated_redo_/hdl/Projects/fmc_imageon_gs/ZEDBOARD/fmc_imageon_gs.sdk/fmc_imageon_gs_wrapper.hdf
INFO: [Vivado 12-3157] SDK launch initiated. Please check console for any further messages.
file copy -force E:/projects/xilinix/master_repo/LAB_AEP/Integrated_redo_/hdl/Projects/fmc_imageon_gs/ZEDBOARD/fmc_imageon_gs.runs/impl_1/fmc_imageon_gs_wrapper.sysdef E:/projects/xilinix/master_repo/LAB_AEP/Integrated_redo_/hdl/Projects/fmc_imageon_gs/ZEDBOARD/fmc_imageon_gs.sdk/fmc_imageon_gs_wrapper.hdf

launch_sdk -workspace E:/projects/xilinix/master_repo/LAB_AEP/Integrated_redo_/hdl/Projects/fmc_imageon_gs/ZEDBOARD/fmc_imageon_gs.sdk -hwspec E:/projects/xilinix/master_repo/LAB_AEP/Integrated_redo_/hdl/Projects/fmc_imageon_gs/ZEDBOARD/fmc_imageon_gs.sdk/fmc_imageon_gs_wrapper.hdf
INFO: [Vivado 12-393] Launching SDK...
INFO: [Vivado 12-417] Running xsdk -workspace E:/projects/xilinix/master_repo/LAB_AEP/Integrated_redo_/hdl/Projects/fmc_imageon_gs/ZEDBOARD/fmc_imageon_gs.sdk -hwspec E:/projects/xilinix/master_repo/LAB_AEP/Integrated_redo_/hdl/Projects/fmc_imageon_gs/ZEDBOARD/fmc_imageon_gs.sdk/fmc_imageon_gs_wrapper.hdf
INFO: [Vivado 12-3157] SDK launch initiated. Please check console for any further messages.
exit
INFO: [Common 17-206] Exiting Vivado at Tue Jun 14 14:50:23 2016...
