#-----------------------------------------------------------
# Vivado v2015.4 (64-bit)
# SW Build 1412921 on Wed Nov 18 09:43:45 MST 2015
# IP Build 1412160 on Tue Nov 17 13:47:24 MST 2015
# Start of session at: Thu Jun 16 16:19:35 2016
# Process ID: 7812
# Current directory: E:/projects/xilinix/master_repo/LAB_AEP/project/hdl/Projects/fmc_imageon_gs/ZEDBOARD
# Command line: vivado.exe -gui_launcher_event rodinguilauncherevent10040 E:\projects\xilinix\master_repo\LAB_AEP\project\hdl\Projects\fmc_imageon_gs\ZEDBOARD\fmc_imageon_gs.xpr
# Log file: E:/projects/xilinix/master_repo/LAB_AEP/project/hdl/Projects/fmc_imageon_gs/ZEDBOARD/vivado.log
# Journal file: E:/projects/xilinix/master_repo/LAB_AEP/project/hdl/Projects/fmc_imageon_gs/ZEDBOARD\vivado.jou
#-----------------------------------------------------------
start_gui
open_project E:/projects/xilinix/master_repo/LAB_AEP/project/hdl/Projects/fmc_imageon_gs/ZEDBOARD/fmc_imageon_gs.xpr
INFO: [ProjectBase 1-489] The host OS only allows 260 characters in a normal path. The project is stored in a path with more than 80 characters. If you experience issues with IP, Block Designs, or files not being found, please consider moving the project to a location with a shorter path. Alternately consider using the OS subst command to map part of the path to a drive letter.
Current project path is 'E:/projects/xilinix/master_repo/LAB_AEP/project/hdl/Projects/fmc_imageon_gs/ZEDBOARD'
INFO: [Project 1-313] Project file moved from 'E:/projects/xilinix/master_repo/LAB_AEP/Integrated_redo_/hdl/Projects/fmc_imageon_gs/ZEDBOARD' since last save.
Scanning sources...
Finished scanning sources
WARNING: [filemgmt 56-2] IPUserFilesDir: Could not find the directory 'E:/projects/xilinix/master_repo/LAB_AEP/project/hdl/Projects/fmc_imageon_gs/ZEDBOARD/fmc_imageon_gs.ip_user_files', nor could it be found using path 'E:/projects/xilinix/master_repo/LAB_AEP/Integrated_redo_/hdl/Projects/fmc_imageon_gs/ZEDBOARD/fmc_imageon_gs.ip_user_files'.
WARNING: [filemgmt 56-2] IPStaticSourceDir: Could not find the directory 'E:/projects/xilinix/master_repo/LAB_AEP/project/hdl/Projects/fmc_imageon_gs/ZEDBOARD/fmc_imageon_gs.ip_user_files/ipstatic', nor could it be found using path 'E:/projects/xilinix/master_repo/LAB_AEP/Integrated_redo_/hdl/Projects/fmc_imageon_gs/ZEDBOARD/fmc_imageon_gs.ip_user_files/ipstatic'.
INFO: [IP_Flow 19-234] Refreshing IP repositories
INFO: [IP_Flow 19-1700] Loaded user IP repository 'e:/projects/xilinix/master_repo/LAB_AEP/project/hdl/IP'.
INFO: [IP_Flow 19-1700] Loaded user IP repository 'e:/projects/xilinix/Zynq training repo/Zynq-SoC-Training/lab8/Source Code/ip_cores/zed_audio_ctrl'.
INFO: [IP_Flow 19-2313] Loaded Vivado IP repository 'E:/ProgramFiles/Xilinx/Vivado/2015.4/data/ip'.
open_project: Time (s): cpu = 00:00:48 ; elapsed = 00:00:26 . Memory (MB): peak = 858.355 ; gain = 295.883
launch_sdk -workspace E:/projects/xilinix/master_repo/LAB_AEP/project/hdl/Projects/fmc_imageon_gs/ZEDBOARD/fmc_imageon_gs.sdk -hwspec E:/projects/xilinix/master_repo/LAB_AEP/project/hdl/Projects/fmc_imageon_gs/ZEDBOARD/fmc_imageon_gs.sdk/fmc_imageon_gs_wrapper.hdf
INFO: [Vivado 12-393] Launching SDK...
INFO: [Vivado 12-417] Running xsdk -workspace E:/projects/xilinix/master_repo/LAB_AEP/project/hdl/Projects/fmc_imageon_gs/ZEDBOARD/fmc_imageon_gs.sdk -hwspec E:/projects/xilinix/master_repo/LAB_AEP/project/hdl/Projects/fmc_imageon_gs/ZEDBOARD/fmc_imageon_gs.sdk/fmc_imageon_gs_wrapper.hdf
INFO: [Vivado 12-3157] SDK launch initiated. Please check console for any further messages.
file copy -force E:/projects/xilinix/master_repo/LAB_AEP/project/hdl/Projects/fmc_imageon_gs/ZEDBOARD/fmc_imageon_gs.runs/impl_1/fmc_imageon_gs_wrapper.sysdef E:/projects/xilinix/master_repo/LAB_AEP/project/hdl/Projects/fmc_imageon_gs/ZEDBOARD/fmc_imageon_gs.sdk/fmc_imageon_gs_wrapper.hdf

launch_sdk -workspace E:/projects/xilinix/master_repo/LAB_AEP/project/hdl/Projects/fmc_imageon_gs/ZEDBOARD/fmc_imageon_gs.sdk -hwspec E:/projects/xilinix/master_repo/LAB_AEP/project/hdl/Projects/fmc_imageon_gs/ZEDBOARD/fmc_imageon_gs.sdk/fmc_imageon_gs_wrapper.hdf
INFO: [Vivado 12-393] Launching SDK...
INFO: [Vivado 12-417] Running xsdk -workspace E:/projects/xilinix/master_repo/LAB_AEP/project/hdl/Projects/fmc_imageon_gs/ZEDBOARD/fmc_imageon_gs.sdk -hwspec E:/projects/xilinix/master_repo/LAB_AEP/project/hdl/Projects/fmc_imageon_gs/ZEDBOARD/fmc_imageon_gs.sdk/fmc_imageon_gs_wrapper.hdf
INFO: [Vivado 12-3157] SDK launch initiated. Please check console for any further messages.
launch_sdk -workspace E:/projects/xilinix/master_repo/LAB_AEP/project/hdl/Projects/fmc_imageon_gs/ZEDBOARD/fmc_imageon_gs.sdk -hwspec E:/projects/xilinix/master_repo/LAB_AEP/project/hdl/Projects/fmc_imageon_gs/ZEDBOARD/fmc_imageon_gs.sdk/fmc_imageon_gs_wrapper.hdf
INFO: [Vivado 12-393] Launching SDK...
INFO: [Vivado 12-417] Running xsdk -workspace E:/projects/xilinix/master_repo/LAB_AEP/project/hdl/Projects/fmc_imageon_gs/ZEDBOARD/fmc_imageon_gs.sdk -hwspec E:/projects/xilinix/master_repo/LAB_AEP/project/hdl/Projects/fmc_imageon_gs/ZEDBOARD/fmc_imageon_gs.sdk/fmc_imageon_gs_wrapper.hdf
INFO: [Vivado 12-3157] SDK launch initiated. Please check console for any further messages.
file copy -force E:/projects/xilinix/master_repo/LAB_AEP/project/hdl/Projects/fmc_imageon_gs/ZEDBOARD/fmc_imageon_gs.runs/impl_1/fmc_imageon_gs_wrapper.sysdef E:/projects/xilinix/master_repo/LAB_AEP/project/hdl/Projects/fmc_imageon_gs/ZEDBOARD/fmc_imageon_gs.sdk/fmc_imageon_gs_wrapper.hdf

launch_sdk -workspace E:/projects/xilinix/master_repo/LAB_AEP/project/hdl/Projects/fmc_imageon_gs/ZEDBOARD/fmc_imageon_gs.sdk -hwspec E:/projects/xilinix/master_repo/LAB_AEP/project/hdl/Projects/fmc_imageon_gs/ZEDBOARD/fmc_imageon_gs.sdk/fmc_imageon_gs_wrapper.hdf
INFO: [Vivado 12-393] Launching SDK...
INFO: [Vivado 12-417] Running xsdk -workspace E:/projects/xilinix/master_repo/LAB_AEP/project/hdl/Projects/fmc_imageon_gs/ZEDBOARD/fmc_imageon_gs.sdk -hwspec E:/projects/xilinix/master_repo/LAB_AEP/project/hdl/Projects/fmc_imageon_gs/ZEDBOARD/fmc_imageon_gs.sdk/fmc_imageon_gs_wrapper.hdf
INFO: [Vivado 12-3157] SDK launch initiated. Please check console for any further messages.
exit
INFO: [Common 17-206] Exiting Vivado at Thu Jun 16 16:52:15 2016...
