21:25:48 INFO  : Adding 'E:/projects/xilinix/master_repo/LAB_AEP/Video_redo_/hdl/Projects/fmc_imageon_gs/software/sw_repository' as a new local repository.
21:52:57 INFO  : Launching XSDB server: xsdb.bat E:/ProgramFiles/Xilinx/SDK/2015.4/scripts/xsdb/xsdb/xsdb-server.tcl
21:53:03 INFO  : XSDB server has started successfully.
21:53:07 INFO  : Restoring local repository preferences: 
		 E:/projects/xilinix/master_repo/LAB_AEP/Video_redo_/hdl/Projects/fmc_imageon_gs/software/sw_repository
21:53:07 INFO  : Processing command line option -hwspec E:/projects/xilinix/master_repo/LAB_AEP/Video_redo_/hdl/Projects/fmc_imageon_gs/ZEDBOARD/fmc_imageon_gs.sdk/fmc_imageon_gs_wrapper.hdf.
22:34:33 INFO  : Launching XSDB server: xsdb.bat E:/ProgramFiles/Xilinx/SDK/2015.4/scripts/xsdb/xsdb/xsdb-server.tcl
22:34:35 INFO  : XSDB server has started successfully.
22:34:44 INFO  : Restoring local repository preferences: 
		 E:/projects/xilinix/master_repo/LAB_AEP/Video_redo_/hdl/Projects/fmc_imageon_gs/software/sw_repository
22:34:44 INFO  : Processing command line option -hwspec E:/projects/xilinix/master_repo/LAB_AEP/Integrated_redo_/hdl/Projects/fmc_imageon_gs/ZEDBOARD/fmc_imageon_gs.sdk/fmc_imageon_gs_wrapper.hdf.
01:21:02 INFO  : Launching XSDB server: xsdb.bat E:/ProgramFiles/Xilinx/SDK/2015.4/scripts/xsdb/xsdb/xsdb-server.tcl
01:21:04 INFO  : XSDB server has started successfully.
01:21:13 INFO  : Restoring local repository preferences: 
		 E:/projects/xilinix/master_repo/LAB_AEP/Video_redo_/hdl/Projects/fmc_imageon_gs/software/sw_repository
01:21:13 ERROR : (XSDB Server)ERROR: [Hsi 55-1550] Repository Directory E:/projects/xilinix/master_repo/LAB_AEP/Video_redo_/hdl/Projects/fmc_imageon_gs/software/sw_repository doesn't exist in the disk

01:21:13 ERROR : Internal error. Unable to add E:/projects/xilinix/master_repo/LAB_AEP/Video_redo_/hdl/Projects/fmc_imageon_gs/software/sw_repository as a repository.
01:21:13 INFO  : Processing command line option -hwspec E:/projects/xilinix/master_repo/LAB_AEP/I_R/hdl/Projects/fmc_imageon_gs/ZEDBOARD/fmc_imageon_gs.sdk/fmc_imageon_gs_wrapper.hdf.
01:21:20 ERROR : Error occurred while creating hardware platform fmc_imageon_gs_wrapper_hw_platform_1 from sysdef
org.eclipse.core.internal.resources.ResourceException: Resource '/fmc_imageon_gs_wrapper_hw_platform_1/system.hdf' already exists.
	at org.eclipse.core.internal.resources.Resource.checkDoesNotExist(Resource.java:320)
	at org.eclipse.core.internal.resources.Resource.checkDoesNotExist(Resource.java:307)
	at org.eclipse.core.internal.resources.File.create(File.java:111)
	at com.xilinx.sdk.hw.internal.HwProjectCreator.createHwProjectFromZip(HwProjectCreator.java:103)
	at com.xilinx.sdk.hw.HwProjectUtil.internalCreate(HwProjectUtil.java:214)
	at com.xilinx.sdk.hw.HwProjectUtil.makeNewHardwareProject(HwProjectUtil.java:165)
	at com.xilinx.sdk.hw.HwProjectUtil.makeNewHardwareProject(HwProjectUtil.java:152)
	at com.xilinx.sdk.hw.HwProjectUtil.makeNewHardwareProject(HwProjectUtil.java:127)
	at com.xilinx.sdk.startup.InitSDK.processHwSpecArgumentTask(InitSDK.java:417)
	at com.xilinx.sdk.startup.InitSDK.access$7(InitSDK.java:399)
	at com.xilinx.sdk.startup.InitSDK$11.run(InitSDK.java:350)
	at org.eclipse.core.internal.jobs.Worker.run(Worker.java:53)
01:23:05 INFO  : Launching XSDB server: xsdb.bat E:/ProgramFiles/Xilinx/SDK/2015.4/scripts/xsdb/xsdb/xsdb-server.tcl
01:23:07 INFO  : XSDB server has started successfully.
01:23:07 INFO  : Restoring local repository preferences: 
		 E:/projects/xilinix/master_repo/LAB_AEP/Video_redo_/hdl/Projects/fmc_imageon_gs/software/sw_repository
01:23:07 ERROR : (XSDB Server)ERROR: [Hsi 55-1550] Repository Directory E:/projects/xilinix/master_repo/LAB_AEP/Video_redo_/hdl/Projects/fmc_imageon_gs/software/sw_repository doesn't exist in the disk

01:23:07 ERROR : Internal error. Unable to add E:/projects/xilinix/master_repo/LAB_AEP/Video_redo_/hdl/Projects/fmc_imageon_gs/software/sw_repository as a repository.
01:23:07 INFO  : Processing command line option -hwspec E:/projects/xilinix/master_repo/LAB_AEP/I_R/hdl/Projects/fmc_imageon_gs/ZEDBOARD/fmc_imageon_gs.sdk/fmc_imageon_gs_wrapper.hdf.
