#-----------------------------------------------------------
# Webtalk v2015.4 (64-bit)
# SW Build 1412921 on Wed Nov 18 09:43:45 MST 2015
# 
# Start of session at: Fri Jul 01 22:30:54 2016
# Process ID: 2924
# Current directory: E:/projects/xilinix/master_repo/LAB_AEP/Projects/fmc_imageon_gs/ZEDBOARD/fmc_imageon_gs.sdk/webtalk
# Command line: wbtcv.exe -mode batch -source sdk_webtalk.tcl
# Log file: E:/projects/xilinix/master_repo/LAB_AEP/Projects/fmc_imageon_gs/ZEDBOARD/fmc_imageon_gs.sdk/webtalk/webtalk.log
# Journal file: E:/projects/xilinix/master_repo/LAB_AEP/Projects/fmc_imageon_gs/ZEDBOARD/fmc_imageon_gs.sdk/webtalk\webtalk.jou
#-----------------------------------------------------------
source sdk_webtalk.tcl
# webtalk_init -webtalk_dir E:\\projects\\xilinix\\master_repo\\LAB_AEP\\Projects\\fmc_imageon_gs\\ZEDBOARD\\fmc_imageon_gs.sdk\\webtalk
# webtalk_register_client -client project
# webtalk_add_data -client project -key date_generated -value "Fri Jul 1 22:30:38 2016" -context "software_version_and_target_device"
# webtalk_add_data -client project -key product_version -value "SDK v2015.4" -context "software_version_and_target_device"
# webtalk_add_data -client project -key build_version -value "2015.4" -context "software_version_and_target_device"
# webtalk_add_data -client project -key os_platform -value "amd64" -context "software_version_and_target_device"
# webtalk_add_data -client project -key registration_id -value "" -context "software_version_and_target_device"
# webtalk_add_data -client project -key tool_flow -value "SDK" -context "software_version_and_target_device"
# webtalk_add_data -client project -key beta -value "false" -context "software_version_and_target_device"
# webtalk_add_data -client project -key route_design -value "NA" -context "software_version_and_target_device"
# webtalk_add_data -client project -key target_family -value "NA" -context "software_version_and_target_device"
# webtalk_add_data -client project -key target_device -value "NA" -context "software_version_and_target_device"
# webtalk_add_data -client project -key target_package -value "NA" -context "software_version_and_target_device"
# webtalk_add_data -client project -key target_speed -value "NA" -context "software_version_and_target_device"
# webtalk_add_data -client project -key random_id -value "v8qk3b6fssd8b2bg4srb2k6u36" -context "software_version_and_target_device"
# webtalk_add_data -client project -key project_id -value "2015.4_39" -context "software_version_and_target_device"
# webtalk_add_data -client project -key project_iteration -value "39" -context "software_version_and_target_device"
# webtalk_add_data -client project -key os_name -value "" -context "user_environment"
# webtalk_add_data -client project -key os_release -value "" -context "user_environment"
# webtalk_add_data -client project -key cpu_name -value "" -context "user_environment"
# webtalk_add_data -client project -key cpu_speed -value "" -context "user_environment"
# webtalk_add_data -client project -key total_processors -value "" -context "user_environment"
# webtalk_add_data -client project -key system_ram -value "" -context "user_environment"
# webtalk_register_client -client sdk
# webtalk_add_data -client sdk -key uid -value "1467285766440" -context "sdk\\\\bsp/1467285766440"
# webtalk_add_data -client sdk -key hwid -value "1467277065028" -context "sdk\\\\bsp/1467285766440"
# webtalk_add_data -client sdk -key os -value "standalone" -context "sdk\\\\bsp/1467285766440"
# webtalk_add_data -client sdk -key apptemplate -value "lwip_echo_server" -context "sdk\\\\bsp/1467285766440"
# webtalk_add_data -client sdk -key uid -value "1467285771550" -context "sdk\\\\application/1467285771550"
# webtalk_add_data -client sdk -key hwid -value "1467277065028" -context "sdk\\\\application/1467285771550"
# webtalk_add_data -client sdk -key bspid -value "1467285766440" -context "sdk\\\\application/1467285771550"
# webtalk_add_data -client sdk -key newbsp -value "true" -context "sdk\\\\application/1467285771550"
# webtalk_add_data -client sdk -key os -value "standalone" -context "sdk\\\\application/1467285771550"
# webtalk_add_data -client sdk -key apptemplate -value "lwip_echo_server" -context "sdk\\\\application/1467285771550"
# webtalk_add_data -client sdk -key uid -value "1467287697313" -context "sdk\\\\bsp/1467287697313"
# webtalk_add_data -client sdk -key hwid -value "1467277065028" -context "sdk\\\\bsp/1467287697313"
# webtalk_add_data -client sdk -key os -value "standalone" -context "sdk\\\\bsp/1467287697313"
# webtalk_add_data -client sdk -key apptemplate -value "zynq_fsbl" -context "sdk\\\\bsp/1467287697313"
# webtalk_add_data -client sdk -key uid -value "1467287717575" -context "sdk\\\\application/1467287717575"
# webtalk_add_data -client sdk -key hwid -value "1467277065028" -context "sdk\\\\application/1467287717575"
# webtalk_add_data -client sdk -key bspid -value "1467287697313" -context "sdk\\\\application/1467287717575"
# webtalk_add_data -client sdk -key newbsp -value "true" -context "sdk\\\\application/1467287717575"
# webtalk_add_data -client sdk -key os -value "standalone" -context "sdk\\\\application/1467287717575"
# webtalk_add_data -client sdk -key apptemplate -value "zynq_fsbl" -context "sdk\\\\application/1467287717575"
# webtalk_add_data -client sdk -key uid -value "1467289972137" -context "sdk\\\\bsp/1467289972137"
# webtalk_add_data -client sdk -key hwid -value "1467277065028" -context "sdk\\\\bsp/1467289972137"
# webtalk_add_data -client sdk -key os -value "freertos823_xilinx" -context "sdk\\\\bsp/1467289972137"
# webtalk_add_data -client sdk -key apptemplate -value "freertos_hello_world" -context "sdk\\\\bsp/1467289972137"
# webtalk_add_data -client sdk -key uid -value "1467289977572" -context "sdk\\\\application/1467289977572"
# webtalk_add_data -client sdk -key hwid -value "1467277065028" -context "sdk\\\\application/1467289977572"
# webtalk_add_data -client sdk -key bspid -value "1467289972137" -context "sdk\\\\application/1467289977572"
# webtalk_add_data -client sdk -key newbsp -value "true" -context "sdk\\\\application/1467289977572"
# webtalk_add_data -client sdk -key os -value "freertos823_xilinx" -context "sdk\\\\application/1467289977572"
# webtalk_add_data -client sdk -key apptemplate -value "freertos_hello_world" -context "sdk\\\\application/1467289977572"
# webtalk_transmit -clientid 4048841440 -regid "" -xml E:\\projects\\xilinix\\master_repo\\LAB_AEP\\Projects\\fmc_imageon_gs\\ZEDBOARD\\fmc_imageon_gs.sdk\\webtalk\\usage_statistics_ext_sdk.xml -html E:\\projects\\xilinix\\master_repo\\LAB_AEP\\Projects\\fmc_imageon_gs\\ZEDBOARD\\fmc_imageon_gs.sdk\\webtalk\\usage_statistics_ext_sdk.html -wdm E:\\projects\\xilinix\\master_repo\\LAB_AEP\\Projects\\fmc_imageon_gs\\ZEDBOARD\\fmc_imageon_gs.sdk\\webtalk\\sdk_webtalk.wdm -intro "<H3>SDK Usage Report</H3><BR>"
webtalk_transmit: Time (s): cpu = 00:00:00 ; elapsed = 00:00:09 . Memory (MB): peak = 48.359 ; gain = 0.000
# webtalk_terminate
INFO: [Common 17-206] Exiting Webtalk at Fri Jul 01 22:31:58 2016...
