01:53:24 INFO  : Adding 'C:/Avnet/hdl/Projects/fmc_imageon_gs/software/sw_repository' as a new local repository.
10:54:51 INFO  : Launching XSDB server: xsdb.bat C:/Xilinx/SDK/2015.4/scripts/xsdb/xsdb/xsdb-server.tcl
10:55:02 INFO  : XSDB server has started successfully.
10:55:19 INFO  : Restoring local repository preferences: 
		 C:/Avnet/hdl/Projects/fmc_imageon_gs/software/sw_repository
10:55:19 INFO  : Processing command line option -hwspec C:/Avnet/hdl/Projects/fmc_imageon_gs/ZEDBOARD/fmc_imageon_gs.sdk/fmc_imageon_gs_wrapper.hdf.
10:55:57 INFO  : Saving repository preferences.
10:58:13 INFO  : Connected to target on host '127.0.0.1' and port '3121'.
11:15:03 INFO  : Connected to target on host '127.0.0.1' and port '3121'.
11:30:20 INFO  : Launching XSDB server: xsdb.bat C:/Xilinx/SDK/2015.4/scripts/xsdb/xsdb/xsdb-server.tcl
11:30:31 INFO  : XSDB server has started successfully.
11:30:44 INFO  : Restoring local repository preferences: 
		 C:/Avnet/hdl/Projects/fmc_imageon_gs/software/sw_repository
11:30:56 INFO  : Processing command line option -hwspec C:/Avnet/hdl/Projects/fmc_imageon_gs/ZEDBOARD/fmc_imageon_gs.sdk/fmc_imageon_gs_wrapper.hdf.
11:30:57 INFO  : Checking for hwspec changes in the project fmc_imageon_gs_wrapper_hw_platform_0.
11:31:30 INFO  : Connected to target on host '127.0.0.1' and port '3121'.
11:35:50 INFO  : Connected to target on host '127.0.0.1' and port '3121'.
11:36:05 INFO  : Connected to target on host '127.0.0.1' and port '3121'.
11:36:05 INFO  : 'targets -set -filter {jtag_cable_name =~ "Digilent Zed 210248564814" && level==0} -index 1' command is executed.
11:36:09 INFO  : FPGA configured successfully with bitstream "C:/Avnet/hdl/Projects/fmc_imageon_gs/ZEDBOARD/fmc_imageon_gs.sdk/fmc_imageon_gs_hw/fmc_imageon_gs_wrapper.bit"
11:39:31 INFO  : 'targets -set -filter {jtag_cable_name =~ "Digilent Zed 210248564814" && level==0} -index 1' command is executed.
11:39:32 INFO  : 'fpga -state' command is executed.
11:39:40 INFO  : Connected to target on host '127.0.0.1' and port '3121'.
11:39:41 INFO  : 'targets -set -filter {jtag_cable_name =~ "Digilent Zed 210248564814" && level==0} -index 1' command is executed.
11:39:45 INFO  : FPGA configured successfully with bitstream "C:/Avnet/hdl/Projects/fmc_imageon_gs/ZEDBOARD/fmc_imageon_gs.sdk/fmc_imageon_gs_hw/fmc_imageon_gs_wrapper.bit"
11:40:15 INFO  : 'targets -set -filter {jtag_cable_name =~ "Digilent Zed 210248564814" && level==0} -index 1' command is executed.
11:40:15 INFO  : 'fpga -state' command is executed.
11:40:15 INFO  : Connected to target on host '127.0.0.1' and port '3121'.
11:40:15 INFO  : Sourcing of 'C:/Avnet/hdl/Projects/fmc_imageon_gs/ZEDBOARD/fmc_imageon_gs.sdk/fmc_imageon_gs_hw/ps7_init.tcl' is done.
11:40:16 INFO  : 'targets -set -filter {name =~"APU" && jtag_cable_name =~ "Digilent Zed 210248564814"} -index 0' command is executed.
11:40:16 INFO  : Hardware design information is loaded from 'C:/Avnet/hdl/Projects/fmc_imageon_gs/ZEDBOARD/fmc_imageon_gs.sdk/fmc_imageon_gs_hw/system.hdf'.
11:40:16 INFO  : 'targets -set -filter {name =~"APU" && jtag_cable_name =~ "Digilent Zed 210248564814"} -index 0' command is executed.
11:40:17 INFO  : 'stop' command is executed.
11:40:20 INFO  : 'ps7_init' command is executed.
11:40:20 INFO  : 'ps7_post_config' command is executed.
11:40:21 INFO  : 'con' command is executed.
11:40:21 INFO  : Context for processor 'ps7_cortexa9_0' is selected.
11:40:21 INFO  : Processor reset is completed for 'ps7_cortexa9_0'.
11:40:21 INFO  : Context for processor 'ps7_cortexa9_0' is selected.
11:40:22 INFO  : The application 'C:/Avnet/hdl/Projects/fmc_imageon_gs/ZEDBOARD/fmc_imageon_gs.sdk/fmc_imageon_gs_app/Debug/fmc_imageon_gs_app.elf' is downloaded to processor 'ps7_cortexa9_0'.
11:40:22 INFO  : ----------------XSDB Script----------------
connect -url tcp:127.0.0.1:3121
source C:/Avnet/hdl/Projects/fmc_imageon_gs/ZEDBOARD/fmc_imageon_gs.sdk/fmc_imageon_gs_hw/ps7_init.tcl
targets -set -filter {name =~"APU" && jtag_cable_name =~ "Digilent Zed 210248564814"} -index 0
loadhw C:/Avnet/hdl/Projects/fmc_imageon_gs/ZEDBOARD/fmc_imageon_gs.sdk/fmc_imageon_gs_hw/system.hdf
targets -set -filter {name =~"APU" && jtag_cable_name =~ "Digilent Zed 210248564814"} -index 0
stop
ps7_init
ps7_post_config
con
targets -set -nocase -filter {name =~ "ARM*#0" && jtag_cable_name =~ "Digilent Zed 210248564814"} -index 0
rst -processor
targets -set -nocase -filter {name =~ "ARM*#0" && jtag_cable_name =~ "Digilent Zed 210248564814"} -index 0
dow C:/Avnet/hdl/Projects/fmc_imageon_gs/ZEDBOARD/fmc_imageon_gs.sdk/fmc_imageon_gs_app/Debug/fmc_imageon_gs_app.elf
----------------End of Script----------------

11:40:23 INFO  : Memory regions updated for context APU
11:40:23 INFO  : Context for processor 'ps7_cortexa9_0' is selected.
11:40:23 INFO  : 'con' command is executed.
11:40:23 INFO  : ----------------XSDB Script (After Launch)----------------
targets -set -nocase -filter {name =~ "ARM*#0" && jtag_cable_name =~ "Digilent Zed 210248564814"} -index 0
con
----------------End of Script----------------

12:18:39 WARN  : Unexpected exception occurred.
java.io.IOException: Command [C 107 xsdb eval "disconnect tcfchan#1"] aborted
	at org.eclipse.tcf.core.AbstractChannel$9.run(AbstractChannel.java:753)
	at org.eclipse.tcf.EventQueue.run(EventQueue.java:95)
	at java.lang.Thread.run(Thread.java:745)
Caused by: java.net.SocketException: Connection reset
	at java.net.SocketInputStream.read(SocketInputStream.java:209)
	at java.net.SocketInputStream.read(SocketInputStream.java:141)
	at java.io.BufferedInputStream.read1(BufferedInputStream.java:284)
	at java.io.BufferedInputStream.read(BufferedInputStream.java:345)
	at java.io.FilterInputStream.read(FilterInputStream.java:107)
	at org.eclipse.tcf.core.ChannelTCP.get(ChannelTCP.java:162)
	at org.eclipse.tcf.core.StreamChannel.read(StreamChannel.java:84)
	at org.eclipse.tcf.core.AbstractChannel$1.run(AbstractChannel.java:254)
