18:39:58 INFO  : Launching XSDB server: xsdb.bat E:/ProgramFiles/Xilinx/SDK/2015.4/scripts/xsdb/xsdb/xsdb-server.tcl
18:40:03 INFO  : XSDB server has started successfully.
18:40:03 INFO  : Processing command line option -hwspec E:/projects/xilinix/master_repo/LAB_AEP/Projects/fmc_imageon_gs/ZEDBOARD/fmc_imageon_gs.sdk/fmc_imageon_gs_wrapper.hdf.
18:42:17 INFO  : Connected to target on host '127.0.0.1' and port '3121'.
18:43:37 ERROR : Unexpected error while parsing XMD response ?: com.google.gson.JsonSyntaxException: com.google.gson.stream.MalformedJsonException: invalid number or unquoted string near 
15:11:46 INFO  : Launching XSDB server: xsdb.bat E:/ProgramFiles/Xilinx/SDK/2015.4/scripts/xsdb/xsdb/xsdb-server.tcl
15:11:50 INFO  : XSDB server has started successfully.
15:12:17 INFO  : Processing command line option -hwspec E:/projects/xilinix/master_repo/LAB_AEP/Integrated/Integrated_1/Integrated_1.sdk/fmc_imageon_gs_wrapper.hdf.
15:14:50 ERROR : Unexpected error while parsing XMD response ?: com.google.gson.JsonSyntaxException: com.google.gson.stream.MalformedJsonException: invalid number or unquoted string near 
15:15:24 INFO  : Launching XSDB server: xsdb.bat E:/ProgramFiles/Xilinx/SDK/2015.4/scripts/xsdb/xsdb/xsdb-server.tcl
15:15:28 INFO  : XSDB server has started successfully.
15:15:28 INFO  : Processing command line option -hwspec E:/projects/xilinix/master_repo/LAB_AEP/Integrated/Integrated_1/Integrated_1.sdk/fmc_imageon_gs_wrapper.hdf.
15:15:29 ERROR : Error occurred while creating hardware platform fmc_imageon_gs_wrapper_hw_platform_0 from sysdef
org.eclipse.core.internal.resources.ResourceException: Resource '/fmc_imageon_gs_wrapper_hw_platform_0/system.hdf' already exists.
	at org.eclipse.core.internal.resources.Resource.checkDoesNotExist(Resource.java:320)
	at org.eclipse.core.internal.resources.Resource.checkDoesNotExist(Resource.java:307)
	at org.eclipse.core.internal.resources.File.create(File.java:111)
	at com.xilinx.sdk.hw.internal.HwProjectCreator.createHwProjectFromZip(HwProjectCreator.java:103)
	at com.xilinx.sdk.hw.HwProjectUtil.internalCreate(HwProjectUtil.java:214)
	at com.xilinx.sdk.hw.HwProjectUtil.makeNewHardwareProject(HwProjectUtil.java:165)
	at com.xilinx.sdk.hw.HwProjectUtil.makeNewHardwareProject(HwProjectUtil.java:152)
	at com.xilinx.sdk.hw.HwProjectUtil.makeNewHardwareProject(HwProjectUtil.java:127)
	at com.xilinx.sdk.startup.InitSDK.processHwSpecArgumentTask(InitSDK.java:417)
	at com.xilinx.sdk.startup.InitSDK.access$7(InitSDK.java:399)
	at com.xilinx.sdk.startup.InitSDK$11.run(InitSDK.java:350)
	at org.eclipse.core.internal.jobs.Worker.run(Worker.java:53)
15:19:37 ERROR : Unexpected error while parsing XMD response ?: com.google.gson.JsonSyntaxException: com.google.gson.stream.MalformedJsonException: invalid number or unquoted string near 
15:20:23 INFO  : Launching XSDB server: xsdb.bat E:/ProgramFiles/Xilinx/SDK/2015.4/scripts/xsdb/xsdb/xsdb-server.tcl
15:20:26 INFO  : XSDB server has started successfully.
15:20:26 INFO  : Processing command line option -hwspec E:/projects/xilinix/master_repo/LAB_AEP/Integrated/Integrated_1/Integrated_1.sdk/fmc_imageon_gs_wrapper.hdf.
15:27:41 ERROR : Unexpected error while parsing XMD response ?: com.google.gson.JsonSyntaxException: com.google.gson.stream.MalformedJsonException: invalid number or unquoted string near 
15:28:05 INFO  : Launching XSDB server: xsdb.bat E:/ProgramFiles/Xilinx/SDK/2015.4/scripts/xsdb/xsdb/xsdb-server.tcl
15:28:08 INFO  : XSDB server has started successfully.
15:28:23 INFO  : Processing command line option -hwspec E:/projects/xilinix/master_repo/LAB_AEP/Integrated/Integrated_1/Integrated_1.sdk/fmc_imageon_gs_wrapper.hdf.
15:28:25 INFO  : Checking for hwspec changes in the project fmc_imageon_gs_wrapper_hw_platform_1.
15:35:24 ERROR : Unexpected error while parsing XMD response ?: com.google.gson.JsonSyntaxException: com.google.gson.stream.MalformedJsonException: invalid number or unquoted string near 
16:02:07 INFO  : Launching XSDB server: xsdb.bat E:/ProgramFiles/Xilinx/SDK/2015.4/scripts/xsdb/xsdb/xsdb-server.tcl
16:02:09 INFO  : XSDB server has started successfully.
16:02:23 INFO  : Processing command line option -hwspec E:/projects/xilinix/master_repo/LAB_AEP/Integrated/Integrated_1/Integrated_1.sdk/fmc_imageon_gs_wrapper.hdf.
16:02:26 INFO  : Checking for hwspec changes in the project fmc_imageon_gs_wrapper_hw_platform_1.
16:19:16 ERROR : The Hardware Project referenced by this BSP (fmc_imageon_gs_bsp) was not found in this workspace. As a result, this BSP will not build properly. To fix this error, please import the associated hardware project or recreate a new BSP targeting an existing hardware platform.
16:21:14 ERROR : The Hardware Project referenced by this BSP (fmc_imageon_gs_bsp) was not found in this workspace. As a result, this BSP will not build properly. To fix this error, please import the associated hardware project or recreate a new BSP targeting an existing hardware platform.
16:22:22 ERROR : Unexpected error occurred during generating bsp sources
java.lang.reflect.InvocationTargetException
	at org.eclipse.jface.operation.ModalContext.run(ModalContext.java:421)
	at org.eclipse.jface.dialogs.ProgressMonitorDialog.run(ProgressMonitorDialog.java:507)
	at org.eclipse.ui.internal.progress.ProgressMonitorJobsDialog.run(ProgressMonitorJobsDialog.java:275)
	at org.eclipse.ui.internal.progress.ProgressManager$3.run(ProgressManager.java:960)
	at org.eclipse.swt.custom.BusyIndicator.showWhile(BusyIndicator.java:70)
	at org.eclipse.ui.internal.progress.ProgressManager.busyCursorWhile(ProgressManager.java:995)
	at org.eclipse.ui.internal.progress.ProgressManager.busyCursorWhile(ProgressManager.java:970)
	at org.eclipse.ui.internal.progress.ProgressManager.run(ProgressManager.java:1166)
	at com.xilinx.sdk.sw.ui.handlers.RegenBspSourcesHandler.execute(RegenBspSourcesHandler.java:124)
	at com.xilinx.sdk.sw.ui.handlers.RegenBspSourcesHandler.execute(RegenBspSourcesHandler.java:78)
	at org.eclipse.ui.internal.handlers.HandlerProxy.execute(HandlerProxy.java:290)
	at org.eclipse.ui.internal.handlers.E4HandlerProxy.execute(E4HandlerProxy.java:90)
	at sun.reflect.GeneratedMethodAccessor16.invoke(Unknown Source)
	at sun.reflect.DelegatingMethodAccessorImpl.invoke(DelegatingMethodAccessorImpl.java:43)
	at java.lang.reflect.Method.invoke(Method.java:497)
	at org.eclipse.e4.core.internal.di.MethodRequestor.execute(MethodRequestor.java:56)
	at org.eclipse.e4.core.internal.di.InjectorImpl.invokeUsingClass(InjectorImpl.java:243)
	at org.eclipse.e4.core.internal.di.InjectorImpl.invoke(InjectorImpl.java:224)
	at org.eclipse.e4.core.contexts.ContextInjectionFactory.invoke(ContextInjectionFactory.java:132)
	at org.eclipse.e4.core.commands.internal.HandlerServiceHandler.execute(HandlerServiceHandler.java:167)
	at org.eclipse.core.commands.Command.executeWithChecks(Command.java:499)
	at org.eclipse.core.commands.ParameterizedCommand.executeWithChecks(ParameterizedCommand.java:508)
	at org.eclipse.e4.core.commands.internal.HandlerServiceImpl.executeHandler(HandlerServiceImpl.java:213)
	at org.eclipse.e4.ui.workbench.renderers.swt.HandledContributionItem.executeItem(HandledContributionItem.java:850)
	at org.eclipse.e4.ui.workbench.renderers.swt.HandledContributionItem.handleWidgetSelection(HandledContributionItem.java:743)
	at org.eclipse.e4.ui.workbench.renderers.swt.HandledContributionItem.access$7(HandledContributionItem.java:727)
	at org.eclipse.e4.ui.workbench.renderers.swt.HandledContributionItem$4.handleEvent(HandledContributionItem.java:662)
	at org.eclipse.swt.widgets.EventTable.sendEvent(EventTable.java:84)
	at org.eclipse.swt.widgets.Widget.sendEvent(Widget.java:1057)
	at org.eclipse.swt.widgets.Display.runDeferredEvents(Display.java:4170)
	at org.eclipse.swt.widgets.Display.readAndDispatch(Display.java:3759)
	at org.eclipse.e4.ui.internal.workbench.swt.PartRenderingEngine$9.run(PartRenderingEngine.java:1113)
	at org.eclipse.core.databinding.observable.Realm.runWithDefault(Realm.java:332)
	at org.eclipse.e4.ui.internal.workbench.swt.PartRenderingEngine.run(PartRenderingEngine.java:997)
	at org.eclipse.e4.ui.internal.workbench.E4Workbench.createAndRunUI(E4Workbench.java:140)
	at org.eclipse.ui.internal.Workbench$5.run(Workbench.java:611)
	at org.eclipse.core.databinding.observable.Realm.runWithDefault(Realm.java:332)
	at org.eclipse.ui.internal.Workbench.createAndRunWorkbench(Workbench.java:567)
	at org.eclipse.ui.PlatformUI.createAndRunWorkbench(PlatformUI.java:150)
	at org.eclipse.ui.internal.ide.application.IDEApplication.start(IDEApplication.java:124)
	at org.eclipse.equinox.internal.app.EclipseAppHandle.run(EclipseAppHandle.java:196)
	at org.eclipse.core.runtime.internal.adaptor.EclipseAppLauncher.runApplication(EclipseAppLauncher.java:110)
	at org.eclipse.core.runtime.internal.adaptor.EclipseAppLauncher.start(EclipseAppLauncher.java:79)
	at org.eclipse.core.runtime.adaptor.EclipseStarter.run(EclipseStarter.java:354)
	at org.eclipse.core.runtime.adaptor.EclipseStarter.run(EclipseStarter.java:181)
	at sun.reflect.NativeMethodAccessorImpl.invoke0(Native Method)
	at sun.reflect.NativeMethodAccessorImpl.invoke(NativeMethodAccessorImpl.java:62)
	at sun.reflect.DelegatingMethodAccessorImpl.invoke(DelegatingMethodAccessorImpl.java:43)
	at java.lang.reflect.Method.invoke(Method.java:497)
	at org.eclipse.equinox.launcher.Main.invokeFramework(Main.java:636)
	at org.eclipse.equinox.launcher.Main.basicRun(Main.java:591)
	at org.eclipse.equinox.launcher.Main.run(Main.java:1450)
Caused by: java.lang.NullPointerException
	at com.xilinx.sdk.sw.ui.handlers.RegenBspSourcesHandler$1.run(RegenBspSourcesHandler.java:135)
	at org.eclipse.jface.operation.ModalContext$ModalContextThread.run(ModalContext.java:121)
16:23:13 ERROR : The Hardware Project referenced by this BSP (fmc_imageon_gs_bsp) was not found in this workspace. As a result, this BSP will not build properly. To fix this error, please import the associated hardware project or recreate a new BSP targeting an existing hardware platform.
16:23:18 WARN  : Change BSP handler invoked, but no selected application in workspace.
16:25:07 ERROR : Unexpected error occurred during generating bsp sources
java.lang.reflect.InvocationTargetException
	at org.eclipse.jface.operation.ModalContext.run(ModalContext.java:421)
	at org.eclipse.jface.dialogs.ProgressMonitorDialog.run(ProgressMonitorDialog.java:507)
	at org.eclipse.ui.internal.progress.ProgressMonitorJobsDialog.run(ProgressMonitorJobsDialog.java:275)
	at org.eclipse.ui.internal.progress.ProgressManager$3.run(ProgressManager.java:960)
	at org.eclipse.swt.custom.BusyIndicator.showWhile(BusyIndicator.java:70)
	at org.eclipse.ui.internal.progress.ProgressManager.busyCursorWhile(ProgressManager.java:995)
	at org.eclipse.ui.internal.progress.ProgressManager.busyCursorWhile(ProgressManager.java:970)
	at org.eclipse.ui.internal.progress.ProgressManager.run(ProgressManager.java:1166)
	at com.xilinx.sdk.sw.ui.handlers.RegenBspSourcesHandler.execute(RegenBspSourcesHandler.java:124)
	at com.xilinx.sdk.sw.ui.handlers.RegenBspSourcesHandler.execute(RegenBspSourcesHandler.java:78)
	at org.eclipse.ui.internal.handlers.HandlerProxy.execute(HandlerProxy.java:290)
	at org.eclipse.ui.internal.handlers.E4HandlerProxy.execute(E4HandlerProxy.java:90)
	at sun.reflect.GeneratedMethodAccessor16.invoke(Unknown Source)
	at sun.reflect.DelegatingMethodAccessorImpl.invoke(DelegatingMethodAccessorImpl.java:43)
	at java.lang.reflect.Method.invoke(Method.java:497)
	at org.eclipse.e4.core.internal.di.MethodRequestor.execute(MethodRequestor.java:56)
	at org.eclipse.e4.core.internal.di.InjectorImpl.invokeUsingClass(InjectorImpl.java:243)
	at org.eclipse.e4.core.internal.di.InjectorImpl.invoke(InjectorImpl.java:224)
	at org.eclipse.e4.core.contexts.ContextInjectionFactory.invoke(ContextInjectionFactory.java:132)
	at org.eclipse.e4.core.commands.internal.HandlerServiceHandler.execute(HandlerServiceHandler.java:167)
	at org.eclipse.core.commands.Command.executeWithChecks(Command.java:499)
	at org.eclipse.core.commands.ParameterizedCommand.executeWithChecks(ParameterizedCommand.java:508)
	at org.eclipse.e4.core.commands.internal.HandlerServiceImpl.executeHandler(HandlerServiceImpl.java:213)
	at org.eclipse.e4.ui.workbench.renderers.swt.HandledContributionItem.executeItem(HandledContributionItem.java:850)
	at org.eclipse.e4.ui.workbench.renderers.swt.HandledContributionItem.handleWidgetSelection(HandledContributionItem.java:743)
	at org.eclipse.e4.ui.workbench.renderers.swt.HandledContributionItem.access$7(HandledContributionItem.java:727)
	at org.eclipse.e4.ui.workbench.renderers.swt.HandledContributionItem$4.handleEvent(HandledContributionItem.java:662)
	at org.eclipse.swt.widgets.EventTable.sendEvent(EventTable.java:84)
	at org.eclipse.swt.widgets.Widget.sendEvent(Widget.java:1057)
	at org.eclipse.swt.widgets.Display.runDeferredEvents(Display.java:4170)
	at org.eclipse.swt.widgets.Display.readAndDispatch(Display.java:3759)
	at org.eclipse.e4.ui.internal.workbench.swt.PartRenderingEngine$9.run(PartRenderingEngine.java:1113)
	at org.eclipse.core.databinding.observable.Realm.runWithDefault(Realm.java:332)
	at org.eclipse.e4.ui.internal.workbench.swt.PartRenderingEngine.run(PartRenderingEngine.java:997)
	at org.eclipse.e4.ui.internal.workbench.E4Workbench.createAndRunUI(E4Workbench.java:140)
	at org.eclipse.ui.internal.Workbench$5.run(Workbench.java:611)
	at org.eclipse.core.databinding.observable.Realm.runWithDefault(Realm.java:332)
	at org.eclipse.ui.internal.Workbench.createAndRunWorkbench(Workbench.java:567)
	at org.eclipse.ui.PlatformUI.createAndRunWorkbench(PlatformUI.java:150)
	at org.eclipse.ui.internal.ide.application.IDEApplication.start(IDEApplication.java:124)
	at org.eclipse.equinox.internal.app.EclipseAppHandle.run(EclipseAppHandle.java:196)
	at org.eclipse.core.runtime.internal.adaptor.EclipseAppLauncher.runApplication(EclipseAppLauncher.java:110)
	at org.eclipse.core.runtime.internal.adaptor.EclipseAppLauncher.start(EclipseAppLauncher.java:79)
	at org.eclipse.core.runtime.adaptor.EclipseStarter.run(EclipseStarter.java:354)
	at org.eclipse.core.runtime.adaptor.EclipseStarter.run(EclipseStarter.java:181)
	at sun.reflect.NativeMethodAccessorImpl.invoke0(Native Method)
	at sun.reflect.NativeMethodAccessorImpl.invoke(NativeMethodAccessorImpl.java:62)
	at sun.reflect.DelegatingMethodAccessorImpl.invoke(DelegatingMethodAccessorImpl.java:43)
	at java.lang.reflect.Method.invoke(Method.java:497)
	at org.eclipse.equinox.launcher.Main.invokeFramework(Main.java:636)
	at org.eclipse.equinox.launcher.Main.basicRun(Main.java:591)
	at org.eclipse.equinox.launcher.Main.run(Main.java:1450)
Caused by: java.lang.NullPointerException
	at com.xilinx.sdk.sw.ui.handlers.RegenBspSourcesHandler$1.run(RegenBspSourcesHandler.java:135)
	at org.eclipse.jface.operation.ModalContext$ModalContextThread.run(ModalContext.java:121)
16:27:54 INFO  : Refreshed build settings on project fmc_imageon_gs_app
16:45:52 INFO  : Saving repository preferences.
16:45:52 INFO  : Reading in cores from local repositories: 
		 E:\projects\xilinix\master_repo\LAB_AEP\Integrated\Integrated_1\Integrated_1.sdk\sw_repository
16:45:52 INFO  : Cleaning BSP projects in the workspace.
16:48:22 INFO  : Saving repository preferences.
16:48:22 INFO  : Reading in cores from local repositories: 
		 E:\projects\xilinix\master_repo\LAB_AEP\Integrated\Integrated_1\Integrated_1.sdk\sw_repository\sw_services
		 E:\projects\xilinix\master_repo\LAB_AEP\Integrated\Integrated_1\Integrated_1.sdk\sw_repository
16:48:23 INFO  : Cleaning BSP projects in the workspace.
16:51:21 INFO  : Refreshed build settings on project fmc_imageon_gs_app
17:05:07 INFO  : Connected to target on host '127.0.0.1' and port '3121'.
17:05:09 INFO  : 'targets -set -filter {jtag_cable_name =~ "Digilent Zed 210248447563" && level==0} -index 1' command is executed.
17:05:11 INFO  : FPGA configured successfully with bitstream "E:/projects/xilinix/master_repo/LAB_AEP/Integrated/Integrated_1/Integrated_1.sdk/fmc_imageon_gs_wrapper_hw_platform_1/fmc_imageon_gs_wrapper.bit"
17:08:38 INFO  : Connected to target on host '127.0.0.1' and port '3121'.
17:08:38 INFO  : 'targets -set -filter {jtag_cable_name =~ "Digilent Zed 210248447563" && level==0} -index 1' command is executed.
17:08:41 INFO  : FPGA configured successfully with bitstream "E:/projects/xilinix/master_repo/LAB_AEP/Integrated/Integrated_1/Integrated_1.sdk/fmc_imageon_gs_wrapper_hw_platform_1/fmc_imageon_gs_wrapper.bit"
17:14:03 INFO  : ps7_init is completed.
17:14:03 INFO  : ps7_post_config is completed.
17:14:03 INFO  : Processor reset is completed for ps7_cortexa9_0
17:15:49 INFO  : ps7_cortexa9_0 Processor is in use. Please stop existing Run or Debug sessions before launching.
17:15:53 INFO  : Processor reset is completed for ps7_cortexa9_0
17:15:53 ERROR : Unexpected error while opening JTAG UART: 
java.lang.RuntimeException: Error while opening JTAG UART server: MDM Uart NOT Present in the System
Could not detect MDM peripheral on hardware. Please check:
    1. If FPGA is configured correctly
    2. MDM Core is instantiated in the design
    3. If the correct FPGA is referred, in case of multiple FPGAs
    4. If the correct MDM is referred, in case of a multiple MDM system
    

	at com.xilinx.sdk.targetmanager.internal.TM.startJTAGUARTServer(TM.java:951)
	at com.xilinx.sdk.debug.core.internal.comm.JTAGUARTStreamsProxy.<init>(JTAGUARTStreamsProxy.java:32)
	at com.xilinx.sdk.debug.core.internal.RemoteProcess.createStreamsProxy(RemoteProcess.java:164)
	at com.xilinx.sdk.debug.core.internal.RemoteProcess.<init>(RemoteProcess.java:65)
	at com.xilinx.sdk.debug.core.internal.AppRunner.run(AppRunner.java:91)
	at com.xilinx.sdk.debug.core.XilinxAppLaunchConfigurationDelegate.runApplication(XilinxAppLaunchConfigurationDelegate.java:637)
	at com.xilinx.sdk.debug.core.XilinxAppLaunchConfigurationDelegate.launch(XilinxAppLaunchConfigurationDelegate.java:309)
	at com.xilinx.sdk.debug.ui.XilinxAppLaunchDelegateWrapper.launch(XilinxAppLaunchDelegateWrapper.java:31)
	at org.eclipse.debug.internal.core.LaunchConfiguration.launch(LaunchConfiguration.java:858)
	at org.eclipse.debug.internal.core.LaunchConfiguration.launch(LaunchConfiguration.java:707)
	at org.eclipse.debug.internal.ui.DebugUIPlugin.buildAndLaunch(DebugUIPlugin.java:1018)
	at org.eclipse.debug.internal.ui.DebugUIPlugin$8.run(DebugUIPlugin.java:1222)
	at org.eclipse.core.internal.jobs.Worker.run(Worker.java:53)
17:16:21 INFO  : ps7_cortexa9_0 Processor is in use. Please stop existing Run or Debug sessions before launching.
17:16:23 INFO  : Processor reset is completed for ps7_cortexa9_0
17:16:25 ERROR : Unexpected error while opening JTAG UART: 
java.lang.RuntimeException: Error while opening JTAG UART server: MDM Uart NOT Present in the System
Could not detect MDM peripheral on hardware. Please check:
    1. If FPGA is configured correctly
    2. MDM Core is instantiated in the design
    3. If the correct FPGA is referred, in case of multiple FPGAs
    4. If the correct MDM is referred, in case of a multiple MDM system
    

	at com.xilinx.sdk.targetmanager.internal.TM.startJTAGUARTServer(TM.java:951)
	at com.xilinx.sdk.debug.core.internal.comm.JTAGUARTStreamsProxy.<init>(JTAGUARTStreamsProxy.java:32)
	at com.xilinx.sdk.debug.core.internal.RemoteProcess.createStreamsProxy(RemoteProcess.java:164)
	at com.xilinx.sdk.debug.core.internal.RemoteProcess.<init>(RemoteProcess.java:65)
	at com.xilinx.sdk.debug.core.XilinxAppLaunchConfigurationDelegate.debugApplication(XilinxAppLaunchConfigurationDelegate.java:778)
	at com.xilinx.sdk.debug.core.XilinxAppLaunchConfigurationDelegate.launch(XilinxAppLaunchConfigurationDelegate.java:311)
	at com.xilinx.sdk.debug.ui.XilinxAppLaunchDelegateWrapper.launch(XilinxAppLaunchDelegateWrapper.java:31)
	at org.eclipse.debug.internal.core.LaunchConfiguration.launch(LaunchConfiguration.java:858)
	at org.eclipse.debug.internal.core.LaunchConfiguration.launch(LaunchConfiguration.java:707)
	at org.eclipse.debug.internal.ui.DebugUIPlugin.buildAndLaunch(DebugUIPlugin.java:1018)
	at org.eclipse.debug.internal.ui.DebugUIPlugin$8.run(DebugUIPlugin.java:1222)
	at org.eclipse.core.internal.jobs.Worker.run(Worker.java:53)
17:17:55 INFO  : Processor reset is completed for ps7_cortexa9_0
17:20:34 INFO  : ps7_cortexa9_0 Processor is in use. Please stop existing Run or Debug sessions before launching.
17:20:40 INFO  : Processor reset is completed for ps7_cortexa9_0
17:21:17 INFO  : FPGA Cable Disconnected. All active launches will be terminated.
17:21:17 WARN  : Terminating existing sessions on processor ps7_cortexa9_0
17:21:25 INFO  : Connected to target on host '127.0.0.1' and port '3121'.
17:21:26 INFO  : 'targets -set -filter {jtag_cable_name =~ "Digilent Zed 210248447563" && level==0} -index 1' command is executed.
17:21:28 INFO  : FPGA configured successfully with bitstream "E:/projects/xilinix/master_repo/LAB_AEP/Integrated/Integrated_1/Integrated_1.sdk/fmc_imageon_gs_wrapper_hw_platform_1/fmc_imageon_gs_wrapper.bit"
17:21:47 INFO  : ps7_init is completed.
17:21:47 INFO  : ps7_post_config is completed.
17:21:47 INFO  : Processor reset is completed for ps7_cortexa9_0
17:26:08 INFO  : ps7_cortexa9_0 Processor is in use. Please stop existing Run or Debug sessions before launching.
17:26:11 INFO  : Processor reset is completed for ps7_cortexa9_0
17:31:34 INFO  : ps7_cortexa9_0 Processor is in use. Please stop existing Run or Debug sessions before launching.
17:31:39 ERROR : Unexpected error while launching program.
java.lang.RuntimeException: Error while running ps7_init method.
Cannot write to target


    AP transaction timeout: ACK = 0x01, expected=0x02)
    Error Address = 0xf8000008


	at com.xilinx.sdk.targetmanager.internal.TM.run_ps7_init(TM.java:1089)
	at com.xilinx.sdk.debug.core.XilinxAppLaunchConfigurationDelegate.runTargetSetup(XilinxAppLaunchConfigurationDelegate.java:514)
	at com.xilinx.sdk.debug.core.XilinxAppLaunchConfigurationDelegate.runApplication(XilinxAppLaunchConfigurationDelegate.java:616)
	at com.xilinx.sdk.debug.core.XilinxAppLaunchConfigurationDelegate.launch(XilinxAppLaunchConfigurationDelegate.java:309)
	at com.xilinx.sdk.debug.ui.XilinxAppLaunchDelegateWrapper.launch(XilinxAppLaunchDelegateWrapper.java:31)
	at org.eclipse.debug.internal.core.LaunchConfiguration.launch(LaunchConfiguration.java:858)
	at org.eclipse.debug.internal.core.LaunchConfiguration.launch(LaunchConfiguration.java:707)
	at org.eclipse.debug.internal.ui.DebugUIPlugin.buildAndLaunch(DebugUIPlugin.java:1018)
	at org.eclipse.debug.internal.ui.DebugUIPlugin$8.run(DebugUIPlugin.java:1222)
	at org.eclipse.core.internal.jobs.Worker.run(Worker.java:53)
17:32:02 INFO  : Connected to target on host '127.0.0.1' and port '3121'.
17:32:03 INFO  : 'targets -set -filter {jtag_cable_name =~ "Digilent Zed 210248447563" && level==0} -index 1' command is executed.
17:32:03 ERROR : Error occured during Prog B register check
17:32:16 INFO  : Connected to target on host '127.0.0.1' and port '3121'.
17:32:16 INFO  : 'targets -set -filter {jtag_cable_name =~ "Digilent Zed 210248447563" && level==0} -index 1' command is executed.
17:32:19 INFO  : FPGA configured successfully with bitstream "E:/projects/xilinix/master_repo/LAB_AEP/Integrated/Integrated_1/Integrated_1.sdk/fmc_imageon_gs_wrapper_hw_platform_1/fmc_imageon_gs_wrapper.bit"
17:32:29 INFO  : ps7_init is completed.
17:32:29 INFO  : ps7_post_config is completed.
17:32:29 INFO  : Processor reset is completed for ps7_cortexa9_0
17:32:29 ERROR : No such port: COM4
17:32:49 INFO  : Processor reset is completed for ps7_cortexa9_0
17:40:25 INFO  : Processor reset is completed for ps7_cortexa9_0
17:45:04 ERROR : Unexpected error while parsing XMD response ?: com.google.gson.JsonSyntaxException: com.google.gson.stream.MalformedJsonException: invalid number or unquoted string near 
17:45:38 INFO  : Launching XSDB server: xsdb.bat E:/ProgramFiles/Xilinx/SDK/2015.4/scripts/xsdb/xsdb/xsdb-server.tcl
17:45:45 INFO  : XSDB server has started successfully.
17:45:45 INFO  : Restoring local repository preferences: 
		 E:\projects\xilinix\master_repo\LAB_AEP\Integrated\Integrated_1\Integrated_1.sdk\sw_repository\sw_services
		 E:\projects\xilinix\master_repo\LAB_AEP\Integrated\Integrated_1\Integrated_1.sdk\sw_repository
17:45:46 INFO  : Processing command line option -hwspec E:/projects/xilinix/master_repo/LAB_AEP/Integrated/Integrated_1/Integrated_1.sdk/fmc_imageon_gs_wrapper.hdf.
17:45:59 INFO  : Checking for hwspec changes in the project fmc_imageon_gs_wrapper_hw_platform_1.
