INFO: [VRFC 10-163] Analyzing VHDL file "E:/projects/xilinix/master_repo/LAB_AEP/Integrated/Integrated_1/Integrated_1.ip_user_files/ipstatic/axi_lite_ipif_v3_0/hdl/src/vhdl/ipif_pkg.vhd" into library axi_lite_ipif_v3_0_3
INFO: [VRFC 10-163] Analyzing VHDL file "E:/projects/xilinix/master_repo/LAB_AEP/Integrated/Integrated_1/Integrated_1.ip_user_files/ipstatic/axi_lite_ipif_v3_0/hdl/src/vhdl/pselect_f.vhd" into library axi_lite_ipif_v3_0_3
INFO: [VRFC 10-307] analyzing entity pselect_f
INFO: [VRFC 10-163] Analyzing VHDL file "E:/projects/xilinix/master_repo/LAB_AEP/Integrated/Integrated_1/Integrated_1.ip_user_files/ipstatic/axi_lite_ipif_v3_0/hdl/src/vhdl/address_decoder.vhd" into library axi_lite_ipif_v3_0_3
INFO: [VRFC 10-307] analyzing entity address_decoder
INFO: [VRFC 10-163] Analyzing VHDL file "E:/projects/xilinix/master_repo/LAB_AEP/Integrated/Integrated_1/Integrated_1.ip_user_files/ipstatic/axi_lite_ipif_v3_0/hdl/src/vhdl/slave_attachment.vhd" into library axi_lite_ipif_v3_0_3
INFO: [VRFC 10-307] analyzing entity slave_attachment
INFO: [VRFC 10-163] Analyzing VHDL file "E:/projects/xilinix/master_repo/LAB_AEP/Integrated/Integrated_1/Integrated_1.ip_user_files/ipstatic/axi_lite_ipif_v3_0/hdl/src/vhdl/axi_lite_ipif.vhd" into library axi_lite_ipif_v3_0_3
INFO: [VRFC 10-307] analyzing entity axi_lite_ipif
INFO: [VRFC 10-163] Analyzing VHDL file "E:/projects/xilinix/master_repo/LAB_AEP/Integrated/Integrated_1/Integrated_1.ip_user_files/ipstatic/v_tc_v6_1/hdl/v_tc_v6_1_vh_rfs.vhd" into library v_tc_v6_1_6
INFO: [VRFC 10-307] analyzing entity axi4s_control
INFO: [VRFC 10-307] analyzing entity tc_generator
INFO: [VRFC 10-307] analyzing entity tc_detector
INFO: [VRFC 10-307] analyzing entity video_clock_cross
INFO: [VRFC 10-307] analyzing entity hwt
INFO: [VRFC 10-307] analyzing entity TimeoutTest
INFO: [VRFC 10-307] analyzing entity mux_tree
INFO: [VRFC 10-307] analyzing entity video_ctrl
INFO: [VRFC 10-307] analyzing entity debug
INFO: [VRFC 10-307] analyzing entity tc_top
INFO: [VRFC 10-307] analyzing entity v_tc
INFO: [VRFC 10-163] Analyzing VHDL file "E:/projects/xilinix/master_repo/LAB_AEP/Integrated/Integrated_1/Integrated_1.ip_user_files/ipstatic/v_cfa_v7_0/hdl/v_cfa_v7_0_vh_rfs.vhd" into library v_cfa_v7_0_7
INFO: [VRFC 10-307] analyzing entity DELAY
INFO: [VRFC 10-307] analyzing entity delay_sclr
INFO: [VRFC 10-307] analyzing entity radd_sub_sclr_no
INFO: [VRFC 10-307] analyzing entity get_round_addend
INFO: [VRFC 10-307] analyzing entity mac
INFO: [VRFC 10-307] analyzing entity dpram
INFO: [VRFC 10-307] analyzing entity reciprocal
INFO: [VRFC 10-307] analyzing entity dp_ram
INFO: [VRFC 10-307] analyzing entity synch_fifo
INFO: [VRFC 10-307] analyzing entity synch_fifo_fallthru
INFO: [VRFC 10-307] analyzing entity bilinear_cross
INFO: [VRFC 10-307] analyzing entity bilinear_G
INFO: [VRFC 10-307] analyzing entity pix_matrix
INFO: [VRFC 10-307] analyzing entity bilinear_join_ed
INFO: [VRFC 10-307] analyzing entity interpolate_RB_at_BR
INFO: [VRFC 10-307] analyzing entity interpolate_RB_at_G
INFO: [VRFC 10-307] analyzing entity simple_lowpass
INFO: [VRFC 10-307] analyzing entity remove_hzipper
INFO: [VRFC 10-307] analyzing entity timing_delay
INFO: [VRFC 10-307] analyzing entity ave_var_sd
INFO: [VRFC 10-307] analyzing entity ave_var_sd_sim
INFO: [VRFC 10-307] analyzing entity normalize_weights
INFO: [VRFC 10-307] analyzing entity normalize_weights_sim
INFO: [VRFC 10-307] analyzing entity var_min_interpolate_G
INFO: [VRFC 10-307] analyzing entity var_min_interpolate_G_sim
INFO: [VRFC 10-307] analyzing entity axis_input_buffer
INFO: [VRFC 10-307] analyzing entity axis_output_buffer
INFO: [VRFC 10-307] analyzing entity interpolate_G
INFO: [VRFC 10-307] analyzing entity var_min_cfa
INFO: [VRFC 10-307] analyzing entity cfa_core
INFO: [VRFC 10-307] analyzing entity cfa_top
INFO: [VRFC 10-307] analyzing entity v_cfa
INFO: [VRFC 10-163] Analyzing VHDL file "E:/projects/xilinix/master_repo/LAB_AEP/Integrated/Integrated_1/Integrated_1.ip_user_files/bd/fmc_imageon_gs/ip/fmc_imageon_gs_v_cfa_0_0/sim/fmc_imageon_gs_v_cfa_0_0.vhd" into library xil_defaultlib
INFO: [VRFC 10-307] analyzing entity fmc_imageon_gs_v_cfa_0_0
INFO: [VRFC 10-163] Analyzing VHDL file "E:/projects/xilinix/master_repo/LAB_AEP/Integrated/Integrated_1/Integrated_1.ip_user_files/ipstatic/v_cresample_v4_0/hdl/v_cresample_v4_0_vh_rfs.vhd" into library v_cresample_v4_0_7
INFO: [VRFC 10-307] analyzing entity d1b
INFO: [VRFC 10-307] analyzing entity DELAY
INFO: [VRFC 10-307] analyzing entity delay_sclr
INFO: [VRFC 10-307] analyzing entity radd_sub_sclr_yes
INFO: [VRFC 10-307] analyzing entity radd_sub_sclr_no
INFO: [VRFC 10-307] analyzing entity radd_sub_sclr
INFO: [VRFC 10-307] analyzing entity get_round_addend
INFO: [VRFC 10-307] analyzing entity round
INFO: [VRFC 10-307] analyzing entity mult
INFO: [VRFC 10-307] analyzing entity madd
INFO: [VRFC 10-307] analyzing entity macc
INFO: [VRFC 10-307] analyzing entity max_sat
INFO: [VRFC 10-307] analyzing entity min_sat
INFO: [VRFC 10-307] analyzing entity barrel_shift
INFO: [VRFC 10-307] analyzing entity dp_ram
INFO: [VRFC 10-307] analyzing entity sp_ram
INFO: [VRFC 10-307] analyzing entity synch_fifo
INFO: [VRFC 10-307] analyzing entity ObjFifo_cons_ctl
INFO: [VRFC 10-307] analyzing entity ObjFifo_prod_ctl
INFO: [VRFC 10-307] analyzing entity ObjFifo
INFO: [VRFC 10-307] analyzing entity dp_ram_async
INFO: [VRFC 10-307] analyzing entity ObjFifoAsync
INFO: [VRFC 10-307] analyzing entity FIFO2ObjFifo
INFO: [VRFC 10-307] analyzing entity ObjFifo2FIFO
INFO: [VRFC 10-307] analyzing entity async_fifo
INFO: [VRFC 10-307] analyzing entity synch_fifo_fallthru
INFO: [VRFC 10-307] analyzing entity dp_bram
INFO: [VRFC 10-307] analyzing entity linebuffer
INFO: [VRFC 10-307] analyzing entity base_single_linebuffer
INFO: [VRFC 10-307] analyzing entity base_2d_linebuffer
INFO: [VRFC 10-307] analyzing entity h_pipe
INFO: [VRFC 10-307] analyzing entity mc_h_pipe
INFO: [VRFC 10-307] analyzing entity active_delay
INFO: [VRFC 10-307] analyzing entity axis_input_buffer
INFO: [VRFC 10-307] analyzing entity axis_output_buffer
INFO: [VRFC 10-307] analyzing entity cresample_timing
INFO: [VRFC 10-307] analyzing entity convert420to422
INFO: [VRFC 10-307] analyzing entity convert422to420
INFO: [VRFC 10-307] analyzing entity convert422to444
INFO: [VRFC 10-307] analyzing entity convert444to422
INFO: [VRFC 10-307] analyzing entity cresample_core
INFO: [VRFC 10-307] analyzing entity cresample_top
INFO: [VRFC 10-307] analyzing entity v_cresample
INFO: [VRFC 10-163] Analyzing VHDL file "E:/projects/xilinix/master_repo/LAB_AEP/Integrated/Integrated_1/Integrated_1.ip_user_files/bd/fmc_imageon_gs/ip/fmc_imageon_gs_v_cresample_0_0/sim/fmc_imageon_gs_v_cresample_0_0.vhd" into library xil_defaultlib
INFO: [VRFC 10-307] analyzing entity fmc_imageon_gs_v_cresample_0_0
INFO: [VRFC 10-163] Analyzing VHDL file "E:/projects/xilinix/master_repo/LAB_AEP/Integrated/Integrated_1/Integrated_1.ip_user_files/ipstatic/v_osd_v6_0/hdl/v_osd_v6_0_vh_rfs.vhd" into library v_osd_v6_0_9
INFO: [VRFC 10-307] analyzing entity dp_ram
INFO: [VRFC 10-307] analyzing entity sp_ram
INFO: [VRFC 10-307] analyzing entity synch_fifo
INFO: [VRFC 10-307] analyzing entity ObjFifo_cons_ctl
INFO: [VRFC 10-307] analyzing entity ObjFifo_prod_ctl
INFO: [VRFC 10-307] analyzing entity ObjFifo
INFO: [VRFC 10-307] analyzing entity dp_ram_async
INFO: [VRFC 10-307] analyzing entity ObjFifoAsync
INFO: [VRFC 10-307] analyzing entity FIFO2ObjFifo
INFO: [VRFC 10-307] analyzing entity ObjFifo2FIFO
INFO: [VRFC 10-307] analyzing entity async_fifo
INFO: [VRFC 10-307] analyzing entity synch_fifo_fallthru
INFO: [VRFC 10-307] analyzing entity mux_tree
INFO: [VRFC 10-307] analyzing entity mult_add_pipeline
INFO: [VRFC 10-307] analyzing entity alpha_blend_elem
INFO: [VRFC 10-307] analyzing entity alpha_blend_ctrl
INFO: [VRFC 10-307] analyzing entity osd_counters
INFO: [VRFC 10-307] analyzing entity osd_priority_mux
INFO: [VRFC 10-307] analyzing entity osd_priority_select
INFO: [VRFC 10-307] analyzing entity osd_rt_gpu2
INFO: [VRFC 10-307] analyzing entity axis_output_buffer
INFO: [VRFC 10-307] analyzing entity axis_input_buffer
INFO: [VRFC 10-307] analyzing entity osd_backbone
INFO: [VRFC 10-307] analyzing entity v_osd
INFO: [VRFC 10-163] Analyzing VHDL file "E:/projects/xilinix/master_repo/LAB_AEP/Integrated/Integrated_1/Integrated_1.ip_user_files/bd/fmc_imageon_gs/ip/fmc_imageon_gs_v_osd_0_0/sim/fmc_imageon_gs_v_osd_0_0.vhd" into library xil_defaultlib
INFO: [VRFC 10-307] analyzing entity fmc_imageon_gs_v_osd_0_0
INFO: [VRFC 10-163] Analyzing VHDL file "E:/projects/xilinix/master_repo/LAB_AEP/Integrated/Integrated_1/Integrated_1.ip_user_files/ipstatic/v_rgb2ycrcb_v7_1/hdl/v_rgb2ycrcb_v7_1_vh_rfs.vhd" into library v_rgb2ycrcb_v7_1_6
INFO: [VRFC 10-307] analyzing entity delay
INFO: [VRFC 10-307] analyzing entity delay_sclr
INFO: [VRFC 10-307] analyzing entity radd_sub_sclr_yes
INFO: [VRFC 10-307] analyzing entity radd_sub_sclr_no
INFO: [VRFC 10-307] analyzing entity radd_sub_sclr
INFO: [VRFC 10-307] analyzing entity get_round_addend
INFO: [VRFC 10-307] analyzing entity round
INFO: [VRFC 10-307] analyzing entity mult
INFO: [VRFC 10-307] analyzing entity mac
INFO: [VRFC 10-307] analyzing entity max_sat
INFO: [VRFC 10-307] analyzing entity min_sat
INFO: [VRFC 10-307] analyzing entity dp_ram
INFO: [VRFC 10-307] analyzing entity sp_ram
INFO: [VRFC 10-307] analyzing entity synch_fifo
INFO: [VRFC 10-307] analyzing entity ObjFifo_cons_ctl
INFO: [VRFC 10-307] analyzing entity ObjFifo_prod_ctl
INFO: [VRFC 10-307] analyzing entity ObjFifo
INFO: [VRFC 10-307] analyzing entity dp_ram_async
INFO: [VRFC 10-307] analyzing entity ObjFifoAsync
INFO: [VRFC 10-307] analyzing entity FIFO2ObjFifo
INFO: [VRFC 10-307] analyzing entity ObjFifo2FIFO
INFO: [VRFC 10-307] analyzing entity async_fifo
INFO: [VRFC 10-307] analyzing entity synch_fifo_fallthru
INFO: [VRFC 10-307] analyzing entity axis_input_buffer
INFO: [VRFC 10-307] analyzing entity axis_output_buffer
INFO: [VRFC 10-307] analyzing entity debug
INFO: [VRFC 10-307] analyzing entity rgb2ycrcb_core
INFO: [VRFC 10-307] analyzing entity rgb2ycrcb_top
INFO: [VRFC 10-307] analyzing entity v_rgb2ycrcb
INFO: [VRFC 10-163] Analyzing VHDL file "E:/projects/xilinix/master_repo/LAB_AEP/Integrated/Integrated_1/Integrated_1.ip_user_files/bd/fmc_imageon_gs/ip/fmc_imageon_gs_v_rgb2ycrcb_0_0/sim/fmc_imageon_gs_v_rgb2ycrcb_0_0.vhd" into library xil_defaultlib
INFO: [VRFC 10-307] analyzing entity fmc_imageon_gs_v_rgb2ycrcb_0_0
INFO: [VRFC 10-163] Analyzing VHDL file "E:/projects/xilinix/master_repo/LAB_AEP/Integrated/Integrated_1/Integrated_1.ip_user_files/bd/fmc_imageon_gs/ip/fmc_imageon_gs_v_tc_0_0/sim/fmc_imageon_gs_v_tc_0_0.vhd" into library xil_defaultlib
INFO: [VRFC 10-307] analyzing entity fmc_imageon_gs_v_tc_0_0
INFO: [VRFC 10-163] Analyzing VHDL file "E:/projects/xilinix/master_repo/LAB_AEP/Integrated/Integrated_1/Integrated_1.ip_user_files/bd/fmc_imageon_gs/ipshared/avnet/avnet_hdmi_in_v3_1/hdl/vhdl/avnet_hdmi_in.vhd" into library xil_defaultlib
INFO: [VRFC 10-307] analyzing entity avnet_hdmi_in
INFO: [VRFC 10-163] Analyzing VHDL file "E:/projects/xilinix/master_repo/LAB_AEP/Integrated/Integrated_1/Integrated_1.ip_user_files/bd/fmc_imageon_gs/ip/fmc_imageon_gs_avnet_hdmi_in_0_0/sim/fmc_imageon_gs_avnet_hdmi_in_0_0.vhd" into library xil_defaultlib
INFO: [VRFC 10-307] analyzing entity fmc_imageon_gs_avnet_hdmi_in_0_0
INFO: [VRFC 10-163] Analyzing VHDL file "E:/projects/xilinix/master_repo/LAB_AEP/Integrated/Integrated_1/Integrated_1.ip_user_files/bd/fmc_imageon_gs/ipshared/avnet/avnet_hdmi_out_v3_1/hdl/vhdl/adv7511_embed_syncs.vhd" into library xil_defaultlib
INFO: [VRFC 10-307] analyzing entity adv7511_embed_syncs
INFO: [VRFC 10-163] Analyzing VHDL file "E:/projects/xilinix/master_repo/LAB_AEP/Integrated/Integrated_1/Integrated_1.ip_user_files/bd/fmc_imageon_gs/ipshared/avnet/avnet_hdmi_out_v3_1/hdl/vhdl/avnet_hdmi_out.vhd" into library xil_defaultlib
INFO: [VRFC 10-307] analyzing entity avnet_hdmi_out
INFO: [VRFC 10-163] Analyzing VHDL file "E:/projects/xilinix/master_repo/LAB_AEP/Integrated/Integrated_1/Integrated_1.ip_user_files/bd/fmc_imageon_gs/ip/fmc_imageon_gs_avnet_hdmi_out_0_0/sim/fmc_imageon_gs_avnet_hdmi_out_0_0.vhd" into library xil_defaultlib
INFO: [VRFC 10-307] analyzing entity fmc_imageon_gs_avnet_hdmi_out_0_0
INFO: [VRFC 10-163] Analyzing VHDL file "E:/projects/xilinix/master_repo/LAB_AEP/Integrated/Integrated_1/Integrated_1.ip_user_files/ipstatic/fifo_generator_v13_0/simulation/fifo_generator_vhdl_beh.vhd" into library fifo_generator_v13_0_1
INFO: [VRFC 10-307] analyzing entity fifo_generator_v13_0_1_bhv_as
INFO: [VRFC 10-307] analyzing entity fifo_generator_v13_0_1_bhv_ss
INFO: [VRFC 10-307] analyzing entity fifo_generator_v13_0_1_bhv_preload0
INFO: [VRFC 10-307] analyzing entity fifo_generator_v13_0_1_conv
INFO: [VRFC 10-307] analyzing entity fifo_generator_v13_0_1_axic_reg_slice
INFO: [VRFC 10-307] analyzing entity fifo_generator_vhdl_beh
INFO: [VRFC 10-163] Analyzing VHDL file "E:/projects/xilinix/master_repo/LAB_AEP/Integrated/Integrated_1/Integrated_1.ip_user_files/ipstatic/fifo_generator_v13_0/hdl/fifo_generator_v13_0_rfs.vhd" into library fifo_generator_v13_0_1
INFO: [VRFC 10-307] analyzing entity input_blk
INFO: [VRFC 10-307] analyzing entity output_blk
INFO: [VRFC 10-307] analyzing entity shft_wrapper
INFO: [VRFC 10-307] analyzing entity shft_ram
INFO: [VRFC 10-307] analyzing entity wr_pf_as
INFO: [VRFC 10-307] analyzing entity wr_pf_ss
INFO: [VRFC 10-307] analyzing entity rd_pe_as
INFO: [VRFC 10-307] analyzing entity rd_pe_ss
INFO: [VRFC 10-307] analyzing entity synchronizer_ff
INFO: [VRFC 10-307] analyzing entity delay
INFO: [VRFC 10-307] analyzing entity bin_cntr
INFO: [VRFC 10-307] analyzing entity clk_x_pntrs_builtin
INFO: [VRFC 10-307] analyzing entity logic_builtin
INFO: [VRFC 10-307] analyzing entity builtin_prim
INFO: [VRFC 10-307] analyzing entity builtin_extdepth
INFO: [VRFC 10-307] analyzing entity builtin_top
INFO: [VRFC 10-307] analyzing entity reset_builtin
INFO: [VRFC 10-307] analyzing entity builtin_prim_v6
INFO: [VRFC 10-307] analyzing entity builtin_extdepth_v6
INFO: [VRFC 10-307] analyzing entity builtin_extdepth_low_latency
INFO: [VRFC 10-307] analyzing entity builtin_top_v6
INFO: [VRFC 10-307] analyzing entity fifo_generator_v13_0_1_builtin
INFO: [VRFC 10-307] analyzing entity bram_sync_reg
INFO: [VRFC 10-307] analyzing entity bram_fifo_rstlogic
INFO: [VRFC 10-307] analyzing entity reset_blk_ramfifo
INFO: [VRFC 10-307] analyzing entity axi_reg_slice
INFO: [VRFC 10-307] analyzing entity fifo_generator_top
INFO: [VRFC 10-307] analyzing entity fifo_generator_v13_0_1_synth
INFO: [VRFC 10-307] analyzing entity fifo_generator_v13_0_1
INFO: [VRFC 10-163] Analyzing VHDL file "E:/projects/xilinix/master_repo/LAB_AEP/Integrated/Integrated_1/Integrated_1.ip_user_files/ipstatic/lib_cdc_v1_0/hdl/src/vhdl/cdc_sync.vhd" into library lib_cdc_v1_0_2
INFO: [VRFC 10-307] analyzing entity cdc_sync
INFO: [VRFC 10-163] Analyzing VHDL file "E:/projects/xilinix/master_repo/LAB_AEP/Integrated/Integrated_1/Integrated_1.ip_user_files/ipstatic/lib_pkg_v1_0/hdl/src/vhdl/lib_pkg.vhd" into library lib_pkg_v1_0_2
INFO: [VRFC 10-163] Analyzing VHDL file "E:/projects/xilinix/master_repo/LAB_AEP/Integrated/Integrated_1/Integrated_1.ip_user_files/ipstatic/lib_fifo_v1_0/hdl/src/vhdl/async_fifo_fg.vhd" into library lib_fifo_v1_0_4
INFO: [VRFC 10-307] analyzing entity async_fifo_fg
INFO: [VRFC 10-163] Analyzing VHDL file "E:/projects/xilinix/master_repo/LAB_AEP/Integrated/Integrated_1/Integrated_1.ip_user_files/ipstatic/lib_fifo_v1_0/hdl/src/vhdl/sync_fifo_fg.vhd" into library lib_fifo_v1_0_4
INFO: [VRFC 10-307] analyzing entity sync_fifo_fg
INFO: [VRFC 10-163] Analyzing VHDL file "E:/projects/xilinix/master_repo/LAB_AEP/Integrated/Integrated_1/Integrated_1.ip_user_files/ipstatic/blk_mem_gen_v8_3/simulation/blk_mem_gen_v8_3.vhd" into library blk_mem_gen_v8_3_1
INFO: [VRFC 10-307] analyzing entity blk_mem_axi_regs_fwd_v8_3
INFO: [VRFC 10-307] analyzing entity blk_mem_axi_write_wrapper_beh
INFO: [VRFC 10-307] analyzing entity write_netlist
INFO: [VRFC 10-307] analyzing entity blk_mem_axi_read_wrapper_beh
INFO: [VRFC 10-307] analyzing entity read_netlist
INFO: [VRFC 10-307] analyzing entity blk_mem_gen_v8_3_1_output_stage
INFO: [VRFC 10-307] analyzing entity blk_mem_gen_v8_3_1_softecc_output_reg_stage
INFO: [VRFC 10-307] analyzing entity blk_mem_gen_v8_3_1_mem_module
INFO: [VRFC 10-307] analyzing entity blk_mem_gen_v8_3_1
INFO: [VRFC 10-307] analyzing entity beh_ff_clr
INFO: [VRFC 10-307] analyzing entity beh_ff_ce
INFO: [VRFC 10-307] analyzing entity beh_ff_pre
INFO: [VRFC 10-307] analyzing entity beh_muxf7
INFO: [VRFC 10-307] analyzing entity STATE_LOGIC
INFO: [VRFC 10-163] Analyzing VHDL file "E:/projects/xilinix/master_repo/LAB_AEP/Integrated/Integrated_1/Integrated_1.ip_user_files/ipstatic/lib_bmg_v1_0/hdl/src/vhdl/blk_mem_gen_wrapper.vhd" into library lib_bmg_v1_0_3
INFO: [VRFC 10-307] analyzing entity blk_mem_gen_wrapper
INFO: [VRFC 10-163] Analyzing VHDL file "E:/projects/xilinix/master_repo/LAB_AEP/Integrated/Integrated_1/Integrated_1.ip_user_files/ipstatic/lib_srl_fifo_v1_0/hdl/src/vhdl/cntr_incr_decr_addn_f.vhd" into library lib_srl_fifo_v1_0_2
INFO: [VRFC 10-307] analyzing entity cntr_incr_decr_addn_f
INFO: [VRFC 10-163] Analyzing VHDL file "E:/projects/xilinix/master_repo/LAB_AEP/Integrated/Integrated_1/Integrated_1.ip_user_files/ipstatic/lib_srl_fifo_v1_0/hdl/src/vhdl/dynshreg_f.vhd" into library lib_srl_fifo_v1_0_2
INFO: [VRFC 10-307] analyzing entity dynshreg_f
INFO: [VRFC 10-163] Analyzing VHDL file "E:/projects/xilinix/master_repo/LAB_AEP/Integrated/Integrated_1/Integrated_1.ip_user_files/ipstatic/lib_srl_fifo_v1_0/hdl/src/vhdl/srl_fifo_rbu_f.vhd" into library lib_srl_fifo_v1_0_2
INFO: [VRFC 10-307] analyzing entity srl_fifo_rbu_f
INFO: [VRFC 10-163] Analyzing VHDL file "E:/projects/xilinix/master_repo/LAB_AEP/Integrated/Integrated_1/Integrated_1.ip_user_files/ipstatic/lib_srl_fifo_v1_0/hdl/src/vhdl/srl_fifo_f.vhd" into library lib_srl_fifo_v1_0_2
INFO: [VRFC 10-307] analyzing entity srl_fifo_f
INFO: [VRFC 10-163] Analyzing VHDL file "E:/projects/xilinix/master_repo/LAB_AEP/Integrated/Integrated_1/Integrated_1.ip_user_files/ipstatic/axi_datamover_v5_1/hdl/src/vhdl/axi_datamover_reset.vhd" into library axi_datamover_v5_1_9
INFO: [VRFC 10-307] analyzing entity axi_datamover_reset
INFO: [VRFC 10-163] Analyzing VHDL file "E:/projects/xilinix/master_repo/LAB_AEP/Integrated/Integrated_1/Integrated_1.ip_user_files/ipstatic/axi_datamover_v5_1/hdl/src/vhdl/axi_datamover_afifo_autord.vhd" into library axi_datamover_v5_1_9
INFO: [VRFC 10-307] analyzing entity axi_datamover_afifo_autord
INFO: [VRFC 10-163] Analyzing VHDL file "E:/projects/xilinix/master_repo/LAB_AEP/Integrated/Integrated_1/Integrated_1.ip_user_files/ipstatic/axi_datamover_v5_1/hdl/src/vhdl/axi_datamover_sfifo_autord.vhd" into library axi_datamover_v5_1_9
INFO: [VRFC 10-307] analyzing entity axi_datamover_sfifo_autord
INFO: [VRFC 10-163] Analyzing VHDL file "E:/projects/xilinix/master_repo/LAB_AEP/Integrated/Integrated_1/Integrated_1.ip_user_files/ipstatic/axi_datamover_v5_1/hdl/src/vhdl/axi_datamover_fifo.vhd" into library axi_datamover_v5_1_9
INFO: [VRFC 10-307] analyzing entity axi_datamover_fifo
INFO: [VRFC 10-163] Analyzing VHDL file "E:/projects/xilinix/master_repo/LAB_AEP/Integrated/Integrated_1/Integrated_1.ip_user_files/ipstatic/axi_datamover_v5_1/hdl/src/vhdl/axi_datamover_cmd_status.vhd" into library axi_datamover_v5_1_9
INFO: [VRFC 10-307] analyzing entity axi_datamover_cmd_status
INFO: [VRFC 10-163] Analyzing VHDL file "E:/projects/xilinix/master_repo/LAB_AEP/Integrated/Integrated_1/Integrated_1.ip_user_files/ipstatic/axi_datamover_v5_1/hdl/src/vhdl/axi_datamover_scc.vhd" into library axi_datamover_v5_1_9
INFO: [VRFC 10-307] analyzing entity axi_datamover_scc
INFO: [VRFC 10-163] Analyzing VHDL file "E:/projects/xilinix/master_repo/LAB_AEP/Integrated/Integrated_1/Integrated_1.ip_user_files/ipstatic/axi_datamover_v5_1/hdl/src/vhdl/axi_datamover_strb_gen2.vhd" into library axi_datamover_v5_1_9
INFO: [VRFC 10-307] analyzing entity axi_datamover_strb_gen2
INFO: [VRFC 10-163] Analyzing VHDL file "E:/projects/xilinix/master_repo/LAB_AEP/Integrated/Integrated_1/Integrated_1.ip_user_files/ipstatic/axi_datamover_v5_1/hdl/src/vhdl/axi_datamover_pcc.vhd" into library axi_datamover_v5_1_9
INFO: [VRFC 10-307] analyzing entity axi_datamover_pcc
INFO: [VRFC 10-163] Analyzing VHDL file "E:/projects/xilinix/master_repo/LAB_AEP/Integrated/Integrated_1/Integrated_1.ip_user_files/ipstatic/axi_datamover_v5_1/hdl/src/vhdl/axi_datamover_addr_cntl.vhd" into library axi_datamover_v5_1_9
INFO: [VRFC 10-307] analyzing entity axi_datamover_addr_cntl
INFO: [VRFC 10-163] Analyzing VHDL file "E:/projects/xilinix/master_repo/LAB_AEP/Integrated/Integrated_1/Integrated_1.ip_user_files/ipstatic/axi_datamover_v5_1/hdl/src/vhdl/axi_datamover_rdmux.vhd" into library axi_datamover_v5_1_9
INFO: [VRFC 10-307] analyzing entity axi_datamover_rdmux
INFO: [VRFC 10-163] Analyzing VHDL file "E:/projects/xilinix/master_repo/LAB_AEP/Integrated/Integrated_1/Integrated_1.ip_user_files/ipstatic/axi_datamover_v5_1/hdl/src/vhdl/axi_datamover_rddata_cntl.vhd" into library axi_datamover_v5_1_9
INFO: [VRFC 10-307] analyzing entity axi_datamover_rddata_cntl
INFO: [VRFC 10-163] Analyzing VHDL file "E:/projects/xilinix/master_repo/LAB_AEP/Integrated/Integrated_1/Integrated_1.ip_user_files/ipstatic/axi_datamover_v5_1/hdl/src/vhdl/axi_datamover_rd_status_cntl.vhd" into library axi_datamover_v5_1_9
INFO: [VRFC 10-307] analyzing entity axi_datamover_rd_status_cntl
INFO: [VRFC 10-163] Analyzing VHDL file "E:/projects/xilinix/master_repo/LAB_AEP/Integrated/Integrated_1/Integrated_1.ip_user_files/ipstatic/axi_datamover_v5_1/hdl/src/vhdl/axi_datamover_wr_demux.vhd" into library axi_datamover_v5_1_9
INFO: [VRFC 10-307] analyzing entity axi_datamover_wr_demux
INFO: [VRFC 10-163] Analyzing VHDL file "E:/projects/xilinix/master_repo/LAB_AEP/Integrated/Integrated_1/Integrated_1.ip_user_files/ipstatic/axi_datamover_v5_1/hdl/src/vhdl/axi_datamover_wrdata_cntl.vhd" into library axi_datamover_v5_1_9
INFO: [VRFC 10-307] analyzing entity axi_datamover_wrdata_cntl
INFO: [VRFC 10-163] Analyzing VHDL file "E:/projects/xilinix/master_repo/LAB_AEP/Integrated/Integrated_1/Integrated_1.ip_user_files/ipstatic/axi_datamover_v5_1/hdl/src/vhdl/axi_datamover_wr_status_cntl.vhd" into library axi_datamover_v5_1_9
INFO: [VRFC 10-307] analyzing entity axi_datamover_wr_status_cntl
INFO: [VRFC 10-163] Analyzing VHDL file "E:/projects/xilinix/master_repo/LAB_AEP/Integrated/Integrated_1/Integrated_1.ip_user_files/ipstatic/axi_datamover_v5_1/hdl/src/vhdl/axi_datamover_skid2mm_buf.vhd" into library axi_datamover_v5_1_9
INFO: [VRFC 10-307] analyzing entity axi_datamover_skid2mm_buf
INFO: [VRFC 10-163] Analyzing VHDL file "E:/projects/xilinix/master_repo/LAB_AEP/Integrated/Integrated_1/Integrated_1.ip_user_files/ipstatic/axi_datamover_v5_1/hdl/src/vhdl/axi_datamover_skid_buf.vhd" into library axi_datamover_v5_1_9
INFO: [VRFC 10-307] analyzing entity axi_datamover_skid_buf
INFO: [VRFC 10-163] Analyzing VHDL file "E:/projects/xilinix/master_repo/LAB_AEP/Integrated/Integrated_1/Integrated_1.ip_user_files/ipstatic/axi_datamover_v5_1/hdl/src/vhdl/axi_datamover_rd_sf.vhd" into library axi_datamover_v5_1_9
INFO: [VRFC 10-307] analyzing entity axi_datamover_rd_sf
INFO: [VRFC 10-163] Analyzing VHDL file "E:/projects/xilinix/master_repo/LAB_AEP/Integrated/Integrated_1/Integrated_1.ip_user_files/ipstatic/axi_datamover_v5_1/hdl/src/vhdl/axi_datamover_wr_sf.vhd" into library axi_datamover_v5_1_9
INFO: [VRFC 10-307] analyzing entity axi_datamover_wr_sf
INFO: [VRFC 10-163] Analyzing VHDL file "E:/projects/xilinix/master_repo/LAB_AEP/Integrated/Integrated_1/Integrated_1.ip_user_files/ipstatic/axi_datamover_v5_1/hdl/src/vhdl/axi_datamover_stbs_set.vhd" into library axi_datamover_v5_1_9
INFO: [VRFC 10-307] analyzing entity axi_datamover_stbs_set
INFO: [VRFC 10-163] Analyzing VHDL file "E:/projects/xilinix/master_repo/LAB_AEP/Integrated/Integrated_1/Integrated_1.ip_user_files/ipstatic/axi_datamover_v5_1/hdl/src/vhdl/axi_datamover_stbs_set_nodre.vhd" into library axi_datamover_v5_1_9
INFO: [VRFC 10-307] analyzing entity axi_datamover_stbs_set_nodre
INFO: [VRFC 10-163] Analyzing VHDL file "E:/projects/xilinix/master_repo/LAB_AEP/Integrated/Integrated_1/Integrated_1.ip_user_files/ipstatic/axi_datamover_v5_1/hdl/src/vhdl/axi_datamover_ibttcc.vhd" into library axi_datamover_v5_1_9
INFO: [VRFC 10-307] analyzing entity axi_datamover_ibttcc
INFO: [VRFC 10-163] Analyzing VHDL file "E:/projects/xilinix/master_repo/LAB_AEP/Integrated/Integrated_1/Integrated_1.ip_user_files/ipstatic/axi_datamover_v5_1/hdl/src/vhdl/axi_datamover_indet_btt.vhd" into library axi_datamover_v5_1_9
INFO: [VRFC 10-307] analyzing entity axi_datamover_indet_btt
INFO: [VRFC 10-163] Analyzing VHDL file "E:/projects/xilinix/master_repo/LAB_AEP/Integrated/Integrated_1/Integrated_1.ip_user_files/ipstatic/axi_datamover_v5_1/hdl/src/vhdl/axi_datamover_dre_mux2_1_x_n.vhd" into library axi_datamover_v5_1_9
INFO: [VRFC 10-307] analyzing entity axi_datamover_dre_mux2_1_x_n
INFO: [VRFC 10-163] Analyzing VHDL file "E:/projects/xilinix/master_repo/LAB_AEP/Integrated/Integrated_1/Integrated_1.ip_user_files/ipstatic/axi_datamover_v5_1/hdl/src/vhdl/axi_datamover_dre_mux4_1_x_n.vhd" into library axi_datamover_v5_1_9
INFO: [VRFC 10-307] analyzing entity axi_datamover_dre_mux4_1_x_n
INFO: [VRFC 10-163] Analyzing VHDL file "E:/projects/xilinix/master_repo/LAB_AEP/Integrated/Integrated_1/Integrated_1.ip_user_files/ipstatic/axi_datamover_v5_1/hdl/src/vhdl/axi_datamover_dre_mux8_1_x_n.vhd" into library axi_datamover_v5_1_9
INFO: [VRFC 10-307] analyzing entity axi_datamover_dre_mux8_1_x_n
INFO: [VRFC 10-163] Analyzing VHDL file "E:/projects/xilinix/master_repo/LAB_AEP/Integrated/Integrated_1/Integrated_1.ip_user_files/ipstatic/axi_datamover_v5_1/hdl/src/vhdl/axi_datamover_mm2s_dre.vhd" into library axi_datamover_v5_1_9
INFO: [VRFC 10-307] analyzing entity axi_datamover_mm2s_dre
INFO: [VRFC 10-163] Analyzing VHDL file "E:/projects/xilinix/master_repo/LAB_AEP/Integrated/Integrated_1/Integrated_1.ip_user_files/ipstatic/axi_datamover_v5_1/hdl/src/vhdl/axi_datamover_s2mm_dre.vhd" into library axi_datamover_v5_1_9
INFO: [VRFC 10-307] analyzing entity axi_datamover_s2mm_dre
INFO: [VRFC 10-163] Analyzing VHDL file "E:/projects/xilinix/master_repo/LAB_AEP/Integrated/Integrated_1/Integrated_1.ip_user_files/ipstatic/axi_datamover_v5_1/hdl/src/vhdl/axi_datamover_ms_strb_set.vhd" into library axi_datamover_v5_1_9
INFO: [VRFC 10-307] analyzing entity axi_datamover_ms_strb_set
INFO: [VRFC 10-163] Analyzing VHDL file "E:/projects/xilinix/master_repo/LAB_AEP/Integrated/Integrated_1/Integrated_1.ip_user_files/ipstatic/axi_datamover_v5_1/hdl/src/vhdl/axi_datamover_mssai_skid_buf.vhd" into library axi_datamover_v5_1_9
INFO: [VRFC 10-307] analyzing entity axi_datamover_mssai_skid_buf
INFO: [VRFC 10-163] Analyzing VHDL file "E:/projects/xilinix/master_repo/LAB_AEP/Integrated/Integrated_1/Integrated_1.ip_user_files/ipstatic/axi_datamover_v5_1/hdl/src/vhdl/axi_datamover_slice.vhd" into library axi_datamover_v5_1_9
INFO: [VRFC 10-307] analyzing entity axi_datamover_slice
INFO: [VRFC 10-163] Analyzing VHDL file "E:/projects/xilinix/master_repo/LAB_AEP/Integrated/Integrated_1/Integrated_1.ip_user_files/ipstatic/axi_datamover_v5_1/hdl/src/vhdl/axi_datamover_s2mm_scatter.vhd" into library axi_datamover_v5_1_9
INFO: [VRFC 10-307] analyzing entity axi_datamover_s2mm_scatter
INFO: [VRFC 10-163] Analyzing VHDL file "E:/projects/xilinix/master_repo/LAB_AEP/Integrated/Integrated_1/Integrated_1.ip_user_files/ipstatic/axi_datamover_v5_1/hdl/src/vhdl/axi_datamover_s2mm_realign.vhd" into library axi_datamover_v5_1_9
INFO: [VRFC 10-307] analyzing entity axi_datamover_s2mm_realign
INFO: [VRFC 10-163] Analyzing VHDL file "E:/projects/xilinix/master_repo/LAB_AEP/Integrated/Integrated_1/Integrated_1.ip_user_files/ipstatic/axi_datamover_v5_1/hdl/src/vhdl/axi_datamover_s2mm_basic_wrap.vhd" into library axi_datamover_v5_1_9
INFO: [VRFC 10-307] analyzing entity axi_datamover_s2mm_basic_wrap
INFO: [VRFC 10-163] Analyzing VHDL file "E:/projects/xilinix/master_repo/LAB_AEP/Integrated/Integrated_1/Integrated_1.ip_user_files/ipstatic/axi_datamover_v5_1/hdl/src/vhdl/axi_datamover_s2mm_omit_wrap.vhd" into library axi_datamover_v5_1_9
INFO: [VRFC 10-307] analyzing entity axi_datamover_s2mm_omit_wrap
INFO: [VRFC 10-163] Analyzing VHDL file "E:/projects/xilinix/master_repo/LAB_AEP/Integrated/Integrated_1/Integrated_1.ip_user_files/ipstatic/axi_datamover_v5_1/hdl/src/vhdl/axi_datamover_s2mm_full_wrap.vhd" into library axi_datamover_v5_1_9
INFO: [VRFC 10-307] analyzing entity axi_datamover_s2mm_full_wrap
INFO: [VRFC 10-163] Analyzing VHDL file "E:/projects/xilinix/master_repo/LAB_AEP/Integrated/Integrated_1/Integrated_1.ip_user_files/ipstatic/axi_datamover_v5_1/hdl/src/vhdl/axi_datamover_mm2s_basic_wrap.vhd" into library axi_datamover_v5_1_9
INFO: [VRFC 10-307] analyzing entity axi_datamover_mm2s_basic_wrap
INFO: [VRFC 10-163] Analyzing VHDL file "E:/projects/xilinix/master_repo/LAB_AEP/Integrated/Integrated_1/Integrated_1.ip_user_files/ipstatic/axi_datamover_v5_1/hdl/src/vhdl/axi_datamover_mm2s_omit_wrap.vhd" into library axi_datamover_v5_1_9
INFO: [VRFC 10-307] analyzing entity axi_datamover_mm2s_omit_wrap
INFO: [VRFC 10-163] Analyzing VHDL file "E:/projects/xilinix/master_repo/LAB_AEP/Integrated/Integrated_1/Integrated_1.ip_user_files/ipstatic/axi_datamover_v5_1/hdl/src/vhdl/axi_datamover_mm2s_full_wrap.vhd" into library axi_datamover_v5_1_9
INFO: [VRFC 10-307] analyzing entity axi_datamover_mm2s_full_wrap
INFO: [VRFC 10-163] Analyzing VHDL file "E:/projects/xilinix/master_repo/LAB_AEP/Integrated/Integrated_1/Integrated_1.ip_user_files/ipstatic/axi_datamover_v5_1/hdl/src/vhdl/axi_datamover.vhd" into library axi_datamover_v5_1_9
INFO: [VRFC 10-307] analyzing entity axi_datamover
INFO: [VRFC 10-163] Analyzing VHDL file "E:/projects/xilinix/master_repo/LAB_AEP/Integrated/Integrated_1/Integrated_1.ip_user_files/ipstatic/axi_vdma_v6_2/hdl/src/vhdl/axi_sg_pkg.vhd" into library axi_vdma_v6_2_6
INFO: [VRFC 10-163] Analyzing VHDL file "E:/projects/xilinix/master_repo/LAB_AEP/Integrated/Integrated_1/Integrated_1.ip_user_files/ipstatic/axi_vdma_v6_2/hdl/src/vhdl/axi_sg_ftch_sm.vhd" into library axi_vdma_v6_2_6
INFO: [VRFC 10-307] analyzing entity axi_sg_ftch_sm
INFO: [VRFC 10-163] Analyzing VHDL file "E:/projects/xilinix/master_repo/LAB_AEP/Integrated/Integrated_1/Integrated_1.ip_user_files/ipstatic/axi_vdma_v6_2/hdl/src/vhdl/axi_sg_ftch_pntr.vhd" into library axi_vdma_v6_2_6
INFO: [VRFC 10-307] analyzing entity axi_sg_ftch_pntr
INFO: [VRFC 10-163] Analyzing VHDL file "E:/projects/xilinix/master_repo/LAB_AEP/Integrated/Integrated_1/Integrated_1.ip_user_files/ipstatic/axi_vdma_v6_2/hdl/src/vhdl/axi_sg_ftch_cmdsts_if.vhd" into library axi_vdma_v6_2_6
INFO: [VRFC 10-307] analyzing entity axi_sg_ftch_cmdsts_if
INFO: [VRFC 10-163] Analyzing VHDL file "E:/projects/xilinix/master_repo/LAB_AEP/Integrated/Integrated_1/Integrated_1.ip_user_files/ipstatic/axi_vdma_v6_2/hdl/src/vhdl/axi_sg_ftch_mngr.vhd" into library axi_vdma_v6_2_6
INFO: [VRFC 10-307] analyzing entity axi_sg_ftch_mngr
INFO: [VRFC 10-163] Analyzing VHDL file "E:/projects/xilinix/master_repo/LAB_AEP/Integrated/Integrated_1/Integrated_1.ip_user_files/ipstatic/axi_vdma_v6_2/hdl/src/vhdl/axi_sg_afifo_autord.vhd" into library axi_vdma_v6_2_6
INFO: [VRFC 10-307] analyzing entity axi_sg_afifo_autord
INFO: [VRFC 10-163] Analyzing VHDL file "E:/projects/xilinix/master_repo/LAB_AEP/Integrated/Integrated_1/Integrated_1.ip_user_files/ipstatic/axi_vdma_v6_2/hdl/src/vhdl/axi_sg_ftch_queue.vhd" into library axi_vdma_v6_2_6
INFO: [VRFC 10-307] analyzing entity axi_sg_ftch_queue
INFO: [VRFC 10-163] Analyzing VHDL file "E:/projects/xilinix/master_repo/LAB_AEP/Integrated/Integrated_1/Integrated_1.ip_user_files/ipstatic/axi_vdma_v6_2/hdl/src/vhdl/axi_sg_ftch_noqueue.vhd" into library axi_vdma_v6_2_6
INFO: [VRFC 10-307] analyzing entity axi_sg_ftch_noqueue
INFO: [VRFC 10-163] Analyzing VHDL file "E:/projects/xilinix/master_repo/LAB_AEP/Integrated/Integrated_1/Integrated_1.ip_user_files/ipstatic/axi_vdma_v6_2/hdl/src/vhdl/axi_sg_ftch_q_mngr.vhd" into library axi_vdma_v6_2_6
INFO: [VRFC 10-307] analyzing entity axi_sg_ftch_q_mngr
INFO: [VRFC 10-163] Analyzing VHDL file "E:/projects/xilinix/master_repo/LAB_AEP/Integrated/Integrated_1/Integrated_1.ip_user_files/ipstatic/axi_vdma_v6_2/hdl/src/vhdl/axi_sg_updt_cmdsts_if.vhd" into library axi_vdma_v6_2_6
INFO: [VRFC 10-307] analyzing entity axi_sg_updt_cmdsts_if
INFO: [VRFC 10-163] Analyzing VHDL file "E:/projects/xilinix/master_repo/LAB_AEP/Integrated/Integrated_1/Integrated_1.ip_user_files/ipstatic/axi_vdma_v6_2/hdl/src/vhdl/axi_sg_updt_sm.vhd" into library axi_vdma_v6_2_6
INFO: [VRFC 10-307] analyzing entity axi_sg_updt_sm
INFO: [VRFC 10-163] Analyzing VHDL file "E:/projects/xilinix/master_repo/LAB_AEP/Integrated/Integrated_1/Integrated_1.ip_user_files/ipstatic/axi_vdma_v6_2/hdl/src/vhdl/axi_sg_updt_mngr.vhd" into library axi_vdma_v6_2_6
INFO: [VRFC 10-307] analyzing entity axi_sg_updt_mngr
INFO: [VRFC 10-163] Analyzing VHDL file "E:/projects/xilinix/master_repo/LAB_AEP/Integrated/Integrated_1/Integrated_1.ip_user_files/ipstatic/axi_vdma_v6_2/hdl/src/vhdl/axi_sg_updt_queue.vhd" into library axi_vdma_v6_2_6
INFO: [VRFC 10-307] analyzing entity axi_sg_updt_queue
INFO: [VRFC 10-163] Analyzing VHDL file "E:/projects/xilinix/master_repo/LAB_AEP/Integrated/Integrated_1/Integrated_1.ip_user_files/ipstatic/axi_vdma_v6_2/hdl/src/vhdl/axi_sg_updt_noqueue.vhd" into library axi_vdma_v6_2_6
INFO: [VRFC 10-307] analyzing entity axi_sg_updt_noqueue
INFO: [VRFC 10-163] Analyzing VHDL file "E:/projects/xilinix/master_repo/LAB_AEP/Integrated/Integrated_1/Integrated_1.ip_user_files/ipstatic/axi_vdma_v6_2/hdl/src/vhdl/axi_sg_updt_q_mngr.vhd" into library axi_vdma_v6_2_6
INFO: [VRFC 10-307] analyzing entity axi_sg_updt_q_mngr
INFO: [VRFC 10-163] Analyzing VHDL file "E:/projects/xilinix/master_repo/LAB_AEP/Integrated/Integrated_1/Integrated_1.ip_user_files/ipstatic/axi_vdma_v6_2/hdl/src/vhdl/axi_sg_intrpt.vhd" into library axi_vdma_v6_2_6
INFO: [VRFC 10-307] analyzing entity axi_sg_intrpt
INFO: [VRFC 10-163] Analyzing VHDL file "E:/projects/xilinix/master_repo/LAB_AEP/Integrated/Integrated_1/Integrated_1.ip_user_files/ipstatic/axi_vdma_v6_2/hdl/src/vhdl/axi_sg.vhd" into library axi_vdma_v6_2_6
INFO: [VRFC 10-307] analyzing entity axi_sg
INFO: [VRFC 10-163] Analyzing VHDL file "E:/projects/xilinix/master_repo/LAB_AEP/Integrated/Integrated_1/Integrated_1.ip_user_files/ipstatic/axi_vdma_v6_2/hdl/src/vhdl/axi_vdma_pkg.vhd" into library axi_vdma_v6_2_6
INFO: [VRFC 10-163] Analyzing VHDL file "E:/projects/xilinix/master_repo/LAB_AEP/Integrated/Integrated_1/Integrated_1.ip_user_files/ipstatic/axi_vdma_v6_2/hdl/src/vhdl/axi_vdma_cdc.vhd" into library axi_vdma_v6_2_6
INFO: [VRFC 10-307] analyzing entity axi_vdma_cdc
INFO: [VRFC 10-163] Analyzing VHDL file "E:/projects/xilinix/master_repo/LAB_AEP/Integrated/Integrated_1/Integrated_1.ip_user_files/ipstatic/axi_vdma_v6_2/hdl/src/vhdl/axi_vdma_vid_cdc.vhd" into library axi_vdma_v6_2_6
INFO: [VRFC 10-307] analyzing entity axi_vdma_vid_cdc
INFO: [VRFC 10-163] Analyzing VHDL file "E:/projects/xilinix/master_repo/LAB_AEP/Integrated/Integrated_1/Integrated_1.ip_user_files/ipstatic/axi_vdma_v6_2/hdl/src/vhdl/axi_vdma_sg_cdc.vhd" into library axi_vdma_v6_2_6
INFO: [VRFC 10-307] analyzing entity axi_vdma_sg_cdc
INFO: [VRFC 10-163] Analyzing VHDL file "E:/projects/xilinix/master_repo/LAB_AEP/Integrated/Integrated_1/Integrated_1.ip_user_files/ipstatic/axi_vdma_v6_2/hdl/src/vhdl/axi_vdma_reset.vhd" into library axi_vdma_v6_2_6
INFO: [VRFC 10-307] analyzing entity axi_vdma_reset
INFO: [VRFC 10-163] Analyzing VHDL file "E:/projects/xilinix/master_repo/LAB_AEP/Integrated/Integrated_1/Integrated_1.ip_user_files/ipstatic/axi_vdma_v6_2/hdl/src/vhdl/axi_vdma_rst_module.vhd" into library axi_vdma_v6_2_6
INFO: [VRFC 10-307] analyzing entity axi_vdma_rst_module
INFO: [VRFC 10-163] Analyzing VHDL file "E:/projects/xilinix/master_repo/LAB_AEP/Integrated/Integrated_1/Integrated_1.ip_user_files/ipstatic/axi_vdma_v6_2/hdl/src/vhdl/axi_vdma_lite_if.vhd" into library axi_vdma_v6_2_6
INFO: [VRFC 10-307] analyzing entity axi_vdma_lite_if
INFO: [VRFC 10-163] Analyzing VHDL file "E:/projects/xilinix/master_repo/LAB_AEP/Integrated/Integrated_1/Integrated_1.ip_user_files/ipstatic/axi_vdma_v6_2/hdl/src/vhdl/axi_vdma_register.vhd" into library axi_vdma_v6_2_6
INFO: [VRFC 10-307] analyzing entity axi_vdma_register
INFO: [VRFC 10-163] Analyzing VHDL file "E:/projects/xilinix/master_repo/LAB_AEP/Integrated/Integrated_1/Integrated_1.ip_user_files/ipstatic/axi_vdma_v6_2/hdl/src/vhdl/axi_vdma_regdirect.vhd" into library axi_vdma_v6_2_6
INFO: [VRFC 10-307] analyzing entity axi_vdma_regdirect
INFO: [VRFC 10-163] Analyzing VHDL file "E:/projects/xilinix/master_repo/LAB_AEP/Integrated/Integrated_1/Integrated_1.ip_user_files/ipstatic/axi_vdma_v6_2/hdl/src/vhdl/axi_vdma_reg_mux.vhd" into library axi_vdma_v6_2_6
INFO: [VRFC 10-307] analyzing entity axi_vdma_reg_mux
INFO: [VRFC 10-163] Analyzing VHDL file "E:/projects/xilinix/master_repo/LAB_AEP/Integrated/Integrated_1/Integrated_1.ip_user_files/ipstatic/axi_vdma_v6_2/hdl/src/vhdl/axi_vdma_reg_module.vhd" into library axi_vdma_v6_2_6
INFO: [VRFC 10-307] analyzing entity axi_vdma_reg_module
INFO: [VRFC 10-163] Analyzing VHDL file "E:/projects/xilinix/master_repo/LAB_AEP/Integrated/Integrated_1/Integrated_1.ip_user_files/ipstatic/axi_vdma_v6_2/hdl/src/vhdl/axi_vdma_reg_if.vhd" into library axi_vdma_v6_2_6
INFO: [VRFC 10-307] analyzing entity axi_vdma_reg_if
INFO: [VRFC 10-163] Analyzing VHDL file "E:/projects/xilinix/master_repo/LAB_AEP/Integrated/Integrated_1/Integrated_1.ip_user_files/ipstatic/axi_vdma_v6_2/hdl/src/vhdl/axi_vdma_intrpt.vhd" into library axi_vdma_v6_2_6
INFO: [VRFC 10-307] analyzing entity axi_vdma_intrpt
INFO: [VRFC 10-163] Analyzing VHDL file "E:/projects/xilinix/master_repo/LAB_AEP/Integrated/Integrated_1/Integrated_1.ip_user_files/ipstatic/axi_vdma_v6_2/hdl/src/vhdl/axi_vdma_sof_gen.vhd" into library axi_vdma_v6_2_6
INFO: [VRFC 10-307] analyzing entity axi_vdma_sof_gen
INFO: [VRFC 10-163] Analyzing VHDL file "E:/projects/xilinix/master_repo/LAB_AEP/Integrated/Integrated_1/Integrated_1.ip_user_files/ipstatic/axi_vdma_v6_2/hdl/src/vhdl/axi_vdma_skid_buf.vhd" into library axi_vdma_v6_2_6
INFO: [VRFC 10-307] analyzing entity axi_vdma_skid_buf
INFO: [VRFC 10-163] Analyzing VHDL file "E:/projects/xilinix/master_repo/LAB_AEP/Integrated/Integrated_1/Integrated_1.ip_user_files/ipstatic/axi_vdma_v6_2/hdl/src/vhdl/axi_vdma_sfifo.vhd" into library axi_vdma_v6_2_6
INFO: [VRFC 10-307] analyzing entity axi_vdma_sfifo
INFO: [VRFC 10-163] Analyzing VHDL file "E:/projects/xilinix/master_repo/LAB_AEP/Integrated/Integrated_1/Integrated_1.ip_user_files/ipstatic/axi_vdma_v6_2/hdl/src/vhdl/axi_vdma_sfifo_autord.vhd" into library axi_vdma_v6_2_6
INFO: [VRFC 10-307] analyzing entity axi_vdma_sfifo_autord
INFO: [VRFC 10-163] Analyzing VHDL file "E:/projects/xilinix/master_repo/LAB_AEP/Integrated/Integrated_1/Integrated_1.ip_user_files/ipstatic/axi_vdma_v6_2/hdl/src/vhdl/axi_vdma_afifo_builtin.vhd" into library axi_vdma_v6_2_6
INFO: [VRFC 10-307] analyzing entity axi_vdma_afifo_builtin
INFO: [VRFC 10-163] Analyzing VHDL file "E:/projects/xilinix/master_repo/LAB_AEP/Integrated/Integrated_1/Integrated_1.ip_user_files/ipstatic/axi_vdma_v6_2/hdl/src/vhdl/axi_vdma_afifo.vhd" into library axi_vdma_v6_2_6
INFO: [VRFC 10-307] analyzing entity axi_vdma_afifo
INFO: [VRFC 10-163] Analyzing VHDL file "E:/projects/xilinix/master_repo/LAB_AEP/Integrated/Integrated_1/Integrated_1.ip_user_files/ipstatic/axi_vdma_v6_2/hdl/src/vhdl/axi_vdma_afifo_autord.vhd" into library axi_vdma_v6_2_6
INFO: [VRFC 10-307] analyzing entity axi_vdma_afifo_autord
INFO: [VRFC 10-163] Analyzing VHDL file "E:/projects/xilinix/master_repo/LAB_AEP/Integrated/Integrated_1/Integrated_1.ip_user_files/ipstatic/axi_vdma_v6_2/hdl/src/vhdl/axi_vdma_mm2s_linebuf.vhd" into library axi_vdma_v6_2_6
INFO: [VRFC 10-307] analyzing entity axi_vdma_mm2s_linebuf
INFO: [VRFC 10-163] Analyzing VHDL file "E:/projects/xilinix/master_repo/LAB_AEP/Integrated/Integrated_1/Integrated_1.ip_user_files/ipstatic/axi_vdma_v6_2/hdl/src/vhdl/axi_vdma_s2mm_linebuf.vhd" into library axi_vdma_v6_2_6
INFO: [VRFC 10-307] analyzing entity axi_vdma_s2mm_linebuf
INFO: [VRFC 10-163] Analyzing VHDL file "E:/projects/xilinix/master_repo/LAB_AEP/Integrated/Integrated_1/Integrated_1.ip_user_files/ipstatic/axi_vdma_v6_2/hdl/src/vhdl/axi_vdma_blkmem.vhd" into library axi_vdma_v6_2_6
INFO: [VRFC 10-307] analyzing entity axi_vdma_blkmem
INFO: [VRFC 10-163] Analyzing VHDL file "E:/projects/xilinix/master_repo/LAB_AEP/Integrated/Integrated_1/Integrated_1.ip_user_files/ipstatic/axi_vdma_v6_2/hdl/src/vhdl/axi_vdma_fsync_gen.vhd" into library axi_vdma_v6_2_6
INFO: [VRFC 10-307] analyzing entity axi_vdma_fsync_gen
INFO: [VRFC 10-163] Analyzing VHDL file "E:/projects/xilinix/master_repo/LAB_AEP/Integrated/Integrated_1/Integrated_1.ip_user_files/ipstatic/axi_vdma_v6_2/hdl/src/vhdl/axi_vdma_vregister.vhd" into library axi_vdma_v6_2_6
INFO: [VRFC 10-307] analyzing entity axi_vdma_vregister
INFO: [VRFC 10-163] Analyzing VHDL file "E:/projects/xilinix/master_repo/LAB_AEP/Integrated/Integrated_1/Integrated_1.ip_user_files/ipstatic/axi_vdma_v6_2/hdl/src/vhdl/axi_vdma_vregister_64.vhd" into library axi_vdma_v6_2_6
INFO: [VRFC 10-307] analyzing entity axi_vdma_vregister_64
INFO: [VRFC 10-163] Analyzing VHDL file "E:/projects/xilinix/master_repo/LAB_AEP/Integrated/Integrated_1/Integrated_1.ip_user_files/ipstatic/axi_vdma_v6_2/hdl/src/vhdl/axi_vdma_sgregister.vhd" into library axi_vdma_v6_2_6
INFO: [VRFC 10-307] analyzing entity axi_vdma_sgregister
INFO: [VRFC 10-163] Analyzing VHDL file "E:/projects/xilinix/master_repo/LAB_AEP/Integrated/Integrated_1/Integrated_1.ip_user_files/ipstatic/axi_vdma_v6_2/hdl/src/vhdl/axi_vdma_vaddrreg_mux.vhd" into library axi_vdma_v6_2_6
INFO: [VRFC 10-307] analyzing entity axi_vdma_vaddrreg_mux
INFO: [VRFC 10-163] Analyzing VHDL file "E:/projects/xilinix/master_repo/LAB_AEP/Integrated/Integrated_1/Integrated_1.ip_user_files/ipstatic/axi_vdma_v6_2/hdl/src/vhdl/axi_vdma_vaddrreg_mux_64.vhd" into library axi_vdma_v6_2_6
INFO: [VRFC 10-307] analyzing entity axi_vdma_vaddrreg_mux_64
INFO: [VRFC 10-163] Analyzing VHDL file "E:/projects/xilinix/master_repo/LAB_AEP/Integrated/Integrated_1/Integrated_1.ip_user_files/ipstatic/axi_vdma_v6_2/hdl/src/vhdl/axi_vdma_vidreg_module.vhd" into library axi_vdma_v6_2_6
INFO: [VRFC 10-307] analyzing entity axi_vdma_vidreg_module
INFO: [VRFC 10-163] Analyzing VHDL file "E:/projects/xilinix/master_repo/LAB_AEP/Integrated/Integrated_1/Integrated_1.ip_user_files/ipstatic/axi_vdma_v6_2/hdl/src/vhdl/axi_vdma_vidreg_module_64.vhd" into library axi_vdma_v6_2_6
INFO: [VRFC 10-307] analyzing entity axi_vdma_vidreg_module_64
INFO: [VRFC 10-163] Analyzing VHDL file "E:/projects/xilinix/master_repo/LAB_AEP/Integrated/Integrated_1/Integrated_1.ip_user_files/ipstatic/axi_vdma_v6_2/hdl/src/vhdl/axi_vdma_genlock_mux.vhd" into library axi_vdma_v6_2_6
INFO: [VRFC 10-307] analyzing entity axi_vdma_genlock_mux
INFO: [VRFC 10-163] Analyzing VHDL file "E:/projects/xilinix/master_repo/LAB_AEP/Integrated/Integrated_1/Integrated_1.ip_user_files/ipstatic/axi_vdma_v6_2/hdl/src/vhdl/axi_vdma_greycoder.vhd" into library axi_vdma_v6_2_6
INFO: [VRFC 10-307] analyzing entity axi_vdma_greycoder
INFO: [VRFC 10-163] Analyzing VHDL file "E:/projects/xilinix/master_repo/LAB_AEP/Integrated/Integrated_1/Integrated_1.ip_user_files/ipstatic/axi_vdma_v6_2/hdl/src/vhdl/axi_vdma_genlock_mngr.vhd" into library axi_vdma_v6_2_6
INFO: [VRFC 10-307] analyzing entity axi_vdma_genlock_mngr
INFO: [VRFC 10-163] Analyzing VHDL file "E:/projects/xilinix/master_repo/LAB_AEP/Integrated/Integrated_1/Integrated_1.ip_user_files/ipstatic/axi_vdma_v6_2/hdl/src/vhdl/axi_vdma_sg_if.vhd" into library axi_vdma_v6_2_6
INFO: [VRFC 10-307] analyzing entity axi_vdma_sg_if
INFO: [VRFC 10-163] Analyzing VHDL file "E:/projects/xilinix/master_repo/LAB_AEP/Integrated/Integrated_1/Integrated_1.ip_user_files/ipstatic/axi_vdma_v6_2/hdl/src/vhdl/axi_vdma_sm.vhd" into library axi_vdma_v6_2_6
INFO: [VRFC 10-307] analyzing entity axi_vdma_sm
INFO: [VRFC 10-163] Analyzing VHDL file "E:/projects/xilinix/master_repo/LAB_AEP/Integrated/Integrated_1/Integrated_1.ip_user_files/ipstatic/axi_vdma_v6_2/hdl/src/vhdl/axi_vdma_cmdsts_if.vhd" into library axi_vdma_v6_2_6
INFO: [VRFC 10-307] analyzing entity axi_vdma_cmdsts_if
INFO: [VRFC 10-163] Analyzing VHDL file "E:/projects/xilinix/master_repo/LAB_AEP/Integrated/Integrated_1/Integrated_1.ip_user_files/ipstatic/axi_vdma_v6_2/hdl/src/vhdl/axi_vdma_sts_mngr.vhd" into library axi_vdma_v6_2_6
INFO: [VRFC 10-307] analyzing entity axi_vdma_sts_mngr
INFO: [VRFC 10-163] Analyzing VHDL file "E:/projects/xilinix/master_repo/LAB_AEP/Integrated/Integrated_1/Integrated_1.ip_user_files/ipstatic/axi_vdma_v6_2/hdl/src/vhdl/axi_vdma_mngr.vhd" into library axi_vdma_v6_2_6
INFO: [VRFC 10-307] analyzing entity axi_vdma_mngr
INFO: [VRFC 10-163] Analyzing VHDL file "E:/projects/xilinix/master_repo/LAB_AEP/Integrated/Integrated_1/Integrated_1.ip_user_files/ipstatic/axi_vdma_v6_2/hdl/src/vhdl/axi_vdma_mngr_64.vhd" into library axi_vdma_v6_2_6
INFO: [VRFC 10-307] analyzing entity axi_vdma_mngr_64
INFO: [VRFC 10-163] Analyzing VHDL file "E:/projects/xilinix/master_repo/LAB_AEP/Integrated/Integrated_1/Integrated_1.ip_user_files/ipstatic/axi_vdma_v6_2/hdl/src/vhdl/axi_vdma_mm2s_axis_dwidth_converter.vhd" into library axi_vdma_v6_2_6
INFO: [VRFC 10-307] analyzing entity axi_vdma_mm2s_axis_dwidth_converter
INFO: [VRFC 10-163] Analyzing VHDL file "E:/projects/xilinix/master_repo/LAB_AEP/Integrated/Integrated_1/Integrated_1.ip_user_files/ipstatic/axi_vdma_v6_2/hdl/src/vhdl/axi_vdma_s2mm_axis_dwidth_converter.vhd" into library axi_vdma_v6_2_6
INFO: [VRFC 10-307] analyzing entity axi_vdma_s2mm_axis_dwidth_converter
INFO: [VRFC 10-163] Analyzing VHDL file "E:/projects/xilinix/master_repo/LAB_AEP/Integrated/Integrated_1/Integrated_1.ip_user_files/ipstatic/axi_vdma_v6_2/hdl/src/vhdl/axi_vdma.vhd" into library axi_vdma_v6_2_6
INFO: [VRFC 10-307] analyzing entity axi_vdma
INFO: [VRFC 10-163] Analyzing VHDL file "E:/projects/xilinix/master_repo/LAB_AEP/Integrated/Integrated_1/Integrated_1.ip_user_files/bd/fmc_imageon_gs/ip/fmc_imageon_gs_axi_vdma_0_0/sim/fmc_imageon_gs_axi_vdma_0_0.vhd" into library xil_defaultlib
INFO: [VRFC 10-307] analyzing entity fmc_imageon_gs_axi_vdma_0_0
INFO: [VRFC 10-163] Analyzing VHDL file "E:/projects/xilinix/master_repo/LAB_AEP/Integrated/Integrated_1/Integrated_1.ip_user_files/bd/fmc_imageon_gs/ip/fmc_imageon_gs_axi_vdma_1_0/sim/fmc_imageon_gs_axi_vdma_1_0.vhd" into library xil_defaultlib
INFO: [VRFC 10-307] analyzing entity fmc_imageon_gs_axi_vdma_1_0
INFO: [VRFC 10-163] Analyzing VHDL file "E:/projects/xilinix/master_repo/LAB_AEP/Integrated/Integrated_1/Integrated_1.ip_user_files/ipstatic/interrupt_control_v3_1/hdl/src/vhdl/interrupt_control.vhd" into library interrupt_control_v3_1_3
INFO: [VRFC 10-307] analyzing entity interrupt_control
INFO: [VRFC 10-163] Analyzing VHDL file "E:/projects/xilinix/master_repo/LAB_AEP/Integrated/Integrated_1/Integrated_1.ip_user_files/ipstatic/axi_iic_v2_0/hdl/src/vhdl/soft_reset.vhd" into library axi_iic_v2_0_10
INFO: [VRFC 10-307] analyzing entity soft_reset
INFO: [VRFC 10-163] Analyzing VHDL file "E:/projects/xilinix/master_repo/LAB_AEP/Integrated/Integrated_1/Integrated_1.ip_user_files/ipstatic/axi_iic_v2_0/hdl/src/vhdl/srl_fifo.vhd" into library axi_iic_v2_0_10
INFO: [VRFC 10-307] analyzing entity SRL_FIFO
INFO: [VRFC 10-163] Analyzing VHDL file "E:/projects/xilinix/master_repo/LAB_AEP/Integrated/Integrated_1/Integrated_1.ip_user_files/ipstatic/axi_iic_v2_0/hdl/src/vhdl/upcnt_n.vhd" into library axi_iic_v2_0_10
INFO: [VRFC 10-307] analyzing entity upcnt_n
INFO: [VRFC 10-163] Analyzing VHDL file "E:/projects/xilinix/master_repo/LAB_AEP/Integrated/Integrated_1/Integrated_1.ip_user_files/ipstatic/axi_iic_v2_0/hdl/src/vhdl/shift8.vhd" into library axi_iic_v2_0_10
INFO: [VRFC 10-307] analyzing entity shift8
INFO: [VRFC 10-163] Analyzing VHDL file "E:/projects/xilinix/master_repo/LAB_AEP/Integrated/Integrated_1/Integrated_1.ip_user_files/ipstatic/axi_iic_v2_0/hdl/src/vhdl/iic_pkg.vhd" into library axi_iic_v2_0_10
INFO: [VRFC 10-163] Analyzing VHDL file "E:/projects/xilinix/master_repo/LAB_AEP/Integrated/Integrated_1/Integrated_1.ip_user_files/ipstatic/axi_iic_v2_0/hdl/src/vhdl/debounce.vhd" into library axi_iic_v2_0_10
INFO: [VRFC 10-307] analyzing entity debounce
INFO: [VRFC 10-163] Analyzing VHDL file "E:/projects/xilinix/master_repo/LAB_AEP/Integrated/Integrated_1/Integrated_1.ip_user_files/ipstatic/axi_iic_v2_0/hdl/src/vhdl/reg_interface.vhd" into library axi_iic_v2_0_10
INFO: [VRFC 10-307] analyzing entity reg_interface
INFO: [VRFC 10-163] Analyzing VHDL file "E:/projects/xilinix/master_repo/LAB_AEP/Integrated/Integrated_1/Integrated_1.ip_user_files/ipstatic/axi_iic_v2_0/hdl/src/vhdl/iic_control.vhd" into library axi_iic_v2_0_10
INFO: [VRFC 10-307] analyzing entity iic_control
INFO: [VRFC 10-163] Analyzing VHDL file "E:/projects/xilinix/master_repo/LAB_AEP/Integrated/Integrated_1/Integrated_1.ip_user_files/ipstatic/axi_iic_v2_0/hdl/src/vhdl/filter.vhd" into library axi_iic_v2_0_10
INFO: [VRFC 10-307] analyzing entity filter
INFO: [VRFC 10-163] Analyzing VHDL file "E:/projects/xilinix/master_repo/LAB_AEP/Integrated/Integrated_1/Integrated_1.ip_user_files/ipstatic/axi_iic_v2_0/hdl/src/vhdl/dynamic_master.vhd" into library axi_iic_v2_0_10
INFO: [VRFC 10-307] analyzing entity dynamic_master
INFO: [VRFC 10-163] Analyzing VHDL file "E:/projects/xilinix/master_repo/LAB_AEP/Integrated/Integrated_1/Integrated_1.ip_user_files/ipstatic/axi_iic_v2_0/hdl/src/vhdl/axi_ipif_ssp1.vhd" into library axi_iic_v2_0_10
INFO: [VRFC 10-307] analyzing entity axi_ipif_ssp1
INFO: [VRFC 10-163] Analyzing VHDL file "E:/projects/xilinix/master_repo/LAB_AEP/Integrated/Integrated_1/Integrated_1.ip_user_files/ipstatic/axi_iic_v2_0/hdl/src/vhdl/iic.vhd" into library axi_iic_v2_0_10
INFO: [VRFC 10-307] analyzing entity iic
INFO: [VRFC 10-163] Analyzing VHDL file "E:/projects/xilinix/master_repo/LAB_AEP/Integrated/Integrated_1/Integrated_1.ip_user_files/ipstatic/axi_iic_v2_0/hdl/src/vhdl/axi_iic.vhd" into library axi_iic_v2_0_10
INFO: [VRFC 10-307] analyzing entity axi_iic
INFO: [VRFC 10-163] Analyzing VHDL file "E:/projects/xilinix/master_repo/LAB_AEP/Integrated/Integrated_1/Integrated_1.ip_user_files/bd/fmc_imageon_gs/ip/fmc_imageon_gs_fmc_imageon_iic_0_0/sim/fmc_imageon_gs_fmc_imageon_iic_0_0.vhd" into library xil_defaultlib
INFO: [VRFC 10-307] analyzing entity fmc_imageon_gs_fmc_imageon_iic_0_0
INFO: [VRFC 10-163] Analyzing VHDL file "E:/projects/xilinix/master_repo/LAB_AEP/Integrated/Integrated_1/Integrated_1.ip_user_files/bd/fmc_imageon_gs/ipshared/avnet/onsemi_vita_cam_v3_2/hdl/onsemi_vita_cam_v3_1_S00_AXI.vhd" into library xil_defaultlib
INFO: [VRFC 10-307] analyzing entity onsemi_vita_cam_v3_1_S00_AXI
INFO: [VRFC 10-163] Analyzing VHDL file "E:/projects/xilinix/master_repo/LAB_AEP/Integrated/Integrated_1/Integrated_1.ip_user_files/bd/fmc_imageon_gs/ipshared/avnet/onsemi_vita_cam_v3_2/hdl/onsemi_vita_cam_v3_1.vhd" into library xil_defaultlib
INFO: [VRFC 10-307] analyzing entity onsemi_vita_cam_v3_1
INFO: [VRFC 10-163] Analyzing VHDL file "E:/projects/xilinix/master_repo/LAB_AEP/Integrated/Integrated_1/Integrated_1.ip_user_files/bd/fmc_imageon_gs/ipshared/avnet/onsemi_vita_cam_v3_2/hdl/pck_crc10_d10.vhd" into library xil_defaultlib
INFO: [VRFC 10-163] Analyzing VHDL file "E:/projects/xilinix/master_repo/LAB_AEP/Integrated/Integrated_1/Integrated_1.ip_user_files/bd/fmc_imageon_gs/ipshared/avnet/onsemi_vita_cam_v3_2/hdl/pulse_regen.vhd" into library xil_defaultlib
INFO: [VRFC 10-307] analyzing entity pulse_regen
INFO: [VRFC 10-163] Analyzing VHDL file "E:/projects/xilinix/master_repo/LAB_AEP/Integrated/Integrated_1/Integrated_1.ip_user_files/bd/fmc_imageon_gs/ipshared/avnet/onsemi_vita_cam_v3_2/hdl/iserdes_core.vhd" into library xil_defaultlib
INFO: [VRFC 10-307] analyzing entity iserdes_core
INFO: [VRFC 10-163] Analyzing VHDL file "E:/projects/xilinix/master_repo/LAB_AEP/Integrated/Integrated_1/Integrated_1.ip_user_files/bd/fmc_imageon_gs/ipshared/avnet/onsemi_vita_cam_v3_2/hdl/correct_column_fpn_prnu_dsp48e.vhd" into library xil_defaultlib
INFO: [VRFC 10-307] analyzing entity correct_column_fpn_prnu_dsp48e
INFO: [VRFC 10-163] Analyzing VHDL file "E:/projects/xilinix/master_repo/LAB_AEP/Integrated/Integrated_1/Integrated_1.ip_user_files/bd/fmc_imageon_gs/ipshared/avnet/onsemi_vita_cam_v3_2/hdl/syncchanneldecoder.vhd" into library xil_defaultlib
INFO: [VRFC 10-307] analyzing entity syncchanneldecoder
INFO: [VRFC 10-163] Analyzing VHDL file "E:/projects/xilinix/master_repo/LAB_AEP/Integrated/Integrated_1/Integrated_1.ip_user_files/bd/fmc_imageon_gs/ipshared/avnet/onsemi_vita_cam_v3_2/hdl/triggergenerator.vhd" into library xil_defaultlib
INFO: [VRFC 10-307] analyzing entity triggergenerator
INFO: [VRFC 10-163] Analyzing VHDL file "E:/projects/xilinix/master_repo/LAB_AEP/Integrated/Integrated_1/Integrated_1.ip_user_files/bd/fmc_imageon_gs/ipshared/avnet/onsemi_vita_cam_v3_2/hdl/iserdes_mux.vhd" into library xil_defaultlib
INFO: [VRFC 10-307] analyzing entity iserdes_mux
INFO: [VRFC 10-163] Analyzing VHDL file "E:/projects/xilinix/master_repo/LAB_AEP/Integrated/Integrated_1/Integrated_1.ip_user_files/bd/fmc_imageon_gs/ipshared/avnet/onsemi_vita_cam_v3_2/hdl/videosyncgen.vhd" into library xil_defaultlib
INFO: [VRFC 10-307] analyzing entity VideoSyncGen
INFO: [VRFC 10-163] Analyzing VHDL file "E:/projects/xilinix/master_repo/LAB_AEP/Integrated/Integrated_1/Integrated_1.ip_user_files/bd/fmc_imageon_gs/ipshared/avnet/onsemi_vita_cam_v3_2/hdl/afifo_64i_16o.vhd" into library xil_defaultlib
INFO: [VRFC 10-307] analyzing entity afifo_64i_16o
INFO: [VRFC 10-163] Analyzing VHDL file "E:/projects/xilinix/master_repo/LAB_AEP/Integrated/Integrated_1/Integrated_1.ip_user_files/bd/fmc_imageon_gs/ipshared/avnet/onsemi_vita_cam_v3_2/hdl/crc_calc.vhd" into library xil_defaultlib
ERROR: [VRFC 10-149] 'pck_crc8_d8' is not compiled in library xil_defaultlib [E:/projects/xilinix/master_repo/LAB_AEP/Integrated/Integrated_1/Integrated_1.ip_user_files/bd/fmc_imageon_gs/ipshared/avnet/onsemi_vita_cam_v3_2/hdl/crc_calc.vhd:51]
INFO: [VRFC 10-307] analyzing entity crc_calc
ERROR: [VRFC 10-1504] unit crc_calc ignored due to previous errors [E:/projects/xilinix/master_repo/LAB_AEP/Integrated/Integrated_1/Integrated_1.ip_user_files/bd/fmc_imageon_gs/ipshared/avnet/onsemi_vita_cam_v3_2/hdl/crc_calc.vhd:57]
INFO: [VRFC 10-240] VHDL file E:/projects/xilinix/master_repo/LAB_AEP/Integrated/Integrated_1/Integrated_1.ip_user_files/bd/fmc_imageon_gs/ipshared/avnet/onsemi_vita_cam_v3_2/hdl/crc_calc.vhd ignored due to errors
