#
# A fatal error has been detected by the Java Runtime Environment:
#
#  Internal Error (0xc000000d), pid=12420, tid=6372
#
# JRE version: Java(TM) SE Runtime Environment (8.0_45-b15) (build 1.8.0_45-b15)
# Java VM: Java HotSpot(TM) 64-Bit Server VM (25.45-b02 mixed mode windows-amd64 compressed oops)
# Problematic frame:
# C  [ntdll.dll+0xfe9d8]
#
# Failed to write core dump. Minidumps are not enabled by default on client versions of Windows
#
# If you would like to submit a bug report, please visit:
#   http://bugreport.java.com/bugreport/crash.jsp
#

---------------  T H R E A D  ---------------

Current thread (0x0000000013667000):  VMThread [stack: 0x00000000146f0000,0x00000000147f0000] [id=6372]

siginfo: ExceptionCode=0xc000000d

Registers:
RAX=0x000000001dd70090, RBX=0xfffffffffffffffe, RCX=0x000000000013f390, RDX=0x0000000002337ced
RSP=0x00000000147ef3b0, RBP=0x00007ff80ce87408, RSI=0x0000000000000000, RDI=0x0000000000000438
R8 =0x0000000067e4260b, R9 =0x000000001dd739d0, R10=0xffffffffffffffff, R11=0xffffffffffffffff
R12=0x0000000000201720, R13=0x00000000223bed30, R14=0x0000000000201828, R15=0x00000000147ef528
RIP=0x00007ff81cd6e9d8, EFLAGS=0x0000000000000206

Top of Stack: (sp=0x00000000147ef3b0)
0x00000000147ef3b0:   0000000000000000 fffffffffffffffe
0x00000000147ef3c0:   0000000000000000 0000000000000438
0x00000000147ef3d0:   00000000c000000d 0000000000000000
0x00000000147ef3e0:   00007ff81cd6e9d8 0000000000000000
0x00000000147ef3f0:   0000000000000000 0000000000000000
0x00000000147ef400:   0000000000000000 0000000000000000
0x00000000147ef410:   0000000000000000 0000000000000000
0x00000000147ef420:   0000000000000000 0000000000000000
0x00000000147ef430:   0000000000000000 0000000000000000
0x00000000147ef440:   0000000000000000 0000000000000000
0x00000000147ef450:   0000000000000000 0000000000000000
0x00000000147ef460:   0000000000000000 0000000000000013
0x00000000147ef470:   0000430b362a1cc4 0000000000000000
0x00000000147ef480:   0000000000000120 00007ff81cd15ebf
0x00000000147ef490:   0000000000170000 0000000000000000
0x00000000147ef4a0:   0000000000000120 0000000000000000 

Instructions: (pc=0x00007ff81cd6e9d8)
0x00007ff81cd6e9b8:   6b f9 ff c7 44 24 20 0d 00 00 c0 b9 57 00 00 00
0x00007ff81cd6e9c8:   e8 23 14 f5 ff 90 48 8d 4c 24 20 e8 a4 37 f5 ff
0x00007ff81cd6e9d8:   eb 00 48 8b 8c 24 c0 00 00 00 48 33 cc e8 56 47
0x00007ff81cd6e9e8:   f8 ff 48 81 c4 d8 00 00 00 c3 40 55 48 83 ec 20 


Register to memory mapping:

RAX=0x000000001dd70090 is an unknown value
RBX=0xfffffffffffffffe is an unknown value
RCX=0x000000000013f390 is pointing into the stack for thread: 0x00000000021f3800
RDX=0x0000000002337ced is at code_begin+2093 in an Interpreter codelet
invoke return entry points  [0x00000000023374c0, 0x0000000002337dc0]  2304 bytes
RSP=0x00000000147ef3b0 is an unknown value
RBP=0x00007ff80ce87408 is an unknown value
RSI=0x0000000000000000 is an unknown value
RDI=0x0000000000000438 is an unknown value
R8 =0x0000000067e4260b is an unknown value
R9 =0x000000001dd739d0 is an unknown value
R10=0xffffffffffffffff is an unknown value
R11=0xffffffffffffffff is an unknown value
R12=0x0000000000201720 is an unknown value
R13=0x00000000223bed30 is an unknown value
R14=0x0000000000201828 is an unknown value
R15=0x00000000147ef528 is an unknown value


Stack: [0x00000000146f0000,0x00000000147f0000],  sp=0x00000000147ef3b0,  free space=1020k
Native frames: (J=compiled Java code, j=interpreted, Vv=VM code, C=native code)
C  [ntdll.dll+0xfe9d8]
C  [ntdll.dll+0xa5ebf]
C  [KERNEL32.DLL+0x35da]
C  [MSVCR110.dll+0x752d]
C  [MSVCR110.dll+0x73c6]
C  [MSVCR110.dll+0x14cca]
C  [MSVCR110.dll+0x13edc]
C  [MSVCR110.dll+0x239e]
C  [MSVCR110.dll+0xaf9e]
C  [MSVCP110.dll+0x397b9]
C  [librdi_common.dll+0x14283e]
C  [librdi_common.dll+0x141449]
C  [librdi_target_manager.dll+0x2400]
C  [librdi_target_manager.dll+0x2682]
C  [ntdll.dll+0x231dd]
C  [ntdll.dll+0x2160a]
C  [ntdll.dll+0x6b5ec]
C  [KERNEL32.DLL+0x4d56]
C  [MSVCR100.dll+0x20ccd]
V  [jvm.dll+0x20f135]
V  [jvm.dll+0x247ef7]
V  [jvm.dll+0x247196]
V  [jvm.dll+0x247631]
V  [jvm.dll+0x24784e]
V  [jvm.dll+0x29853a]
C  [MSVCR100.dll+0x21d9f]
C  [MSVCR100.dll+0x21e3b]
C  [KERNEL32.DLL+0x16ad]
C  [ntdll.dll+0x54409]

VM_Operation (0x000000000013f500): Exit, mode: safepoint, requested by thread 0x00000000021f3800


---------------  P R O C E S S  ---------------

Java Threads: ( => current thread )
  0x00000000187bf000 JavaThread "Spawner Reaper" daemon [_thread_in_native, id=11852, stack(0x00000000254a0000,0x00000000255a0000)]
  0x00000000187bb800 JavaThread "Thread-17" daemon [_thread_blocked, id=9824, stack(0x0000000024aa0000,0x0000000024ba0000)]
  0x0000000014cff800 JavaThread "TCF Locator DNS Lookup" daemon [_thread_blocked, id=1336, stack(0x00000000218b0000,0x00000000219b0000)]
  0x0000000014d00000 JavaThread "TCF Locator Timer" daemon [_thread_blocked, id=11340, stack(0x00000000217b0000,0x00000000218b0000)]
  0x0000000014cfe000 JavaThread "TCF Locator Receiver" daemon [_thread_in_native, id=1048, stack(0x00000000216b0000,0x00000000217b0000)]
  0x0000000014d01000 JavaThread "TCF Timer Dispatcher" daemon [_thread_blocked, id=4588, stack(0x000000001f900000,0x000000001fa00000)]
  0x0000000015a05000 JavaThread "EMF Reference Cleaner" daemon [_thread_blocked, id=10940, stack(0x00000000179b0000,0x0000000017ab0000)]
  0x0000000014d76000 JavaThread "Service Thread" daemon [_thread_blocked, id=11288, stack(0x00000000152f0000,0x00000000153f0000)]
  0x0000000014cfc800 JavaThread "C1 CompilerThread2" daemon [_thread_blocked, id=8528, stack(0x00000000151f0000,0x00000000152f0000)]
  0x0000000014cf8800 JavaThread "C2 CompilerThread1" daemon [_thread_blocked, id=13696, stack(0x00000000150f0000,0x00000000151f0000)]
  0x00000000136ef000 JavaThread "C2 CompilerThread0" daemon [_thread_blocked, id=9648, stack(0x0000000014bf0000,0x0000000014cf0000)]
  0x00000000136ed800 JavaThread "Attach Listener" daemon [_thread_blocked, id=8176, stack(0x0000000014af0000,0x0000000014bf0000)]
  0x00000000136ec800 JavaThread "Signal Dispatcher" daemon [_thread_blocked, id=12444, stack(0x00000000149f0000,0x0000000014af0000)]
  0x00000000022e8800 JavaThread "Finalizer" daemon [_thread_blocked, id=8208, stack(0x00000000148f0000,0x00000000149f0000)]
  0x00000000022e0000 JavaThread "Reference Handler" daemon [_thread_blocked, id=5864, stack(0x00000000147f0000,0x00000000148f0000)]
  0x00000000021f3800 JavaThread "main" [_thread_blocked, id=1196, stack(0x0000000000040000,0x0000000000140000)]

Other Threads:
=>0x0000000013667000 VMThread [stack: 0x00000000146f0000,0x00000000147f0000] [id=6372]

VM state:at safepoint (shutting down)

VM Mutex/Monitor currently owned by a thread:  ([mutex/lock_event])
[0x00000000021f08d0] Threads_lock - owner thread: 0x0000000013667000

Heap:
 PSYoungGen      total 144384K, used 36811K [0x00000000f5580000, 0x00000000ffc80000, 0x0000000100000000)
  eden space 128000K, 25% used [0x00000000f5580000,0x00000000f7557c98,0x00000000fd280000)
  from space 16384K, 25% used [0x00000000fe300000,0x00000000fe71b1a8,0x00000000ff300000)
  to   space 16896K, 0% used [0x00000000fd280000,0x00000000fd280000,0x00000000fe300000)
 ParOldGen       total 100864K, used 53867K [0x00000000e0000000, 0x00000000e6280000, 0x00000000f5580000)
  object space 100864K, 53% used [0x00000000e0000000,0x00000000e349ad88,0x00000000e6280000)
 Metaspace       used 84384K, capacity 91284K, committed 91392K, reserved 1128448K
  class space    used 10364K, capacity 12453K, committed 12544K, reserved 1048576K

Card table byte_map: [0x00000000116f0000,0x0000000011800000] byte_map_base: 0x0000000010ff0000

Marking Bits: (ParMarkBitMap*) 0x0000000068404040
 Begin Bits: [0x0000000011c00000, 0x0000000012400000)
 End Bits:   [0x0000000012400000, 0x0000000012c00000)

Polling page: 0x00000000005e0000

CodeCache: size=245760Kb used=36413Kb max_used=36603Kb free=209346Kb
 bounds [0x0000000002330000, 0x0000000004730000, 0x0000000011330000]
 total_blobs=10986 nmethods=10138 adapters=754
 compilation: enabled

Compilation events (10 events):
Event: 237.848 Thread 0x0000000014cfc800 nmethod 12879 0x000000000374fe90 code [0x00000000037500a0, 0x0000000003750b08]
Event: 237.848 Thread 0x0000000014cfc800 12878   !   3       org.eclipse.osgi.internal.serviceregistry.ServiceRegistrationImpl::unregister (253 bytes)
Event: 237.853 Thread 0x0000000014cfc800 nmethod 12878 0x0000000003928590 code [0x00000000039289a0, 0x000000000392af78]
Event: 238.001 Thread 0x0000000014cfc800 12880   !   3       org.eclipse.osgi.internal.baseadaptor.BaseStorage::compact (215 bytes)
Event: 238.006 Thread 0x0000000014cfc800 nmethod 12880 0x0000000004396250 code [0x00000000043966a0, 0x0000000004398b68]
Event: 238.026 Thread 0x0000000014cf8800 nmethod 12856 0x00000000042b6910 code [0x00000000042b6ca0, 0x00000000042ba030]
Event: 238.175 Thread 0x0000000014cfc800 12881       3       org.eclipse.osgi.framework.internal.core.AbstractBundle::close (52 bytes)
Event: 238.176 Thread 0x00000000136ef000 12882       4       java.lang.reflect.Modifier::isStatic (13 bytes)
Event: 238.177 Thread 0x00000000136ef000 nmethod 12882 0x000000000374fc90 code [0x000000000374fdc0, 0x000000000374fe18]
Event: 238.177 Thread 0x0000000014cfc800 nmethod 12881 0x0000000003a2e390 code [0x0000000003a2e5c0, 0x0000000003a2f2c8]

GC Heap History (10 events):
Event: 179.220 GC heap before
{Heap before GC invocations=24 (full 5):
 PSYoungGen      total 133120K, used 128907K [0x00000000f5580000, 0x00000000feb80000, 0x0000000100000000)
  eden space 118784K, 100% used [0x00000000f5580000,0x00000000fc980000,0x00000000fc980000)
  from space 14336K, 70% used [0x00000000fdd80000,0x00000000fe762e90,0x00000000feb80000)
  to   space 17408K, 0% used [0x00000000fc980000,0x00000000fc980000,0x00000000fda80000)
 ParOldGen       total 100864K, used 48531K [0x00000000e0000000, 0x00000000e6280000, 0x00000000f5580000)
  object space 100864K, 48% used [0x00000000e0000000,0x00000000e2f64ee8,0x00000000e6280000)
 Metaspace       used 81410K, capacity 87936K, committed 88064K, reserved 1126400K
  class space    used 10102K, capacity 12002K, committed 12032K, reserved 1048576K
Event: 179.264 GC heap after
Heap after GC invocations=24 (full 5):
 PSYoungGen      total 136192K, used 10156K [0x00000000f5580000, 0x00000000ff500000, 0x0000000100000000)
  eden space 118784K, 0% used [0x00000000f5580000,0x00000000f5580000,0x00000000fc980000)
  from space 17408K, 58% used [0x00000000fc980000,0x00000000fd36b0c8,0x00000000fda80000)
  to   space 16896K, 0% used [0x00000000fe480000,0x00000000fe480000,0x00000000ff500000)
 ParOldGen       total 100864K, used 48539K [0x00000000e0000000, 0x00000000e6280000, 0x00000000f5580000)
  object space 100864K, 48% used [0x00000000e0000000,0x00000000e2f66ee8,0x00000000e6280000)
 Metaspace       used 81410K, capacity 87936K, committed 88064K, reserved 1126400K
  class space    used 10102K, capacity 12002K, committed 12032K, reserved 1048576K
}
Event: 181.698 GC heap before
{Heap before GC invocations=25 (full 5):
 PSYoungGen      total 136192K, used 128940K [0x00000000f5580000, 0x00000000ff500000, 0x0000000100000000)
  eden space 118784K, 100% used [0x00000000f5580000,0x00000000fc980000,0x00000000fc980000)
  from space 17408K, 58% used [0x00000000fc980000,0x00000000fd36b0c8,0x00000000fda80000)
  to   space 16896K, 0% used [0x00000000fe480000,0x00000000fe480000,0x00000000ff500000)
 ParOldGen       total 100864K, used 48539K [0x00000000e0000000, 0x00000000e6280000, 0x00000000f5580000)
  object space 100864K, 48% used [0x00000000e0000000,0x00000000e2f66ee8,0x00000000e6280000)
 Metaspace       used 81666K, capacity 88128K, committed 88320K, reserved 1126400K
  class space    used 10112K, capacity 12002K, committed 12032K, reserved 1048576K
Event: 181.718 GC heap after
Heap after GC invocations=25 (full 5):
 PSYoungGen      total 144384K, used 11887K [0x00000000f5580000, 0x00000000ff400000, 0x0000000100000000)
  eden space 128512K, 0% used [0x00000000f5580000,0x00000000f5580000,0x00000000fd300000)
  from space 15872K, 74% used [0x00000000fe480000,0x00000000ff01bd98,0x00000000ff400000)
  to   space 16896K, 0% used [0x00000000fd300000,0x00000000fd300000,0x00000000fe380000)
 ParOldGen       total 100864K, used 48547K [0x00000000e0000000, 0x00000000e6280000, 0x00000000f5580000)
  object space 100864K, 48% used [0x00000000e0000000,0x00000000e2f68ee8,0x00000000e6280000)
 Metaspace       used 81666K, capacity 88128K, committed 88320K, reserved 1126400K
  class space    used 10112K, capacity 12002K, committed 12032K, reserved 1048576K
}
Event: 187.273 GC heap before
{Heap before GC invocations=26 (full 5):
 PSYoungGen      total 144384K, used 37244K [0x00000000f5580000, 0x00000000ff400000, 0x0000000100000000)
  eden space 128512K, 19% used [0x00000000f5580000,0x00000000f6e43360,0x00000000fd300000)
  from space 15872K, 74% used [0x00000000fe480000,0x00000000ff01bd98,0x00000000ff400000)
  to   space 16896K, 0% used [0x00000000fd300000,0x00000000fd300000,0x00000000fe380000)
 ParOldGen       total 100864K, used 48547K [0x00000000e0000000, 0x00000000e6280000, 0x00000000f5580000)
  object space 100864K, 48% used [0x00000000e0000000,0x00000000e2f68ee8,0x00000000e6280000)
 Metaspace       used 81747K, capacity 88192K, committed 88320K, reserved 1126400K
  class space    used 10112K, capacity 12002K, committed 12032K, reserved 1048576K
Event: 187.287 GC heap after
Heap after GC invocations=26 (full 5):
 PSYoungGen      total 138752K, used 9948K [0x00000000f5580000, 0x00000000ff300000, 0x0000000100000000)
  eden space 128512K, 0% used [0x00000000f5580000,0x00000000f5580000,0x00000000fd300000)
  from space 10240K, 97% used [0x00000000fd300000,0x00000000fdcb7010,0x00000000fdd00000)
  to   space 16384K, 0% used [0x00000000fe300000,0x00000000fe300000,0x00000000ff300000)
 ParOldGen       total 100864K, used 48555K [0x00000000e0000000, 0x00000000e6280000, 0x00000000f5580000)
  object space 100864K, 48% used [0x00000000e0000000,0x00000000e2f6aee8,0x00000000e6280000)
 Metaspace       used 81747K, capacity 88192K, committed 88320K, reserved 1126400K
  class space    used 10112K, capacity 12002K, committed 12032K, reserved 1048576K
}
Event: 187.287 GC heap before
{Heap before GC invocations=27 (full 6):
 PSYoungGen      total 138752K, used 9948K [0x00000000f5580000, 0x00000000ff300000, 0x0000000100000000)
  eden space 128512K, 0% used [0x00000000f5580000,0x00000000f5580000,0x00000000fd300000)
  from space 10240K, 97% used [0x00000000fd300000,0x00000000fdcb7010,0x00000000fdd00000)
  to   space 16384K, 0% used [0x00000000fe300000,0x00000000fe300000,0x00000000ff300000)
 ParOldGen       total 100864K, used 48555K [0x00000000e0000000, 0x00000000e6280000, 0x00000000f5580000)
  object space 100864K, 48% used [0x00000000e0000000,0x00000000e2f6aee8,0x00000000e6280000)
 Metaspace       used 81747K, capacity 88192K, committed 88320K, reserved 1126400K
  class space    used 10112K, capacity 12002K, committed 12032K, reserved 1048576K
Event: 188.029 GC heap after
Heap after GC invocations=27 (full 6):
 PSYoungGen      total 138752K, used 0K [0x00000000f5580000, 0x00000000ff300000, 0x0000000100000000)
  eden space 128512K, 0% used [0x00000000f5580000,0x00000000f5580000,0x00000000fd300000)
  from space 10240K, 0% used [0x00000000fd300000,0x00000000fd300000,0x00000000fdd00000)
  to   space 16384K, 0% used [0x00000000fe300000,0x00000000fe300000,0x00000000ff300000)
 ParOldGen       total 100864K, used 53859K [0x00000000e0000000, 0x00000000e6280000, 0x00000000f5580000)
  object space 100864K, 53% used [0x00000000e0000000,0x00000000e3498d88,0x00000000e6280000)
 Metaspace       used 81747K, capacity 88192K, committed 88320K, reserved 1126400K
  class space    used 10112K, capacity 12002K, committed 12032K, reserved 1048576K
}
Event: 227.442 GC heap before
{Heap before GC invocations=28 (full 6):
 PSYoungGen      total 138752K, used 128512K [0x00000000f5580000, 0x00000000ff300000, 0x0000000100000000)
  eden space 128512K, 100% used [0x00000000f5580000,0x00000000fd300000,0x00000000fd300000)
  from space 10240K, 0% used [0x00000000fd300000,0x00000000fd300000,0x00000000fdd00000)
  to   space 16384K, 0% used [0x00000000fe300000,0x00000000fe300000,0x00000000ff300000)
 ParOldGen       total 100864K, used 53859K [0x00000000e0000000, 0x00000000e6280000, 0x00000000f5580000)
  object space 100864K, 53% used [0x00000000e0000000,0x00000000e3498d88,0x00000000e6280000)
 Metaspace       used 83202K, capacity 89968K, committed 90112K, reserved 1126400K
  class space    used 10233K, capacity 12229K, committed 12288K, reserved 1048576K
Event: 227.453 GC heap after
Heap after GC invocations=28 (full 6):
 PSYoungGen      total 144384K, used 4204K [0x00000000f5580000, 0x00000000ffc80000, 0x0000000100000000)
  eden space 128000K, 0% used [0x00000000f5580000,0x00000000f5580000,0x00000000fd280000)
  from space 16384K, 25% used [0x00000000fe300000,0x00000000fe71b1a8,0x00000000ff300000)
  to   space 16896K, 0% used [0x00000000fd280000,0x00000000fd280000,0x00000000fe300000)
 ParOldGen       total 100864K, used 53867K [0x00000000e0000000, 0x00000000e6280000, 0x00000000f5580000)
  object space 100864K, 53% used [0x00000000e0000000,0x00000000e349ad88,0x00000000e6280000)
 Metaspace       used 83202K, capacity 89968K, committed 90112K, reserved 1126400K
  class space    used 10233K, capacity 12229K, committed 12288K, reserved 1048576K
}

Deoptimization events (10 events):
Event: 237.771 Thread 0x0000000015c64800 Uncommon trap: reason=array_check action=maybe_recompile pc=0x000000000457f478 method=java.util.Arrays.fill([Ljava/lang/Object;Ljava/lang/Object;)V @ 13
Event: 237.771 Thread 0x0000000015c64800 Uncommon trap: reason=array_check action=maybe_recompile pc=0x000000000457f478 method=java.util.Arrays.fill([Ljava/lang/Object;Ljava/lang/Object;)V @ 13
Event: 237.771 Thread 0x0000000015c64800 Uncommon trap: reason=array_check action=maybe_recompile pc=0x000000000457f478 method=java.util.Arrays.fill([Ljava/lang/Object;Ljava/lang/Object;)V @ 13
Event: 237.771 Thread 0x0000000015c64800 Uncommon trap: reason=array_check action=maybe_recompile pc=0x000000000457f478 method=java.util.Arrays.fill([Ljava/lang/Object;Ljava/lang/Object;)V @ 13
Event: 237.831 Thread 0x000000001663a800 Uncommon trap: reason=unstable_if action=reinterpret pc=0x0000000002843470 method=org.eclipse.core.internal.jobs.JobManager.nextJob()Lorg/eclipse/core/runtime/jobs/Job; @ 80
Event: 237.831 Thread 0x0000000014cfd000 Uncommon trap: reason=unstable_if action=reinterpret pc=0x0000000002843470 method=org.eclipse.core.internal.jobs.JobManager.nextJob()Lorg/eclipse/core/runtime/jobs/Job; @ 80
Event: 237.832 Thread 0x0000000016636000 Uncommon trap: reason=unstable_if action=reinterpret pc=0x0000000004178000 method=org.eclipse.core.internal.jobs.JobManager.nextJob()Lorg/eclipse/core/runtime/jobs/Job; @ 80
Event: 237.832 Thread 0x000000001e1d4800 Uncommon trap: reason=unstable_if action=reinterpret pc=0x0000000004178000 method=org.eclipse.core.internal.jobs.JobManager.nextJob()Lorg/eclipse/core/runtime/jobs/Job; @ 80
Event: 237.832 Thread 0x000000001663c000 Uncommon trap: reason=unstable_if action=reinterpret pc=0x0000000004178000 method=org.eclipse.core.internal.jobs.JobManager.nextJob()Lorg/eclipse/core/runtime/jobs/Job; @ 80
Event: 238.176 Thread 0x00000000021f3800 Uncommon trap: reason=unstable_if action=reinterpret pc=0x0000000003a0b58c method=sun.reflect.UnsafeStaticObjectFieldAccessorImpl.set(Ljava/lang/Object;Ljava/lang/Object;)V @ 13

Internal exceptions (10 events):
Event: 234.811 Thread 0x00000000021f3800 Implicit null exception at 0x00000000038e094c to 0x00000000038e09be
Event: 235.221 Thread 0x00000000021f3800 Implicit null exception at 0x00000000039e6c64 to 0x00000000039e6f35
Event: 236.320 Thread 0x00000000021f3800 Implicit null exception at 0x0000000002de7a85 to 0x0000000002de7d2d
Event: 237.025 Thread 0x00000000187ba000 Exception <a 'java/lang/InterruptedException'> (0x00000000f6e0db20) thrown at [C:\re\workspace\8-2-build-windows-amd64-cygwin\jdk8u45\3627\hotspot\src\share\vm\runtime\objectMonitor.cpp, line 1683]
Event: 237.847 Thread 0x0000000015ae9800 Exception <a 'java/lang/InterruptedException': sleep interrupted> (0x00000000f7185228) thrown at [C:\re\workspace\8-2-build-windows-amd64-cygwin\jdk8u45\3627\hotspot\src\share\vm\prims\jvm.cpp, line 3211]
Event: 237.849 Thread 0x000000001ce6e000 Exception <a 'java/lang/InterruptedException'> (0x00000000f72c51c8) thrown at [C:\re\workspace\8-2-build-windows-amd64-cygwin\jdk8u45\3627\hotspot\src\share\vm\runtime\objectMonitor.cpp, line 1683]
Event: 237.850 Thread 0x0000000015ae2000 Exception <a 'java/lang/InterruptedException'> (0x00000000f72e26a0) thrown at [C:\re\workspace\8-2-build-windows-amd64-cygwin\jdk8u45\3627\hotspot\src\share\vm\runtime\objectMonitor.cpp, line 1683]
Event: 238.176 Thread 0x0000000015c64800 Exception <a 'java/lang/InterruptedException'> (0x00000000f7184f60) thrown at [C:\re\workspace\8-2-build-windows-amd64-cygwin\jdk8u45\3627\hotspot\src\share\vm\runtime\objectMonitor.cpp, line 1683]
Event: 238.176 Thread 0x00000000021f3800 Implicit null exception at 0x0000000003a0b250 to 0x0000000003a0b579
Event: 238.180 Thread 0x00000000187bc000 Exception <a 'java/io/IOException'> (0x00000000f75364c0) thrown at [C:\re\workspace\8-2-build-windows-amd64-cygwin\jdk8u45\3627\hotspot\src\share\vm\prims\jni.cpp, line 709]

Events (10 events):
Event: 238.177 loading class java/util/IdentityHashMap$IdentityHashMapIterator
Event: 238.177 loading class java/util/IdentityHashMap$IdentityHashMapIterator done
Event: 238.177 loading class java/util/IdentityHashMap$KeyIterator done
Event: 238.178 Thread 0x00000000187bc000 Thread added: 0x00000000187bc000
Event: 238.179 Executing VM operation: RevokeBias
Event: 238.180 Executing VM operation: RevokeBias done
Event: 238.180 Executing VM operation: RevokeBias
Event: 238.180 Executing VM operation: RevokeBias done
Event: 238.180 Thread 0x00000000187bc000 Thread exited: 0x00000000187bc000
Event: 238.182 Executing VM operation: Exit


Dynamic libraries:
0x0000000000400000 - 0x000000000044f000 	E:\ProgramFiles\Xilinx\SDK\2015.4\eclipse\win64.o\eclipse.exe
0x00007ff81cc70000 - 0x00007ff81ce16000 	C:\Windows\SYSTEM32\ntdll.dll
0x00007ff81c7a0000 - 0x00007ff81c8da000 	C:\Windows\system32\KERNEL32.DLL
0x00007ff81a100000 - 0x00007ff81a20f000 	C:\Windows\system32\KERNELBASE.dll
0x00007ff81aaf0000 - 0x00007ff81ac61000 	C:\Windows\system32\USER32.dll
0x00007ff8176a0000 - 0x00007ff8178fa000 	C:\Windows\WinSxS\amd64_microsoft.windows.common-controls_6595b64144ccf1df_6.0.9600.17031_none_6242a4b3ecbb55a1\COMCTL32.dll
0x00007ff81c5e0000 - 0x00007ff81c687000 	C:\Windows\system32\msvcrt.dll
0x00007ff81c8e0000 - 0x00007ff81ca24000 	C:\Windows\system32\GDI32.dll
0x00007ff81c150000 - 0x00007ff81c184000 	C:\Windows\system32\IMM32.DLL
0x00007ff81a950000 - 0x00007ff81aa89000 	C:\Windows\system32\MSCTF.dll
0x0000000072000000 - 0x0000000072012000 	E:\ProgramFiles\Xilinx\SDK\2015.4\eclipse\win64.o\plugins\org.eclipse.equinox.launcher.win32.win32.x86_64_1.1.200.v20140116-2212\eclipse_1503.dll
0x00007ff81c530000 - 0x00007ff81c5d5000 	C:\Windows\system32\ADVAPI32.dll
0x00007ff812500000 - 0x00007ff81250a000 	C:\Windows\SYSTEM32\VERSION.dll
0x00007ff81c1a0000 - 0x00007ff81c1f7000 	C:\Windows\SYSTEM32\sechost.dll
0x00007ff81c200000 - 0x00007ff81c337000 	C:\Windows\system32\RPCRT4.dll
0x00007ff818cc0000 - 0x00007ff818de1000 	C:\Windows\system32\uxtheme.dll
0x00007ff81c350000 - 0x00007ff81c526000 	C:\Windows\SYSTEM32\combase.dll
0x00007ffff7350000 - 0x00007ffff738f000 	C:\Program Files\ASUS\Bluetooth Software\btmmhook.dll
0x00007ff81ac90000 - 0x00007ff81c09f000 	C:\Windows\system32\SHELL32.dll
0x00007ff81a4f0000 - 0x00007ff81a668000 	C:\Windows\system32\ole32.dll
0x00007ff81a670000 - 0x00007ff81a731000 	C:\Windows\system32\OLEAUT32.dll
0x00007ff81a740000 - 0x00007ff81a791000 	C:\Windows\system32\SHLWAPI.dll
0x00007ff81c340000 - 0x00007ff81c347000 	C:\Windows\system32\PSAPI.DLL
0x0000000067c00000 - 0x0000000068483000 	E:\ProgramFiles\Xilinx\SDK\2015.4\tps\win64\jre\bin\server\jvm.dll
0x00007ffff7e30000 - 0x00007ffff7e39000 	C:\Windows\SYSTEM32\WSOCK32.dll
0x00007ff816bd0000 - 0x00007ff816bef000 	C:\Windows\SYSTEM32\WINMM.dll
0x000000006b8d0000 - 0x000000006b9a2000 	C:\Windows\SYSTEM32\MSVCR100.dll
0x00007ff81ca30000 - 0x00007ff81ca88000 	C:\Windows\system32\WS2_32.dll
0x00007ff816ba0000 - 0x00007ff816bca000 	C:\Windows\SYSTEM32\WINMMBASE.dll
0x00007ff81c6f0000 - 0x00007ff81c6f9000 	C:\Windows\system32\NSI.dll
0x00007ff81a0b0000 - 0x00007ff81a0fa000 	C:\Windows\SYSTEM32\cfgmgr32.dll
0x00007ff818e70000 - 0x00007ff818e96000 	C:\Windows\SYSTEM32\DEVOBJ.dll
0x000000006a950000 - 0x000000006a95f000 	E:\ProgramFiles\Xilinx\SDK\2015.4\tps\win64\jre\bin\verify.dll
0x0000000069150000 - 0x0000000069179000 	E:\ProgramFiles\Xilinx\SDK\2015.4\tps\win64\jre\bin\java.dll
0x0000000069130000 - 0x0000000069146000 	E:\ProgramFiles\Xilinx\SDK\2015.4\tps\win64\jre\bin\zip.dll
0x00007ff817f00000 - 0x00007ff817f9f000 	C:\Windows\system32\SHCORE.dll
0x00007ff819fe0000 - 0x00007ff819ff4000 	C:\Windows\system32\profapi.dll
0x00007ff819880000 - 0x00007ff81989e000 	C:\Windows\SYSTEM32\CRYPTSP.dll
0x00007ff8194c0000 - 0x00007ff8194f5000 	C:\Windows\system32\rsaenh.dll
0x00007ff819b90000 - 0x00007ff819bb6000 	C:\Windows\SYSTEM32\bcrypt.dll
0x00007ff8195d0000 - 0x00007ff8195ee000 	C:\Windows\SYSTEM32\USERENV.dll
0x00007ff819ec0000 - 0x00007ff819f20000 	C:\Windows\system32\bcryptprimitives.dll
0x00007ff819f20000 - 0x00007ff819f2a000 	C:\Windows\SYSTEM32\CRYPTBASE.dll
0x0000000069110000 - 0x000000006912a000 	E:\ProgramFiles\Xilinx\SDK\2015.4\tps\win64\jre\bin\net.dll
0x00007ff819820000 - 0x00007ff819878000 	C:\Windows\system32\mswsock.dll
0x00007ff814350000 - 0x00007ff814379000 	C:\Windows\SYSTEM32\IPHLPAPI.DLL
0x00007ff814270000 - 0x00007ff81427a000 	C:\Windows\SYSTEM32\WINNSI.DLL
0x00007ff813f80000 - 0x00007ff813f94000 	C:\Windows\SYSTEM32\dhcpcsvc6.DLL
0x00007ff814440000 - 0x00007ff814459000 	C:\Windows\SYSTEM32\dhcpcsvc.DLL
0x00000000690f0000 - 0x0000000069101000 	E:\ProgramFiles\Xilinx\SDK\2015.4\tps\win64\jre\bin\nio.dll
0x00007ff818e40000 - 0x00007ff818e4a000 	C:\Windows\SYSTEM32\kernel.appcore.dll
0x00007ff815e20000 - 0x00007ff815e34000 	C:\Windows\system32\napinsp.dll
0x00007ff815a40000 - 0x00007ff815a59000 	C:\Windows\system32\pnrpnsp.dll
0x00007ff818440000 - 0x00007ff81845b000 	C:\Windows\system32\NLAapi.dll
0x00007ff819630000 - 0x00007ff8196d3000 	C:\Windows\SYSTEM32\DNSAPI.dll
0x00007ff8169e0000 - 0x00007ff8169ec000 	C:\Windows\System32\winrnr.dll
0x00007ff812520000 - 0x00007ff812533000 	C:\Windows\system32\wshbth.dll
0x00007ff816a30000 - 0x00007ff816a39000 	C:\Windows\System32\rasadhlp.dll
0x00007ff8141a0000 - 0x00007ff814208000 	C:\Windows\System32\fwpuclnt.dll
0x0000000017eb0000 - 0x0000000017f58000 	C:\Users\CoBoL\.Xilinx\SDK\2015.4\org.eclipse.osgi\bundles\303\1\.cp\swt-win32-4335.dll
0x00007ff81c700000 - 0x00007ff81c79e000 	C:\Windows\system32\comdlg32.dll
0x00007ff816d90000 - 0x00007ff816e0b000 	C:\Windows\SYSTEM32\WINSPOOL.DRV
0x00007ff816a00000 - 0x00007ff816a14000 	C:\Windows\SYSTEM32\USP10.dll
0x00007ff812710000 - 0x00007ff812958000 	C:\Windows\SYSTEM32\WININET.dll
0x00007ff81a260000 - 0x00007ff81a43f000 	C:\Windows\system32\CRYPT32.dll
0x00007ff812b80000 - 0x00007ff812e47000 	C:\Windows\SYSTEM32\iertutil.dll
0x00007ff81a090000 - 0x00007ff81a0a2000 	C:\Windows\system32\MSASN1.dll
0x00007ff817d30000 - 0x00007ff817d50000 	C:\Windows\system32\dwmapi.dll
0x00007ff815f10000 - 0x00007ff81607f000 	C:\Windows\SYSTEM32\propsys.dll
0x00007ff81c0a0000 - 0x00007ff81c144000 	C:\Windows\SYSTEM32\clbcatq.dll
0x00000000022f0000 - 0x000000000230e000 	C:\Users\CoBoL\.Xilinx\SDK\2015.4\org.eclipse.osgi\bundles\303\1\.cp\swt-gdip-win32-4335.dll
0x00007ff816bf0000 - 0x00007ff816d88000 	C:\Windows\WinSxS\amd64_microsoft.windows.gdiplus_6595b64144ccf1df_1.1.9600.17227_none_932c0e57474f5080\gdiplus.dll
0x00007ff817900000 - 0x00007ff817aae000 	C:\Windows\SYSTEM32\WindowsCodecs.dll
0x0000000180000000 - 0x0000000180012000 	C:\Users\CoBoL\.Xilinx\SDK\2015.4\org.eclipse.osgi\bundles\121\1\.cp\os\win32\x86_64\localfile_1_0_0.dll
0x00007ff80e820000 - 0x00007ff80e831000 	C:\Users\CoBoL\.Xilinx\SDK\2015.4\org.eclipse.osgi\bundles\124\1\.cp\jWinHttp-1.0.0.dll
0x00007ff80c650000 - 0x00007ff80c715000 	C:\Windows\SYSTEM32\WINHTTP.dll
0x00007ff8170c0000 - 0x00007ff817123000 	C:\Windows\SYSTEM32\oleacc.dll
0x00007ff8115f0000 - 0x00007ff8115ff000 	E:\ProgramFiles\Xilinx\SDK\2015.4\lib\win64.o\librdi_repo_manager.dll
0x00007ff80ff10000 - 0x00007ff80ff3a000 	E:\ProgramFiles\Xilinx\SDK\2015.4\lib\win64.o\libisl_sysinfo.dll
0x00007fffd4420000 - 0x00007fffd4dad000 	E:\ProgramFiles\Xilinx\SDK\2015.4\lib\win64.o\librdi_common.dll
0x00007ff80feb0000 - 0x00007ff80ff04000 	E:\ProgramFiles\Xilinx\SDK\2015.4\lib\win64.o\librdi_commonxillic.dll
0x00007fffd3b00000 - 0x00007fffd3cec000 	E:\ProgramFiles\Xilinx\SDK\2015.4\lib\win64.o\librdi_hsm.dll
0x00007ff80fac0000 - 0x00007ff80fb67000 	C:\Windows\SYSTEM32\MSVCP110.dll
0x00007ff80ce80000 - 0x00007ff80cf54000 	C:\Windows\SYSTEM32\MSVCR110.dll
0x00007fffd3790000 - 0x00007fffd3afe000 	E:\ProgramFiles\Xilinx\SDK\2015.4\lib\win64.o\libCOIN-all.dll
0x00007fffd3570000 - 0x00007fffd378e000 	E:\ProgramFiles\Xilinx\SDK\2015.4\lib\win64.o\libXil_lmgr11.dll
0x00007ff80fea0000 - 0x00007ff80feb0000 	E:\ProgramFiles\Xilinx\SDK\2015.4\lib\win64.o\libboost_date_time.dll
0x00007ff80fe70000 - 0x00007ff80fe92000 	E:\ProgramFiles\Xilinx\SDK\2015.4\lib\win64.o\libboost_filesystem.dll
0x00007ff801570000 - 0x00007ff8015e4000 	E:\ProgramFiles\Xilinx\SDK\2015.4\lib\win64.o\libboost_program_options.dll
0x00007ffffdb80000 - 0x00007ffffdc7a000 	E:\ProgramFiles\Xilinx\SDK\2015.4\lib\win64.o\libboost_regex.dll
0x00007ff80cae0000 - 0x00007ff80caf3000 	E:\ProgramFiles\Xilinx\SDK\2015.4\lib\win64.o\libboost_signals.dll
0x00007ff80fe60000 - 0x00007ff80fe69000 	E:\ProgramFiles\Xilinx\SDK\2015.4\lib\win64.o\libboost_system.dll
0x00007ff808c60000 - 0x00007ff808c7d000 	E:\ProgramFiles\Xilinx\SDK\2015.4\lib\win64.o\libboost_thread.dll
0x00007ff80fbb0000 - 0x00007ff80fbbb000 	E:\ProgramFiles\Xilinx\SDK\2015.4\lib\win64.o\libboost_xilinx.dll
0x00007fffff0e0000 - 0x00007fffff160000 	E:\ProgramFiles\Xilinx\SDK\2015.4\lib\win64.o\libhdlpsolve.dll
0x00007ffffef90000 - 0x00007fffff02a000 	E:\ProgramFiles\Xilinx\SDK\2015.4\lib\win64.o\libhdxml.dll
0x00007fffd2f80000 - 0x00007fffd33b4e00 	E:\ProgramFiles\Xilinx\SDK\2015.4\lib\win64.o\libisl_iostreams.dll
0x00007ff802ad0000 - 0x00007ff802ae5000 	E:\ProgramFiles\Xilinx\SDK\2015.4\lib\win64.o\pthreadVC2.dll
0x00007ffff9ca0000 - 0x00007ffff9dd0000 	E:\ProgramFiles\Xilinx\SDK\2015.4\lib\win64.o\librdi_curl.dll
0x00007ff802aa0000 - 0x00007ff802ab8000 	E:\ProgramFiles\Xilinx\SDK\2015.4\lib\win64.o\librdiconfig.dll
0x00007ff8014d0000 - 0x00007ff8014f3000 	E:\ProgramFiles\Xilinx\SDK\2015.4\lib\win64.o\librdizlib.dll
0x0000000069180000 - 0x00000000692a7000 	E:\ProgramFiles\Xilinx\SDK\2015.4\lib\win64.o\tcl85t.dll
0x0000000022ed0000 - 0x0000000023133000 	E:\ProgramFiles\Xilinx\SDK\2015.4\lib\win64.o\xerces-c_3_1.dll
0x00007ff812f20000 - 0x00007ff8130a5000 	C:\Windows\SYSTEM32\urlmon.dll
0x00007ff80edc0000 - 0x00007ff80ede3000 	C:\Windows\SYSTEM32\VCOMP110.DLL
0x00007ff801120000 - 0x00007ff801163000 	E:\ProgramFiles\Xilinx\SDK\2015.4\lib\win64.o\librdi_hdf.dll
0x00007fffd2d20000 - 0x00007fffd2f75000 	E:\ProgramFiles\Xilinx\SDK\2015.4\lib\win64.o\librdi_ippcw.dll
0x00007ff817b30000 - 0x00007ff817b45000 	C:\Windows\SYSTEM32\NETAPI32.dll
0x00007ff81a210000 - 0x00007ff81a25c000 	C:\Windows\system32\WINTRUST.dll
0x00007ff80fa90000 - 0x00007ff80fa9b000 	E:\ProgramFiles\Xilinx\SDK\2015.4\lib\win64.o\libboost_chrono.dll
0x00007ff8014b0000 - 0x00007ff8014c6000 	E:\ProgramFiles\Xilinx\SDK\2015.4\lib\win64.o\libboost_iostreams.dll
0x00007ff800cb0000 - 0x00007ff800cd3000 	E:\ProgramFiles\Xilinx\SDK\2015.4\lib\win64.o\libisl_iosutils.dll
0x00007ff819270000 - 0x00007ff81927c000 	C:\Windows\SYSTEM32\netutils.dll
0x00007ff819cb0000 - 0x00007ff819cd5000 	C:\Windows\SYSTEM32\srvcli.dll
0x00007ff817af0000 - 0x00007ff817b06000 	C:\Windows\SYSTEM32\wkscli.dll
0x00007ff816e10000 - 0x00007ff816e17000 	C:\Windows\SYSTEM32\msimg32.dll
0x00007fffd1560000 - 0x00007fffd1d70000 	E:\ProgramFiles\Xilinx\SDK\2015.4\lib\win64.o\libXil_lmgr11FNP.dll
0x00007ff812350000 - 0x00007ff81235c000 	C:\Windows\SYSTEM32\snmpapi.dll
0x00007ff81ca90000 - 0x00007ff81cc64000 	C:\Windows\system32\SETUPAPI.dll
0x00007ff819e90000 - 0x00007ff819ebb000 	C:\Windows\SYSTEM32\SspiCli.dll
0x00007ff80f840000 - 0x00007ff80f84a000 	E:\ProgramFiles\Xilinx\SDK\2015.4\lib\win64.o\librdi_jtag_settings.dll
0x00007fffff0b0000 - 0x00007fffff0d9000 	E:\ProgramFiles\Xilinx\SDK\2015.4\lib\win64.o\librdi_debug_dialog.dll
0x00007ff80f7b0000 - 0x00007ff80f7b8000 	E:\ProgramFiles\Xilinx\SDK\2015.4\lib\win64.o\librdi_target_manager.dll
0x00007ff80fc20000 - 0x00007ff80fc36000 	E:\ProgramFiles\Xilinx\SDK\2015.4\eclipse\win64.o\plugins\org.eclipse.cdt.core.win32.x86_64_5.2.0.201402142303\os\win32\x86_64\spawner.dll
0x00007ff811a60000 - 0x00007ff811a63000 	C:\Windows\SYSTEM32\icmp.Dll
0x00007ff8074d0000 - 0x00007ff807658000 	C:\Windows\SYSTEM32\dbghelp.dll

VM Arguments:
jvm_args: -Dcom.xilinx.sdk.args.hwspec=E:/projects/xilinix/master_repo/LAB_AEP/I_R/hdl/Projects/fmc_imageon_gs/ZEDBOARD/fmc_imageon_gs.sdk/fmc_imageon_gs_wrapper.hdf -Xms64m -Xmx512m & 
java_command: <unknown>
java_class_path (initial): E:\ProgramFiles\Xilinx\SDK\2015.4\eclipse\win64.o\\plugins/org.eclipse.equinox.launcher_1.3.0.v20130327-1440.jar
Launcher Type: generic

Environment Variables:
JAVA_HOME=C:\Program Files\Java\jdk1.8.0_20
CLASSPATH=.;C:\Program Files (x86)\QuickTime\QTSystem\QTJava.zip;
USERNAME=CoBoL
OS=Windows_NT
PROCESSOR_IDENTIFIER=Intel64 Family 6 Model 69 Stepping 1, GenuineIntel



---------------  S Y S T E M  ---------------

OS: Windows 8.1 , 64 bit Build 9600 (6.3.9600.17056)

CPU:total 4 (2 cores per cpu, 2 threads per core) family 6 model 69 stepping 1, cmov, cx8, fxsr, mmx, sse, sse2, sse3, ssse3, sse4.1, sse4.2, popcnt, avx, avx2, aes, clmul, erms, lzcnt, ht, tsc, tscinvbit, bmi1, bmi2

Memory: 4k page, physical 8287332k(2817960k free), swap 10613436k(3814536k free)

vm_info: Java HotSpot(TM) 64-Bit Server VM (25.45-b02) for windows-amd64 JRE (1.8.0_45-b15), built on Apr 30 2015 12:40:44 by "java_re" with MS VC++ 10.0 (VS2010)

time: Tue Jun 07 12:18:37 2016
elapsed time: 238 seconds (0d 0h 3m 58s)

