21:25:48 INFO  : Adding 'E:/projects/xilinix/master_repo/LAB_AEP/Video_redo_/hdl/Projects/fmc_imageon_gs/software/sw_repository' as a new local repository.
21:52:57 INFO  : Launching XSDB server: xsdb.bat E:/ProgramFiles/Xilinx/SDK/2015.4/scripts/xsdb/xsdb/xsdb-server.tcl
21:53:03 INFO  : XSDB server has started successfully.
21:53:07 INFO  : Restoring local repository preferences: 
		 E:/projects/xilinix/master_repo/LAB_AEP/Video_redo_/hdl/Projects/fmc_imageon_gs/software/sw_repository
21:53:07 INFO  : Processing command line option -hwspec E:/projects/xilinix/master_repo/LAB_AEP/Video_redo_/hdl/Projects/fmc_imageon_gs/ZEDBOARD/fmc_imageon_gs.sdk/fmc_imageon_gs_wrapper.hdf.
20:12:59 INFO  : Launching XSDB server: xsdb.bat E:/ProgramFiles/Xilinx/SDK/2015.4/scripts/xsdb/xsdb/xsdb-server.tcl
20:13:01 INFO  : XSDB server has started successfully.
20:13:10 INFO  : Restoring local repository preferences: 
		 E:/projects/xilinix/master_repo/LAB_AEP/Video_redo_/hdl/Projects/fmc_imageon_gs/software/sw_repository
20:13:10 INFO  : Processing command line option -hwspec E:/projects/xilinix/master_repo/LAB_AEP/Integrated_redo_/hdl/Projects/fmc_imageon_gs/ZEDBOARD/fmc_imageon_gs.sdk/fmc_imageon_gs_wrapper.hdf.
20:13:20 INFO  : SDK has detected change in the last modified timestamps for source hardware specification file Source:1465299644354,  Project:1464895515480
20:13:20 INFO  : Project fmc_imageon_gs_hw's source hardware specification located at fmc_imageon_gs.sdk/fmc_imageon_gs_hw.hdf is now different from the local copy.
		 The local copy will be replaced with the source specification and your workspace will be updated.
20:13:28 INFO  : Project fmc_imageon_gs_hw's source hardware specification location will not be monitored anymore.
20:13:28 INFO  : SDK has detected change in the last modified timestamps for source hardware specification file Source:1465299725719,  Project:1464895515480
20:13:28 INFO  : Project fmc_imageon_gs_wrapper_hw_platform_0's source hardware specification located at E:/projects/xilinix/master_repo/LAB_AEP/Video_redo_/hdl/Projects/fmc_imageon_gs/ZEDBOARD/fmc_imageon_gs.sdk/fmc_imageon_gs_wrapper.hdf is now different from the local copy.
		 The local copy will be replaced with the source specification and your workspace will be updated.
20:13:36 INFO  : Copied contents of E:/projects/xilinix/master_repo/LAB_AEP/Video_redo_/hdl/Projects/fmc_imageon_gs/ZEDBOARD/fmc_imageon_gs.sdk/fmc_imageon_gs_wrapper.hdf into \fmc_imageon_gs_wrapper_hw_platform_0\system.hdf.
20:13:46 INFO  : Synchronizing projects in the workspace with the hardware platform specification changes.
20:13:47 INFO  : Clearing existing target manager status.
20:13:48 INFO  : Workspace synchronized with the new hardware specification file. Cleaning dependent projects...
20:13:48 WARN  : Linker script will not be updated automatically. Users need to update it manually.
20:14:01 ERROR : Unexpected error while parsing XMD response ?: com.google.gson.JsonSyntaxException: com.google.gson.stream.MalformedJsonException: invalid number or unquoted string near 
20:14:25 INFO  : Launching XSDB server: xsdb.bat E:/ProgramFiles/Xilinx/SDK/2015.4/scripts/xsdb/xsdb/xsdb-server.tcl
20:14:27 INFO  : XSDB server has started successfully.
20:14:37 INFO  : Restoring local repository preferences: 
		 E:/projects/xilinix/master_repo/LAB_AEP/Video_redo_/hdl/Projects/fmc_imageon_gs/software/sw_repository
20:14:37 INFO  : Processing command line option -hwspec E:/projects/xilinix/master_repo/LAB_AEP/Integrated_redo_/hdl/Projects/fmc_imageon_gs/ZEDBOARD/fmc_imageon_gs.sdk/fmc_imageon_gs_wrapper.hdf.
20:14:40 INFO  : Checking for hwspec changes in the project fmc_imageon_gs_wrapper_hw_platform_1.
20:14:40 INFO  : SDK has detected change in the last modified timestamps for source hardware specification file Source:1465310766096,  Project:1465323140413
20:14:40 INFO  : The hardware specification for project 'fmc_imageon_gs_wrapper_hw_platform_1' is different from E:/projects/xilinix/master_repo/LAB_AEP/Integrated_redo_/hdl/Projects/fmc_imageon_gs/ZEDBOARD/fmc_imageon_gs.sdk/fmc_imageon_gs_wrapper.hdf.
20:14:40 INFO  : Copied contents of E:/projects/xilinix/master_repo/LAB_AEP/Integrated_redo_/hdl/Projects/fmc_imageon_gs/ZEDBOARD/fmc_imageon_gs.sdk/fmc_imageon_gs_wrapper.hdf into \fmc_imageon_gs_wrapper_hw_platform_1\system.hdf.
20:14:54 INFO  : Synchronizing projects in the workspace with the hardware platform specification changes.
20:15:00 INFO  : Clearing existing target manager status.
20:15:01 INFO  : Workspace synchronized with the new hardware specification file. Cleaning dependent projects...
20:15:01 WARN  : Linker script will not be updated automatically. Users need to update it manually.
20:20:19 ERROR : Unexpected error occurred during generating bsp sources
java.lang.reflect.InvocationTargetException
	at org.eclipse.jface.operation.ModalContext.run(ModalContext.java:421)
	at org.eclipse.jface.dialogs.ProgressMonitorDialog.run(ProgressMonitorDialog.java:507)
	at org.eclipse.ui.internal.progress.ProgressMonitorJobsDialog.run(ProgressMonitorJobsDialog.java:275)
	at org.eclipse.ui.internal.progress.ProgressManager$3.run(ProgressManager.java:960)
	at org.eclipse.swt.custom.BusyIndicator.showWhile(BusyIndicator.java:70)
	at org.eclipse.ui.internal.progress.ProgressManager.busyCursorWhile(ProgressManager.java:995)
	at org.eclipse.ui.internal.progress.ProgressManager.busyCursorWhile(ProgressManager.java:970)
	at org.eclipse.ui.internal.progress.ProgressManager.run(ProgressManager.java:1166)
	at com.xilinx.sdk.sw.ui.handlers.RegenBspSourcesHandler.execute(RegenBspSourcesHandler.java:124)
	at com.xilinx.sdk.sw.ui.handlers.RegenBspSourcesHandler.execute(RegenBspSourcesHandler.java:78)
	at org.eclipse.ui.internal.handlers.HandlerProxy.execute(HandlerProxy.java:290)
	at org.eclipse.ui.internal.handlers.E4HandlerProxy.execute(E4HandlerProxy.java:90)
	at sun.reflect.NativeMethodAccessorImpl.invoke0(Native Method)
	at sun.reflect.NativeMethodAccessorImpl.invoke(NativeMethodAccessorImpl.java:62)
	at sun.reflect.DelegatingMethodAccessorImpl.invoke(DelegatingMethodAccessorImpl.java:43)
	at java.lang.reflect.Method.invoke(Method.java:497)
	at org.eclipse.e4.core.internal.di.MethodRequestor.execute(MethodRequestor.java:56)
	at org.eclipse.e4.core.internal.di.InjectorImpl.invokeUsingClass(InjectorImpl.java:243)
	at org.eclipse.e4.core.internal.di.InjectorImpl.invoke(InjectorImpl.java:224)
	at org.eclipse.e4.core.contexts.ContextInjectionFactory.invoke(ContextInjectionFactory.java:132)
	at org.eclipse.e4.core.commands.internal.HandlerServiceHandler.execute(HandlerServiceHandler.java:167)
	at org.eclipse.core.commands.Command.executeWithChecks(Command.java:499)
	at org.eclipse.core.commands.ParameterizedCommand.executeWithChecks(ParameterizedCommand.java:508)
	at org.eclipse.e4.core.commands.internal.HandlerServiceImpl.executeHandler(HandlerServiceImpl.java:213)
	at org.eclipse.e4.ui.workbench.renderers.swt.HandledContributionItem.executeItem(HandledContributionItem.java:850)
	at org.eclipse.e4.ui.workbench.renderers.swt.HandledContributionItem.handleWidgetSelection(HandledContributionItem.java:743)
	at org.eclipse.e4.ui.workbench.renderers.swt.HandledContributionItem.access$7(HandledContributionItem.java:727)
	at org.eclipse.e4.ui.workbench.renderers.swt.HandledContributionItem$4.handleEvent(HandledContributionItem.java:662)
	at org.eclipse.swt.widgets.EventTable.sendEvent(EventTable.java:84)
	at org.eclipse.swt.widgets.Widget.sendEvent(Widget.java:1057)
	at org.eclipse.swt.widgets.Display.runDeferredEvents(Display.java:4170)
	at org.eclipse.swt.widgets.Display.readAndDispatch(Display.java:3759)
	at org.eclipse.e4.ui.internal.workbench.swt.PartRenderingEngine$9.run(PartRenderingEngine.java:1113)
	at org.eclipse.core.databinding.observable.Realm.runWithDefault(Realm.java:332)
	at org.eclipse.e4.ui.internal.workbench.swt.PartRenderingEngine.run(PartRenderingEngine.java:997)
	at org.eclipse.e4.ui.internal.workbench.E4Workbench.createAndRunUI(E4Workbench.java:140)
	at org.eclipse.ui.internal.Workbench$5.run(Workbench.java:611)
	at org.eclipse.core.databinding.observable.Realm.runWithDefault(Realm.java:332)
	at org.eclipse.ui.internal.Workbench.createAndRunWorkbench(Workbench.java:567)
	at org.eclipse.ui.PlatformUI.createAndRunWorkbench(PlatformUI.java:150)
	at org.eclipse.ui.internal.ide.application.IDEApplication.start(IDEApplication.java:124)
	at org.eclipse.equinox.internal.app.EclipseAppHandle.run(EclipseAppHandle.java:196)
	at org.eclipse.core.runtime.internal.adaptor.EclipseAppLauncher.runApplication(EclipseAppLauncher.java:110)
	at org.eclipse.core.runtime.internal.adaptor.EclipseAppLauncher.start(EclipseAppLauncher.java:79)
	at org.eclipse.core.runtime.adaptor.EclipseStarter.run(EclipseStarter.java:354)
	at org.eclipse.core.runtime.adaptor.EclipseStarter.run(EclipseStarter.java:181)
	at sun.reflect.NativeMethodAccessorImpl.invoke0(Native Method)
	at sun.reflect.NativeMethodAccessorImpl.invoke(NativeMethodAccessorImpl.java:62)
	at sun.reflect.DelegatingMethodAccessorImpl.invoke(DelegatingMethodAccessorImpl.java:43)
	at java.lang.reflect.Method.invoke(Method.java:497)
	at org.eclipse.equinox.launcher.Main.invokeFramework(Main.java:636)
	at org.eclipse.equinox.launcher.Main.basicRun(Main.java:591)
	at org.eclipse.equinox.launcher.Main.run(Main.java:1450)
Caused by: java.lang.NullPointerException
	at com.xilinx.sdk.sw.ui.handlers.RegenBspSourcesHandler$1.run(RegenBspSourcesHandler.java:135)
	at org.eclipse.jface.operation.ModalContext$ModalContextThread.run(ModalContext.java:121)
20:21:11 ERROR : Unexpected error occurred during generating bsp sources
java.lang.reflect.InvocationTargetException
	at org.eclipse.jface.operation.ModalContext.run(ModalContext.java:421)
	at org.eclipse.jface.dialogs.ProgressMonitorDialog.run(ProgressMonitorDialog.java:507)
	at org.eclipse.ui.internal.progress.ProgressMonitorJobsDialog.run(ProgressMonitorJobsDialog.java:275)
	at org.eclipse.ui.internal.progress.ProgressManager$3.run(ProgressManager.java:960)
	at org.eclipse.swt.custom.BusyIndicator.showWhile(BusyIndicator.java:70)
	at org.eclipse.ui.internal.progress.ProgressManager.busyCursorWhile(ProgressManager.java:995)
	at org.eclipse.ui.internal.progress.ProgressManager.busyCursorWhile(ProgressManager.java:970)
	at org.eclipse.ui.internal.progress.ProgressManager.run(ProgressManager.java:1166)
	at com.xilinx.sdk.sw.ui.handlers.RegenBspSourcesHandler.execute(RegenBspSourcesHandler.java:124)
	at com.xilinx.sdk.sw.ui.handlers.RegenBspSourcesHandler.execute(RegenBspSourcesHandler.java:78)
	at org.eclipse.ui.internal.handlers.HandlerProxy.execute(HandlerProxy.java:290)
	at org.eclipse.ui.internal.handlers.E4HandlerProxy.execute(E4HandlerProxy.java:90)
	at sun.reflect.NativeMethodAccessorImpl.invoke0(Native Method)
	at sun.reflect.NativeMethodAccessorImpl.invoke(NativeMethodAccessorImpl.java:62)
	at sun.reflect.DelegatingMethodAccessorImpl.invoke(DelegatingMethodAccessorImpl.java:43)
	at java.lang.reflect.Method.invoke(Method.java:497)
	at org.eclipse.e4.core.internal.di.MethodRequestor.execute(MethodRequestor.java:56)
	at org.eclipse.e4.core.internal.di.InjectorImpl.invokeUsingClass(InjectorImpl.java:243)
	at org.eclipse.e4.core.internal.di.InjectorImpl.invoke(InjectorImpl.java:224)
	at org.eclipse.e4.core.contexts.ContextInjectionFactory.invoke(ContextInjectionFactory.java:132)
	at org.eclipse.e4.core.commands.internal.HandlerServiceHandler.execute(HandlerServiceHandler.java:167)
	at org.eclipse.core.commands.Command.executeWithChecks(Command.java:499)
	at org.eclipse.core.commands.ParameterizedCommand.executeWithChecks(ParameterizedCommand.java:508)
	at org.eclipse.e4.core.commands.internal.HandlerServiceImpl.executeHandler(HandlerServiceImpl.java:213)
	at org.eclipse.e4.ui.workbench.renderers.swt.HandledContributionItem.executeItem(HandledContributionItem.java:850)
	at org.eclipse.e4.ui.workbench.renderers.swt.HandledContributionItem.handleWidgetSelection(HandledContributionItem.java:743)
	at org.eclipse.e4.ui.workbench.renderers.swt.HandledContributionItem.access$7(HandledContributionItem.java:727)
	at org.eclipse.e4.ui.workbench.renderers.swt.HandledContributionItem$4.handleEvent(HandledContributionItem.java:662)
	at org.eclipse.swt.widgets.EventTable.sendEvent(EventTable.java:84)
	at org.eclipse.swt.widgets.Widget.sendEvent(Widget.java:1057)
	at org.eclipse.swt.widgets.Display.runDeferredEvents(Display.java:4170)
	at org.eclipse.swt.widgets.Display.readAndDispatch(Display.java:3759)
	at org.eclipse.e4.ui.internal.workbench.swt.PartRenderingEngine$9.run(PartRenderingEngine.java:1113)
	at org.eclipse.core.databinding.observable.Realm.runWithDefault(Realm.java:332)
	at org.eclipse.e4.ui.internal.workbench.swt.PartRenderingEngine.run(PartRenderingEngine.java:997)
	at org.eclipse.e4.ui.internal.workbench.E4Workbench.createAndRunUI(E4Workbench.java:140)
	at org.eclipse.ui.internal.Workbench$5.run(Workbench.java:611)
	at org.eclipse.core.databinding.observable.Realm.runWithDefault(Realm.java:332)
	at org.eclipse.ui.internal.Workbench.createAndRunWorkbench(Workbench.java:567)
	at org.eclipse.ui.PlatformUI.createAndRunWorkbench(PlatformUI.java:150)
	at org.eclipse.ui.internal.ide.application.IDEApplication.start(IDEApplication.java:124)
	at org.eclipse.equinox.internal.app.EclipseAppHandle.run(EclipseAppHandle.java:196)
	at org.eclipse.core.runtime.internal.adaptor.EclipseAppLauncher.runApplication(EclipseAppLauncher.java:110)
	at org.eclipse.core.runtime.internal.adaptor.EclipseAppLauncher.start(EclipseAppLauncher.java:79)
	at org.eclipse.core.runtime.adaptor.EclipseStarter.run(EclipseStarter.java:354)
	at org.eclipse.core.runtime.adaptor.EclipseStarter.run(EclipseStarter.java:181)
	at sun.reflect.NativeMethodAccessorImpl.invoke0(Native Method)
	at sun.reflect.NativeMethodAccessorImpl.invoke(NativeMethodAccessorImpl.java:62)
	at sun.reflect.DelegatingMethodAccessorImpl.invoke(DelegatingMethodAccessorImpl.java:43)
	at java.lang.reflect.Method.invoke(Method.java:497)
	at org.eclipse.equinox.launcher.Main.invokeFramework(Main.java:636)
	at org.eclipse.equinox.launcher.Main.basicRun(Main.java:591)
	at org.eclipse.equinox.launcher.Main.run(Main.java:1450)
Caused by: java.lang.NullPointerException
	at com.xilinx.sdk.sw.ui.handlers.RegenBspSourcesHandler$1.run(RegenBspSourcesHandler.java:135)
	at org.eclipse.jface.operation.ModalContext$ModalContextThread.run(ModalContext.java:121)
20:26:09 ERROR : Unexpected error while parsing XMD response ?: com.google.gson.JsonSyntaxException: com.google.gson.stream.MalformedJsonException: invalid number or unquoted string near 
01:26:24 INFO  : Launching XSDB server: xsdb.bat E:/ProgramFiles/Xilinx/SDK/2015.4/scripts/xsdb/xsdb/xsdb-server.tcl
01:26:26 INFO  : XSDB server has started successfully.
01:26:26 INFO  : Restoring local repository preferences: 
		 E:/projects/xilinix/master_repo/LAB_AEP/Video_redo_/hdl/Projects/fmc_imageon_gs/software/sw_repository
01:26:39 INFO  : Processing command line option -hwspec E:/projects/xilinix/master_repo/LAB_AEP/Integrated_redo_/hdl/Projects/fmc_imageon_gs/ZEDBOARD/fmc_imageon_gs.sdk/fmc_imageon_gs_wrapper.hdf.
01:26:44 INFO  : Checking for hwspec changes in the project fmc_imageon_gs_wrapper_hw_platform_1.
03:25:58 INFO  : Launching XSDB server: xsdb.bat E:/ProgramFiles/Xilinx/SDK/2015.4/scripts/xsdb/xsdb/xsdb-server.tcl
03:26:03 INFO  : XSDB server has started successfully.
03:26:12 INFO  : Restoring local repository preferences: 
		 E:/projects/xilinix/master_repo/LAB_AEP/Video_redo_/hdl/Projects/fmc_imageon_gs/software/sw_repository
03:26:16 INFO  : Processing command line option -hwspec E:/projects/xilinix/master_repo/LAB_AEP/Integrated_redo_/hdl/Projects/fmc_imageon_gs/ZEDBOARD/fmc_imageon_gs.sdk/fmc_imageon_gs_wrapper.hdf.
03:26:18 ERROR : Error occurred while creating hardware platform fmc_imageon_gs_wrapper_hw_platform_0 from sysdef
org.eclipse.core.internal.resources.ResourceException: Resource '/fmc_imageon_gs_wrapper_hw_platform_0/system.hdf' already exists.
	at org.eclipse.core.internal.resources.Resource.checkDoesNotExist(Resource.java:320)
	at org.eclipse.core.internal.resources.Resource.checkDoesNotExist(Resource.java:307)
	at org.eclipse.core.internal.resources.File.create(File.java:111)
	at com.xilinx.sdk.hw.internal.HwProjectCreator.createHwProjectFromZip(HwProjectCreator.java:103)
	at com.xilinx.sdk.hw.HwProjectUtil.internalCreate(HwProjectUtil.java:214)
	at com.xilinx.sdk.hw.HwProjectUtil.makeNewHardwareProject(HwProjectUtil.java:165)
	at com.xilinx.sdk.hw.HwProjectUtil.makeNewHardwareProject(HwProjectUtil.java:152)
	at com.xilinx.sdk.hw.HwProjectUtil.makeNewHardwareProject(HwProjectUtil.java:127)
	at com.xilinx.sdk.startup.InitSDK.processHwSpecArgumentTask(InitSDK.java:417)
	at com.xilinx.sdk.startup.InitSDK.access$7(InitSDK.java:399)
	at com.xilinx.sdk.startup.InitSDK$11.run(InitSDK.java:350)
	at org.eclipse.core.internal.jobs.Worker.run(Worker.java:53)
10:20:17 INFO  : Launching XSDB server: xsdb.bat E:/ProgramFiles/Xilinx/SDK/2015.4/scripts/xsdb/xsdb/xsdb-server.tcl
10:20:22 INFO  : XSDB server has started successfully.
10:20:22 INFO  : Restoring local repository preferences: 
		 E:/projects/xilinix/master_repo/LAB_AEP/Video_redo_/hdl/Projects/fmc_imageon_gs/software/sw_repository
10:20:22 INFO  : Processing command line option -hwspec E:/projects/xilinix/master_repo/LAB_AEP/Integrated_redo_/hdl/Projects/fmc_imageon_gs/ZEDBOARD/fmc_imageon_gs.sdk/fmc_imageon_gs_wrapper.hdf.
10:25:04 INFO  : Connected to target on host '127.0.0.1' and port '3121'.
10:25:05 INFO  : 'targets -set -filter {jtag_cable_name =~ "Digilent Zed 210248570626" && level==0} -index 1' command is executed.
10:25:07 INFO  : FPGA configured successfully with bitstream "E:/projects/xilinix/master_repo/LAB_AEP/Integrated_redo_/hdl/Projects/fmc_imageon_gs/ZEDBOARD/fmc_imageon_gs.sdk/fmc_imageon_gs_wrapper_hw_platform_1/fmc_imageon_gs_wrapper.bit"
10:26:38 INFO  : ps7_init is completed.
10:26:38 INFO  : ps7_post_config is completed.
10:26:38 INFO  : Processor reset is completed for ps7_cortexa9_0
10:26:38 ERROR : No such port: COM7
10:26:53 INFO  : ps7_cortexa9_0 Processor is in use. Please stop existing Run or Debug sessions before launching.
10:26:55 INFO  : Processor reset is completed for ps7_cortexa9_0
10:28:36 INFO  : ps7_cortexa9_0 Processor is in use. Please stop existing Run or Debug sessions before launching.
10:28:38 INFO  : Processor reset is completed for ps7_cortexa9_0
10:28:38 ERROR : No such port: COM7
10:28:49 INFO  : ps7_cortexa9_0 Processor is in use. Please stop existing Run or Debug sessions before launching.
10:28:57 INFO  : Processor reset is completed for ps7_cortexa9_0
10:30:08 ERROR : (XSDB Server)ERROR: [Hsi 55-1403] E:/projects/xilinix/master_repo/LAB_AEP/Integrated_redo_/hdl/Projects/fmc_imageon_gs/ZEDBOARD/fmc_imageon_gs.sdk/standalone_bsp_0/system.mss line 135 - No IP instance named ps7_i2c_1 present in hardware design

10:30:08 ERROR : (XSDB Server)ERROR: [Hsi 55-1403] E:/projects/xilinix/master_repo/LAB_AEP/Integrated_redo_/hdl/Projects/fmc_imageon_gs/ZEDBOARD/fmc_imageon_gs.sdk/standalone_bsp_0/system.mss line 273 - No IP instance named zed_audio_ctrl_0 present in hardware design

10:30:08 ERROR : (XSDB Server)ERROR: [Hsi 55-1452] Error: running open_sw_design.

10:30:08 ERROR :  [Common 17-39] 'hsi::open_sw_design' failed due to earlier errors.
10:30:08 ERROR : (XSDB Server)ERROR: [Hsi 55-1403] E:/projects/xilinix/master_repo/LAB_AEP/Integrated_redo_/hdl/Projects/fmc_imageon_gs/ZEDBOARD/fmc_imageon_gs.sdk/standalone_bsp_0/system.mss line 135 - No IP instance named ps7_i2c_1 present in hardware design

10:30:08 ERROR : (XSDB Server)ERROR: [Hsi 55-1403] E:/projects/xilinix/master_repo/LAB_AEP/Integrated_redo_/hdl/Projects/fmc_imageon_gs/ZEDBOARD/fmc_imageon_gs.sdk/standalone_bsp_0/system.mss line 273 - No IP instance named zed_audio_ctrl_0 present in hardware design

10:30:08 ERROR : (XSDB Server)ERROR: [Hsi 55-1452] Error: running open_sw_design.

10:30:08 INFO  : Unable to read in MSS file E:\projects\xilinix\master_repo\LAB_AEP\Integrated_redo_\hdl\Projects\fmc_imageon_gs\ZEDBOARD\fmc_imageon_gs.sdk\standalone_bsp_0\system.mss : null
10:30:09 ERROR : (XSDB Server)ERROR: [Hsi 55-1403] E:/projects/xilinix/master_repo/LAB_AEP/Integrated_redo_/hdl/Projects/fmc_imageon_gs/ZEDBOARD/fmc_imageon_gs.sdk/standalone_bsp_0/system.mss line 135 - No IP instance named ps7_i2c_1 present in hardware design

10:30:09 ERROR : (XSDB Server)ERROR: [Hsi 55-1403] E:/projects/xilinix/master_repo/LAB_AEP/Integrated_redo_/hdl/Projects/fmc_imageon_gs/ZEDBOARD/fmc_imageon_gs.sdk/standalone_bsp_0/system.mss line 273 - No IP instance named zed_audio_ctrl_0 present in hardware design

10:30:09 ERROR : (XSDB Server)ERROR: [Hsi 55-1452] Error: running open_sw_design.

10:30:09 ERROR : (XSDB Server)ERROR: [Hsi 55-1403] E:/projects/xilinix/master_repo/LAB_AEP/Integrated_redo_/hdl/Projects/fmc_imageon_gs/ZEDBOARD/fmc_imageon_gs.sdk/standalone_bsp_0/system.mss line 135 - No IP instance named ps7_i2c_1 present in hardware design

10:30:09 ERROR : (XSDB Server)ERROR: [Hsi 55-1403] E:/projects/xilinix/master_repo/LAB_AEP/Integrated_redo_/hdl/Projects/fmc_imageon_gs/ZEDBOARD/fmc_imageon_gs.sdk/standalone_bsp_0/system.mss line 273 - No IP instance named zed_audio_ctrl_0 present in hardware design

10:30:09 ERROR : (XSDB Server)ERROR: [Hsi 55-1452] Error: running open_sw_design.

10:30:09 ERROR : Failed to get_connected_periphs
Reason: ERROR: [Common 17-55] 'get_property' expects at least one object.
Resolution: If [get_<value>] was used to populate the object, check to make sure this command returns at least one valid object.

10:30:22 INFO  : No changes in MSS file content so not generating sources.
10:33:25 INFO  : ps7_cortexa9_0 Processor is in use. Please stop existing Run or Debug sessions before launching.
10:33:28 INFO  : Processor reset is completed for ps7_cortexa9_0
10:33:53 WARN  : Change BSP handler invoked, but no selected application in workspace.
10:36:17 INFO  : ps7_cortexa9_0 Processor is in use. Please stop existing Run or Debug sessions before launching.
10:36:19 INFO  : Processor reset is completed for ps7_cortexa9_0
10:37:42 INFO  : ps7_cortexa9_0 Processor is in use. Please stop existing Run or Debug sessions before launching.
10:37:44 INFO  : Processor reset is completed for ps7_cortexa9_0
10:44:45 INFO  : ps7_cortexa9_0 Processor is in use. Please stop existing Run or Debug sessions before launching.
10:44:48 INFO  : Processor reset is completed for ps7_cortexa9_0
10:45:13 INFO  : ps7_cortexa9_0 Processor is in use. Please stop existing Run or Debug sessions before launching.
10:45:15 INFO  : Processor reset is completed for ps7_cortexa9_0
10:45:56 INFO  : ps7_cortexa9_0 Processor is in use. Please stop existing Run or Debug sessions before launching.
10:45:58 INFO  : Processor reset is completed for ps7_cortexa9_0
10:49:29 INFO  : Processor reset is completed for ps7_cortexa9_0
10:49:51 INFO  : ps7_cortexa9_0 Processor is in use. Please stop existing Run or Debug sessions before launching.
10:51:51 ERROR : Unexpected error while launching program.
java.lang.RuntimeException: Error in Resetting Target

    Could not stop the processor after reset


	at com.xilinx.sdk.targetmanager.internal.TM.doProcessorReset(TM.java:1011)
	at com.xilinx.sdk.debug.core.XilinxAppLaunchConfigurationDelegate.runTargetSetup(XilinxAppLaunchConfigurationDelegate.java:534)
	at com.xilinx.sdk.debug.core.XilinxAppLaunchConfigurationDelegate.debugApplication(XilinxAppLaunchConfigurationDelegate.java:701)
	at com.xilinx.sdk.debug.core.XilinxAppLaunchConfigurationDelegate.launch(XilinxAppLaunchConfigurationDelegate.java:311)
	at com.xilinx.sdk.debug.ui.XilinxAppLaunchDelegateWrapper.launch(XilinxAppLaunchDelegateWrapper.java:31)
	at org.eclipse.debug.internal.core.LaunchConfiguration.launch(LaunchConfiguration.java:858)
	at org.eclipse.debug.internal.core.LaunchConfiguration.launch(LaunchConfiguration.java:707)
	at org.eclipse.debug.internal.ui.DebugUIPlugin.buildAndLaunch(DebugUIPlugin.java:1018)
	at org.eclipse.debug.internal.ui.DebugUIPlugin$8.run(DebugUIPlugin.java:1222)
	at org.eclipse.core.internal.jobs.Worker.run(Worker.java:53)
10:52:12 INFO  : Connected to target on host '127.0.0.1' and port '3121'.
10:52:12 INFO  : 'targets -set -filter {jtag_cable_name =~ "Digilent Zed 210248570626" && level==0} -index 1' command is executed.
10:52:12 ERROR : Error occured during Prog B register check
10:52:38 INFO  : Connected to target on host '127.0.0.1' and port '3121'.
10:52:38 INFO  : 'targets -set -filter {jtag_cable_name =~ "Digilent Zed 210248570626" && level==0} -index 1' command is executed.
10:52:41 INFO  : FPGA configured successfully with bitstream "E:/projects/xilinix/master_repo/LAB_AEP/Integrated_redo_/hdl/Projects/fmc_imageon_gs/ZEDBOARD/fmc_imageon_gs.sdk/fmc_imageon_gs_wrapper_hw_platform_1/fmc_imageon_gs_wrapper.bit"
10:52:58 INFO  : ps7_init is completed.
10:52:58 INFO  : ps7_post_config is completed.
10:52:58 INFO  : Processor reset is completed for ps7_cortexa9_0
10:55:17 INFO  : ps7_cortexa9_0 Processor is in use. Please stop existing Run or Debug sessions before launching.
10:55:20 INFO  : Processor reset is completed for ps7_cortexa9_0
11:08:35 INFO  : ps7_cortexa9_0 Processor is in use. Please stop existing Run or Debug sessions before launching.
11:08:37 INFO  : Processor reset is completed for ps7_cortexa9_0
11:50:01 INFO  : ps7_cortexa9_0 Processor is in use. Please stop existing Run or Debug sessions before launching.
11:50:24 INFO  : Processor reset is completed for ps7_cortexa9_0
12:05:26 INFO  : ps7_cortexa9_0 Processor is in use. Please stop existing Run or Debug sessions before launching.
12:05:29 INFO  : Processor reset is completed for ps7_cortexa9_0
12:07:45 INFO  : ps7_cortexa9_0 Processor is in use. Please stop existing Run or Debug sessions before launching.
12:07:46 INFO  : Processor reset is completed for ps7_cortexa9_0
12:09:27 INFO  : ps7_cortexa9_0 Processor is in use. Please stop existing Run or Debug sessions before launching.
12:09:30 INFO  : Processor reset is completed for ps7_cortexa9_0
12:19:43 INFO  : Processor reset is completed for ps7_cortexa9_0
12:20:24 INFO  : Processor reset is completed for ps7_cortexa9_0
12:22:08 INFO  : Processor reset is completed for ps7_cortexa9_0
12:33:19 INFO  : Processor reset is completed for ps7_cortexa9_0
12:35:17 INFO  : Processor reset is completed for ps7_cortexa9_0
12:36:18 INFO  : Processor reset is completed for ps7_cortexa9_0
12:38:28 INFO  : ps7_cortexa9_0 Processor is in use. Please stop existing Run or Debug sessions before launching.
12:38:30 INFO  : Processor reset is completed for ps7_cortexa9_0
12:44:47 INFO  : Processor reset is completed for ps7_cortexa9_0
12:52:55 INFO  : ps7_cortexa9_0 Processor is in use. Please stop existing Run or Debug sessions before launching.
12:52:57 INFO  : Processor reset is completed for ps7_cortexa9_0
12:54:22 INFO  : Processor reset is completed for ps7_cortexa9_0
12:57:10 INFO  : Processor reset is completed for ps7_cortexa9_0
12:59:37 INFO  : Processor reset is completed for ps7_cortexa9_0
13:00:35 INFO  : ps7_cortexa9_0 Processor is in use. Please stop existing Run or Debug sessions before launching.
13:00:43 INFO  : ps7_cortexa9_0 Processor is in use. Please stop existing Run or Debug sessions before launching.
13:00:45 INFO  : Processor reset is completed for ps7_cortexa9_0
13:02:52 INFO  : ps7_cortexa9_0 Processor is in use. Please stop existing Run or Debug sessions before launching.
13:02:54 INFO  : Processor reset is completed for ps7_cortexa9_0
13:07:54 INFO  : Processor reset is completed for ps7_cortexa9_0
13:08:53 INFO  : Processor reset is completed for ps7_cortexa9_0
13:10:47 INFO  : ps7_cortexa9_0 Processor is in use. Please stop existing Run or Debug sessions before launching.
13:11:37 INFO  : Processor reset is completed for ps7_cortexa9_0
13:12:25 INFO  : Processor reset is completed for ps7_cortexa9_0
13:15:54 INFO  : Processor reset is completed for ps7_cortexa9_0
13:19:20 INFO  : Processor reset is completed for ps7_cortexa9_0
13:26:42 INFO  : Processor reset is completed for ps7_cortexa9_0
13:42:34 INFO  : FPGA Cable Disconnected. All active launches will be terminated.
13:42:34 WARN  : Terminating existing sessions on processor ps7_cortexa9_0
14:50:17 ERROR : Unexpected error while parsing XMD response ?: com.google.gson.JsonSyntaxException: com.google.gson.stream.MalformedJsonException: invalid number or unquoted string near 
11:42:52 INFO  : Launching XSDB server: xsdb.bat E:/ProgramFiles/Xilinx/SDK/2015.4/scripts/xsdb/xsdb/xsdb-server.tcl
11:42:56 INFO  : XSDB server has started successfully.
11:42:56 INFO  : Restoring local repository preferences: 
		 E:/projects/xilinix/master_repo/LAB_AEP/Video_redo_/hdl/Projects/fmc_imageon_gs/software/sw_repository
11:42:57 INFO  : Processing command line option -hwspec E:/projects/xilinix/master_repo/LAB_AEP/Integrated_redo_/hdl/Projects/fmc_imageon_gs/ZEDBOARD/fmc_imageon_gs.sdk/fmc_imageon_gs_wrapper.hdf.
11:42:57 INFO  : Checking for hwspec changes in the project fmc_imageon_gs_wrapper_hw_platform_1.
11:44:48 INFO  : ps7_init is completed.
11:44:49 INFO  : ps7_post_config is completed.
11:44:49 INFO  : Processor reset is completed for ps7_cortexa9_0
11:44:53 ERROR : No such port: COM8
11:45:19 INFO  : FPGA Cable Disconnected. All active launches will be terminated.
11:45:19 WARN  : Terminating existing sessions on processor ps7_cortexa9_0
11:45:47 INFO  : Connected to target on host '127.0.0.1' and port '3121'.
11:45:48 INFO  : 'targets -set -filter {jtag_cable_name =~ "Digilent Zed 210248447563" && level==0} -index 1' command is executed.
11:45:51 INFO  : FPGA configured successfully with bitstream "E:/projects/xilinix/master_repo/LAB_AEP/Integrated_redo_/hdl/Projects/fmc_imageon_gs/ZEDBOARD/fmc_imageon_gs.sdk/fmc_imageon_gs_wrapper_hw_platform_1/fmc_imageon_gs_wrapper.bit"
11:46:11 INFO  : ps7_init is completed.
11:46:11 INFO  : ps7_post_config is completed.
11:46:11 INFO  : Processor reset is completed for ps7_cortexa9_0
12:07:05 INFO  : ps7_cortexa9_0 Processor is in use. Please stop existing Run or Debug sessions before launching.
12:07:07 INFO  : Processor reset is completed for ps7_cortexa9_0
12:10:18 INFO  : Processor reset is completed for ps7_cortexa9_0
12:16:25 INFO  : Processor reset is completed for ps7_cortexa9_0
12:19:19 INFO  : ps7_cortexa9_0 Processor is in use. Please stop existing Run or Debug sessions before launching.
12:19:22 INFO  : Processor reset is completed for ps7_cortexa9_0
12:20:18 INFO  : ps7_cortexa9_0 Processor is in use. Please stop existing Run or Debug sessions before launching.
12:20:20 INFO  : Processor reset is completed for ps7_cortexa9_0
12:32:53 INFO  : Processor reset is completed for ps7_cortexa9_0
12:44:32 INFO  : ps7_cortexa9_0 Processor is in use. Please stop existing Run or Debug sessions before launching.
12:44:34 INFO  : Processor reset is completed for ps7_cortexa9_0
12:44:55 INFO  : ps7_cortexa9_0 Processor is in use. Please stop existing Run or Debug sessions before launching.
12:44:57 INFO  : Processor reset is completed for ps7_cortexa9_0
12:45:59 INFO  : Processor reset is completed for ps7_cortexa9_0
12:47:30 INFO  : ps7_cortexa9_0 Processor is in use. Please stop existing Run or Debug sessions before launching.
12:47:32 INFO  : Processor reset is completed for ps7_cortexa9_0
12:48:40 INFO  : Processor reset is completed for ps7_cortexa9_0
14:48:27 ERROR : Unexpected error while parsing XMD response ?: com.google.gson.JsonSyntaxException: com.google.gson.stream.MalformedJsonException: invalid number or unquoted string near 
14:49:05 INFO  : Launching XSDB server: xsdb.bat E:/ProgramFiles/Xilinx/SDK/2015.4/scripts/xsdb/xsdb/xsdb-server.tcl
14:49:11 INFO  : XSDB server has started successfully.
14:49:12 INFO  : Restoring local repository preferences: 
		 E:/projects/xilinix/master_repo/LAB_AEP/Video_redo_/hdl/Projects/fmc_imageon_gs/software/sw_repository
14:49:12 INFO  : Processing command line option -hwspec E:/projects/xilinix/master_repo/LAB_AEP/Integrated_redo_/hdl/Projects/fmc_imageon_gs/ZEDBOARD/fmc_imageon_gs.sdk/fmc_imageon_gs_wrapper.hdf.
14:49:12 INFO  : Checking for hwspec changes in the project fmc_imageon_gs_wrapper_hw_platform_1.
16:21:15 INFO  : Launching XSDB server: xsdb.bat E:/ProgramFiles/Xilinx/SDK/2015.4/scripts/xsdb/xsdb/xsdb-server.tcl
16:21:19 INFO  : XSDB server has started successfully.
16:21:19 INFO  : Restoring local repository preferences: 
		 E:/projects/xilinix/master_repo/LAB_AEP/Video_redo_/hdl/Projects/fmc_imageon_gs/software/sw_repository
16:21:19 ERROR : (XSDB Server)ERROR: [Hsi 55-1550] Repository Directory E:/projects/xilinix/master_repo/LAB_AEP/Video_redo_/hdl/Projects/fmc_imageon_gs/software/sw_repository doesn't exist in the disk

16:21:19 ERROR : Internal error. Unable to add E:/projects/xilinix/master_repo/LAB_AEP/Video_redo_/hdl/Projects/fmc_imageon_gs/software/sw_repository as a repository.
16:21:20 INFO  : Processing command line option -hwspec E:/projects/xilinix/master_repo/LAB_AEP/project/hdl/Projects/fmc_imageon_gs/ZEDBOARD/fmc_imageon_gs.sdk/fmc_imageon_gs_wrapper.hdf.
16:21:26 ERROR : Error occurred while creating hardware platform fmc_imageon_gs_wrapper_hw_platform_0 from sysdef
org.eclipse.core.internal.resources.ResourceException: Resource '/fmc_imageon_gs_wrapper_hw_platform_0/system.hdf' already exists.
	at org.eclipse.core.internal.resources.Resource.checkDoesNotExist(Resource.java:320)
	at org.eclipse.core.internal.resources.Resource.checkDoesNotExist(Resource.java:307)
	at org.eclipse.core.internal.resources.File.create(File.java:111)
	at com.xilinx.sdk.hw.internal.HwProjectCreator.createHwProjectFromZip(HwProjectCreator.java:103)
	at com.xilinx.sdk.hw.HwProjectUtil.internalCreate(HwProjectUtil.java:214)
	at com.xilinx.sdk.hw.HwProjectUtil.makeNewHardwareProject(HwProjectUtil.java:165)
	at com.xilinx.sdk.hw.HwProjectUtil.makeNewHardwareProject(HwProjectUtil.java:152)
	at com.xilinx.sdk.hw.HwProjectUtil.makeNewHardwareProject(HwProjectUtil.java:127)
	at com.xilinx.sdk.startup.InitSDK.processHwSpecArgumentTask(InitSDK.java:417)
	at com.xilinx.sdk.startup.InitSDK.access$7(InitSDK.java:399)
	at com.xilinx.sdk.startup.InitSDK$11.run(InitSDK.java:350)
	at org.eclipse.core.internal.jobs.Worker.run(Worker.java:53)
16:23:02 ERROR : (XSDB Server)ERROR: [Hsi 55-1594] Core fmc_iic_sw of version 2.03.a not found in repositories

16:23:02 ERROR : (XSDB Server)ERROR: [Hsi 55-1594] Core fmc_imageon_sw of version 2.01.a not found in repositories
ERROR: [Hsi 55-1594] Core onsemi_vita_sw of version 3.3 not found in repositories

16:23:02 ERROR : (XSDB Server)ERROR: [Hsi 55-1452] Error: running open_sw_design.

16:23:02 ERROR :  [Common 17-39] 'hsi::open_sw_design' failed due to earlier errors.
16:23:02 ERROR : (XSDB Server)ERROR: [Hsi 55-1594] Core fmc_iic_sw of version 2.03.a not found in repositories

16:23:02 ERROR : (XSDB Server)ERROR: [Hsi 55-1594] Core fmc_imageon_sw of version 2.01.a not found in repositories

16:23:02 ERROR : (XSDB Server)ERROR: [Hsi 55-1594] Core onsemi_vita_sw of version 3.3 not found in repositories

16:23:02 ERROR : (XSDB Server)ERROR: [Hsi 55-1452] Error: running open_sw_design.

16:23:02 INFO  : Unable to read in MSS file E:\projects\xilinix\master_repo\LAB_AEP\project\hdl\Projects\fmc_imageon_gs\ZEDBOARD\fmc_imageon_gs.sdk\BareMetal_bsp\system.mss : null
16:23:13 ERROR : (XSDB Server)ERROR: [Hsi 55-1594] Core fmc_iic_sw of version 2.03.a not found in repositories

16:23:13 ERROR : (XSDB Server)ERROR: [Hsi 55-1594] Core fmc_imageon_sw of version 2.01.a not found in repositories
ERROR: [Hsi 55-1594] Core onsemi_vita_sw of version 3.3 not found in repositories

16:23:13 ERROR : (XSDB Server)ERROR: [Hsi 55-1452] Error: running open_sw_design.

16:23:13 ERROR :  [Common 17-39] 'hsi::open_sw_design' failed due to earlier errors.
16:23:13 ERROR : (XSDB Server)ERROR: [Hsi 55-1594] Core fmc_iic_sw of version 2.03.a not found in repositories

16:23:13 ERROR : (XSDB Server)ERROR: [Hsi 55-1594] Core fmc_imageon_sw of version 2.01.a not found in repositories
ERROR: [Hsi 55-1594] Core onsemi_vita_sw of version 3.3 not found in repositories

16:23:13 ERROR : (XSDB Server)ERROR: [Hsi 55-1452] Error: running open_sw_design.

16:23:13 INFO  : Unable to read in MSS file E:\projects\xilinix\master_repo\LAB_AEP\project\hdl\Projects\fmc_imageon_gs\ZEDBOARD\fmc_imageon_gs.sdk\BareMetal_bsp\system.mss : null
16:23:13 ERROR : (XSDB Server)ERROR: [Hsi 55-1594] Core fmc_iic_sw of version 2.03.a not found in repositories

16:23:13 ERROR : (XSDB Server)ERROR: [Hsi 55-1594] Core fmc_imageon_sw of version 2.01.a not found in repositories
ERROR: [Hsi 55-1594] Core onsemi_vita_sw of version 3.3 not found in repositories

16:23:13 ERROR : (XSDB Server)ERROR: [Hsi 55-1452] Error: running open_sw_design.

16:23:13 ERROR : (XSDB Server)ERROR: [Hsi 55-1594] Core fmc_iic_sw of version 2.03.a not found in repositories

16:23:13 ERROR : (XSDB Server)ERROR: [Hsi 55-1594] Core fmc_imageon_sw of version 2.01.a not found in repositories
ERROR: [Hsi 55-1594] Core onsemi_vita_sw of version 3.3 not found in repositories

16:23:13 ERROR : (XSDB Server)ERROR: [Hsi 55-1452] Error: running open_sw_design.

16:23:14 ERROR : Failed to get_connected_periphs
Reason: ERROR: [Common 17-55] 'get_property' expects at least one object.
Resolution: If [get_<value>] was used to populate the object, check to make sure this command returns at least one valid object.

16:23:19 ERROR : (XSDB Server)ERROR: [Hsi 55-1594] Core fmc_iic_sw of version 2.03.a not found in repositories

16:23:19 ERROR : (XSDB Server)ERROR: [Hsi 55-1594] Core fmc_imageon_sw of version 2.01.a not found in repositories
ERROR: [Hsi 55-1594] Core onsemi_vita_sw of version 3.3 not found in repositories

16:23:19 ERROR : (XSDB Server)ERROR: [Hsi 55-1452] Error: running open_sw_design.

16:23:19 ERROR :  [Common 17-39] 'hsi::open_sw_design' failed due to earlier errors.
16:23:19 ERROR : (XSDB Server)ERROR: [Hsi 55-1594] Core fmc_iic_sw of version 2.03.a not found in repositories

16:23:19 ERROR : (XSDB Server)ERROR: [Hsi 55-1594] Core fmc_imageon_sw of version 2.01.a not found in repositories
ERROR: [Hsi 55-1594] Core onsemi_vita_sw of version 3.3 not found in repositories

16:23:19 ERROR : (XSDB Server)ERROR: [Hsi 55-1452] Error: running open_sw_design.

16:23:20 INFO  : Unable to read in MSS file E:\projects\xilinix\master_repo\LAB_AEP\project\hdl\Projects\fmc_imageon_gs\ZEDBOARD\fmc_imageon_gs.sdk\BareMetal_bsp\system.mss : null
16:23:20 ERROR : Unexpected error occurred during generating bsp sources
java.lang.reflect.InvocationTargetException
	at org.eclipse.jface.operation.ModalContext.run(ModalContext.java:421)
	at org.eclipse.jface.dialogs.ProgressMonitorDialog.run(ProgressMonitorDialog.java:507)
	at org.eclipse.ui.internal.progress.ProgressMonitorJobsDialog.run(ProgressMonitorJobsDialog.java:275)
	at org.eclipse.ui.internal.progress.ProgressManager$3.run(ProgressManager.java:960)
	at org.eclipse.swt.custom.BusyIndicator.showWhile(BusyIndicator.java:70)
	at org.eclipse.ui.internal.progress.ProgressManager.busyCursorWhile(ProgressManager.java:995)
	at org.eclipse.ui.internal.progress.ProgressManager.busyCursorWhile(ProgressManager.java:970)
	at org.eclipse.ui.internal.progress.ProgressManager.run(ProgressManager.java:1166)
	at com.xilinx.sdk.sw.ui.handlers.RegenBspSourcesHandler.execute(RegenBspSourcesHandler.java:124)
	at com.xilinx.sdk.sw.ui.handlers.RegenBspSourcesHandler.execute(RegenBspSourcesHandler.java:78)
	at org.eclipse.ui.internal.handlers.HandlerProxy.execute(HandlerProxy.java:290)
	at org.eclipse.ui.internal.handlers.E4HandlerProxy.execute(E4HandlerProxy.java:90)
	at sun.reflect.NativeMethodAccessorImpl.invoke0(Native Method)
	at sun.reflect.NativeMethodAccessorImpl.invoke(NativeMethodAccessorImpl.java:62)
	at sun.reflect.DelegatingMethodAccessorImpl.invoke(DelegatingMethodAccessorImpl.java:43)
	at java.lang.reflect.Method.invoke(Method.java:497)
	at org.eclipse.e4.core.internal.di.MethodRequestor.execute(MethodRequestor.java:56)
	at org.eclipse.e4.core.internal.di.InjectorImpl.invokeUsingClass(InjectorImpl.java:243)
	at org.eclipse.e4.core.internal.di.InjectorImpl.invoke(InjectorImpl.java:224)
	at org.eclipse.e4.core.contexts.ContextInjectionFactory.invoke(ContextInjectionFactory.java:132)
	at org.eclipse.e4.core.commands.internal.HandlerServiceHandler.execute(HandlerServiceHandler.java:167)
	at org.eclipse.core.commands.Command.executeWithChecks(Command.java:499)
	at org.eclipse.core.commands.ParameterizedCommand.executeWithChecks(ParameterizedCommand.java:508)
	at org.eclipse.e4.core.commands.internal.HandlerServiceImpl.executeHandler(HandlerServiceImpl.java:213)
	at org.eclipse.e4.ui.workbench.renderers.swt.HandledContributionItem.executeItem(HandledContributionItem.java:850)
	at org.eclipse.e4.ui.workbench.renderers.swt.HandledContributionItem.handleWidgetSelection(HandledContributionItem.java:743)
	at org.eclipse.e4.ui.workbench.renderers.swt.HandledContributionItem.access$7(HandledContributionItem.java:727)
	at org.eclipse.e4.ui.workbench.renderers.swt.HandledContributionItem$4.handleEvent(HandledContributionItem.java:662)
	at org.eclipse.swt.widgets.EventTable.sendEvent(EventTable.java:84)
	at org.eclipse.swt.widgets.Widget.sendEvent(Widget.java:1057)
	at org.eclipse.swt.widgets.Display.runDeferredEvents(Display.java:4170)
	at org.eclipse.swt.widgets.Display.readAndDispatch(Display.java:3759)
	at org.eclipse.e4.ui.internal.workbench.swt.PartRenderingEngine$9.run(PartRenderingEngine.java:1113)
	at org.eclipse.core.databinding.observable.Realm.runWithDefault(Realm.java:332)
	at org.eclipse.e4.ui.internal.workbench.swt.PartRenderingEngine.run(PartRenderingEngine.java:997)
	at org.eclipse.e4.ui.internal.workbench.E4Workbench.createAndRunUI(E4Workbench.java:140)
	at org.eclipse.ui.internal.Workbench$5.run(Workbench.java:611)
	at org.eclipse.core.databinding.observable.Realm.runWithDefault(Realm.java:332)
	at org.eclipse.ui.internal.Workbench.createAndRunWorkbench(Workbench.java:567)
	at org.eclipse.ui.PlatformUI.createAndRunWorkbench(PlatformUI.java:150)
	at org.eclipse.ui.internal.ide.application.IDEApplication.start(IDEApplication.java:124)
	at org.eclipse.equinox.internal.app.EclipseAppHandle.run(EclipseAppHandle.java:196)
	at org.eclipse.core.runtime.internal.adaptor.EclipseAppLauncher.runApplication(EclipseAppLauncher.java:110)
	at org.eclipse.core.runtime.internal.adaptor.EclipseAppLauncher.start(EclipseAppLauncher.java:79)
	at org.eclipse.core.runtime.adaptor.EclipseStarter.run(EclipseStarter.java:354)
	at org.eclipse.core.runtime.adaptor.EclipseStarter.run(EclipseStarter.java:181)
	at sun.reflect.NativeMethodAccessorImpl.invoke0(Native Method)
	at sun.reflect.NativeMethodAccessorImpl.invoke(NativeMethodAccessorImpl.java:62)
	at sun.reflect.DelegatingMethodAccessorImpl.invoke(DelegatingMethodAccessorImpl.java:43)
	at java.lang.reflect.Method.invoke(Method.java:497)
	at org.eclipse.equinox.launcher.Main.invokeFramework(Main.java:636)
	at org.eclipse.equinox.launcher.Main.basicRun(Main.java:591)
	at org.eclipse.equinox.launcher.Main.run(Main.java:1450)
Caused by: java.lang.IllegalArgumentException: Path must include project and resource name: /BareMetal_bsp
	at org.eclipse.core.runtime.Assert.isLegal(Assert.java:63)
	at org.eclipse.core.internal.resources.Workspace.newResource(Workspace.java:2164)
	at org.eclipse.core.internal.resources.Container.getFolder(Container.java:215)
	at com.xilinx.sdk.sw.ui.handlers.RegenBspSourcesHandler.internalGenerateBsp(RegenBspSourcesHandler.java:169)
	at com.xilinx.sdk.sw.ui.handlers.RegenBspSourcesHandler.access$2(RegenBspSourcesHandler.java:163)
	at com.xilinx.sdk.sw.ui.handlers.RegenBspSourcesHandler$1$1.run(RegenBspSourcesHandler.java:131)
	at org.eclipse.core.internal.resources.Workspace.run(Workspace.java:2345)
	at com.xilinx.sdk.sw.ui.handlers.RegenBspSourcesHandler$1.run(RegenBspSourcesHandler.java:135)
	at org.eclipse.jface.operation.ModalContext$ModalContextThread.run(ModalContext.java:121)
16:24:54 INFO  : Launching XSDB server: xsdb.bat E:/ProgramFiles/Xilinx/SDK/2015.4/scripts/xsdb/xsdb/xsdb-server.tcl
16:24:58 INFO  : XSDB server has started successfully.
16:24:59 INFO  : Restoring local repository preferences: 
		 E:/projects/xilinix/master_repo/LAB_AEP/Video_redo_/hdl/Projects/fmc_imageon_gs/software/sw_repository
16:24:59 ERROR : (XSDB Server)ERROR: [Hsi 55-1550] Repository Directory E:/projects/xilinix/master_repo/LAB_AEP/Video_redo_/hdl/Projects/fmc_imageon_gs/software/sw_repository doesn't exist in the disk

16:24:59 ERROR : Internal error. Unable to add E:/projects/xilinix/master_repo/LAB_AEP/Video_redo_/hdl/Projects/fmc_imageon_gs/software/sw_repository as a repository.
16:24:59 INFO  : Processing command line option -hwspec E:/projects/xilinix/master_repo/LAB_AEP/project/hdl/Projects/fmc_imageon_gs/ZEDBOARD/fmc_imageon_gs.sdk/fmc_imageon_gs_wrapper.hdf.
16:26:04 ERROR : (XSDB Server)ERROR: [Hsi 55-1594] Core fmc_iic_sw of version 2.03.a not found in repositories

16:26:04 ERROR : (XSDB Server)ERROR: [Hsi 55-1594] Core fmc_imageon_sw of version 2.01.a not found in repositories
ERROR: [Hsi 55-1594] Core onsemi_vita_sw of version 3.3 not found in repositories

16:26:04 ERROR : (XSDB Server)ERROR: [Hsi 55-1452] Error: running open_sw_design.

16:26:04 ERROR :  [Common 17-39] 'hsi::open_sw_design' failed due to earlier errors.
16:26:04 ERROR : (XSDB Server)ERROR: [Hsi 55-1594] Core fmc_iic_sw of version 2.03.a not found in repositories

16:26:04 ERROR : (XSDB Server)ERROR: [Hsi 55-1594] Core fmc_imageon_sw of version 2.01.a not found in repositories
ERROR: [Hsi 55-1594] Core onsemi_vita_sw of version 3.3 not found in repositories

16:26:04 ERROR : (XSDB Server)ERROR: [Hsi 55-1452] Error: running open_sw_design.

16:26:04 INFO  : Unable to read in MSS file E:\projects\xilinix\master_repo\LAB_AEP\project\hdl\Projects\fmc_imageon_gs\ZEDBOARD\fmc_imageon_gs.sdk\BareMetal_bsp\system.mss : null
16:26:29 ERROR : (XSDB Server)ERROR: [Hsi 55-1594] Core fmc_iic_sw of version 2.03.a not found in repositories

16:26:29 ERROR : (XSDB Server)ERROR: [Hsi 55-1594] Core fmc_imageon_sw of version 2.01.a not found in repositories
ERROR: [Hsi 55-1594] Core onsemi_vita_sw of version 3.3 not found in repositories

16:26:29 ERROR : (XSDB Server)ERROR: [Hsi 55-1452] Error: running open_sw_design.

16:26:29 ERROR :  [Common 17-39] 'hsi::open_sw_design' failed due to earlier errors.
16:26:29 ERROR : (XSDB Server)ERROR: [Hsi 55-1594] Core fmc_iic_sw of version 2.03.a not found in repositories

16:26:29 ERROR : (XSDB Server)ERROR: [Hsi 55-1594] Core fmc_imageon_sw of version 2.01.a not found in repositories
ERROR: [Hsi 55-1594] Core onsemi_vita_sw of version 3.3 not found in repositories

16:26:29 ERROR : (XSDB Server)ERROR: [Hsi 55-1452] Error: running open_sw_design.

16:26:29 INFO  : Unable to read in MSS file E:\projects\xilinix\master_repo\LAB_AEP\project\hdl\Projects\fmc_imageon_gs\ZEDBOARD\fmc_imageon_gs.sdk\BareMetal_bsp\system.mss : null
16:30:26 INFO  : Saving repository preferences.
16:30:26 INFO  : Reading in cores from local repositories: 
		 .\SwRepo
16:30:26 ERROR : (XSDB Server)ERROR: [Hsi 55-1550] Repository Directory E:/projects/xilinix/master_repo/LAB_AEP/Video_redo_/hdl/Projects/fmc_imageon_gs/software/sw_repository doesn't exist in the disk

16:30:26 ERROR : Internal error. Unable to add E:\projects\xilinix\master_repo\LAB_AEP\project\hdl\Projects\fmc_imageon_gs\ZEDBOARD\fmc_imageon_gs.sdk\SwRepo as a repository.
16:30:26 INFO  : Cleaning BSP projects in the workspace.
16:32:48 ERROR : The Hardware Project referenced by this BSP (fmc_imageon_gs_bsp) was not found in this workspace. As a result, this BSP will not build properly. To fix this error, please import the associated hardware project or recreate a new BSP targeting an existing hardware platform.
16:33:22 INFO  : Launching XSDB server: xsdb.bat E:/ProgramFiles/Xilinx/SDK/2015.4/scripts/xsdb/xsdb/xsdb-server.tcl
16:33:24 INFO  : XSDB server has started successfully.
16:33:24 INFO  : Restoring local repository preferences: 
		 .\SwRepo
16:33:35 INFO  : Processing command line option -hwspec E:/projects/xilinix/master_repo/LAB_AEP/project/hdl/Projects/fmc_imageon_gs/ZEDBOARD/fmc_imageon_gs.sdk/fmc_imageon_gs_wrapper.hdf.
16:33:37 INFO  : Checking for hwspec changes in the project BareMetal_hw.
16:33:59 ERROR : Unexpected error occurred during generating bsp sources
java.lang.reflect.InvocationTargetException
	at org.eclipse.jface.operation.ModalContext.run(ModalContext.java:421)
	at org.eclipse.jface.dialogs.ProgressMonitorDialog.run(ProgressMonitorDialog.java:507)
	at org.eclipse.ui.internal.progress.ProgressMonitorJobsDialog.run(ProgressMonitorJobsDialog.java:275)
	at org.eclipse.ui.internal.progress.ProgressManager$3.run(ProgressManager.java:960)
	at org.eclipse.swt.custom.BusyIndicator.showWhile(BusyIndicator.java:70)
	at org.eclipse.ui.internal.progress.ProgressManager.busyCursorWhile(ProgressManager.java:995)
	at org.eclipse.ui.internal.progress.ProgressManager.busyCursorWhile(ProgressManager.java:970)
	at org.eclipse.ui.internal.progress.ProgressManager.run(ProgressManager.java:1166)
	at com.xilinx.sdk.sw.ui.handlers.RegenBspSourcesHandler.execute(RegenBspSourcesHandler.java:124)
	at com.xilinx.sdk.sw.ui.handlers.RegenBspSourcesHandler.execute(RegenBspSourcesHandler.java:78)
	at org.eclipse.ui.internal.handlers.HandlerProxy.execute(HandlerProxy.java:290)
	at org.eclipse.ui.internal.handlers.E4HandlerProxy.execute(E4HandlerProxy.java:90)
	at sun.reflect.NativeMethodAccessorImpl.invoke0(Native Method)
	at sun.reflect.NativeMethodAccessorImpl.invoke(NativeMethodAccessorImpl.java:62)
	at sun.reflect.DelegatingMethodAccessorImpl.invoke(DelegatingMethodAccessorImpl.java:43)
	at java.lang.reflect.Method.invoke(Method.java:497)
	at org.eclipse.e4.core.internal.di.MethodRequestor.execute(MethodRequestor.java:56)
	at org.eclipse.e4.core.internal.di.InjectorImpl.invokeUsingClass(InjectorImpl.java:243)
	at org.eclipse.e4.core.internal.di.InjectorImpl.invoke(InjectorImpl.java:224)
	at org.eclipse.e4.core.contexts.ContextInjectionFactory.invoke(ContextInjectionFactory.java:132)
	at org.eclipse.e4.core.commands.internal.HandlerServiceHandler.execute(HandlerServiceHandler.java:167)
	at org.eclipse.core.commands.Command.executeWithChecks(Command.java:499)
	at org.eclipse.core.commands.ParameterizedCommand.executeWithChecks(ParameterizedCommand.java:508)
	at org.eclipse.e4.core.commands.internal.HandlerServiceImpl.executeHandler(HandlerServiceImpl.java:213)
	at org.eclipse.e4.ui.workbench.renderers.swt.HandledContributionItem.executeItem(HandledContributionItem.java:850)
	at org.eclipse.e4.ui.workbench.renderers.swt.HandledContributionItem.handleWidgetSelection(HandledContributionItem.java:743)
	at org.eclipse.e4.ui.workbench.renderers.swt.HandledContributionItem.access$7(HandledContributionItem.java:727)
	at org.eclipse.e4.ui.workbench.renderers.swt.HandledContributionItem$4.handleEvent(HandledContributionItem.java:662)
	at org.eclipse.swt.widgets.EventTable.sendEvent(EventTable.java:84)
	at org.eclipse.swt.widgets.Widget.sendEvent(Widget.java:1057)
	at org.eclipse.swt.widgets.Display.runDeferredEvents(Display.java:4170)
	at org.eclipse.swt.widgets.Display.readAndDispatch(Display.java:3759)
	at org.eclipse.e4.ui.internal.workbench.swt.PartRenderingEngine$9.run(PartRenderingEngine.java:1113)
	at org.eclipse.core.databinding.observable.Realm.runWithDefault(Realm.java:332)
	at org.eclipse.e4.ui.internal.workbench.swt.PartRenderingEngine.run(PartRenderingEngine.java:997)
	at org.eclipse.e4.ui.internal.workbench.E4Workbench.createAndRunUI(E4Workbench.java:140)
	at org.eclipse.ui.internal.Workbench$5.run(Workbench.java:611)
	at org.eclipse.core.databinding.observable.Realm.runWithDefault(Realm.java:332)
	at org.eclipse.ui.internal.Workbench.createAndRunWorkbench(Workbench.java:567)
	at org.eclipse.ui.PlatformUI.createAndRunWorkbench(PlatformUI.java:150)
	at org.eclipse.ui.internal.ide.application.IDEApplication.start(IDEApplication.java:124)
	at org.eclipse.equinox.internal.app.EclipseAppHandle.run(EclipseAppHandle.java:196)
	at org.eclipse.core.runtime.internal.adaptor.EclipseAppLauncher.runApplication(EclipseAppLauncher.java:110)
	at org.eclipse.core.runtime.internal.adaptor.EclipseAppLauncher.start(EclipseAppLauncher.java:79)
	at org.eclipse.core.runtime.adaptor.EclipseStarter.run(EclipseStarter.java:354)
	at org.eclipse.core.runtime.adaptor.EclipseStarter.run(EclipseStarter.java:181)
	at sun.reflect.NativeMethodAccessorImpl.invoke0(Native Method)
	at sun.reflect.NativeMethodAccessorImpl.invoke(NativeMethodAccessorImpl.java:62)
	at sun.reflect.DelegatingMethodAccessorImpl.invoke(DelegatingMethodAccessorImpl.java:43)
	at java.lang.reflect.Method.invoke(Method.java:497)
	at org.eclipse.equinox.launcher.Main.invokeFramework(Main.java:636)
	at org.eclipse.equinox.launcher.Main.basicRun(Main.java:591)
	at org.eclipse.equinox.launcher.Main.run(Main.java:1450)
Caused by: java.lang.NullPointerException
	at com.xilinx.sdk.sw.ui.handlers.RegenBspSourcesHandler$1.run(RegenBspSourcesHandler.java:135)
	at org.eclipse.jface.operation.ModalContext$ModalContextThread.run(ModalContext.java:121)
16:34:35 INFO  : Launching XSDB server: xsdb.bat E:/ProgramFiles/Xilinx/SDK/2015.4/scripts/xsdb/xsdb/xsdb-server.tcl
16:34:37 INFO  : XSDB server has started successfully.
16:34:37 INFO  : Restoring local repository preferences: 
		 .\SwRepo
16:34:40 INFO  : Processing command line option -hwspec E:/projects/xilinix/master_repo/LAB_AEP/project/hdl/Projects/fmc_imageon_gs/ZEDBOARD/fmc_imageon_gs.sdk/fmc_imageon_gs_wrapper.hdf.
16:34:42 INFO  : Checking for hwspec changes in the project BareMetal_hw.
16:36:06 ERROR : Unexpected error occurred during generating bsp sources
java.lang.reflect.InvocationTargetException
	at org.eclipse.jface.operation.ModalContext.run(ModalContext.java:421)
	at org.eclipse.jface.dialogs.ProgressMonitorDialog.run(ProgressMonitorDialog.java:507)
	at org.eclipse.ui.internal.progress.ProgressMonitorJobsDialog.run(ProgressMonitorJobsDialog.java:275)
	at org.eclipse.ui.internal.progress.ProgressManager$3.run(ProgressManager.java:960)
	at org.eclipse.swt.custom.BusyIndicator.showWhile(BusyIndicator.java:70)
	at org.eclipse.ui.internal.progress.ProgressManager.busyCursorWhile(ProgressManager.java:995)
	at org.eclipse.ui.internal.progress.ProgressManager.busyCursorWhile(ProgressManager.java:970)
	at org.eclipse.ui.internal.progress.ProgressManager.run(ProgressManager.java:1166)
	at com.xilinx.sdk.sw.ui.handlers.RegenBspSourcesHandler.execute(RegenBspSourcesHandler.java:124)
	at com.xilinx.sdk.sw.ui.handlers.RegenBspSourcesHandler.execute(RegenBspSourcesHandler.java:78)
	at org.eclipse.ui.internal.handlers.HandlerProxy.execute(HandlerProxy.java:290)
	at org.eclipse.ui.internal.handlers.E4HandlerProxy.execute(E4HandlerProxy.java:90)
	at sun.reflect.NativeMethodAccessorImpl.invoke0(Native Method)
	at sun.reflect.NativeMethodAccessorImpl.invoke(NativeMethodAccessorImpl.java:62)
	at sun.reflect.DelegatingMethodAccessorImpl.invoke(DelegatingMethodAccessorImpl.java:43)
	at java.lang.reflect.Method.invoke(Method.java:497)
	at org.eclipse.e4.core.internal.di.MethodRequestor.execute(MethodRequestor.java:56)
	at org.eclipse.e4.core.internal.di.InjectorImpl.invokeUsingClass(InjectorImpl.java:243)
	at org.eclipse.e4.core.internal.di.InjectorImpl.invoke(InjectorImpl.java:224)
	at org.eclipse.e4.core.contexts.ContextInjectionFactory.invoke(ContextInjectionFactory.java:132)
	at org.eclipse.e4.core.commands.internal.HandlerServiceHandler.execute(HandlerServiceHandler.java:167)
	at org.eclipse.core.commands.Command.executeWithChecks(Command.java:499)
	at org.eclipse.core.commands.ParameterizedCommand.executeWithChecks(ParameterizedCommand.java:508)
	at org.eclipse.e4.core.commands.internal.HandlerServiceImpl.executeHandler(HandlerServiceImpl.java:213)
	at org.eclipse.e4.ui.workbench.renderers.swt.HandledContributionItem.executeItem(HandledContributionItem.java:850)
	at org.eclipse.e4.ui.workbench.renderers.swt.HandledContributionItem.handleWidgetSelection(HandledContributionItem.java:743)
	at org.eclipse.e4.ui.workbench.renderers.swt.HandledContributionItem.access$7(HandledContributionItem.java:727)
	at org.eclipse.e4.ui.workbench.renderers.swt.HandledContributionItem$4.handleEvent(HandledContributionItem.java:662)
	at org.eclipse.swt.widgets.EventTable.sendEvent(EventTable.java:84)
	at org.eclipse.swt.widgets.Widget.sendEvent(Widget.java:1057)
	at org.eclipse.swt.widgets.Display.runDeferredEvents(Display.java:4170)
	at org.eclipse.swt.widgets.Display.readAndDispatch(Display.java:3759)
	at org.eclipse.e4.ui.internal.workbench.swt.PartRenderingEngine$9.run(PartRenderingEngine.java:1113)
	at org.eclipse.core.databinding.observable.Realm.runWithDefault(Realm.java:332)
	at org.eclipse.e4.ui.internal.workbench.swt.PartRenderingEngine.run(PartRenderingEngine.java:997)
	at org.eclipse.e4.ui.internal.workbench.E4Workbench.createAndRunUI(E4Workbench.java:140)
	at org.eclipse.ui.internal.Workbench$5.run(Workbench.java:611)
	at org.eclipse.core.databinding.observable.Realm.runWithDefault(Realm.java:332)
	at org.eclipse.ui.internal.Workbench.createAndRunWorkbench(Workbench.java:567)
	at org.eclipse.ui.PlatformUI.createAndRunWorkbench(PlatformUI.java:150)
	at org.eclipse.ui.internal.ide.application.IDEApplication.start(IDEApplication.java:124)
	at org.eclipse.equinox.internal.app.EclipseAppHandle.run(EclipseAppHandle.java:196)
	at org.eclipse.core.runtime.internal.adaptor.EclipseAppLauncher.runApplication(EclipseAppLauncher.java:110)
	at org.eclipse.core.runtime.internal.adaptor.EclipseAppLauncher.start(EclipseAppLauncher.java:79)
	at org.eclipse.core.runtime.adaptor.EclipseStarter.run(EclipseStarter.java:354)
	at org.eclipse.core.runtime.adaptor.EclipseStarter.run(EclipseStarter.java:181)
	at sun.reflect.NativeMethodAccessorImpl.invoke0(Native Method)
	at sun.reflect.NativeMethodAccessorImpl.invoke(NativeMethodAccessorImpl.java:62)
	at sun.reflect.DelegatingMethodAccessorImpl.invoke(DelegatingMethodAccessorImpl.java:43)
	at java.lang.reflect.Method.invoke(Method.java:497)
	at org.eclipse.equinox.launcher.Main.invokeFramework(Main.java:636)
	at org.eclipse.equinox.launcher.Main.basicRun(Main.java:591)
	at org.eclipse.equinox.launcher.Main.run(Main.java:1450)
Caused by: java.lang.NullPointerException
	at com.xilinx.sdk.sw.ui.handlers.RegenBspSourcesHandler$1.run(RegenBspSourcesHandler.java:135)
	at org.eclipse.jface.operation.ModalContext$ModalContextThread.run(ModalContext.java:121)
16:36:42 ERROR : The Hardware Project referenced by this BSP (fmc_imageon_gs_bsp) was not found in this workspace. As a result, this BSP will not build properly. To fix this error, please import the associated hardware project or recreate a new BSP targeting an existing hardware platform.
16:39:25 ERROR : The Hardware Project referenced by this BSP (fmc_imageon_gs_bsp) was not found in this workspace. As a result, this BSP will not build properly. To fix this error, please import the associated hardware project or recreate a new BSP targeting an existing hardware platform.
16:40:50 ERROR : Unexpected error occurred during generating bsp sources
java.lang.reflect.InvocationTargetException
	at org.eclipse.jface.operation.ModalContext.run(ModalContext.java:421)
	at org.eclipse.jface.dialogs.ProgressMonitorDialog.run(ProgressMonitorDialog.java:507)
	at org.eclipse.ui.internal.progress.ProgressMonitorJobsDialog.run(ProgressMonitorJobsDialog.java:275)
	at org.eclipse.ui.internal.progress.ProgressManager$3.run(ProgressManager.java:960)
	at org.eclipse.swt.custom.BusyIndicator.showWhile(BusyIndicator.java:70)
	at org.eclipse.ui.internal.progress.ProgressManager.busyCursorWhile(ProgressManager.java:995)
	at org.eclipse.ui.internal.progress.ProgressManager.busyCursorWhile(ProgressManager.java:970)
	at org.eclipse.ui.internal.progress.ProgressManager.run(ProgressManager.java:1166)
	at com.xilinx.sdk.sw.ui.handlers.RegenBspSourcesHandler.execute(RegenBspSourcesHandler.java:124)
	at com.xilinx.sdk.sw.ui.handlers.RegenBspSourcesHandler.execute(RegenBspSourcesHandler.java:78)
	at org.eclipse.ui.internal.handlers.HandlerProxy.execute(HandlerProxy.java:290)
	at org.eclipse.ui.internal.handlers.E4HandlerProxy.execute(E4HandlerProxy.java:90)
	at sun.reflect.GeneratedMethodAccessor17.invoke(Unknown Source)
	at sun.reflect.DelegatingMethodAccessorImpl.invoke(DelegatingMethodAccessorImpl.java:43)
	at java.lang.reflect.Method.invoke(Method.java:497)
	at org.eclipse.e4.core.internal.di.MethodRequestor.execute(MethodRequestor.java:56)
	at org.eclipse.e4.core.internal.di.InjectorImpl.invokeUsingClass(InjectorImpl.java:243)
	at org.eclipse.e4.core.internal.di.InjectorImpl.invoke(InjectorImpl.java:224)
	at org.eclipse.e4.core.contexts.ContextInjectionFactory.invoke(ContextInjectionFactory.java:132)
	at org.eclipse.e4.core.commands.internal.HandlerServiceHandler.execute(HandlerServiceHandler.java:167)
	at org.eclipse.core.commands.Command.executeWithChecks(Command.java:499)
	at org.eclipse.core.commands.ParameterizedCommand.executeWithChecks(ParameterizedCommand.java:508)
	at org.eclipse.e4.core.commands.internal.HandlerServiceImpl.executeHandler(HandlerServiceImpl.java:213)
	at org.eclipse.e4.ui.workbench.renderers.swt.HandledContributionItem.executeItem(HandledContributionItem.java:850)
	at org.eclipse.e4.ui.workbench.renderers.swt.HandledContributionItem.handleWidgetSelection(HandledContributionItem.java:743)
	at org.eclipse.e4.ui.workbench.renderers.swt.HandledContributionItem.access$7(HandledContributionItem.java:727)
	at org.eclipse.e4.ui.workbench.renderers.swt.HandledContributionItem$4.handleEvent(HandledContributionItem.java:662)
	at org.eclipse.swt.widgets.EventTable.sendEvent(EventTable.java:84)
	at org.eclipse.swt.widgets.Widget.sendEvent(Widget.java:1057)
	at org.eclipse.swt.widgets.Display.runDeferredEvents(Display.java:4170)
	at org.eclipse.swt.widgets.Display.readAndDispatch(Display.java:3759)
	at org.eclipse.e4.ui.internal.workbench.swt.PartRenderingEngine$9.run(PartRenderingEngine.java:1113)
	at org.eclipse.core.databinding.observable.Realm.runWithDefault(Realm.java:332)
	at org.eclipse.e4.ui.internal.workbench.swt.PartRenderingEngine.run(PartRenderingEngine.java:997)
	at org.eclipse.e4.ui.internal.workbench.E4Workbench.createAndRunUI(E4Workbench.java:140)
	at org.eclipse.ui.internal.Workbench$5.run(Workbench.java:611)
	at org.eclipse.core.databinding.observable.Realm.runWithDefault(Realm.java:332)
	at org.eclipse.ui.internal.Workbench.createAndRunWorkbench(Workbench.java:567)
	at org.eclipse.ui.PlatformUI.createAndRunWorkbench(PlatformUI.java:150)
	at org.eclipse.ui.internal.ide.application.IDEApplication.start(IDEApplication.java:124)
	at org.eclipse.equinox.internal.app.EclipseAppHandle.run(EclipseAppHandle.java:196)
	at org.eclipse.core.runtime.internal.adaptor.EclipseAppLauncher.runApplication(EclipseAppLauncher.java:110)
	at org.eclipse.core.runtime.internal.adaptor.EclipseAppLauncher.start(EclipseAppLauncher.java:79)
	at org.eclipse.core.runtime.adaptor.EclipseStarter.run(EclipseStarter.java:354)
	at org.eclipse.core.runtime.adaptor.EclipseStarter.run(EclipseStarter.java:181)
	at sun.reflect.NativeMethodAccessorImpl.invoke0(Native Method)
	at sun.reflect.NativeMethodAccessorImpl.invoke(NativeMethodAccessorImpl.java:62)
	at sun.reflect.DelegatingMethodAccessorImpl.invoke(DelegatingMethodAccessorImpl.java:43)
	at java.lang.reflect.Method.invoke(Method.java:497)
	at org.eclipse.equinox.launcher.Main.invokeFramework(Main.java:636)
	at org.eclipse.equinox.launcher.Main.basicRun(Main.java:591)
	at org.eclipse.equinox.launcher.Main.run(Main.java:1450)
Caused by: java.lang.NullPointerException
	at com.xilinx.sdk.sw.ui.handlers.RegenBspSourcesHandler$1.run(RegenBspSourcesHandler.java:135)
	at org.eclipse.jface.operation.ModalContext$ModalContextThread.run(ModalContext.java:121)
16:42:10 ERROR : The Hardware Project referenced by this BSP (fmc_imageon_gs_bsp) was not found in this workspace. As a result, this BSP will not build properly. To fix this error, please import the associated hardware project or recreate a new BSP targeting an existing hardware platform.
16:44:59 ERROR : The Hardware Project referenced by this BSP (fmc_imageon_gs_bsp) was not found in this workspace. As a result, this BSP will not build properly. To fix this error, please import the associated hardware project or recreate a new BSP targeting an existing hardware platform.
17:09:12 INFO  : Launching XSDB server: xsdb.bat E:/ProgramFiles/Xilinx/SDK/2015.4/scripts/xsdb/xsdb/xsdb-server.tcl
17:09:16 INFO  : XSDB server has started successfully.
17:09:17 INFO  : Restoring local repository preferences: 
		 .\SwRepo
17:09:17 INFO  : Processing command line option -hwspec E:/projects/xilinix/master_repo/LAB_AEP/project/hdl/Projects/fmc_imageon_gs/ZEDBOARD/fmc_imageon_gs.sdk/fmc_imageon_gs_wrapper.hdf.
17:09:17 INFO  : Checking for hwspec changes in the project BareMetal_hw.
17:13:33 INFO  : No changes in MSS file content so not generating sources.
17:33:34 INFO  : Launching XSDB server: xsdb.bat E:/ProgramFiles/Xilinx/SDK/2015.4/scripts/xsdb/xsdb/xsdb-server.tcl
17:33:38 INFO  : XSDB server has started successfully.
17:33:39 INFO  : Restoring local repository preferences: 
		 .\SwRepo
17:33:44 INFO  : Processing command line option -hwspec E:/projects/xilinix/master_repo/LAB_AEP/project/hdl/Projects/fmc_imageon_gs/ZEDBOARD/fmc_imageon_gs.sdk/fmc_imageon_gs_wrapper.hdf.
17:33:46 INFO  : Checking for hwspec changes in the project BareMetal_hw.
10:45:53 INFO  : Launching XSDB server: xsdb.bat E:/ProgramFiles/Xilinx/SDK/2015.4/scripts/xsdb/xsdb/xsdb-server.tcl
10:45:57 INFO  : XSDB server has started successfully.
10:46:06 INFO  : Restoring local repository preferences: 
		 .\SwRepo
10:46:06 INFO  : Processing command line option -hwspec E:/projects/xilinix/master_repo/LAB_AEP/Projects/fmc_imageon_gs/ZEDBOARD/fmc_imageon_gs.sdk/fmc_imageon_gs_wrapper.hdf.
10:57:30 INFO  : Launching XSDB server: xsdb.bat E:/ProgramFiles/Xilinx/SDK/2015.4/scripts/xsdb/xsdb/xsdb-server.tcl
10:57:33 INFO  : XSDB server has started successfully.
10:57:33 INFO  : Restoring local repository preferences: 
		 .\SwRepo
10:57:33 INFO  : Processing command line option -hwspec E:/projects/xilinix/master_repo/LAB_AEP/Projects/fmc_imageon_gs/ZEDBOARD/fmc_imageon_gs.sdk/fmc_imageon_gs_wrapper.hdf.
11:22:44 INFO  : Connected to target on host '127.0.0.1' and port '3121'.
11:22:46 INFO  : 'targets -set -filter {jtag_cable_name =~ "Digilent Zed 210248570626" && level==0} -index 1' command is executed.
11:22:48 INFO  : FPGA configured successfully with bitstream "E:/projects/xilinix/master_repo/LAB_AEP/Projects/fmc_imageon_gs/ZEDBOARD/fmc_imageon_gs.sdk/fmc_imageon_gs_wrapper_hw_platform_0/fmc_imageon_gs_wrapper.bit"
11:23:58 INFO  : ps7_init is completed.
11:23:58 INFO  : ps7_post_config is completed.
11:23:58 INFO  : Processor reset is completed for ps7_cortexa9_0
11:23:58 ERROR : No such port: COM6
11:24:16 INFO  : ps7_cortexa9_0 Processor is in use. Please stop existing Run or Debug sessions before launching.
11:24:18 INFO  : Processor reset is completed for ps7_cortexa9_0
11:25:02 INFO  : ps7_cortexa9_0 Processor is in use. Please stop existing Run or Debug sessions before launching.
11:25:03 INFO  : Processor reset is completed for ps7_cortexa9_0
11:27:43 INFO  : Processor reset is completed for ps7_cortexa9_0
11:27:43 ERROR : Unexpected error while launching program.
java.lang.RuntimeException: Unknown Error Occured
    Target '64' Does NOT exist in the Current System


	at com.xilinx.sdk.targetmanager.internal.TM.downloadELF(TM.java:686)
	at com.xilinx.sdk.debug.core.internal.AppRunner.run(AppRunner.java:129)
	at com.xilinx.sdk.debug.core.XilinxAppLaunchConfigurationDelegate.runApplication(XilinxAppLaunchConfigurationDelegate.java:637)
	at com.xilinx.sdk.debug.core.XilinxAppLaunchConfigurationDelegate.launch(XilinxAppLaunchConfigurationDelegate.java:309)
	at com.xilinx.sdk.debug.ui.XilinxAppLaunchDelegateWrapper.launch(XilinxAppLaunchDelegateWrapper.java:31)
	at org.eclipse.debug.internal.core.LaunchConfiguration.launch(LaunchConfiguration.java:858)
	at org.eclipse.debug.internal.core.LaunchConfiguration.launch(LaunchConfiguration.java:707)
	at org.eclipse.debug.internal.ui.DebugUIPlugin.buildAndLaunch(DebugUIPlugin.java:1018)
	at org.eclipse.debug.internal.ui.DebugUIPlugin$8.run(DebugUIPlugin.java:1222)
	at org.eclipse.core.internal.jobs.Worker.run(Worker.java:53)
11:28:24 INFO  : Connected to target on host '127.0.0.1' and port '3121'.
11:28:24 INFO  : 'targets -set -filter {jtag_cable_name =~ "Digilent Zed 210248570626" && level==0} -index 1' command is executed.
11:28:27 INFO  : FPGA configured successfully with bitstream "E:/projects/xilinix/master_repo/LAB_AEP/Projects/fmc_imageon_gs/ZEDBOARD/fmc_imageon_gs.sdk/fmc_imageon_gs_wrapper_hw_platform_0/fmc_imageon_gs_wrapper.bit"
11:28:46 ERROR : Unexpected error while parsing XMD response ?: com.google.gson.JsonSyntaxException: com.google.gson.stream.MalformedJsonException: invalid number or unquoted string near 
11:29:06 INFO  : Launching XSDB server: xsdb.bat E:/ProgramFiles/Xilinx/SDK/2015.4/scripts/xsdb/xsdb/xsdb-server.tcl
11:29:10 INFO  : XSDB server has started successfully.
11:29:10 INFO  : Restoring local repository preferences: 
		 .\SwRepo
11:29:10 INFO  : Processing command line option -hwspec E:/projects/xilinix/master_repo/LAB_AEP/Projects/fmc_imageon_gs/ZEDBOARD/fmc_imageon_gs.sdk/fmc_imageon_gs_wrapper.hdf.
11:29:11 INFO  : Checking for hwspec changes in the project fmc_imageon_gs_wrapper_hw_platform_0.
11:29:43 INFO  : ps7_init is completed.
11:29:43 INFO  : ps7_post_config is completed.
11:29:44 INFO  : Processor reset is completed for ps7_cortexa9_0
11:30:05 INFO  : ps7_cortexa9_0 Processor is in use. Please stop existing Run or Debug sessions before launching.
11:30:07 INFO  : Processor reset is completed for ps7_cortexa9_0
11:32:16 INFO  : ps7_cortexa9_0 Processor is in use. Please stop existing Run or Debug sessions before launching.
11:32:19 INFO  : Processor reset is completed for ps7_cortexa9_0
11:37:09 INFO  : ps7_cortexa9_0 Processor is in use. Please stop existing Run or Debug sessions before launching.
11:37:11 INFO  : Processor reset is completed for ps7_cortexa9_0
11:37:39 INFO  : Processor reset is completed for ps7_cortexa9_0
11:37:39 ERROR : Unexpected error while launching program.
java.lang.RuntimeException: Unknown Error Occured
    Target '64' Does NOT exist in the Current System


	at com.xilinx.sdk.targetmanager.internal.TM.downloadELF(TM.java:686)
	at com.xilinx.sdk.debug.core.internal.AppRunner.run(AppRunner.java:129)
	at com.xilinx.sdk.debug.core.XilinxAppLaunchConfigurationDelegate.runApplication(XilinxAppLaunchConfigurationDelegate.java:637)
	at com.xilinx.sdk.debug.core.XilinxAppLaunchConfigurationDelegate.launch(XilinxAppLaunchConfigurationDelegate.java:309)
	at com.xilinx.sdk.debug.ui.XilinxAppLaunchDelegateWrapper.launch(XilinxAppLaunchDelegateWrapper.java:31)
	at org.eclipse.debug.internal.core.LaunchConfiguration.launch(LaunchConfiguration.java:858)
	at org.eclipse.debug.internal.core.LaunchConfiguration.launch(LaunchConfiguration.java:707)
	at org.eclipse.debug.internal.ui.DebugUIPlugin.buildAndLaunch(DebugUIPlugin.java:1018)
	at org.eclipse.debug.internal.ui.DebugUIPlugin$8.run(DebugUIPlugin.java:1222)
	at org.eclipse.core.internal.jobs.Worker.run(Worker.java:53)
11:38:08 ERROR : Unexpected error while parsing XMD response ?: com.google.gson.JsonSyntaxException: com.google.gson.stream.MalformedJsonException: invalid number or unquoted string near 
11:38:26 INFO  : Launching XSDB server: xsdb.bat E:/ProgramFiles/Xilinx/SDK/2015.4/scripts/xsdb/xsdb/xsdb-server.tcl
11:38:31 INFO  : XSDB server has started successfully.
11:38:31 INFO  : Restoring local repository preferences: 
		 .\SwRepo
11:38:32 INFO  : Processing command line option -hwspec E:/projects/xilinix/master_repo/LAB_AEP/Projects/fmc_imageon_gs/ZEDBOARD/fmc_imageon_gs.sdk/fmc_imageon_gs_wrapper.hdf.
11:38:32 INFO  : Checking for hwspec changes in the project fmc_imageon_gs_wrapper_hw_platform_0.
11:39:06 INFO  : Processor reset is completed for ps7_cortexa9_0
11:40:58 INFO  : ps7_cortexa9_0 Processor is in use. Please stop existing Run or Debug sessions before launching.
11:41:00 INFO  : Processor reset is completed for ps7_cortexa9_0
11:41:52 INFO  : ps7_cortexa9_0 Processor is in use. Please stop existing Run or Debug sessions before launching.
11:41:55 INFO  : Processor reset is completed for ps7_cortexa9_0
11:53:40 INFO  : ps7_cortexa9_0 Processor is in use. Please stop existing Run or Debug sessions before launching.
11:53:42 INFO  : Processor reset is completed for ps7_cortexa9_0
11:54:47 INFO  : ps7_cortexa9_0 Processor is in use. Please stop existing Run or Debug sessions before launching.
11:54:49 INFO  : Processor reset is completed for ps7_cortexa9_0
11:57:47 ERROR : Unexpected error while launching program.
java.lang.RuntimeException: The program file specified in the launch configuration does not exist
	at com.xilinx.sdk.debug.core.XilinxAppLaunchConfigurationDelegate.runApplication(XilinxAppLaunchConfigurationDelegate.java:580)
	at com.xilinx.sdk.debug.core.XilinxAppLaunchConfigurationDelegate.launch(XilinxAppLaunchConfigurationDelegate.java:309)
	at com.xilinx.sdk.debug.ui.XilinxAppLaunchDelegateWrapper.launch(XilinxAppLaunchDelegateWrapper.java:31)
	at org.eclipse.debug.internal.core.LaunchConfiguration.launch(LaunchConfiguration.java:858)
	at org.eclipse.debug.internal.core.LaunchConfiguration.launch(LaunchConfiguration.java:707)
	at org.eclipse.debug.internal.ui.DebugUIPlugin.buildAndLaunch(DebugUIPlugin.java:1018)
	at org.eclipse.debug.internal.ui.DebugUIPlugin$8.run(DebugUIPlugin.java:1222)
	at org.eclipse.core.internal.jobs.Worker.run(Worker.java:53)
11:59:39 ERROR : Unexpected error while parsing XMD response ?: com.google.gson.JsonSyntaxException: com.google.gson.stream.MalformedJsonException: invalid number or unquoted string near 
11:59:59 INFO  : Launching XSDB server: xsdb.bat E:/ProgramFiles/Xilinx/SDK/2015.4/scripts/xsdb/xsdb/xsdb-server.tcl
12:00:03 INFO  : XSDB server has started successfully.
12:00:04 INFO  : Restoring local repository preferences: 
		 .\SwRepo
12:00:04 INFO  : Processing command line option -hwspec E:/projects/xilinix/master_repo/LAB_AEP/Projects/fmc_imageon_gs/ZEDBOARD/fmc_imageon_gs.sdk/fmc_imageon_gs_wrapper.hdf.
12:00:04 INFO  : Checking for hwspec changes in the project fmc_imageon_gs_wrapper_hw_platform_0.
12:00:29 INFO  : Processor reset is completed for ps7_cortexa9_0
12:02:49 INFO  : Processor reset is completed for ps7_cortexa9_0
12:06:24 INFO  : ps7_cortexa9_0 Processor is in use. Please stop existing Run or Debug sessions before launching.
12:06:26 INFO  : Processor reset is completed for ps7_cortexa9_0
12:08:37 INFO  : ps7_cortexa9_0 Processor is in use. Please stop existing Run or Debug sessions before launching.
12:08:39 INFO  : Processor reset is completed for ps7_cortexa9_0
12:09:27 INFO  : ps7_cortexa9_0 Processor is in use. Please stop existing Run or Debug sessions before launching.
12:09:29 INFO  : Processor reset is completed for ps7_cortexa9_0
12:12:55 INFO  : ps7_cortexa9_0 Processor is in use. Please stop existing Run or Debug sessions before launching.
12:12:57 INFO  : Processor reset is completed for ps7_cortexa9_0
12:13:20 INFO  : ps7_cortexa9_0 Processor is in use. Please stop existing Run or Debug sessions before launching.
12:13:21 INFO  : Processor reset is completed for ps7_cortexa9_0
12:18:41 INFO  : Processor reset is completed for ps7_cortexa9_0
12:29:38 INFO  : ps7_cortexa9_0 Processor is in use. Please stop existing Run or Debug sessions before launching.
12:29:41 INFO  : Processor reset is completed for ps7_cortexa9_0
12:30:51 INFO  : ps7_cortexa9_0 Processor is in use. Please stop existing Run or Debug sessions before launching.
12:30:54 INFO  : Processor reset is completed for ps7_cortexa9_0
12:31:36 INFO  : ps7_cortexa9_0 Processor is in use. Please stop existing Run or Debug sessions before launching.
12:31:38 INFO  : Processor reset is completed for ps7_cortexa9_0
12:34:57 INFO  : Processor reset is completed for ps7_cortexa9_0
12:35:21 INFO  : ps7_cortexa9_0 Processor is in use. Please stop existing Run or Debug sessions before launching.
12:35:23 INFO  : Processor reset is completed for ps7_cortexa9_0
12:35:51 INFO  : ps7_cortexa9_0 Processor is in use. Please stop existing Run or Debug sessions before launching.
12:35:53 INFO  : Processor reset is completed for ps7_cortexa9_0
12:37:16 INFO  : Processor reset is completed for ps7_cortexa9_0
12:42:05 INFO  : Processor reset is completed for ps7_cortexa9_0
12:42:36 INFO  : ps7_cortexa9_0 Processor is in use. Please stop existing Run or Debug sessions before launching.
12:42:40 INFO  : Processor reset is completed for ps7_cortexa9_0
12:45:56 INFO  : ps7_cortexa9_0 Processor is in use. Please stop existing Run or Debug sessions before launching.
12:48:24 INFO  : ps7_cortexa9_0 Processor is in use. Please stop existing Run or Debug sessions before launching.
12:48:26 INFO  : Processor reset is completed for ps7_cortexa9_0
12:49:12 INFO  : ps7_cortexa9_0 Processor is in use. Please stop existing Run or Debug sessions before launching.
12:49:19 ERROR : Unexpected error while launching program.
java.lang.RuntimeException: Error in Resetting Target

    Could not stop the processor after reset


	at com.xilinx.sdk.targetmanager.internal.TM.doProcessorReset(TM.java:1011)
	at com.xilinx.sdk.debug.core.XilinxAppLaunchConfigurationDelegate.runTargetSetup(XilinxAppLaunchConfigurationDelegate.java:534)
	at com.xilinx.sdk.debug.core.XilinxAppLaunchConfigurationDelegate.debugApplication(XilinxAppLaunchConfigurationDelegate.java:701)
	at com.xilinx.sdk.debug.core.XilinxAppLaunchConfigurationDelegate.launch(XilinxAppLaunchConfigurationDelegate.java:311)
	at com.xilinx.sdk.debug.ui.XilinxAppLaunchDelegateWrapper.launch(XilinxAppLaunchDelegateWrapper.java:31)
	at org.eclipse.debug.internal.core.LaunchConfiguration.launch(LaunchConfiguration.java:858)
	at org.eclipse.debug.internal.core.LaunchConfiguration.launch(LaunchConfiguration.java:707)
	at org.eclipse.debug.internal.ui.DebugUIPlugin.buildAndLaunch(DebugUIPlugin.java:1018)
	at org.eclipse.debug.internal.ui.DebugUIPlugin$8.run(DebugUIPlugin.java:1222)
	at org.eclipse.core.internal.jobs.Worker.run(Worker.java:53)
12:49:30 INFO  : Connected to target on host '127.0.0.1' and port '3121'.
12:49:32 INFO  : 'targets -set -filter {jtag_cable_name =~ "Digilent Zed 210248570626" && level==0} -index 1' command is executed.
12:49:32 ERROR : Cannot find memory context of target ARM_DAP
12:49:48 INFO  : Connected to target on host '127.0.0.1' and port '3121'.
12:49:48 INFO  : 'targets -set -filter {jtag_cable_name =~ "Digilent Zed 210248570626" && level==0} -index 1' command is executed.
12:49:51 INFO  : FPGA configured successfully with bitstream "E:/projects/xilinix/master_repo/LAB_AEP/Projects/fmc_imageon_gs/ZEDBOARD/fmc_imageon_gs.sdk/fmc_imageon_gs_wrapper_hw_platform_0/fmc_imageon_gs_wrapper.bit"
12:49:58 INFO  : ps7_init is completed.
12:49:58 INFO  : ps7_post_config is completed.
12:49:58 INFO  : Processor reset is completed for ps7_cortexa9_0
12:54:17 ERROR : Unexpected error while launching program.
java.lang.RuntimeException: Error in Resetting Target

    Could not stop the processor after reset


	at com.xilinx.sdk.targetmanager.internal.TM.doProcessorReset(TM.java:1011)
	at com.xilinx.sdk.debug.core.XilinxAppLaunchConfigurationDelegate.runTargetSetup(XilinxAppLaunchConfigurationDelegate.java:534)
	at com.xilinx.sdk.debug.core.XilinxAppLaunchConfigurationDelegate.debugApplication(XilinxAppLaunchConfigurationDelegate.java:701)
	at com.xilinx.sdk.debug.core.XilinxAppLaunchConfigurationDelegate.launch(XilinxAppLaunchConfigurationDelegate.java:311)
	at com.xilinx.sdk.debug.ui.XilinxAppLaunchDelegateWrapper.launch(XilinxAppLaunchDelegateWrapper.java:31)
	at org.eclipse.debug.internal.core.LaunchConfiguration.launch(LaunchConfiguration.java:858)
	at org.eclipse.debug.internal.core.LaunchConfiguration.launch(LaunchConfiguration.java:707)
	at org.eclipse.debug.internal.ui.DebugUIPlugin.buildAndLaunch(DebugUIPlugin.java:1018)
	at org.eclipse.debug.internal.ui.DebugUIPlugin$8.run(DebugUIPlugin.java:1222)
	at org.eclipse.core.internal.jobs.Worker.run(Worker.java:53)
12:54:24 INFO  : Connected to target on host '127.0.0.1' and port '3121'.
12:54:24 INFO  : 'targets -set -filter {jtag_cable_name =~ "Digilent Zed 210248570626" && level==0} -index 1' command is executed.
12:54:24 ERROR : Error occured during Prog B register check
12:54:37 INFO  : Connected to target on host '127.0.0.1' and port '3121'.
12:54:38 INFO  : 'targets -set -filter {jtag_cable_name =~ "Digilent Zed 210248570626" && level==0} -index 1' command is executed.
12:54:41 INFO  : FPGA configured successfully with bitstream "E:/projects/xilinix/master_repo/LAB_AEP/Projects/fmc_imageon_gs/ZEDBOARD/fmc_imageon_gs.sdk/fmc_imageon_gs_wrapper_hw_platform_0/fmc_imageon_gs_wrapper.bit"
12:55:14 INFO  : ps7_init is completed.
12:55:14 INFO  : ps7_post_config is completed.
12:55:15 INFO  : Processor reset is completed for ps7_cortexa9_0
12:56:19 INFO  : ps7_cortexa9_0 Processor is in use. Please stop existing Run or Debug sessions before launching.
12:56:21 INFO  : Processor reset is completed for ps7_cortexa9_0
12:58:22 INFO  : ps7_cortexa9_0 Processor is in use. Please stop existing Run or Debug sessions before launching.
12:58:25 INFO  : Processor reset is completed for ps7_cortexa9_0
12:59:01 INFO  : ps7_cortexa9_0 Processor is in use. Please stop existing Run or Debug sessions before launching.
12:59:04 INFO  : Processor reset is completed for ps7_cortexa9_0
12:59:43 INFO  : ps7_cortexa9_0 Processor is in use. Please stop existing Run or Debug sessions before launching.
12:59:45 INFO  : Processor reset is completed for ps7_cortexa9_0
13:24:29 ERROR : Unexpected error while fetching XMD's response: 
java.net.SocketException: Connection reset
	at java.net.SocketInputStream.read(SocketInputStream.java:209)
	at java.net.SocketInputStream.read(SocketInputStream.java:141)
	at sun.nio.cs.StreamDecoder.readBytes(StreamDecoder.java:284)
	at sun.nio.cs.StreamDecoder.implRead(StreamDecoder.java:326)
	at sun.nio.cs.StreamDecoder.read(StreamDecoder.java:178)
	at java.io.InputStreamReader.read(InputStreamReader.java:184)
	at java.io.BufferedReader.fill(BufferedReader.java:161)
	at java.io.BufferedReader.read(BufferedReader.java:182)
	at com.xilinx.sdk.targetmanager.internal.json.XMDJSONProcess$CommandResultsReader.run(XMDJSONProcess.java:332)
	at java.lang.Thread.run(Thread.java:745)
13:24:29 ERROR : Zero sized response read from XMD. This indicates a communication error or a programming error.
13:25:29 INFO  : Time out for XMD transaction is 60000
If you want to increase the timeout value, goto Windows-> Preferences -> Xilinx SDK -> XMD Startup
13:25:29 ERROR : Timeout occured while waiting to get reply for command "xconnect arm hw -cable type xilinx_tcf url TCP:127.0.0.1:3121 -debugdevice cpunr 2"
13:25:29 ERROR : Unexpected error while launching program.
com.xilinx.sdk.targetmanager.TMException: 
	at com.xilinx.sdk.targetmanager.internal.TM.connectToProcessor(TM.java:484)
	at com.xilinx.sdk.debug.core.XilinxAppLaunchConfigurationDelegate.runTargetSetup(XilinxAppLaunchConfigurationDelegate.java:503)
	at com.xilinx.sdk.debug.core.XilinxAppLaunchConfigurationDelegate.runApplication(XilinxAppLaunchConfigurationDelegate.java:616)
	at com.xilinx.sdk.debug.core.XilinxAppLaunchConfigurationDelegate.launch(XilinxAppLaunchConfigurationDelegate.java:309)
	at com.xilinx.sdk.debug.ui.XilinxAppLaunchDelegateWrapper.launch(XilinxAppLaunchDelegateWrapper.java:31)
	at org.eclipse.debug.internal.core.LaunchConfiguration.launch(LaunchConfiguration.java:858)
	at org.eclipse.debug.internal.core.LaunchConfiguration.launch(LaunchConfiguration.java:707)
	at org.eclipse.debug.internal.ui.DebugUIPlugin.buildAndLaunch(DebugUIPlugin.java:1018)
	at org.eclipse.debug.internal.ui.DebugUIPlugin$8.run(DebugUIPlugin.java:1222)
	at org.eclipse.core.internal.jobs.Worker.run(Worker.java:53)
13:25:47 INFO  : Connected to target on host '127.0.0.1' and port '3121'.
13:25:48 INFO  : 'targets -set -filter {jtag_cable_name =~ "Digilent Zed 210248570626" && level==0} -index 1' command is executed.
13:25:50 INFO  : FPGA configured successfully with bitstream "E:/projects/xilinix/master_repo/LAB_AEP/Projects/fmc_imageon_gs/ZEDBOARD/fmc_imageon_gs.sdk/fmc_imageon_gs_wrapper_hw_platform_0/fmc_imageon_gs_wrapper.bit"
13:25:56 ERROR : Unexpected error while issuing command {"command": "xfpga_isconfigured -cable type xilinx_tcf url TCP:127.0.0.1:3121 "} to XMD: java.net.SocketException: Connection reset by peer: socket write error
13:25:56 ERROR : Checking FPGA configuration failed..
13:25:56 ERROR : Unexpected error while launching program.
com.xilinx.sdk.targetmanager.TMException: 
	at com.xilinx.sdk.targetmanager.internal.TM.isFPGAConfigured(TM.java:374)
	at com.xilinx.sdk.debug.core.XilinxAppLaunchConfigurationDelegate.isFpgaConfigured(XilinxAppLaunchConfigurationDelegate.java:409)
	at com.xilinx.sdk.debug.core.XilinxAppLaunchConfigurationDelegate.launch(XilinxAppLaunchConfigurationDelegate.java:303)
	at com.xilinx.sdk.debug.ui.XilinxAppLaunchDelegateWrapper.launch(XilinxAppLaunchDelegateWrapper.java:31)
	at org.eclipse.debug.internal.core.LaunchConfiguration.launch(LaunchConfiguration.java:858)
	at org.eclipse.debug.internal.core.LaunchConfiguration.launch(LaunchConfiguration.java:707)
	at org.eclipse.debug.internal.ui.DebugUIPlugin.buildAndLaunch(DebugUIPlugin.java:1018)
	at org.eclipse.debug.internal.ui.DebugUIPlugin$8.run(DebugUIPlugin.java:1222)
	at org.eclipse.core.internal.jobs.Worker.run(Worker.java:53)
13:26:32 INFO  : Refreshed build settings on project Network_core_2
13:27:33 ERROR : Unexpected error while issuing command {"command": "xfpga_isconfigured -cable type xilinx_tcf url TCP:127.0.0.1:3121 "} to XMD: java.net.SocketException: Connection reset by peer: socket write error
13:27:33 ERROR : Checking FPGA configuration failed..
13:27:33 ERROR : Unexpected error while launching program.
com.xilinx.sdk.targetmanager.TMException: 
	at com.xilinx.sdk.targetmanager.internal.TM.isFPGAConfigured(TM.java:374)
	at com.xilinx.sdk.debug.core.XilinxAppLaunchConfigurationDelegate.isFpgaConfigured(XilinxAppLaunchConfigurationDelegate.java:409)
	at com.xilinx.sdk.debug.core.XilinxAppLaunchConfigurationDelegate.launch(XilinxAppLaunchConfigurationDelegate.java:303)
	at com.xilinx.sdk.debug.ui.XilinxAppLaunchDelegateWrapper.launch(XilinxAppLaunchDelegateWrapper.java:31)
	at org.eclipse.debug.internal.core.LaunchConfiguration.launch(LaunchConfiguration.java:858)
	at org.eclipse.debug.internal.core.LaunchConfiguration.launch(LaunchConfiguration.java:707)
	at org.eclipse.debug.internal.ui.DebugUIPlugin.buildAndLaunch(DebugUIPlugin.java:1018)
	at org.eclipse.debug.internal.ui.DebugUIPlugin$8.run(DebugUIPlugin.java:1222)
	at org.eclipse.core.internal.jobs.Worker.run(Worker.java:53)
13:54:28 INFO  : Refreshed build settings on project Network_core_2
12:18:01 INFO  : Launching XSDB server: xsdb.bat E:/ProgramFiles/Xilinx/SDK/2015.4/scripts/xsdb/xsdb/xsdb-server.tcl
12:18:09 INFO  : XSDB server has started successfully.
12:18:16 INFO  : Restoring local repository preferences: 
		 .\SwRepo
12:18:16 INFO  : Processing command line option -hwspec E:/projects/xilinix/master_repo/LAB_AEP/Projects/fmc_imageon_gs/ZEDBOARD/fmc_imageon_gs.sdk/fmc_imageon_gs_wrapper.hdf.
12:18:17 INFO  : Checking for hwspec changes in the project fmc_imageon_gs_wrapper_hw_platform_0.
