#
# A fatal error has been detected by the Java Runtime Environment:
#
#  EXCEPTION_UNCAUGHT_CXX_EXCEPTION (0xe06d7363) at pc=0x00007ff81a10606c, pid=6540, tid=8984
#
# JRE version: Java(TM) SE Runtime Environment (8.0_45-b15) (build 1.8.0_45-b15)
# Java VM: Java HotSpot(TM) 64-Bit Server VM (25.45-b02 mixed mode windows-amd64 compressed oops)
# Problematic frame:
# C  [KERNELBASE.dll+0x606c]
#
# Failed to write core dump. Minidumps are not enabled by default on client versions of Windows
#
# If you would like to submit a bug report, please visit:
#   http://bugreport.java.com/bugreport/crash.jsp
#

---------------  T H R E A D  ---------------

Current thread (0x0000000013677000):  VMThread [stack: 0x0000000014710000,0x0000000014810000] [id=8984]

siginfo: ExceptionCode=0xe06d7363, ExceptionInformation=0x0000000019930520 0x000000001480f588 0x00007ff80fb42cb8 0x00007ff80fa90000 

Registers:
RAX=0x0000000000000000, RBX=0x00007ff80fb42cb8, RCX=0x000000001480eeb0, RDX=0x00007ff81cc968eb
RSP=0x000000001480f3d0, RBP=0x000000001480f510, RSI=0x00000000ffffffff, RDI=0x0000000000247710
R8 =0x000000001480f008, R9 =0x0000000000000000, R10=0x0000000000000000, R11=0x000000001480f321
R12=0x0000000000000001, R13=0x0000000000000008, R14=0x0000000000000000, R15=0xffffffffffffffff
RIP=0x00007ff81a10606c, EFLAGS=0x0000000000000202

Top of Stack: (sp=0x000000001480f3d0)
0x000000001480f3d0:   00000000001b02fc 00007ff80fb42cb8
0x000000001480f3e0:   00000000ffffffff 0000000000247710
0x000000001480f3f0:   00000001e06d7363 0000000000000000
0x000000001480f400:   00007ff81a10606c 0000000000000004
0x000000001480f410:   0000000019930520 000000001480f588
0x000000001480f420:   00007ff80fb42cb8 00007ff80fa90000
0x000000001480f430:   0000000000000000 0000000022867ac0
0x000000001480f440:   0000000000000000 0000000000000000
0x000000001480f450:   0000000000000000 000000001480f6c0
0x000000001480f460:   ffffffffffffffff 0000000000000001
0x000000001480f470:   0000000000008008 0000000000000000
0x000000001480f480:   ffffffffffffffff 0000000000000000
0x000000001480f490:   000088a4b44d1306 00000000ffffffff
0x000000001480f4a0:   00007ff80fb42cb8 00007ff80faee92c
0x000000001480f4b0:   00000000c0000001 000000001480f520
0x000000001480f4c0:   0000000000000001 0000000000000000 

Instructions: (pc=0x00007ff81a10606c)
0x00007ff81a10604c:   44 3b c0 44 0f 47 c0 44 89 44 24 38 49 c1 e0 03
0x00007ff81a10605c:   e8 cb b5 ff ff 48 8d 4c 24 20 ff 15 fc e5 0f 00
0x00007ff81a10606c:   48 8b 8c 24 c0 00 00 00 48 33 cc e8 84 b3 ff ff
0x00007ff81a10607c:   48 81 c4 d8 00 00 00 c3 90 90 90 90 90 90 90 90 


Register to memory mapping:

RAX=0x0000000000000000 is an unknown value
RBX=0x00007ff80fb42cb8 is an unknown value
RCX=0x000000001480eeb0 is an unknown value
RDX=0x00007ff81cc968eb is an unknown value
RSP=0x000000001480f3d0 is an unknown value
RBP=0x000000001480f510 is an unknown value
RSI=0x00000000ffffffff is an unallocated location in the heap
RDI=0x0000000000247710 is an unknown value
R8 =0x000000001480f008 is an unknown value
R9 =0x0000000000000000 is an unknown value
R10=0x0000000000000000 is an unknown value
R11=0x000000001480f321 is an unknown value
R12=0x0000000000000001 is an unknown value
R13=0x0000000000000008 is an unknown value
R14=0x0000000000000000 is an unknown value
R15=0xffffffffffffffff is an unknown value


Stack: [0x0000000014710000,0x0000000014810000],  sp=0x000000001480f3d0,  free space=1020k
Native frames: (J=compiled Java code, j=interpreted, Vv=VM code, C=native code)
C  [KERNELBASE.dll+0x606c]
C  [MSVCR110.dll+0x5e92c]
C  [MSVCR110.dll+0x1315c]
C  [MSVCR110.dll+0x136a9]
C  [MSVCR110.dll+0x13e9c]
C  [MSVCR110.dll+0x239e]
C  [MSVCR110.dll+0xaf9e]
C  [MSVCP110.dll+0x397b9]
C  [librdi_common.dll+0x14283e]
C  [librdi_common.dll+0x141449]
C  [librdi_target_manager.dll+0x2400]
C  [librdi_target_manager.dll+0x2682]
C  [ntdll.dll+0x231dd]
C  [ntdll.dll+0x2160a]
C  [ntdll.dll+0x6b5ec]
C  [KERNEL32.DLL+0x4d56]
C  [MSVCR100.dll+0x20ccd]
V  [jvm.dll+0x20f135]
V  [jvm.dll+0x247ef7]
V  [jvm.dll+0x247196]
V  [jvm.dll+0x247631]
V  [jvm.dll+0x24784e]
V  [jvm.dll+0x29853a]
C  [MSVCR100.dll+0x21d9f]
C  [MSVCR100.dll+0x21e3b]
C  [KERNEL32.DLL+0x16ad]
C  [ntdll.dll+0x54409]

VM_Operation (0x000000000013f500): Exit, mode: safepoint, requested by thread 0x0000000002153800


---------------  P R O C E S S  ---------------

Java Threads: ( => current thread )
  0x000000001d1af000 JavaThread "Spawner Reaper" daemon [_thread_in_native, id=9260, stack(0x000000001db10000,0x000000001dc10000)]
  0x000000001d1ae000 JavaThread "pool-2-thread-1" [_thread_blocked, id=5448, stack(0x0000000026db0000,0x0000000026eb0000)]
  0x000000001d1aa800 JavaThread "Thread-19" daemon [_thread_blocked, id=10008, stack(0x0000000026470000,0x0000000026570000)]
  0x000000001c796800 JavaThread "TCF Locator DNS Lookup" daemon [_thread_blocked, id=14588, stack(0x00000000205c0000,0x00000000206c0000)]
  0x000000001c796000 JavaThread "TCF Locator Timer" daemon [_thread_blocked, id=6820, stack(0x00000000204c0000,0x00000000205c0000)]
  0x0000000015c9f800 JavaThread "TCF Locator Receiver" daemon [_thread_in_native, id=9964, stack(0x00000000203c0000,0x00000000204c0000)]
  0x0000000015ca3800 JavaThread "TCF Timer Dispatcher" daemon [_thread_blocked, id=11624, stack(0x000000001fe20000,0x000000001ff20000)]
  0x0000000016238800 JavaThread "EMF Reference Cleaner" daemon [_thread_blocked, id=16456, stack(0x00000000179d0000,0x0000000017ad0000)]
  0x000000001370e800 JavaThread "Service Thread" daemon [_thread_blocked, id=2152, stack(0x0000000015310000,0x0000000015410000)]
  0x0000000013708800 JavaThread "C1 CompilerThread2" daemon [_thread_blocked, id=14668, stack(0x0000000015210000,0x0000000015310000)]
  0x0000000013705800 JavaThread "C2 CompilerThread1" daemon [_thread_blocked, id=16956, stack(0x0000000015110000,0x0000000015210000)]
  0x00000000136ff800 JavaThread "C2 CompilerThread0" daemon [_thread_blocked, id=5612, stack(0x0000000014c10000,0x0000000014d10000)]
  0x00000000136fc000 JavaThread "Attach Listener" daemon [_thread_blocked, id=10724, stack(0x0000000014b10000,0x0000000014c10000)]
  0x00000000136fb800 JavaThread "Signal Dispatcher" daemon [_thread_blocked, id=15544, stack(0x0000000014a10000,0x0000000014b10000)]
  0x0000000002248800 JavaThread "Finalizer" daemon [_thread_blocked, id=16796, stack(0x0000000014910000,0x0000000014a10000)]
  0x0000000013679800 JavaThread "Reference Handler" daemon [_thread_blocked, id=5940, stack(0x0000000014810000,0x0000000014910000)]
  0x0000000002153800 JavaThread "main" [_thread_blocked, id=12664, stack(0x0000000000040000,0x0000000000140000)]

Other Threads:
=>0x0000000013677000 VMThread [stack: 0x0000000014710000,0x0000000014810000] [id=8984]

VM state:at safepoint (shutting down)

VM Mutex/Monitor currently owned by a thread:  ([mutex/lock_event])
[0x0000000002150bd0] Threads_lock - owner thread: 0x0000000013677000

Heap:
 PSYoungGen      total 108544K, used 97955K [0x00000000f5580000, 0x00000000fee80000, 0x0000000100000000)
  eden space 82432K, 87% used [0x00000000f5580000,0x00000000f9bb0a88,0x00000000fa600000)
  from space 26112K, 99% used [0x00000000fa600000,0x00000000fbf78318,0x00000000fbf80000)
  to   space 32256K, 0% used [0x00000000fcf00000,0x00000000fcf00000,0x00000000fee80000)
 ParOldGen       total 108032K, used 47252K [0x00000000e0000000, 0x00000000e6980000, 0x00000000f5580000)
  object space 108032K, 43% used [0x00000000e0000000,0x00000000e2e252a0,0x00000000e6980000)
 Metaspace       used 80182K, capacity 87050K, committed 87168K, reserved 1124352K
  class space    used 9997K, capacity 12099K, committed 12160K, reserved 1048576K

Card table byte_map: [0x0000000011650000,0x0000000011760000] byte_map_base: 0x0000000010f50000

Marking Bits: (ParMarkBitMap*) 0x0000000068404040
 Begin Bits: [0x0000000011c10000, 0x0000000012410000)
 End Bits:   [0x0000000012410000, 0x0000000012c10000)

Polling page: 0x00000000003f0000

CodeCache: size=245760Kb used=28534Kb max_used=28574Kb free=217225Kb
 bounds [0x0000000002290000, 0x0000000003eb0000, 0x0000000011290000]
 total_blobs=8650 nmethods=7803 adapters=755
 compilation: enabled

Compilation events (10 events):
Event: 352.770 Thread 0x0000000013708800 9467   !   3       org.eclipse.osgi.internal.baseadaptor.BaseStorage::compact (215 bytes)
Event: 352.774 Thread 0x0000000013708800 nmethod 9467 0x0000000003684350 code [0x00000000036847a0, 0x0000000003686c68]
Event: 352.812 Thread 0x00000000136ff800 9468       4       java.io.WinNTFileSystem::resolve (231 bytes)
Event: 352.825 Thread 0x00000000136ff800 nmethod 9468 0x0000000003cd2890 code [0x0000000003cd2a20, 0x0000000003cd32b8]
Event: 352.877 Thread 0x0000000013705800 9469       4       java.io.File::isDirectory (43 bytes)
Event: 352.884 Thread 0x0000000013705800 nmethod 9469 0x000000000244c250 code [0x000000000244c3a0, 0x000000000244c5a8]
Event: 352.894 Thread 0x00000000136ff800 9470       4       java.io.File::<init> (113 bytes)
Event: 352.900 Thread 0x00000000136ff800 nmethod 9470 0x00000000034dea50 code [0x00000000034debc0, 0x00000000034defb8]
Event: 352.905 Thread 0x0000000013708800 9471       3       org.eclipse.osgi.framework.internal.core.AbstractBundle::close (52 bytes)
Event: 352.907 Thread 0x0000000013708800 nmethod 9471 0x0000000003cd13d0 code [0x0000000003cd1600, 0x0000000003cd2308]

GC Heap History (10 events):
Event: 12.298 GC heap before
{Heap before GC invocations=12 (full 3):
 PSYoungGen      total 78848K, used 16360K [0x00000000f5580000, 0x00000000fc580000, 0x0000000100000000)
  eden space 62464K, 0% used [0x00000000f5580000,0x00000000f5580000,0x00000000f9280000)
  from space 16384K, 99% used [0x00000000f9280000,0x00000000fa27a290,0x00000000fa280000)
  to   space 20480K, 0% used [0x00000000fb180000,0x00000000fb180000,0x00000000fc580000)
 ParOldGen       total 74240K, used 26997K [0x00000000e0000000, 0x00000000e4880000, 0x00000000f5580000)
  object space 74240K, 36% used [0x00000000e0000000,0x00000000e1a5d420,0x00000000e4880000)
 Metaspace       used 55251K, capacity 59124K, committed 59136K, reserved 1099776K
  class space    used 6900K, capacity 8180K, committed 8192K, reserved 1048576K
Event: 12.649 GC heap after
Heap after GC invocations=12 (full 3):
 PSYoungGen      total 78848K, used 0K [0x00000000f5580000, 0x00000000fc580000, 0x0000000100000000)
  eden space 62464K, 0% used [0x00000000f5580000,0x00000000f5580000,0x00000000f9280000)
  from space 16384K, 0% used [0x00000000f9280000,0x00000000f9280000,0x00000000fa280000)
  to   space 20480K, 0% used [0x00000000fb180000,0x00000000fb180000,0x00000000fc580000)
 ParOldGen       total 108032K, used 39509K [0x00000000e0000000, 0x00000000e6980000, 0x00000000f5580000)
  object space 108032K, 36% used [0x00000000e0000000,0x00000000e26957b0,0x00000000e6980000)
 Metaspace       used 55251K, capacity 59124K, committed 59136K, reserved 1099776K
  class space    used 6900K, capacity 8180K, committed 8192K, reserved 1048576K
}
Event: 14.359 GC heap before
{Heap before GC invocations=13 (full 3):
 PSYoungGen      total 78848K, used 62464K [0x00000000f5580000, 0x00000000fc580000, 0x0000000100000000)
  eden space 62464K, 100% used [0x00000000f5580000,0x00000000f9280000,0x00000000f9280000)
  from space 16384K, 0% used [0x00000000f9280000,0x00000000f9280000,0x00000000fa280000)
  to   space 20480K, 0% used [0x00000000fb180000,0x00000000fb180000,0x00000000fc580000)
 ParOldGen       total 108032K, used 39509K [0x00000000e0000000, 0x00000000e6980000, 0x00000000f5580000)
  object space 108032K, 36% used [0x00000000e0000000,0x00000000e26957b0,0x00000000e6980000)
 Metaspace       used 59934K, capacity 64236K, committed 64512K, reserved 1105920K
  class space    used 7536K, capacity 8864K, committed 8960K, reserved 1048576K
Event: 14.399 GC heap after
Heap after GC invocations=13 (full 3):
 PSYoungGen      total 94208K, used 12059K [0x00000000f5580000, 0x00000000fc500000, 0x0000000100000000)
  eden space 74240K, 0% used [0x00000000f5580000,0x00000000f5580000,0x00000000f9e00000)
  from space 19968K, 60% used [0x00000000fb180000,0x00000000fbd46e88,0x00000000fc500000)
  to   space 19968K, 0% used [0x00000000f9e00000,0x00000000f9e00000,0x00000000fb180000)
 ParOldGen       total 108032K, used 39517K [0x00000000e0000000, 0x00000000e6980000, 0x00000000f5580000)
  object space 108032K, 36% used [0x00000000e0000000,0x00000000e26977b0,0x00000000e6980000)
 Metaspace       used 59934K, capacity 64236K, committed 64512K, reserved 1105920K
  class space    used 7536K, capacity 8864K, committed 8960K, reserved 1048576K
}
Event: 44.864 GC heap before
{Heap before GC invocations=14 (full 3):
 PSYoungGen      total 94208K, used 86299K [0x00000000f5580000, 0x00000000fc500000, 0x0000000100000000)
  eden space 74240K, 100% used [0x00000000f5580000,0x00000000f9e00000,0x00000000f9e00000)
  from space 19968K, 60% used [0x00000000fb180000,0x00000000fbd46e88,0x00000000fc500000)
  to   space 19968K, 0% used [0x00000000f9e00000,0x00000000f9e00000,0x00000000fb180000)
 ParOldGen       total 108032K, used 39517K [0x00000000e0000000, 0x00000000e6980000, 0x00000000f5580000)
  object space 108032K, 36% used [0x00000000e0000000,0x00000000e26977b0,0x00000000e6980000)
 Metaspace       used 67192K, capacity 72340K, committed 72448K, reserved 1112064K
  class space    used 8499K, capacity 10134K, committed 10240K, reserved 1048576K
Event: 44.896 GC heap after
Heap after GC invocations=14 (full 3):
 PSYoungGen      total 94208K, used 19964K [0x00000000f5580000, 0x00000000fd600000, 0x0000000100000000)
  eden space 74240K, 0% used [0x00000000f5580000,0x00000000f5580000,0x00000000f9e00000)
  from space 19968K, 99% used [0x00000000f9e00000,0x00000000fb17f0b8,0x00000000fb180000)
  to   space 23040K, 0% used [0x00000000fbf80000,0x00000000fbf80000,0x00000000fd600000)
 ParOldGen       total 108032K, used 40329K [0x00000000e0000000, 0x00000000e6980000, 0x00000000f5580000)
  object space 108032K, 37% used [0x00000000e0000000,0x00000000e27625a8,0x00000000e6980000)
 Metaspace       used 67192K, capacity 72340K, committed 72448K, reserved 1112064K
  class space    used 8499K, capacity 10134K, committed 10240K, reserved 1048576K
}
Event: 53.479 GC heap before
{Heap before GC invocations=15 (full 3):
 PSYoungGen      total 94208K, used 94204K [0x00000000f5580000, 0x00000000fd600000, 0x0000000100000000)
  eden space 74240K, 100% used [0x00000000f5580000,0x00000000f9e00000,0x00000000f9e00000)
  from space 19968K, 99% used [0x00000000f9e00000,0x00000000fb17f0b8,0x00000000fb180000)
  to   space 23040K, 0% used [0x00000000fbf80000,0x00000000fbf80000,0x00000000fd600000)
 ParOldGen       total 108032K, used 40329K [0x00000000e0000000, 0x00000000e6980000, 0x00000000f5580000)
  object space 108032K, 37% used [0x00000000e0000000,0x00000000e27625a8,0x00000000e6980000)
 Metaspace       used 69736K, capacity 75072K, committed 75264K, reserved 1114112K
  class space    used 8730K, capacity 10414K, committed 10496K, reserved 1048576K
Event: 53.547 GC heap after
Heap after GC invocations=15 (full 3):
 PSYoungGen      total 105472K, used 22379K [0x00000000f5580000, 0x00000000fdb00000, 0x0000000100000000)
  eden space 82432K, 0% used [0x00000000f5580000,0x00000000f5580000,0x00000000fa600000)
  from space 23040K, 97% used [0x00000000fbf80000,0x00000000fd55af10,0x00000000fd600000)
  to   space 26112K, 0% used [0x00000000fa600000,0x00000000fa600000,0x00000000fbf80000)
 ParOldGen       total 108032K, used 40337K [0x00000000e0000000, 0x00000000e6980000, 0x00000000f5580000)
  object space 108032K, 37% used [0x00000000e0000000,0x00000000e27645a8,0x00000000e6980000)
 Metaspace       used 69736K, capacity 75072K, committed 75264K, reserved 1114112K
  class space    used 8730K, capacity 10414K, committed 10496K, reserved 1048576K
}
Event: 86.034 GC heap before
{Heap before GC invocations=16 (full 3):
 PSYoungGen      total 105472K, used 104811K [0x00000000f5580000, 0x00000000fdb00000, 0x0000000100000000)
  eden space 82432K, 100% used [0x00000000f5580000,0x00000000fa600000,0x00000000fa600000)
  from space 23040K, 97% used [0x00000000fbf80000,0x00000000fd55af10,0x00000000fd600000)
  to   space 26112K, 0% used [0x00000000fa600000,0x00000000fa600000,0x00000000fbf80000)
 ParOldGen       total 108032K, used 40337K [0x00000000e0000000, 0x00000000e6980000, 0x00000000f5580000)
  object space 108032K, 37% used [0x00000000e0000000,0x00000000e27645a8,0x00000000e6980000)
 Metaspace       used 77615K, capacity 83948K, committed 84224K, reserved 1122304K
  class space    used 9728K, capacity 11694K, committed 11776K, reserved 1048576K
Event: 86.094 GC heap after
Heap after GC invocations=16 (full 3):
 PSYoungGen      total 108544K, used 26080K [0x00000000f5580000, 0x00000000fee80000, 0x0000000100000000)
  eden space 82432K, 0% used [0x00000000f5580000,0x00000000f5580000,0x00000000fa600000)
  from space 26112K, 99% used [0x00000000fa600000,0x00000000fbf78318,0x00000000fbf80000)
  to   space 32256K, 0% used [0x00000000fcf00000,0x00000000fcf00000,0x00000000fee80000)
 ParOldGen       total 108032K, used 47252K [0x00000000e0000000, 0x00000000e6980000, 0x00000000f5580000)
  object space 108032K, 43% used [0x00000000e0000000,0x00000000e2e252a0,0x00000000e6980000)
 Metaspace       used 77615K, capacity 83948K, committed 84224K, reserved 1122304K
  class space    used 9728K, capacity 11694K, committed 11776K, reserved 1048576K
}

Deoptimization events (10 events):
Event: 351.502 Thread 0x0000000002153800 Uncommon trap: reason=class_check action=maybe_recompile pc=0x0000000003df559c method=org.eclipse.e4.core.internal.contexts.TrackableComputationExt.update(Lorg/eclipse/e4/core/internal/contexts/ContextChangeEvent;)Z @ 62
Event: 351.502 Thread 0x0000000002153800 Uncommon trap: reason=class_check action=maybe_recompile pc=0x0000000003de3a34 method=org.eclipse.e4.core.internal.contexts.ContextObjectSupplier$ContextInjectionListener.update(Lorg/eclipse/e4/core/contexts/IEclipseContext;I[Ljava/lang/Object;)Z @ 173
Event: 351.502 Thread 0x0000000002153800 Uncommon trap: reason=class_check action=maybe_recompile pc=0x0000000003df559c method=org.eclipse.e4.core.internal.contexts.TrackableComputationExt.update(Lorg/eclipse/e4/core/internal/contexts/ContextChangeEvent;)Z @ 62
Event: 351.502 Thread 0x0000000002153800 Uncommon trap: reason=class_check action=maybe_recompile pc=0x0000000003de3a34 method=org.eclipse.e4.core.internal.contexts.ContextObjectSupplier$ContextInjectionListener.update(Lorg/eclipse/e4/core/contexts/IEclipseContext;I[Ljava/lang/Object;)Z @ 173
Event: 351.945 Thread 0x000000001d1ac000 Uncommon trap: reason=unstable_if action=reinterpret pc=0x00000000023fdb64 method=sun.nio.cs.SingleByte$Encoder.encode(C)I @ 13
Event: 351.962 Thread 0x0000000002153800 Uncommon trap: reason=unstable_if action=reinterpret pc=0x0000000003d23f08 method=org.eclipse.swt.graphics.Resource.dispose()V @ 15
Event: 352.538 Thread 0x0000000002153800 Uncommon trap: reason=unstable_if action=reinterpret pc=0x0000000003291284 method=org.eclipse.swt.widgets.Display.getSystemFont()Lorg/eclipse/swt/graphics/Font; @ 8
Event: 352.546 Thread 0x0000000002153800 Uncommon trap: reason=unstable_if action=reinterpret pc=0x0000000002c57040 method=org.eclipse.core.runtime.internal.adaptor.EclipseLazyStarter.shouldActivateFor(Ljava/lang/String;Lorg/eclipse/osgi/baseadaptor/BaseData;Lorg/eclipse/core/runtime/internal/adaññRìQ	v@
Event: 352.583 Thread 0x0000000002153800 Uncommon trap: reason=null_check action=maybe_recompile pc=0x0000000002f1271c method=com.xilinx.sdk.targetmanager.internal.json.XMDJSONProcess.issueCommand(Ljava/lang/String;)Lcom/xilinx/sdk/targetmanager/internal/IXMDResult; @ 3
Event: 352.906 Thread 0x0000000002153800 Uncommon trap: reason=unstable_if action=reinterpret pc=0x00000000026be5dc method=sun.reflect.UnsafeStaticObjectFieldAccessorImpl.set(Ljava/lang/Object;Ljava/lang/Object;)V @ 13

Internal exceptions (10 events):
Event: 345.343 Thread 0x000000001c799000 Exception <a 'java/lang/InterruptedException'> (0x00000000f7e8eeb0) thrown at [C:\re\workspace\8-2-build-windows-amd64-cygwin\jdk8u45\3627\hotspot\src\share\vm\runtime\objectMonitor.cpp, line 1683]
Event: 345.348 Thread 0x000000001d1af800 Exception <a 'java/net/SocketException': Socket closed> (0x00000000f7ebcbd0) thrown at [C:\re\workspace\8-2-build-windows-amd64-cygwin\jdk8u45\3627\hotspot\src\share\vm\prims\jni.cpp, line 735]
Event: 347.714 Thread 0x0000000002153800 Implicit null exception at 0x00000000037c680c to 0x00000000037c6869
Event: 351.943 Thread 0x000000001d1a9800 Exception <a 'java/lang/InterruptedException'> (0x00000000f9551420) thrown at [C:\re\workspace\8-2-build-windows-amd64-cygwin\jdk8u45\3627\hotspot\src\share\vm\runtime\objectMonitor.cpp, line 1683]
Event: 352.583 Thread 0x0000000002153800 Exception <a 'java/lang/NullPointerException'> (0x00000000f96a91e0) thrown at [C:\re\workspace\8-2-build-windows-amd64-cygwin\jdk8u45\3627\hotspot\src\share\vm\prims\jvm.cpp, line 1386]
Event: 352.662 Thread 0x00000000157fd000 Exception <a 'java/lang/InterruptedException': sleep interrupted> (0x00000000f9817e20) thrown at [C:\re\workspace\8-2-build-windows-amd64-cygwin\jdk8u45\3627\hotspot\src\share\vm\prims\jvm.cpp, line 3211]
Event: 352.664 Thread 0x000000001b7b0000 Exception <a 'java/lang/InterruptedException'> (0x00000000f98e5f18) thrown at [C:\re\workspace\8-2-build-windows-amd64-cygwin\jdk8u45\3627\hotspot\src\share\vm\runtime\objectMonitor.cpp, line 1683]
Event: 352.664 Thread 0x0000000015cf0000 Exception <a 'java/lang/InterruptedException'> (0x00000000f99129a0) thrown at [C:\re\workspace\8-2-build-windows-amd64-cygwin\jdk8u45\3627\hotspot\src\share\vm\runtime\objectMonitor.cpp, line 1683]
Event: 352.906 Thread 0x0000000016246000 Exception <a 'java/lang/InterruptedException'> (0x00000000f9816678) thrown at [C:\re\workspace\8-2-build-windows-amd64-cygwin\jdk8u45\3627\hotspot\src\share\vm\runtime\objectMonitor.cpp, line 1683]
Event: 352.906 Thread 0x0000000002153800 Implicit null exception at 0x00000000026be1d7 to 0x00000000026be5c9

Events (10 events):
Event: 352.906 loading class java/util/IdentityHashMap$IdentityHashMapIterator
Event: 352.907 loading class java/util/IdentityHashMap$IdentityHashMapIterator done
Event: 352.907 loading class java/util/IdentityHashMap$KeyIterator done
Event: 352.907 Thread 0x000000001d1a3800 Thread added: 0x000000001d1a3800
Event: 352.907 Executing VM operation: RevokeBias
Event: 352.907 Executing VM operation: RevokeBias done
Event: 352.907 Executing VM operation: RevokeBias
Event: 352.908 Executing VM operation: RevokeBias done
Event: 352.908 Thread 0x000000001d1a3800 Thread exited: 0x000000001d1a3800
Event: 352.909 Executing VM operation: Exit


Dynamic libraries:
0x0000000000400000 - 0x000000000044f000 	E:\ProgramFiles\Xilinx\SDK\2015.4\eclipse\win64.o\eclipse.exe
0x00007ff81cc70000 - 0x00007ff81ce16000 	C:\Windows\SYSTEM32\ntdll.dll
0x00007ff81c7a0000 - 0x00007ff81c8da000 	C:\Windows\system32\KERNEL32.DLL
0x00007ff81a100000 - 0x00007ff81a20f000 	C:\Windows\system32\KERNELBASE.dll
0x00007ff81aaf0000 - 0x00007ff81ac61000 	C:\Windows\system32\USER32.dll
0x00007ff8176a0000 - 0x00007ff8178fa000 	C:\Windows\WinSxS\amd64_microsoft.windows.common-controls_6595b64144ccf1df_6.0.9600.17031_none_6242a4b3ecbb55a1\COMCTL32.dll
0x00007ff81c5e0000 - 0x00007ff81c687000 	C:\Windows\system32\msvcrt.dll
0x00007ff81c8e0000 - 0x00007ff81ca24000 	C:\Windows\system32\GDI32.dll
0x00007ff81c150000 - 0x00007ff81c184000 	C:\Windows\system32\IMM32.DLL
0x00007ff81a950000 - 0x00007ff81aa89000 	C:\Windows\system32\MSCTF.dll
0x0000000072000000 - 0x0000000072012000 	E:\ProgramFiles\Xilinx\SDK\2015.4\eclipse\win64.o\plugins\org.eclipse.equinox.launcher.win32.win32.x86_64_1.1.200.v20140116-2212\eclipse_1503.dll
0x00007ff81c530000 - 0x00007ff81c5d5000 	C:\Windows\system32\ADVAPI32.dll
0x00007ff812500000 - 0x00007ff81250a000 	C:\Windows\SYSTEM32\VERSION.dll
0x00007ff81c1a0000 - 0x00007ff81c1f7000 	C:\Windows\SYSTEM32\sechost.dll
0x00007ff81c200000 - 0x00007ff81c337000 	C:\Windows\system32\RPCRT4.dll
0x00007ff818cc0000 - 0x00007ff818de1000 	C:\Windows\system32\uxtheme.dll
0x00007ff81c350000 - 0x00007ff81c526000 	C:\Windows\SYSTEM32\combase.dll
0x00007ffff7350000 - 0x00007ffff738f000 	C:\Program Files\ASUS\Bluetooth Software\btmmhook.dll
0x00007ff81ac90000 - 0x00007ff81c09f000 	C:\Windows\system32\SHELL32.dll
0x00007ff81a4f0000 - 0x00007ff81a668000 	C:\Windows\system32\ole32.dll
0x00007ff81a670000 - 0x00007ff81a731000 	C:\Windows\system32\OLEAUT32.dll
0x00007ff81a740000 - 0x00007ff81a791000 	C:\Windows\system32\SHLWAPI.dll
0x00007ff81c340000 - 0x00007ff81c347000 	C:\Windows\system32\PSAPI.DLL
0x0000000067c00000 - 0x0000000068483000 	E:\ProgramFiles\Xilinx\SDK\2015.4\tps\win64\jre\bin\server\jvm.dll
0x00007ffff7e30000 - 0x00007ffff7e39000 	C:\Windows\SYSTEM32\WSOCK32.dll
0x00007ff816bd0000 - 0x00007ff816bef000 	C:\Windows\SYSTEM32\WINMM.dll
0x000000006b8d0000 - 0x000000006b9a2000 	C:\Windows\SYSTEM32\MSVCR100.dll
0x00007ff81ca30000 - 0x00007ff81ca88000 	C:\Windows\system32\WS2_32.dll
0x00007ff816ba0000 - 0x00007ff816bca000 	C:\Windows\SYSTEM32\WINMMBASE.dll
0x00007ff81c6f0000 - 0x00007ff81c6f9000 	C:\Windows\system32\NSI.dll
0x00007ff81a0b0000 - 0x00007ff81a0fa000 	C:\Windows\SYSTEM32\cfgmgr32.dll
0x00007ff818e70000 - 0x00007ff818e96000 	C:\Windows\SYSTEM32\DEVOBJ.dll
0x000000006a950000 - 0x000000006a95f000 	E:\ProgramFiles\Xilinx\SDK\2015.4\tps\win64\jre\bin\verify.dll
0x0000000069150000 - 0x0000000069179000 	E:\ProgramFiles\Xilinx\SDK\2015.4\tps\win64\jre\bin\java.dll
0x0000000069130000 - 0x0000000069146000 	E:\ProgramFiles\Xilinx\SDK\2015.4\tps\win64\jre\bin\zip.dll
0x00007ff817f00000 - 0x00007ff817f9f000 	C:\Windows\system32\SHCORE.dll
0x00007ff819fe0000 - 0x00007ff819ff4000 	C:\Windows\system32\profapi.dll
0x00007ff819880000 - 0x00007ff81989e000 	C:\Windows\SYSTEM32\CRYPTSP.dll
0x00007ff8194c0000 - 0x00007ff8194f5000 	C:\Windows\system32\rsaenh.dll
0x00007ff819b90000 - 0x00007ff819bb6000 	C:\Windows\SYSTEM32\bcrypt.dll
0x00007ff8195d0000 - 0x00007ff8195ee000 	C:\Windows\SYSTEM32\USERENV.dll
0x00007ff819ec0000 - 0x00007ff819f20000 	C:\Windows\system32\bcryptprimitives.dll
0x00007ff819f20000 - 0x00007ff819f2a000 	C:\Windows\SYSTEM32\CRYPTBASE.dll
0x0000000069110000 - 0x000000006912a000 	E:\ProgramFiles\Xilinx\SDK\2015.4\tps\win64\jre\bin\net.dll
0x00007ff819820000 - 0x00007ff819878000 	C:\Windows\system32\mswsock.dll
0x00007ff814350000 - 0x00007ff814379000 	C:\Windows\SYSTEM32\IPHLPAPI.DLL
0x00007ff814270000 - 0x00007ff81427a000 	C:\Windows\SYSTEM32\WINNSI.DLL
0x00007ff813f80000 - 0x00007ff813f94000 	C:\Windows\SYSTEM32\dhcpcsvc6.DLL
0x00007ff814440000 - 0x00007ff814459000 	C:\Windows\SYSTEM32\dhcpcsvc.DLL
0x00000000690f0000 - 0x0000000069101000 	E:\ProgramFiles\Xilinx\SDK\2015.4\tps\win64\jre\bin\nio.dll
0x00007ff818e40000 - 0x00007ff818e4a000 	C:\Windows\SYSTEM32\kernel.appcore.dll
0x00007ff815e20000 - 0x00007ff815e34000 	C:\Windows\system32\napinsp.dll
0x00007ff815a40000 - 0x00007ff815a59000 	C:\Windows\system32\pnrpnsp.dll
0x00007ff818440000 - 0x00007ff81845b000 	C:\Windows\system32\NLAapi.dll
0x00007ff819630000 - 0x00007ff8196d3000 	C:\Windows\SYSTEM32\DNSAPI.dll
0x00007ff8169e0000 - 0x00007ff8169ec000 	C:\Windows\System32\winrnr.dll
0x00007ff812520000 - 0x00007ff812533000 	C:\Windows\system32\wshbth.dll
0x00007ff816a30000 - 0x00007ff816a39000 	C:\Windows\System32\rasadhlp.dll
0x00007ff8141a0000 - 0x00007ff814208000 	C:\Windows\System32\fwpuclnt.dll
0x0000000017ed0000 - 0x0000000017f78000 	C:\Users\CoBoL\.Xilinx\SDK\2015.4\org.eclipse.osgi\bundles\303\1\.cp\swt-win32-4335.dll
0x00007ff81c700000 - 0x00007ff81c79e000 	C:\Windows\system32\comdlg32.dll
0x00007ff816d90000 - 0x00007ff816e0b000 	C:\Windows\SYSTEM32\WINSPOOL.DRV
0x00007ff816a00000 - 0x00007ff816a14000 	C:\Windows\SYSTEM32\USP10.dll
0x00007ff812710000 - 0x00007ff812958000 	C:\Windows\SYSTEM32\WININET.dll
0x00007ff81a260000 - 0x00007ff81a43f000 	C:\Windows\system32\CRYPT32.dll
0x00007ff812b80000 - 0x00007ff812e47000 	C:\Windows\SYSTEM32\iertutil.dll
0x00007ff81a090000 - 0x00007ff81a0a2000 	C:\Windows\system32\MSASN1.dll
0x00007ff817d30000 - 0x00007ff817d50000 	C:\Windows\system32\dwmapi.dll
0x00007ff815f10000 - 0x00007ff81607f000 	C:\Windows\SYSTEM32\propsys.dll
0x00007ff81c0a0000 - 0x00007ff81c144000 	C:\Windows\SYSTEM32\clbcatq.dll
0x0000000002110000 - 0x000000000212e000 	C:\Users\CoBoL\.Xilinx\SDK\2015.4\org.eclipse.osgi\bundles\303\1\.cp\swt-gdip-win32-4335.dll
0x00007ff816bf0000 - 0x00007ff816d88000 	C:\Windows\WinSxS\amd64_microsoft.windows.gdiplus_6595b64144ccf1df_1.1.9600.17227_none_932c0e57474f5080\gdiplus.dll
0x00007ff817900000 - 0x00007ff817aae000 	C:\Windows\SYSTEM32\WindowsCodecs.dll
0x0000000180000000 - 0x0000000180012000 	C:\Users\CoBoL\.Xilinx\SDK\2015.4\org.eclipse.osgi\bundles\121\1\.cp\os\win32\x86_64\localfile_1_0_0.dll
0x00007ff80e820000 - 0x00007ff80e831000 	C:\Users\CoBoL\.Xilinx\SDK\2015.4\org.eclipse.osgi\bundles\124\1\.cp\jWinHttp-1.0.0.dll
0x00007ff80c650000 - 0x00007ff80c715000 	C:\Windows\SYSTEM32\WINHTTP.dll
0x00007ff8170c0000 - 0x00007ff817123000 	C:\Windows\SYSTEM32\oleacc.dll
0x00007ff816e10000 - 0x00007ff816e17000 	C:\Windows\SYSTEM32\msimg32.dll
0x00007ff812350000 - 0x00007ff81235f000 	E:\ProgramFiles\Xilinx\SDK\2015.4\lib\win64.o\librdi_repo_manager.dll
0x00007ff8014d0000 - 0x00007ff8014fa000 	E:\ProgramFiles\Xilinx\SDK\2015.4\lib\win64.o\libisl_sysinfo.dll
0x00007fffd4a20000 - 0x00007fffd53ad000 	E:\ProgramFiles\Xilinx\SDK\2015.4\lib\win64.o\librdi_common.dll
0x00007ff801110000 - 0x00007ff801164000 	E:\ProgramFiles\Xilinx\SDK\2015.4\lib\win64.o\librdi_commonxillic.dll
0x00007fffd4830000 - 0x00007fffd4a1c000 	E:\ProgramFiles\Xilinx\SDK\2015.4\lib\win64.o\librdi_hsm.dll
0x00007ff80fe90000 - 0x00007ff80ff37000 	C:\Windows\SYSTEM32\MSVCP110.dll
0x00007ff80fa90000 - 0x00007ff80fb64000 	C:\Windows\SYSTEM32\MSVCR110.dll
0x00007fffd44c0000 - 0x00007fffd482e000 	E:\ProgramFiles\Xilinx\SDK\2015.4\lib\win64.o\libCOIN-all.dll
0x00007fffd3ad0000 - 0x00007fffd3cee000 	E:\ProgramFiles\Xilinx\SDK\2015.4\lib\win64.o\libXil_lmgr11.dll
0x00007ff811a60000 - 0x00007ff811a70000 	E:\ProgramFiles\Xilinx\SDK\2015.4\lib\win64.o\libboost_date_time.dll
0x00007ff8014a0000 - 0x00007ff8014c2000 	E:\ProgramFiles\Xilinx\SDK\2015.4\lib\win64.o\libboost_filesystem.dll
0x00007ff800ca0000 - 0x00007ff800d14000 	E:\ProgramFiles\Xilinx\SDK\2015.4\lib\win64.o\libboost_program_options.dll
0x00007ffffdb80000 - 0x00007ffffdc7a000 	E:\ProgramFiles\Xilinx\SDK\2015.4\lib\win64.o\libboost_regex.dll
0x00007ff80b520000 - 0x00007ff80b533000 	E:\ProgramFiles\Xilinx\SDK\2015.4\lib\win64.o\libboost_signals.dll
0x00007ff8115f0000 - 0x00007ff8115f9000 	E:\ProgramFiles\Xilinx\SDK\2015.4\lib\win64.o\libboost_system.dll
0x00007ff807f70000 - 0x00007ff807f8d000 	E:\ProgramFiles\Xilinx\SDK\2015.4\lib\win64.o\libboost_thread.dll
0x00007ff80fbb0000 - 0x00007ff80fbbb000 	E:\ProgramFiles\Xilinx\SDK\2015.4\lib\win64.o\libboost_xilinx.dll
0x00007fffff0e0000 - 0x00007fffff160000 	E:\ProgramFiles\Xilinx\SDK\2015.4\lib\win64.o\libhdlpsolve.dll
0x00007ffffef90000 - 0x00007fffff02a000 	E:\ProgramFiles\Xilinx\SDK\2015.4\lib\win64.o\libhdxml.dll
0x00007fffd3690000 - 0x00007fffd3ac4e00 	E:\ProgramFiles\Xilinx\SDK\2015.4\lib\win64.o\libisl_iostreams.dll
0x00007ff802aa0000 - 0x00007ff802ab5000 	E:\ProgramFiles\Xilinx\SDK\2015.4\lib\win64.o\pthreadVC2.dll
0x00007ffff9ca0000 - 0x00007ffff9dd0000 	E:\ProgramFiles\Xilinx\SDK\2015.4\lib\win64.o\librdi_curl.dll
0x00007ff801570000 - 0x00007ff801588000 	E:\ProgramFiles\Xilinx\SDK\2015.4\lib\win64.o\librdiconfig.dll
0x00007fffff0b0000 - 0x00007fffff0d3000 	E:\ProgramFiles\Xilinx\SDK\2015.4\lib\win64.o\librdizlib.dll
0x0000000069180000 - 0x00000000692a7000 	E:\ProgramFiles\Xilinx\SDK\2015.4\lib\win64.o\tcl85t.dll
0x0000000021fb0000 - 0x0000000022213000 	E:\ProgramFiles\Xilinx\SDK\2015.4\lib\win64.o\xerces-c_3_1.dll
0x00007ff812f20000 - 0x00007ff8130a5000 	C:\Windows\SYSTEM32\urlmon.dll
0x00007ff80d0c0000 - 0x00007ff80d0e3000 	C:\Windows\SYSTEM32\VCOMP110.DLL
0x00007ffffeea0000 - 0x00007ffffeee3000 	E:\ProgramFiles\Xilinx\SDK\2015.4\lib\win64.o\librdi_hdf.dll
0x00007fffd3160000 - 0x00007fffd33b5000 	E:\ProgramFiles\Xilinx\SDK\2015.4\lib\win64.o\librdi_ippcw.dll
0x00007ff817b30000 - 0x00007ff817b45000 	C:\Windows\SYSTEM32\NETAPI32.dll
0x00007ff81a210000 - 0x00007ff81a25c000 	C:\Windows\system32\WINTRUST.dll
0x00007ff80fa00000 - 0x00007ff80fa0b000 	E:\ProgramFiles\Xilinx\SDK\2015.4\lib\win64.o\libboost_chrono.dll
0x00007ff800640000 - 0x00007ff800656000 	E:\ProgramFiles\Xilinx\SDK\2015.4\lib\win64.o\libboost_iostreams.dll
0x00007ffffee70000 - 0x00007ffffee93000 	E:\ProgramFiles\Xilinx\SDK\2015.4\lib\win64.o\libisl_iosutils.dll
0x00007ff819270000 - 0x00007ff81927c000 	C:\Windows\SYSTEM32\netutils.dll
0x00007ff819cb0000 - 0x00007ff819cd5000 	C:\Windows\SYSTEM32\srvcli.dll
0x00007ff817af0000 - 0x00007ff817b06000 	C:\Windows\SYSTEM32\wkscli.dll
0x00007fffd2110000 - 0x00007fffd2920000 	E:\ProgramFiles\Xilinx\SDK\2015.4\lib\win64.o\libXil_lmgr11FNP.dll
0x00007ff80f840000 - 0x00007ff80f84c000 	C:\Windows\SYSTEM32\snmpapi.dll
0x00007ff81ca90000 - 0x00007ff81cc64000 	C:\Windows\system32\SETUPAPI.dll
0x00007ff819e90000 - 0x00007ff819ebb000 	C:\Windows\SYSTEM32\SspiCli.dll
0x00007ff80d040000 - 0x00007ff80d056000 	E:\ProgramFiles\Xilinx\SDK\2015.4\eclipse\win64.o\plugins\org.eclipse.cdt.core.win32.x86_64_5.2.0.201402142303\os\win32\x86_64\spawner.dll
0x00007ff80ead0000 - 0x00007ff80eada000 	E:\ProgramFiles\Xilinx\SDK\2015.4\lib\win64.o\librdi_jtag_settings.dll
0x00007ff809830000 - 0x00007ff809859000 	E:\ProgramFiles\Xilinx\SDK\2015.4\lib\win64.o\librdi_debug_dialog.dll
0x00007ff80d030000 - 0x00007ff80d038000 	E:\ProgramFiles\Xilinx\SDK\2015.4\lib\win64.o\librdi_target_manager.dll
0x0000000071080000 - 0x00000000710a6000 	E:\ProgramFiles\Xilinx\SDK\2015.4\eclipse\win64.o\plugins\gnu.io.rxtx.win32.x86_64_2.1.7.3_v20071015\os\win32\x86_64\rxtxSerial.dll
0x00007ff80ec20000 - 0x00007ff80ec23000 	C:\Windows\SYSTEM32\icmp.Dll
0x00007ff8074d0000 - 0x00007ff807658000 	C:\Windows\SYSTEM32\dbghelp.dll

VM Arguments:
jvm_args: -Dcom.xilinx.sdk.args.hwspec=E:/projects/xilinix/master_repo/LAB_AEP/Audio/lab8.sdk/system_wrapper.hdf -Xms64m -Xmx512m & 
java_command: <unknown>
java_class_path (initial): E:\ProgramFiles\Xilinx\SDK\2015.4\eclipse\win64.o\\plugins/org.eclipse.equinox.launcher_1.3.0.v20130327-1440.jar
Launcher Type: generic

Environment Variables:
JAVA_HOME=C:\Program Files\Java\jdk1.8.0_20
CLASSPATH=.;C:\Program Files (x86)\QuickTime\QTSystem\QTJava.zip;
USERNAME=CoBoL
OS=Windows_NT
PROCESSOR_IDENTIFIER=Intel64 Family 6 Model 69 Stepping 1, GenuineIntel



---------------  S Y S T E M  ---------------

OS: Windows 8.1 , 64 bit Build 9600 (6.3.9600.17056)

CPU:total 4 (2 cores per cpu, 2 threads per core) family 6 model 69 stepping 1, cmov, cx8, fxsr, mmx, sse, sse2, sse3, ssse3, sse4.1, sse4.2, popcnt, avx, avx2, aes, clmul, erms, lzcnt, ht, tsc, tscinvbit, bmi1, bmi2

Memory: 4k page, physical 8287332k(2336620k free), swap 10613436k(3217464k free)

vm_info: Java HotSpot(TM) 64-Bit Server VM (25.45-b02) for windows-amd64 JRE (1.8.0_45-b15), built on Apr 30 2015 12:40:44 by "java_re" with MS VC++ 10.0 (VS2010)

time: Tue Jun 07 13:34:38 2016
elapsed time: 353 seconds (0d 0h 5m 53s)

