#
# A fatal error has been detected by the Java Runtime Environment:
#
#  EXCEPTION_UNCAUGHT_CXX_EXCEPTION (0xe06d7363) at pc=0x00007ff89ad3606c, pid=5504, tid=2264
#
# JRE version: Java(TM) SE Runtime Environment (8.0_45-b15) (build 1.8.0_45-b15)
# Java VM: Java HotSpot(TM) 64-Bit Server VM (25.45-b02 mixed mode windows-amd64 compressed oops)
# Problematic frame:
# C  [KERNELBASE.dll+0x606c]
#
# Failed to write core dump. Minidumps are not enabled by default on client versions of Windows
#
# If you would like to submit a bug report, please visit:
#   http://bugreport.java.com/bugreport/crash.jsp
#

---------------  T H R E A D  ---------------

Current thread (0x00000000136e8000):  VMThread [stack: 0x0000000014780000,0x0000000014880000] [id=2264]

siginfo: ExceptionCode=0xe06d7363, ExceptionInformation=0x0000000019930520 0x000000001487f388 0x00007ff878722cb8 0x00007ff878670000 

Registers:
RAX=0x0000000000000000, RBX=0x00007ff878722cb8, RCX=0x000000001487ecb0, RDX=0x00007ff89d5e68eb
RSP=0x000000001487f1d0, RBP=0x000000001487f310, RSI=0x00000000ffffffff, RDI=0x00000000239e0910
R8 =0x000000001487ee08, R9 =0x0000000000000000, R10=0x0000000000000000, R11=0x000000001487f121
R12=0x0000000000000001, R13=0x0000000000000008, R14=0x0000000000000000, R15=0xffffffffffffffff
RIP=0x00007ff89ad3606c, EFLAGS=0x0000000000000206

Top of Stack: (sp=0x000000001487f1d0)
0x000000001487f1d0:   0000000000250000 00007ff878722cb8
0x000000001487f1e0:   00000000ffffffff 00000000239e0910
0x000000001487f1f0:   00000001e06d7363 0000000000000000
0x000000001487f200:   00007ff89ad3606c 0000000000000004
0x000000001487f210:   0000000019930520 000000001487f388
0x000000001487f220:   00007ff878722cb8 00007ff878670000
0x000000001487f230:   0000000000000000 000000002394aca0
0x000000001487f240:   0000000000000000 0000000000000000
0x000000001487f250:   0000000000000000 000000001487f4c0
0x000000001487f260:   ffffffffffffffff 0000000000000001
0x000000001487f270:   0000000000008008 0000000000000000
0x000000001487f280:   ffffffffffffffff 0000000000000000
0x000000001487f290:   00005c7f0be73ee9 00000000ffffffff
0x000000001487f2a0:   00007ff878722cb8 00007ff8786ce92c
0x000000001487f2b0:   00000000c0000001 000000001487f320
0x000000001487f2c0:   0000000000000001 0000000000000000 

Instructions: (pc=0x00007ff89ad3606c)
0x00007ff89ad3604c:   44 3b c0 44 0f 47 c0 44 89 44 24 38 49 c1 e0 03
0x00007ff89ad3605c:   e8 cb b5 ff ff 48 8d 4c 24 20 ff 15 fc e5 0f 00
0x00007ff89ad3606c:   48 8b 8c 24 c0 00 00 00 48 33 cc e8 84 b3 ff ff
0x00007ff89ad3607c:   48 81 c4 d8 00 00 00 c3 90 90 90 90 90 90 90 90 


Register to memory mapping:

RAX=0x0000000000000000 is an unknown value
RBX=0x00007ff878722cb8 is an unknown value
RCX=0x000000001487ecb0 is an unknown value
RDX=0x00007ff89d5e68eb is an unknown value
RSP=0x000000001487f1d0 is an unknown value
RBP=0x000000001487f310 is an unknown value
RSI=0x00000000ffffffff is an unallocated location in the heap
RDI=0x00000000239e0910 is an unknown value
R8 =0x000000001487ee08 is an unknown value
R9 =0x0000000000000000 is an unknown value
R10=0x0000000000000000 is an unknown value
R11=0x000000001487f121 is an unknown value
R12=0x0000000000000001 is an unknown value
R13=0x0000000000000008 is an unknown value
R14=0x0000000000000000 is an unknown value
R15=0xffffffffffffffff is an unknown value


Stack: [0x0000000014780000,0x0000000014880000],  sp=0x000000001487f1d0,  free space=1020k
Native frames: (J=compiled Java code, j=interpreted, Vv=VM code, C=native code)
C  [KERNELBASE.dll+0x606c]
C  [MSVCR110.dll+0x5e92c]
C  [MSVCR110.dll+0x1315c]
C  [MSVCR110.dll+0x136a9]
C  [MSVCR110.dll+0x13e9c]
C  [MSVCR110.dll+0x239e]
C  [MSVCR110.dll+0xaf9e]
C  [MSVCP110.dll+0x397b9]
C  [librdi_common.dll+0x14283e]
C  [librdi_common.dll+0x141449]
C  [librdi_target_manager.dll+0x2400]
C  [librdi_target_manager.dll+0x2682]
C  [ntdll.dll+0x231dd]
C  [ntdll.dll+0x2160a]
C  [ntdll.dll+0x6b5ec]
C  [KERNEL32.DLL+0x4d56]
C  [MSVCR100.dll+0x20ccd]
V  [jvm.dll+0x20f135]
V  [jvm.dll+0x247ef7]
V  [jvm.dll+0x247196]
V  [jvm.dll+0x247631]
V  [jvm.dll+0x24784e]
V  [jvm.dll+0x29853a]
C  [MSVCR100.dll+0x21d9f]
C  [MSVCR100.dll+0x21e3b]
C  [KERNEL32.DLL+0x16ad]
C  [ntdll.dll+0x54409]

VM_Operation (0x000000000013f500): Exit, mode: safepoint, requested by thread 0x0000000002153800


---------------  P R O C E S S  ---------------

Java Threads: ( => current thread )
  0x00000000196f0800 JavaThread "Spawner Reaper" daemon [_thread_in_native, id=5024, stack(0x0000000026d80000,0x0000000026e80000)]
  0x0000000015a64000 JavaThread "pool-2-thread-10" [_thread_blocked, id=4468, stack(0x00000000281b0000,0x00000000282b0000)]
  0x00000000196f5800 JavaThread "pool-2-thread-9" [_thread_blocked, id=5644, stack(0x0000000027680000,0x0000000027780000)]
  0x00000000196f1000 JavaThread "pool-2-thread-8" [_thread_blocked, id=6444, stack(0x00000000283b0000,0x00000000284b0000)]
  0x00000000196f2000 JavaThread "pool-2-thread-7" [_thread_blocked, id=3712, stack(0x0000000027780000,0x0000000027880000)]
  0x0000000015a67000 JavaThread "pool-2-thread-6" [_thread_blocked, id=2320, stack(0x0000000027e20000,0x0000000027f20000)]
  0x0000000015a61000 JavaThread "pool-2-thread-5" [_thread_blocked, id=11004, stack(0x0000000026e80000,0x0000000026f80000)]
  0x000000001bebc800 JavaThread "pool-2-thread-4" [_thread_blocked, id=11212, stack(0x0000000025400000,0x0000000025500000)]
  0x000000001bebc000 JavaThread "pool-2-thread-3" [_thread_blocked, id=10768, stack(0x0000000025300000,0x0000000025400000)]
  0x000000001beba800 JavaThread "pool-2-thread-2" [_thread_blocked, id=10960, stack(0x0000000024b50000,0x0000000024c50000)]
  0x000000001beb6800 JavaThread "pool-2-thread-1" [_thread_blocked, id=8756, stack(0x0000000024a50000,0x0000000024b50000)]
  0x0000000018415800 JavaThread "Thread-22" daemon [_thread_blocked, id=10792, stack(0x0000000024750000,0x0000000024850000)]
  0x0000000019dc8800 JavaThread "TCF Locator DNS Lookup" daemon [_thread_blocked, id=5556, stack(0x0000000020430000,0x0000000020530000)]
  0x0000000019dc8000 JavaThread "TCF Locator Timer" daemon [_thread_blocked, id=9256, stack(0x0000000020330000,0x0000000020430000)]
  0x0000000019dc7000 JavaThread "TCF Locator Receiver" daemon [_thread_in_native, id=1760, stack(0x0000000020230000,0x0000000020330000)]
  0x0000000019dc3800 JavaThread "TCF Timer Dispatcher" daemon [_thread_blocked, id=10672, stack(0x000000001f780000,0x000000001f880000)]
  0x0000000018bba000 JavaThread "EMF Reference Cleaner" daemon [_thread_blocked, id=6524, stack(0x0000000017b20000,0x0000000017c20000)]
  0x0000000014df3800 JavaThread "Service Thread" daemon [_thread_blocked, id=8432, stack(0x0000000015380000,0x0000000015480000)]
  0x000000001377e800 JavaThread "C1 CompilerThread2" daemon [_thread_blocked, id=4856, stack(0x0000000015280000,0x0000000015380000)]
  0x0000000013779800 JavaThread "C2 CompilerThread1" daemon [_thread_blocked, id=10996, stack(0x0000000015180000,0x0000000015280000)]
  0x000000001376e800 JavaThread "C2 CompilerThread0" daemon [_thread_blocked, id=1644, stack(0x0000000014c80000,0x0000000014d80000)]
  0x000000001376d800 JavaThread "Attach Listener" daemon [_thread_blocked, id=6724, stack(0x0000000014b80000,0x0000000014c80000)]
  0x000000001376c800 JavaThread "Signal Dispatcher" daemon [_thread_blocked, id=7872, stack(0x0000000014a80000,0x0000000014b80000)]
  0x000000000224b800 JavaThread "Finalizer" daemon [_thread_blocked, id=5912, stack(0x0000000014980000,0x0000000014a80000)]
  0x0000000002241800 JavaThread "Reference Handler" daemon [_thread_blocked, id=2328, stack(0x0000000014880000,0x0000000014980000)]
  0x0000000002153800 JavaThread "main" [_thread_blocked, id=8528, stack(0x0000000000040000,0x0000000000140000)]

Other Threads:
=>0x00000000136e8000 VMThread [stack: 0x0000000014780000,0x0000000014880000] [id=2264]

VM state:at safepoint (shutting down)

VM Mutex/Monitor currently owned by a thread:  ([mutex/lock_event])
[0x00000000021509d0] Threads_lock - owner thread: 0x00000000136e8000

Heap:
 PSYoungGen      total 46080K, used 37553K [0x00000000f5580000, 0x00000000f8880000, 0x0000000100000000)
  eden space 39936K, 94% used [0x00000000f5580000,0x00000000f7a2c438,0x00000000f7c80000)
  from space 6144K, 0% used [0x00000000f8280000,0x00000000f8280000,0x00000000f8880000)
  to   space 6144K, 0% used [0x00000000f7c80000,0x00000000f7c80000,0x00000000f8280000)
 ParOldGen       total 111616K, used 45285K [0x00000000e0000000, 0x00000000e6d00000, 0x00000000f5580000)
  object space 111616K, 40% used [0x00000000e0000000,0x00000000e2c39608,0x00000000e6d00000)
 Metaspace       used 95213K, capacity 102206K, committed 102528K, reserved 1138688K
  class space    used 11362K, capacity 13630K, committed 13696K, reserved 1048576K

Card table byte_map: [0x00000000116c0000,0x00000000117d0000] byte_map_base: 0x0000000010fc0000

Marking Bits: (ParMarkBitMap*) 0x000000006d444040
 Begin Bits: [0x0000000011c80000, 0x0000000012480000)
 End Bits:   [0x0000000012480000, 0x0000000012c80000)

Polling page: 0x00000000005e0000

CodeCache: size=245760Kb used=63404Kb max_used=63428Kb free=182355Kb
 bounds [0x0000000002300000, 0x0000000006180000, 0x0000000011300000]
 total_blobs=17471 nmethods=16604 adapters=773
 compilation: enabled

Compilation events (10 events):
Event: 6380.817 Thread 0x000000001377e800 nmethod 21784 0x0000000003f672d0 code [0x0000000003f67420, 0x0000000003f67530]
Event: 6380.819 Thread 0x000000001377e800 21782   !   3       java.util.zip.Inflater::end (50 bytes)
Event: 6380.819 Thread 0x000000001377e800 nmethod 21782 0x0000000002a6f110 code [0x0000000002a6f2a0, 0x0000000002a6f708]
Event: 6380.821 Thread 0x000000001377e800 21780       3       org.eclipse.osgi.internal.baseadaptor.DefaultClassLoader::getBundle (11 bytes)
Event: 6380.822 Thread 0x000000001377e800 nmethod 21780 0x00000000027ae490 code [0x00000000027ae600, 0x00000000027ae830]
Event: 6380.975 Thread 0x000000001376e800 nmethod 21773 0x0000000006177250 code [0x0000000006177540, 0x0000000006179570]
Event: 6380.985 Thread 0x000000001377e800 21786   !   3       org.eclipse.osgi.internal.baseadaptor.BaseStorage::compact (215 bytes)
Event: 6380.990 Thread 0x000000001377e800 nmethod 21786 0x0000000005e44050 code [0x0000000005e444a0, 0x0000000005e46968]
Event: 6381.147 Thread 0x000000001377e800 21787       3       org.eclipse.osgi.framework.internal.core.AbstractBundle::close (52 bytes)
Event: 6381.149 Thread 0x000000001377e800 nmethod 21787 0x0000000003491810 code [0x0000000003491a40, 0x0000000003492748]

GC Heap History (10 events):
Event: 6216.721 GC heap before
{Heap before GC invocations=331 (full 20):
 PSYoungGen      total 47104K, used 45468K [0x00000000f5580000, 0x00000000f8a00000, 0x0000000100000000)
  eden space 41472K, 100% used [0x00000000f5580000,0x00000000f7e00000,0x00000000f7e00000)
  from space 5632K, 70% used [0x00000000f8480000,0x00000000f8867360,0x00000000f8a00000)
  to   space 6144K, 0% used [0x00000000f7e00000,0x00000000f7e00000,0x00000000f8400000)
 ParOldGen       total 111616K, used 46197K [0x00000000e0000000, 0x00000000e6d00000, 0x00000000f5580000)
  object space 111616K, 41% used [0x00000000e0000000,0x00000000e2d1d5c8,0x00000000e6d00000)
 Metaspace       used 94462K, capacity 101518K, committed 101888K, reserved 1138688K
  class space    used 11282K, capacity 13532K, committed 13568K, reserved 1048576K
Event: 6216.729 GC heap after
Heap after GC invocations=331 (full 20):
 PSYoungGen      total 44544K, used 3404K [0x00000000f5580000, 0x00000000f8980000, 0x0000000100000000)
  eden space 40960K, 0% used [0x00000000f5580000,0x00000000f5580000,0x00000000f7d80000)
  from space 3584K, 95% used [0x00000000f7e00000,0x00000000f8153360,0x00000000f8180000)
  to   space 6144K, 0% used [0x00000000f8380000,0x00000000f8380000,0x00000000f8980000)
 ParOldGen       total 111616K, used 46197K [0x00000000e0000000, 0x00000000e6d00000, 0x00000000f5580000)
  object space 111616K, 41% used [0x00000000e0000000,0x00000000e2d1d5c8,0x00000000e6d00000)
 Metaspace       used 94462K, capacity 101518K, committed 101888K, reserved 1138688K
  class space    used 11282K, capacity 13532K, committed 13568K, reserved 1048576K
}
Event: 6221.214 GC heap before
{Heap before GC invocations=332 (full 20):
 PSYoungGen      total 44544K, used 44364K [0x00000000f5580000, 0x00000000f8980000, 0x0000000100000000)
  eden space 40960K, 100% used [0x00000000f5580000,0x00000000f7d80000,0x00000000f7d80000)
  from space 3584K, 95% used [0x00000000f7e00000,0x00000000f8153360,0x00000000f8180000)
  to   space 6144K, 0% used [0x00000000f8380000,0x00000000f8380000,0x00000000f8980000)
 ParOldGen       total 111616K, used 46197K [0x00000000e0000000, 0x00000000e6d00000, 0x00000000f5580000)
  object space 111616K, 41% used [0x00000000e0000000,0x00000000e2d1d5c8,0x00000000e6d00000)
 Metaspace       used 94490K, capacity 101582K, committed 101888K, reserved 1138688K
  class space    used 11283K, capacity 13532K, committed 13568K, reserved 1048576K
Event: 6221.225 GC heap after
Heap after GC invocations=332 (full 20):
 PSYoungGen      total 46080K, used 3740K [0x00000000f5580000, 0x00000000f8900000, 0x0000000100000000)
  eden space 40448K, 0% used [0x00000000f5580000,0x00000000f5580000,0x00000000f7d00000)
  from space 5632K, 66% used [0x00000000f8380000,0x00000000f8727370,0x00000000f8900000)
  to   space 6144K, 0% used [0x00000000f7d00000,0x00000000f7d00000,0x00000000f8300000)
 ParOldGen       total 111616K, used 46197K [0x00000000e0000000, 0x00000000e6d00000, 0x00000000f5580000)
  object space 111616K, 41% used [0x00000000e0000000,0x00000000e2d1d5c8,0x00000000e6d00000)
 Metaspace       used 94490K, capacity 101582K, committed 101888K, reserved 1138688K
  class space    used 11283K, capacity 13532K, committed 13568K, reserved 1048576K
}
Event: 6309.966 GC heap before
{Heap before GC invocations=333 (full 20):
 PSYoungGen      total 46080K, used 44188K [0x00000000f5580000, 0x00000000f8900000, 0x0000000100000000)
  eden space 40448K, 100% used [0x00000000f5580000,0x00000000f7d00000,0x00000000f7d00000)
  from space 5632K, 66% used [0x00000000f8380000,0x00000000f8727370,0x00000000f8900000)
  to   space 6144K, 0% used [0x00000000f7d00000,0x00000000f7d00000,0x00000000f8300000)
 ParOldGen       total 111616K, used 46197K [0x00000000e0000000, 0x00000000e6d00000, 0x00000000f5580000)
  object space 111616K, 41% used [0x00000000e0000000,0x00000000e2d1d5c8,0x00000000e6d00000)
 Metaspace       used 94506K, capacity 101582K, committed 101888K, reserved 1138688K
  class space    used 11283K, capacity 13532K, committed 13568K, reserved 1048576K
Event: 6309.975 GC heap after
Heap after GC invocations=333 (full 20):
 PSYoungGen      total 44032K, used 4012K [0x00000000f5580000, 0x00000000f8880000, 0x0000000100000000)
  eden space 39936K, 0% used [0x00000000f5580000,0x00000000f5580000,0x00000000f7c80000)
  from space 4096K, 97% used [0x00000000f7d00000,0x00000000f80eb250,0x00000000f8100000)
  to   space 6144K, 0% used [0x00000000f8280000,0x00000000f8280000,0x00000000f8880000)
 ParOldGen       total 111616K, used 46197K [0x00000000e0000000, 0x00000000e6d00000, 0x00000000f5580000)
  object space 111616K, 41% used [0x00000000e0000000,0x00000000e2d1d5c8,0x00000000e6d00000)
 Metaspace       used 94506K, capacity 101582K, committed 101888K, reserved 1138688K
  class space    used 11283K, capacity 13532K, committed 13568K, reserved 1048576K
}
Event: 6366.940 GC heap before
{Heap before GC invocations=334 (full 20):
 PSYoungGen      total 44032K, used 10797K [0x00000000f5580000, 0x00000000f8880000, 0x0000000100000000)
  eden space 39936K, 16% used [0x00000000f5580000,0x00000000f5c20510,0x00000000f7c80000)
  from space 4096K, 97% used [0x00000000f7d00000,0x00000000f80eb250,0x00000000f8100000)
  to   space 6144K, 0% used [0x00000000f8280000,0x00000000f8280000,0x00000000f8880000)
 ParOldGen       total 111616K, used 46197K [0x00000000e0000000, 0x00000000e6d00000, 0x00000000f5580000)
  object space 111616K, 41% used [0x00000000e0000000,0x00000000e2d1d5c8,0x00000000e6d00000)
 Metaspace       used 94508K, capacity 101582K, committed 101888K, reserved 1138688K
  class space    used 11283K, capacity 13532K, committed 13568K, reserved 1048576K
Event: 6366.948 GC heap after
Heap after GC invocations=334 (full 20):
 PSYoungGen      total 46080K, used 3461K [0x00000000f5580000, 0x00000000f8880000, 0x0000000100000000)
  eden space 39936K, 0% used [0x00000000f5580000,0x00000000f5580000,0x00000000f7c80000)
  from space 6144K, 56% used [0x00000000f8280000,0x00000000f85e15f0,0x00000000f8880000)
  to   space 6144K, 0% used [0x00000000f7c80000,0x00000000f7c80000,0x00000000f8280000)
 ParOldGen       total 111616K, used 46197K [0x00000000e0000000, 0x00000000e6d00000, 0x00000000f5580000)
  object space 111616K, 41% used [0x00000000e0000000,0x00000000e2d1d5c8,0x00000000e6d00000)
 Metaspace       used 94508K, capacity 101582K, committed 101888K, reserved 1138688K
  class space    used 11283K, capacity 13532K, committed 13568K, reserved 1048576K
}
Event: 6366.948 GC heap before
{Heap before GC invocations=335 (full 21):
 PSYoungGen      total 46080K, used 3461K [0x00000000f5580000, 0x00000000f8880000, 0x0000000100000000)
  eden space 39936K, 0% used [0x00000000f5580000,0x00000000f5580000,0x00000000f7c80000)
  from space 6144K, 56% used [0x00000000f8280000,0x00000000f85e15f0,0x00000000f8880000)
  to   space 6144K, 0% used [0x00000000f7c80000,0x00000000f7c80000,0x00000000f8280000)
 ParOldGen       total 111616K, used 46197K [0x00000000e0000000, 0x00000000e6d00000, 0x00000000f5580000)
  object space 111616K, 41% used [0x00000000e0000000,0x00000000e2d1d5c8,0x00000000e6d00000)
 Metaspace       used 94508K, capacity 101582K, committed 101888K, reserved 1138688K
  class space    used 11283K, capacity 13532K, committed 13568K, reserved 1048576K
Event: 6367.279 GC heap after
Heap after GC invocations=335 (full 21):
 PSYoungGen      total 46080K, used 0K [0x00000000f5580000, 0x00000000f8880000, 0x0000000100000000)
  eden space 39936K, 0% used [0x00000000f5580000,0x00000000f5580000,0x00000000f7c80000)
  from space 6144K, 0% used [0x00000000f8280000,0x00000000f8280000,0x00000000f8880000)
  to   space 6144K, 0% used [0x00000000f7c80000,0x00000000f7c80000,0x00000000f8280000)
 ParOldGen       total 111616K, used 45285K [0x00000000e0000000, 0x00000000e6d00000, 0x00000000f5580000)
  object space 111616K, 40% used [0x00000000e0000000,0x00000000e2c39608,0x00000000e6d00000)
 Metaspace       used 94508K, capacity 101582K, committed 101888K, reserved 1138688K
  class space    used 11283K, capacity 13532K, committed 13568K, reserved 1048576K
}

Deoptimization events (10 events):
Event: 6380.692 Thread 0x00000000196f5000 Uncommon trap: reason=unstable_if action=reinterpret pc=0x0000000003920d58 method=org.eclipse.ui.internal.console.IOConsolePartitioner$QueueProcessingJob.shouldRun()Z @ 7
Event: 6380.795 Thread 0x00000000196f5000 Uncommon trap: reason=unstable_if action=reinterpret pc=0x0000000002fa52ac method=org.eclipse.core.internal.jobs.JobManager.nextJob()Lorg/eclipse/core/runtime/jobs/Job; @ 80
Event: 6380.795 Thread 0x00000000196f5000 Uncommon trap: reason=unstable_if action=reinterpret pc=0x000000000585caac method=org.eclipse.core.internal.jobs.WorkerPool.startJob(Lorg/eclipse/core/internal/jobs/Worker;)Lorg/eclipse/core/internal/jobs/InternalJob; @ 177
Event: 6380.795 Thread 0x00000000196f2800 Uncommon trap: reason=unstable_if action=reinterpret pc=0x000000000585caac method=org.eclipse.core.internal.jobs.WorkerPool.startJob(Lorg/eclipse/core/internal/jobs/Worker;)Lorg/eclipse/core/internal/jobs/InternalJob; @ 177
Event: 6380.795 Thread 0x00000000196f9800 Uncommon trap: reason=unstable_if action=reinterpret pc=0x000000000585caac method=org.eclipse.core.internal.jobs.WorkerPool.startJob(Lorg/eclipse/core/internal/jobs/Worker;)Lorg/eclipse/core/internal/jobs/InternalJob; @ 177
Event: 6380.795 Thread 0x0000000015a6a000 Uncommon trap: reason=unstable_if action=reinterpret pc=0x000000000585caac method=org.eclipse.core.internal.jobs.WorkerPool.startJob(Lorg/eclipse/core/internal/jobs/Worker;)Lorg/eclipse/core/internal/jobs/InternalJob; @ 177
Event: 6380.795 Thread 0x00000000196f8000 Uncommon trap: reason=unstable_if action=reinterpret pc=0x000000000585caac method=org.eclipse.core.internal.jobs.WorkerPool.startJob(Lorg/eclipse/core/internal/jobs/Worker;)Lorg/eclipse/core/internal/jobs/InternalJob; @ 177
Event: 6380.795 Thread 0x00000000196f6800 Uncommon trap: reason=unstable_if action=reinterpret pc=0x000000000585caac method=org.eclipse.core.internal.jobs.WorkerPool.startJob(Lorg/eclipse/core/internal/jobs/Worker;)Lorg/eclipse/core/internal/jobs/InternalJob; @ 177
Event: 6380.795 Thread 0x0000000015a68800 Uncommon trap: reason=unstable_if action=reinterpret pc=0x000000000585caac method=org.eclipse.core.internal.jobs.WorkerPool.startJob(Lorg/eclipse/core/internal/jobs/Worker;)Lorg/eclipse/core/internal/jobs/InternalJob; @ 177
Event: 6381.148 Thread 0x0000000002153800 Uncommon trap: reason=unstable_if action=reinterpret pc=0x0000000002c0d4dc method=sun.reflect.UnsafeStaticObjectFieldAccessorImpl.set(Ljava/lang/Object;Ljava/lang/Object;)V @ 13

Internal exceptions (10 events):
Event: 6380.110 Thread 0x0000000002153800 Implicit null exception at 0x00000000056c9700 to 0x00000000056ca11a
Event: 6380.111 Thread 0x0000000002153800 Implicit null exception at 0x00000000056d0f70 to 0x00000000056d24b9
Event: 6380.125 Thread 0x0000000002153800 Implicit null exception at 0x00000000056c06ec to 0x00000000056c0ae1
Event: 6380.685 Thread 0x0000000002153800 Implicit null exception at 0x00000000025f54f3 to 0x00000000025f6a21
Event: 6380.819 Thread 0x00000000158c3000 Exception <a 'java/lang/InterruptedException': sleep interrupted> (0x00000000f7854cd8) thrown at [C:\re\workspace\8-2-build-windows-amd64-cygwin\jdk8u45\3627\hotspot\src\share\vm\prims\jvm.cpp, line 3211]
Event: 6380.822 Thread 0x00000000161b8000 Exception <a 'java/lang/InterruptedException'> (0x00000000f78554b0) thrown at [C:\re\workspace\8-2-build-windows-amd64-cygwin\jdk8u45\3627\hotspot\src\share\vm\runtime\objectMonitor.cpp, line 1683]
Event: 6380.822 Thread 0x0000000015cd3000 Exception <a 'java/lang/InterruptedException'> (0x00000000f786aee8) thrown at [C:\re\workspace\8-2-build-windows-amd64-cygwin\jdk8u45\3627\hotspot\src\share\vm\runtime\objectMonitor.cpp, line 1683]
Event: 6381.147 Thread 0x000000001634f000 Exception <a 'java/lang/InterruptedException'> (0x00000000f78090c0) thrown at [C:\re\workspace\8-2-build-windows-amd64-cygwin\jdk8u45\3627\hotspot\src\share\vm\runtime\objectMonitor.cpp, line 1683]
Event: 6381.148 Thread 0x0000000002153800 Implicit null exception at 0x0000000002c0d0d7 to 0x0000000002c0d4c9
Event: 6381.150 Thread 0x00000000196f2800 Exception <a 'java/io/IOException'> (0x00000000f7a226e8) thrown at [C:\re\workspace\8-2-build-windows-amd64-cygwin\jdk8u45\3627\hotspot\src\share\vm\prims\jni.cpp, line 709]

Events (10 events):
Event: 6381.149 loading class java/util/IdentityHashMap$KeyIterator done
Event: 6381.149 Thread 0x00000000196f2800 Thread added: 0x00000000196f2800
Event: 6381.149 Thread 0x000000001377e800 flushing nmethod 0x0000000003ce6fd0
Event: 6381.149 Executing VM operation: RevokeBias
Event: 6381.149 Executing VM operation: RevokeBias done
Event: 6381.149 Executing VM operation: RevokeBias
Event: 6381.150 Executing VM operation: RevokeBias done
Event: 6381.150 Thread 0x00000000196f2800 Thread exited: 0x00000000196f2800
Event: 6381.150 Thread 0x000000001377e800 flushing nmethod 0x0000000003de8fd0
Event: 6381.151 Executing VM operation: Exit


Dynamic libraries:
0x0000000000400000 - 0x000000000044f000 	E:\ProgramFiles\Xilinx\SDK\2015.4\eclipse\win64.o\eclipse.exe
0x00007ff89d5c0000 - 0x00007ff89d766000 	C:\Windows\SYSTEM32\ntdll.dll
0x00007ff89d480000 - 0x00007ff89d5ba000 	C:\Windows\system32\KERNEL32.DLL
0x00007ff89ad30000 - 0x00007ff89ae3f000 	C:\Windows\system32\KERNELBASE.dll
0x00007ff89bef0000 - 0x00007ff89c061000 	C:\Windows\system32\USER32.dll
0x00007ff898520000 - 0x00007ff89877a000 	C:\Windows\WinSxS\amd64_microsoft.windows.common-controls_6595b64144ccf1df_6.0.9600.17031_none_6242a4b3ecbb55a1\COMCTL32.dll
0x00007ff89be40000 - 0x00007ff89bee7000 	C:\Windows\system32\msvcrt.dll
0x00007ff89bbf0000 - 0x00007ff89bd34000 	C:\Windows\system32\GDI32.dll
0x00007ff89b710000 - 0x00007ff89b744000 	C:\Windows\system32\IMM32.DLL
0x00007ff89b930000 - 0x00007ff89ba69000 	C:\Windows\system32\MSCTF.dll
0x0000000072000000 - 0x0000000072012000 	E:\ProgramFiles\Xilinx\SDK\2015.4\eclipse\win64.o\plugins\org.eclipse.equinox.launcher.win32.win32.x86_64_1.1.200.v20140116-2212\eclipse_1503.dll
0x00007ff89ba70000 - 0x00007ff89bb15000 	C:\Windows\system32\ADVAPI32.dll
0x00007ff892e70000 - 0x00007ff892e7a000 	C:\Windows\SYSTEM32\VERSION.dll
0x00007ff89bb30000 - 0x00007ff89bb87000 	C:\Windows\SYSTEM32\sechost.dll
0x00007ff89ae40000 - 0x00007ff89af77000 	C:\Windows\system32\RPCRT4.dll
0x00007ff899610000 - 0x00007ff899731000 	C:\Windows\system32\uxtheme.dll
0x00007ff89b750000 - 0x00007ff89b926000 	C:\Windows\SYSTEM32\combase.dll
0x00007ff87ca30000 - 0x00007ff87ca6f000 	C:\Program Files\ASUS\Bluetooth Software\btmmhook.dll
0x00007ff89c070000 - 0x00007ff89d47f000 	C:\Windows\system32\SHELL32.dll
0x00007ff89b2c0000 - 0x00007ff89b438000 	C:\Windows\system32\ole32.dll
0x00007ff89b1e0000 - 0x00007ff89b2a1000 	C:\Windows\system32\OLEAUT32.dll
0x00007ff89bb90000 - 0x00007ff89bbe1000 	C:\Windows\system32\SHLWAPI.dll
0x00007ff89b440000 - 0x00007ff89b447000 	C:\Windows\system32\PSAPI.DLL
0x000000006cc40000 - 0x000000006d4c3000 	E:\ProgramFiles\Xilinx\SDK\2015.4\tps\win64\jre\bin\server\jvm.dll
0x00007ff896670000 - 0x00007ff896679000 	C:\Windows\SYSTEM32\WSOCK32.dll
0x00007ff897b10000 - 0x00007ff897b2f000 	C:\Windows\SYSTEM32\WINMM.dll
0x0000000070730000 - 0x0000000070802000 	C:\Windows\SYSTEM32\MSVCR100.dll
0x00007ff89b160000 - 0x00007ff89b1b8000 	C:\Windows\system32\WS2_32.dll
0x00007ff897ae0000 - 0x00007ff897b0a000 	C:\Windows\SYSTEM32\WINMMBASE.dll
0x00007ff89bb20000 - 0x00007ff89bb29000 	C:\Windows\system32\NSI.dll
0x00007ff89aa00000 - 0x00007ff89aa4a000 	C:\Windows\SYSTEM32\cfgmgr32.dll
0x00007ff899790000 - 0x00007ff8997b6000 	C:\Windows\SYSTEM32\DEVOBJ.dll
0x000000006f430000 - 0x000000006f43f000 	E:\ProgramFiles\Xilinx\SDK\2015.4\tps\win64\jre\bin\verify.dll
0x000000006e570000 - 0x000000006e599000 	E:\ProgramFiles\Xilinx\SDK\2015.4\tps\win64\jre\bin\java.dll
0x000000006e440000 - 0x000000006e456000 	E:\ProgramFiles\Xilinx\SDK\2015.4\tps\win64\jre\bin\zip.dll
0x00007ff898ae0000 - 0x00007ff898b7f000 	C:\Windows\system32\SHCORE.dll
0x00007ff89a930000 - 0x00007ff89a944000 	C:\Windows\system32\profapi.dll
0x00007ff89a0d0000 - 0x00007ff89a0ee000 	C:\Windows\SYSTEM32\CRYPTSP.dll
0x00007ff899d10000 - 0x00007ff899d45000 	C:\Windows\system32\rsaenh.dll
0x00007ff89a4e0000 - 0x00007ff89a506000 	C:\Windows\SYSTEM32\bcrypt.dll
0x00007ff899e20000 - 0x00007ff899e3e000 	C:\Windows\SYSTEM32\USERENV.dll
0x00007ff89a810000 - 0x00007ff89a870000 	C:\Windows\system32\bcryptprimitives.dll
0x00007ff89a870000 - 0x00007ff89a87a000 	C:\Windows\SYSTEM32\CRYPTBASE.dll
0x000000006e420000 - 0x000000006e43a000 	E:\ProgramFiles\Xilinx\SDK\2015.4\tps\win64\jre\bin\net.dll
0x00007ff89a070000 - 0x00007ff89a0c8000 	C:\Windows\system32\mswsock.dll
0x00007ff894d20000 - 0x00007ff894d49000 	C:\Windows\SYSTEM32\IPHLPAPI.DLL
0x00007ff894d10000 - 0x00007ff894d1a000 	C:\Windows\SYSTEM32\WINNSI.DLL
0x00007ff894b90000 - 0x00007ff894ba4000 	C:\Windows\SYSTEM32\dhcpcsvc6.DLL
0x00007ff894b70000 - 0x00007ff894b89000 	C:\Windows\SYSTEM32\dhcpcsvc.DLL
0x000000006e400000 - 0x000000006e411000 	E:\ProgramFiles\Xilinx\SDK\2015.4\tps\win64\jre\bin\nio.dll
0x00007ff8997e0000 - 0x00007ff8997ea000 	C:\Windows\SYSTEM32\kernel.appcore.dll
0x00007ff88c8b0000 - 0x00007ff88c8c4000 	C:\Windows\system32\napinsp.dll
0x00007ff88c890000 - 0x00007ff88c8a9000 	C:\Windows\system32\pnrpnsp.dll
0x00007ff899170000 - 0x00007ff89918b000 	C:\Windows\system32\NLAapi.dll
0x00007ff899e80000 - 0x00007ff899f23000 	C:\Windows\SYSTEM32\DNSAPI.dll
0x00007ff88c880000 - 0x00007ff88c88c000 	C:\Windows\System32\winrnr.dll
0x00007ff88c860000 - 0x00007ff88c873000 	C:\Windows\system32\wshbth.dll
0x00007ff895ad0000 - 0x00007ff895ad9000 	C:\Windows\System32\rasadhlp.dll
0x00007ff894810000 - 0x00007ff894878000 	C:\Windows\System32\fwpuclnt.dll
0x0000000017540000 - 0x00000000175e8000 	C:\Users\CoBoL\.Xilinx\SDK\2015.4\org.eclipse.osgi\bundles\303\1\.cp\swt-win32-4335.dll
0x00007ff89bd40000 - 0x00007ff89bdde000 	C:\Windows\system32\comdlg32.dll
0x00007ff897ba0000 - 0x00007ff897c1b000 	C:\Windows\SYSTEM32\WINSPOOL.DRV
0x00007ff88a620000 - 0x00007ff88a634000 	C:\Windows\SYSTEM32\USP10.dll
0x00007ff8933c0000 - 0x00007ff893608000 	C:\Windows\SYSTEM32\WININET.dll
0x00007ff89aa50000 - 0x00007ff89ac2f000 	C:\Windows\system32\CRYPT32.dll
0x00007ff893610000 - 0x00007ff8938d7000 	C:\Windows\SYSTEM32\iertutil.dll
0x00007ff89a9e0000 - 0x00007ff89a9f2000 	C:\Windows\system32\MSASN1.dll
0x00007ff899150000 - 0x00007ff899170000 	C:\Windows\system32\dwmapi.dll
0x00007ff895af0000 - 0x00007ff895c5f000 	C:\Windows\SYSTEM32\propsys.dll
0x00007ff89b660000 - 0x00007ff89b704000 	C:\Windows\SYSTEM32\clbcatq.dll
0x0000000002120000 - 0x000000000213e000 	C:\Users\CoBoL\.Xilinx\SDK\2015.4\org.eclipse.osgi\bundles\303\1\.cp\swt-gdip-win32-4335.dll
0x00007ff8964a0000 - 0x00007ff896638000 	C:\Windows\WinSxS\amd64_microsoft.windows.gdiplus_6595b64144ccf1df_1.1.9600.17227_none_932c0e57474f5080\gdiplus.dll
0x00007ff897f20000 - 0x00007ff8980ce000 	C:\Windows\SYSTEM32\WindowsCodecs.dll
0x0000000180000000 - 0x0000000180012000 	C:\Users\CoBoL\.Xilinx\SDK\2015.4\org.eclipse.osgi\bundles\121\1\.cp\os\win32\x86_64\localfile_1_0_0.dll
0x00007ff883380000 - 0x00007ff883391000 	C:\Users\CoBoL\.Xilinx\SDK\2015.4\org.eclipse.osgi\bundles\124\1\.cp\jWinHttp-1.0.0.dll
0x00007ff88d2f0000 - 0x00007ff88d3b5000 	C:\Windows\SYSTEM32\WINHTTP.dll
0x00007ff897b30000 - 0x00007ff897b93000 	C:\Windows\SYSTEM32\oleacc.dll
0x00007ff88c8d0000 - 0x00007ff88c8df000 	E:\ProgramFiles\Xilinx\SDK\2015.4\lib\win64.o\librdi_repo_manager.dll
0x00007ff8801e0000 - 0x00007ff88020a000 	E:\ProgramFiles\Xilinx\SDK\2015.4\lib\win64.o\libisl_sysinfo.dll
0x00007ff86d710000 - 0x00007ff86e09d000 	E:\ProgramFiles\Xilinx\SDK\2015.4\lib\win64.o\librdi_common.dll
0x00007ff877ca0000 - 0x00007ff877cf4000 	E:\ProgramFiles\Xilinx\SDK\2015.4\lib\win64.o\librdi_commonxillic.dll
0x00007ff86ef90000 - 0x00007ff86f17c000 	E:\ProgramFiles\Xilinx\SDK\2015.4\lib\win64.o\librdi_hsm.dll
0x00007ff880090000 - 0x00007ff880137000 	C:\Windows\SYSTEM32\MSVCP110.dll
0x00007ff878670000 - 0x00007ff878744000 	C:\Windows\SYSTEM32\MSVCR110.dll
0x00007ff86eba0000 - 0x00007ff86ef0e000 	E:\ProgramFiles\Xilinx\SDK\2015.4\lib\win64.o\libCOIN-all.dll
0x00007ff86d4f0000 - 0x00007ff86d70e000 	E:\ProgramFiles\Xilinx\SDK\2015.4\lib\win64.o\libXil_lmgr11.dll
0x00007ff883c00000 - 0x00007ff883c10000 	E:\ProgramFiles\Xilinx\SDK\2015.4\lib\win64.o\libboost_date_time.dll
0x00007ff87a7a0000 - 0x00007ff87a7c2000 	E:\ProgramFiles\Xilinx\SDK\2015.4\lib\win64.o\libboost_filesystem.dll
0x00007ff877c20000 - 0x00007ff877c94000 	E:\ProgramFiles\Xilinx\SDK\2015.4\lib\win64.o\libboost_program_options.dll
0x00007ff86fd30000 - 0x00007ff86fe2a000 	E:\ProgramFiles\Xilinx\SDK\2015.4\lib\win64.o\libboost_regex.dll
0x00007ff8801c0000 - 0x00007ff8801d3000 	E:\ProgramFiles\Xilinx\SDK\2015.4\lib\win64.o\libboost_signals.dll
0x00007ff883b60000 - 0x00007ff883b69000 	E:\ProgramFiles\Xilinx\SDK\2015.4\lib\win64.o\libboost_system.dll
0x00007ff87e4a0000 - 0x00007ff87e4bd000 	E:\ProgramFiles\Xilinx\SDK\2015.4\lib\win64.o\libboost_thread.dll
0x00007ff8835b0000 - 0x00007ff8835bb000 	E:\ProgramFiles\Xilinx\SDK\2015.4\lib\win64.o\libboost_xilinx.dll
0x00007ff86eb20000 - 0x00007ff86eba0000 	E:\ProgramFiles\Xilinx\SDK\2015.4\lib\win64.o\libhdlpsolve.dll
0x00007ff86ea80000 - 0x00007ff86eb1a000 	E:\ProgramFiles\Xilinx\SDK\2015.4\lib\win64.o\libhdxml.dll
0x00007ff852c20000 - 0x00007ff853054e00 	E:\ProgramFiles\Xilinx\SDK\2015.4\lib\win64.o\libisl_iostreams.dll
0x00007ff87e1a0000 - 0x00007ff87e1b5000 	E:\ProgramFiles\Xilinx\SDK\2015.4\lib\win64.o\pthreadVC2.dll
0x00007ff86d3c0000 - 0x00007ff86d4f0000 	E:\ProgramFiles\Xilinx\SDK\2015.4\lib\win64.o\librdi_curl.dll
0x00007ff87d280000 - 0x00007ff87d298000 	E:\ProgramFiles\Xilinx\SDK\2015.4\lib\win64.o\librdiconfig.dll
0x00007ff879510000 - 0x00007ff879533000 	E:\ProgramFiles\Xilinx\SDK\2015.4\lib\win64.o\librdizlib.dll
0x000000006e5a0000 - 0x000000006e6c7000 	E:\ProgramFiles\Xilinx\SDK\2015.4\lib\win64.o\tcl85t.dll
0x0000000021c90000 - 0x0000000021ef3000 	E:\ProgramFiles\Xilinx\SDK\2015.4\lib\win64.o\xerces-c_3_1.dll
0x00007ff8938e0000 - 0x00007ff893a65000 	C:\Windows\SYSTEM32\urlmon.dll
0x00007ff880060000 - 0x00007ff880083000 	C:\Windows\SYSTEM32\VCOMP110.DLL
0x00007ff86ea30000 - 0x00007ff86ea73000 	E:\ProgramFiles\Xilinx\SDK\2015.4\lib\win64.o\librdi_hdf.dll
0x00007ff8529c0000 - 0x00007ff852c15000 	E:\ProgramFiles\Xilinx\SDK\2015.4\lib\win64.o\librdi_ippcw.dll
0x00007ff8988e0000 - 0x00007ff8988f5000 	C:\Windows\SYSTEM32\NETAPI32.dll
0x00007ff89ac30000 - 0x00007ff89ac7c000 	C:\Windows\system32\WINTRUST.dll
0x00007ff880260000 - 0x00007ff88026b000 	E:\ProgramFiles\Xilinx\SDK\2015.4\lib\win64.o\libboost_chrono.dll
0x00007ff87cc20000 - 0x00007ff87cc36000 	E:\ProgramFiles\Xilinx\SDK\2015.4\lib\win64.o\libboost_iostreams.dll
0x00007ff878c00000 - 0x00007ff878c23000 	E:\ProgramFiles\Xilinx\SDK\2015.4\lib\win64.o\libisl_iosutils.dll
0x00007ff89a2b0000 - 0x00007ff89a2bc000 	C:\Windows\SYSTEM32\netutils.dll
0x00007ff89a600000 - 0x00007ff89a625000 	C:\Windows\SYSTEM32\srvcli.dll
0x00007ff8988a0000 - 0x00007ff8988b6000 	C:\Windows\SYSTEM32\wkscli.dll
0x00007ff897c20000 - 0x00007ff897c27000 	C:\Windows\SYSTEM32\msimg32.dll
0x00007ff843da0000 - 0x00007ff8445b0000 	E:\ProgramFiles\Xilinx\SDK\2015.4\lib\win64.o\libXil_lmgr11FNP.dll
0x00007ff87a390000 - 0x00007ff87a39c000 	C:\Windows\SYSTEM32\snmpapi.dll
0x00007ff89af80000 - 0x00007ff89b154000 	C:\Windows\system32\SETUPAPI.dll
0x00007ff89a7e0000 - 0x00007ff89a80b000 	C:\Windows\SYSTEM32\SspiCli.dll
0x00007ff879a90000 - 0x00007ff879aa6000 	E:\ProgramFiles\Xilinx\SDK\2015.4\eclipse\win64.o\plugins\org.eclipse.cdt.core.win32.x86_64_5.2.0.201402142303\os\win32\x86_64\spawner.dll
0x00007ff87fff0000 - 0x00007ff87fffa000 	E:\ProgramFiles\Xilinx\SDK\2015.4\lib\win64.o\librdi_jtag_settings.dll
0x00007ff878ef0000 - 0x00007ff878f19000 	E:\ProgramFiles\Xilinx\SDK\2015.4\lib\win64.o\librdi_debug_dialog.dll
0x00007ff87ff70000 - 0x00007ff87ff78000 	E:\ProgramFiles\Xilinx\SDK\2015.4\lib\win64.o\librdi_target_manager.dll
0x0000000071080000 - 0x00000000710a6000 	E:\ProgramFiles\Xilinx\SDK\2015.4\eclipse\win64.o\plugins\gnu.io.rxtx.win32.x86_64_2.1.7.3_v20071015\os\win32\x86_64\rxtxSerial.dll
0x00007ff87ff60000 - 0x00007ff87ff63000 	C:\Windows\SYSTEM32\icmp.Dll
0x00007ff891740000 - 0x00007ff8918c8000 	C:\Windows\SYSTEM32\dbghelp.dll

VM Arguments:
jvm_args: -Dcom.xilinx.sdk.args.hwspec=E:/projects/xilinix/ref/lab8/lab8/lab8.sdk/system_wrapper.hdf -Xms64m -Xmx512m & 
java_command: <unknown>
java_class_path (initial): E:\ProgramFiles\Xilinx\SDK\2015.4\eclipse\win64.o\\plugins/org.eclipse.equinox.launcher_1.3.0.v20130327-1440.jar
Launcher Type: generic

Environment Variables:
JAVA_HOME=C:\Program Files\Java\jdk1.8.0_20
CLASSPATH=.;C:\Program Files (x86)\QuickTime\QTSystem\QTJava.zip;
USERNAME=CoBoL
OS=Windows_NT
PROCESSOR_IDENTIFIER=Intel64 Family 6 Model 69 Stepping 1, GenuineIntel



---------------  S Y S T E M  ---------------

OS: Windows 8.1 , 64 bit Build 9600 (6.3.9600.17056)

CPU:total 4 (2 cores per cpu, 2 threads per core) family 6 model 69 stepping 1, cmov, cx8, fxsr, mmx, sse, sse2, sse3, ssse3, sse4.1, sse4.2, popcnt, avx, avx2, aes, clmul, erms, lzcnt, ht, tsc, tscinvbit, bmi1, bmi2

Memory: 4k page, physical 8287332k(4573520k free), swap 11433060k(5638608k free)

vm_info: Java HotSpot(TM) 64-Bit Server VM (25.45-b02) for windows-amd64 JRE (1.8.0_45-b15), built on Apr 30 2015 12:40:44 by "java_re" with MS VC++ 10.0 (VS2010)

time: Thu May 26 16:47:34 2016
elapsed time: 6381 seconds (0d 1h 46m 21s)

