#-----------------------------------------------------------
# Vivado v2015.4 (64-bit)
# SW Build 1412921 on Wed Nov 18 09:43:45 MST 2015
# IP Build 1412160 on Tue Nov 17 13:47:24 MST 2015
# Start of session at: Thu May 26 14:47:14 2016
# Process ID: 10812
# Current directory: E:/projects/xilinix/ref/lab8/lab8
# Command line: vivado.exe -gui_launcher_event rodinguilauncherevent4784 E:\projects\xilinix\ref\lab8\lab8\lab8.xpr
# Log file: E:/projects/xilinix/ref/lab8/lab8/vivado.log
# Journal file: E:/projects/xilinix/ref/lab8/lab8\vivado.jou
#-----------------------------------------------------------
start_gui
open_project E:/projects/xilinix/ref/lab8/lab8/lab8.xpr
INFO: [Project 1-313] Project file moved from 'C:/embeddedcentric/lab8' since last save.
Scanning sources...
Finished scanning sources
WARNING: [filemgmt 56-2] IP Repository Path: Could not find the directory 'E:/projects/xilinix/ref/ip_cores', nor could it be found using path 'C:/ip_cores'.
INFO: [Project 1-230] Project 'lab8.xpr' upgraded for this version of Vivado.
INFO: [IP_Flow 19-234] Refreshing IP repositories
WARNING: [IP_Flow 19-2248] Failed to load user IP repository 'e:/projects/xilinix/ref/ip_cores'; Can't find the specified path.
If this directory should no longer be in your list of user repositories, go to the IP Settings dialog and remove it.
INFO: [IP_Flow 19-2313] Loaded Vivado IP repository 'E:/ProgramFiles/Xilinx/Vivado/2015.4/data/ip'.
WARNING: [BD 41-1661] One or more IPs have been locked in the design 'system.bd'. Please run report_ip_status for more details and recommendations on how to fix this issue.
List of locked IPs:
system_axi_gpio_0_0
system_processing_system7_0_0
system_auto_pc_0
system_xbar_0
system_zed_audio_ctrl_0_0
system_nco_0_0
system_rst_processing_system7_0_100M_0
system_xlconstant_0_0

open_project: Time (s): cpu = 00:00:34 ; elapsed = 00:00:18 . Memory (MB): peak = 831.637 ; gain = 186.609
report_ip_status -name ip_status 
open_bd_design {E:/projects/xilinix/ref/lab8/lab8/lab8.srcs/sources_1/bd/system/system.bd}
Adding component instance block -- xilinx.com:ip:processing_system7:5.5 - processing_system7_0
Adding component instance block -- xilinx.com:hls:nco:1.0 - nco_0
Adding component instance block -- xilinx.com:ip:proc_sys_reset:5.0 - rst_processing_system7_0_100M
Adding component instance block -- xilinx.com:user:zed_audio_ctrl:1.0 - zed_audio_ctrl_0
Adding component instance block -- xilinx.com:ip:axi_gpio:2.0 - axi_gpio_0
Adding component instance block -- xilinx.com:ip:xlconstant:1.1 - xlconstant_0
Adding component instance block -- xilinx.com:ip:axi_crossbar:2.1 - xbar
Adding component instance block -- xilinx.com:ip:axi_protocol_converter:2.1 - auto_pc
Successfully read diagram <system> from BD file <E:/projects/xilinix/ref/lab8/lab8/lab8.srcs/sources_1/bd/system/system.bd>
open_bd_design: Time (s): cpu = 00:00:18 ; elapsed = 00:00:12 . Memory (MB): peak = 841.496 ; gain = 9.859
report_ip_status -name ip_status 
reset_run synth_1
launch_runs synth_1
INFO: [HDL 9-2216] Analyzing Verilog file "E:/projects/xilinix/ref/lab8/lab8/lab8.srcs/sources_1/bd/system/hdl/system_wrapper.v" into library work [E:/projects/xilinix/ref/lab8/lab8/lab8.srcs/sources_1/bd/system/hdl/system_wrapper.v:1]
INFO: [HDL 9-2216] Analyzing Verilog file "E:/projects/xilinix/ref/lab8/lab8/lab8.srcs/sources_1/bd/system/hdl/system.v" into library work [E:/projects/xilinix/ref/lab8/lab8/lab8.srcs/sources_1/bd/system/hdl/system.v:1]
[Thu May 26 14:53:25 2016] Launched synth_1...
Run output will be captured here: E:/projects/xilinix/ref/lab8/lab8/lab8.runs/synth_1/runme.log
launch_runs impl_1
[Thu May 26 14:56:26 2016] Launched impl_1...
Run output will be captured here: E:/projects/xilinix/ref/lab8/lab8/lab8.runs/impl_1/runme.log
launch_runs impl_1 -to_step write_bitstream
[Thu May 26 14:59:14 2016] Launched impl_1...
Run output will be captured here: E:/projects/xilinix/ref/lab8/lab8/lab8.runs/impl_1/runme.log
open_hw
file copy -force E:/projects/xilinix/ref/lab8/lab8/lab8.runs/impl_1/system_wrapper.sysdef E:/projects/xilinix/ref/lab8/lab8/lab8.sdk/system_wrapper.hdf

launch_sdk -workspace E:/projects/xilinix/ref/lab8/lab8/lab8.sdk -hwspec E:/projects/xilinix/ref/lab8/lab8/lab8.sdk/system_wrapper.hdf
INFO: [Vivado 12-393] Launching SDK...
INFO: [Vivado 12-417] Running xsdk -workspace E:/projects/xilinix/ref/lab8/lab8/lab8.sdk -hwspec E:/projects/xilinix/ref/lab8/lab8/lab8.sdk/system_wrapper.hdf
INFO: [Vivado 12-3157] SDK launch initiated. Please check console for any further messages.
open_bd_design {E:/projects/xilinix/ref/lab8/lab8/lab8.srcs/sources_1/bd/system/system.bd}
exit
INFO: [Common 17-206] Exiting Vivado at Thu May 26 16:47:38 2016...
