#
# A fatal error has been detected by the Java Runtime Environment:
#
#  Internal Error (0xc000000d), pid=4480, tid=15932
#
# JRE version: Java(TM) SE Runtime Environment (8.0_45-b15) (build 1.8.0_45-b15)
# Java VM: Java HotSpot(TM) 64-Bit Server VM (25.45-b02 mixed mode windows-amd64 compressed oops)
# Problematic frame:
# C  [ntdll.dll+0xfe9d8]
#
# Failed to write core dump. Minidumps are not enabled by default on client versions of Windows
#
# If you would like to submit a bug report, please visit:
#   http://bugreport.java.com/bugreport/crash.jsp
#

---------------  T H R E A D  ---------------

Current thread (0x0000000013697000):  VMThread [stack: 0x0000000014720000,0x0000000014820000] [id=15932]

siginfo: ExceptionCode=0xc000000d

Registers:
RAX=0x000000001985e910, RBX=0xfffffffffffffffe, RCX=0x000000000013f390, RDX=0x0000000002367ced
RSP=0x000000001481f1b0, RBP=0x00007ff80ce87408, RSI=0x0000000000000000, RDI=0x000000000000046c
R8 =0x0000000067e4260b, R9 =0x0000000019862250, R10=0xffffffffffffffff, R11=0xffffffffffffffff
R12=0x0000000024adf600, R13=0x0000000024af79e0, R14=0x0000000024adf708, R15=0x000000001481f328
RIP=0x00007ff81cd6e9d8, EFLAGS=0x0000000000000202

Top of Stack: (sp=0x000000001481f1b0)
0x000000001481f1b0:   0000000000000000 fffffffffffffffe
0x000000001481f1c0:   0000000000000000 000000000000046c
0x000000001481f1d0:   00000000c000000d 0000000000000000
0x000000001481f1e0:   00007ff81cd6e9d8 0000000000000000
0x000000001481f1f0:   0000000000000000 0000000000000000
0x000000001481f200:   0000000000000000 0000000000000000
0x000000001481f210:   0000000000000000 0000000000000000
0x000000001481f220:   0000000000000000 0000000000000000
0x000000001481f230:   0000000000000000 0000000000000000
0x000000001481f240:   0000000000000000 0000000000000000
0x000000001481f250:   0000000000000000 0000000000000000
0x000000001481f260:   0000000000000000 0000000000000013
0x000000001481f270:   0000c84947eb4628 0000000000000000
0x000000001481f280:   0000000000000120 00007ff81cd15ebf
0x000000001481f290:   00000000001f0000 0000000000000000
0x000000001481f2a0:   0000000000000120 0000000000000000 

Instructions: (pc=0x00007ff81cd6e9d8)
0x00007ff81cd6e9b8:   6b f9 ff c7 44 24 20 0d 00 00 c0 b9 57 00 00 00
0x00007ff81cd6e9c8:   e8 23 14 f5 ff 90 48 8d 4c 24 20 e8 a4 37 f5 ff
0x00007ff81cd6e9d8:   eb 00 48 8b 8c 24 c0 00 00 00 48 33 cc e8 56 47
0x00007ff81cd6e9e8:   f8 ff 48 81 c4 d8 00 00 00 c3 40 55 48 83 ec 20 


Register to memory mapping:

RAX=0x000000001985e910 is an unknown value
RBX=0xfffffffffffffffe is an unknown value
RCX=0x000000000013f390 is pointing into the stack for thread: 0x0000000002263800
RDX=0x0000000002367ced is at code_begin+2093 in an Interpreter codelet
invoke return entry points  [0x00000000023674c0, 0x0000000002367dc0]  2304 bytes
RSP=0x000000001481f1b0 is an unknown value
RBP=0x00007ff80ce87408 is an unknown value
RSI=0x0000000000000000 is an unknown value
RDI=0x000000000000046c is an unknown value
R8 =0x0000000067e4260b is an unknown value
R9 =0x0000000019862250 is an unknown value
R10=0xffffffffffffffff is an unknown value
R11=0xffffffffffffffff is an unknown value
R12=0x0000000024adf600 is an unknown value
R13=0x0000000024af79e0 is an unknown value
R14=0x0000000024adf708 is an unknown value
R15=0x000000001481f328 is an unknown value


Stack: [0x0000000014720000,0x0000000014820000],  sp=0x000000001481f1b0,  free space=1020k
Native frames: (J=compiled Java code, j=interpreted, Vv=VM code, C=native code)
C  [ntdll.dll+0xfe9d8]
C  [ntdll.dll+0xa5ebf]
C  [KERNEL32.DLL+0x35da]
C  [MSVCR110.dll+0x752d]
C  [MSVCR110.dll+0x73c6]
C  [MSVCR110.dll+0x14cca]
C  [MSVCR110.dll+0x13edc]
C  [MSVCR110.dll+0x239e]
C  [MSVCR110.dll+0xaf9e]
C  [MSVCP110.dll+0x397b9]
C  [librdi_common.dll+0x14283e]
C  [librdi_common.dll+0x141449]
C  [librdi_target_manager.dll+0x2400]
C  [librdi_target_manager.dll+0x2682]
C  [ntdll.dll+0x231dd]
C  [ntdll.dll+0x2160a]
C  [ntdll.dll+0x6b5ec]
C  [KERNEL32.DLL+0x4d56]
C  [MSVCR100.dll+0x20ccd]
V  [jvm.dll+0x20f135]
V  [jvm.dll+0x247ef7]
V  [jvm.dll+0x247196]
V  [jvm.dll+0x247631]
V  [jvm.dll+0x24784e]
V  [jvm.dll+0x29853a]
C  [MSVCR100.dll+0x21d9f]
C  [MSVCR100.dll+0x21e3b]
C  [KERNEL32.DLL+0x16ad]
C  [ntdll.dll+0x54409]

VM_Operation (0x000000000013f500): Exit, mode: safepoint, requested by thread 0x0000000002263800


---------------  P R O C E S S  ---------------

Java Threads: ( => current thread )
  0x0000000018502000 JavaThread "Spawner Reaper" daemon [_thread_in_native, id=8620, stack(0x00000000297f0000,0x00000000298f0000)]
  0x0000000018824800 JavaThread "pool-2-thread-7" [_thread_blocked, id=14236, stack(0x0000000028130000,0x0000000028230000)]
  0x0000000018826800 JavaThread "pool-2-thread-6" [_thread_blocked, id=9888, stack(0x0000000027410000,0x0000000027510000)]
  0x0000000018821800 JavaThread "pool-2-thread-5" [_thread_blocked, id=8848, stack(0x0000000027310000,0x0000000027410000)]
  0x000000001881e800 JavaThread "pool-2-thread-4" [_thread_blocked, id=15844, stack(0x0000000026b90000,0x0000000026c90000)]
  0x0000000019f8a000 JavaThread "pool-2-thread-3" [_thread_blocked, id=10952, stack(0x0000000027010000,0x0000000027110000)]
  0x000000001b310800 JavaThread "pool-2-thread-2" [_thread_blocked, id=15352, stack(0x0000000026f10000,0x0000000027010000)]
  0x000000001b30d800 JavaThread "pool-2-thread-1" [_thread_blocked, id=12084, stack(0x0000000026a00000,0x0000000026b00000)]
  0x0000000019f89800 JavaThread "Thread-20" daemon [_thread_blocked, id=10232, stack(0x0000000025700000,0x0000000025800000)]
  0x000000001a50d000 JavaThread "TCF Locator DNS Lookup" daemon [_thread_blocked, id=8824, stack(0x00000000210b0000,0x00000000211b0000)]
  0x000000001a50c000 JavaThread "TCF Locator Timer" daemon [_thread_blocked, id=3964, stack(0x0000000020d20000,0x0000000020e20000)]
  0x000000001a50f000 JavaThread "TCF Locator Receiver" daemon [_thread_in_native, id=2848, stack(0x0000000020a10000,0x0000000020b10000)]
  0x000000001a50d800 JavaThread "TCF Timer Dispatcher" daemon [_thread_blocked, id=7876, stack(0x0000000020810000,0x0000000020910000)]
  0x00000000169f2800 JavaThread "EMF Reference Cleaner" daemon [_thread_blocked, id=16632, stack(0x00000000179e0000,0x0000000017ae0000)]
  0x0000000014f87000 JavaThread "Service Thread" daemon [_thread_blocked, id=6868, stack(0x0000000015320000,0x0000000015420000)]
  0x000000001372a800 JavaThread "C1 CompilerThread2" daemon [_thread_blocked, id=15656, stack(0x0000000014e20000,0x0000000014f20000)]
  0x0000000013727000 JavaThread "C2 CompilerThread1" daemon [_thread_blocked, id=16224, stack(0x0000000014d20000,0x0000000014e20000)]
  0x0000000013721000 JavaThread "C2 CompilerThread0" daemon [_thread_blocked, id=2176, stack(0x0000000014c20000,0x0000000014d20000)]
  0x000000001371f800 JavaThread "Attach Listener" daemon [_thread_blocked, id=13760, stack(0x0000000014b20000,0x0000000014c20000)]
  0x000000001371e800 JavaThread "Signal Dispatcher" daemon [_thread_blocked, id=6988, stack(0x0000000014a20000,0x0000000014b20000)]
  0x0000000013699000 JavaThread "Finalizer" daemon [_thread_blocked, id=3344, stack(0x0000000014920000,0x0000000014a20000)]
  0x0000000002353800 JavaThread "Reference Handler" daemon [_thread_blocked, id=8768, stack(0x0000000014820000,0x0000000014920000)]
  0x0000000002263800 JavaThread "main" [_thread_blocked, id=13432, stack(0x0000000000040000,0x0000000000140000)]

Other Threads:
=>0x0000000013697000 VMThread [stack: 0x0000000014720000,0x0000000014820000] [id=15932]

VM state:at safepoint (shutting down)

VM Mutex/Monitor currently owned by a thread:  ([mutex/lock_event])
[0x0000000002260dd0] Threads_lock - owner thread: 0x0000000013697000

Heap:
 PSYoungGen      total 117248K, used 22912K [0x00000000f5580000, 0x00000000fd880000, 0x0000000100000000)
  eden space 100352K, 17% used [0x00000000f5580000,0x00000000f66475e0,0x00000000fb780000)
  from space 16896K, 33% used [0x00000000fb780000,0x00000000fbd18d40,0x00000000fc800000)
  to   space 16384K, 0% used [0x00000000fc880000,0x00000000fc880000,0x00000000fd880000)
 ParOldGen       total 98304K, used 60758K [0x00000000e0000000, 0x00000000e6000000, 0x00000000f5580000)
  object space 98304K, 61% used [0x00000000e0000000,0x00000000e3b55928,0x00000000e6000000)
 Metaspace       used 97580K, capacity 104492K, committed 104704K, reserved 1140736K
  class space    used 11734K, capacity 13807K, committed 13824K, reserved 1048576K

Card table byte_map: [0x0000000011720000,0x0000000011830000] byte_map_base: 0x0000000011020000

Marking Bits: (ParMarkBitMap*) 0x0000000068404040
 Begin Bits: [0x0000000011c30000, 0x0000000012430000)
 End Bits:   [0x0000000012430000, 0x0000000012c30000)

Polling page: 0x00000000006e0000

CodeCache: size=245760Kb used=63992Kb max_used=64042Kb free=181767Kb
 bounds [0x0000000002360000, 0x0000000006280000, 0x0000000011360000]
 total_blobs=17388 nmethods=16521 adapters=772
 compilation: enabled

Compilation events (10 events):
Event: 864.240 Thread 0x000000001372a800 21969       3       org.eclipse.osgi.baseadaptor.bundlefile.BundleFile::setMruIndex (6 bytes)
Event: 864.240 Thread 0x000000001372a800 nmethod 21969 0x00000000043a8f10 code [0x00000000043a9060, 0x00000000043a91b0]
Event: 864.240 Thread 0x000000001372a800 21963   !   3       org.eclipse.osgi.framework.internal.core.BundleHost::stopWorker (299 bytes)
Event: 864.250 Thread 0x000000001372a800 nmethod 21963 0x000000000626d890 code [0x000000000626e020, 0x0000000006272d78]
Event: 864.364 Thread 0x0000000013721000 21971       4       java.io.File::list (33 bytes)
Event: 864.372 Thread 0x0000000013721000 nmethod 21971 0x0000000002670d10 code [0x0000000002670e60, 0x0000000002671068]
Event: 864.436 Thread 0x000000001372a800 21972   !   3       org.eclipse.osgi.internal.baseadaptor.BaseStorage::compact (215 bytes)
Event: 864.441 Thread 0x000000001372a800 nmethod 21972 0x0000000005ef2810 code [0x0000000005ef2c60, 0x0000000005ef5128]
Event: 864.650 Thread 0x000000001372a800 21973       3       org.eclipse.osgi.framework.internal.core.AbstractBundle::close (52 bytes)
Event: 864.652 Thread 0x000000001372a800 nmethod 21973 0x0000000005ef1350 code [0x0000000005ef1580, 0x0000000005ef2288]

GC Heap History (10 events):
Event: 679.861 GC heap before
{Heap before GC invocations=63 (full 6):
 PSYoungGen      total 120320K, used 99616K [0x00000000f5580000, 0x00000000fe000000, 0x0000000100000000)
  eden space 98304K, 100% used [0x00000000f5580000,0x00000000fb580000,0x00000000fb580000)
  from space 22016K, 5% used [0x00000000fca80000,0x00000000fcbc8000,0x00000000fe000000)
  to   space 21504K, 0% used [0x00000000fb580000,0x00000000fb580000,0x00000000fca80000)
 ParOldGen       total 98304K, used 60726K [0x00000000e0000000, 0x00000000e6000000, 0x00000000f5580000)
  object space 98304K, 61% used [0x00000000e0000000,0x00000000e3b4d928,0x00000000e6000000)
 Metaspace       used 95207K, capacity 102052K, committed 102144K, reserved 1138688K
  class space    used 11535K, capacity 13513K, committed 13568K, reserved 1048576K
Event: 679.876 GC heap after
Heap after GC invocations=63 (full 6):
 PSYoungGen      total 119808K, used 5168K [0x00000000f5580000, 0x00000000fde80000, 0x0000000100000000)
  eden space 98304K, 0% used [0x00000000f5580000,0x00000000f5580000,0x00000000fb580000)
  from space 21504K, 24% used [0x00000000fb580000,0x00000000fba8c218,0x00000000fca80000)
  to   space 20480K, 0% used [0x00000000fca80000,0x00000000fca80000,0x00000000fde80000)
 ParOldGen       total 98304K, used 60734K [0x00000000e0000000, 0x00000000e6000000, 0x00000000f5580000)
  object space 98304K, 61% used [0x00000000e0000000,0x00000000e3b4f928,0x00000000e6000000)
 Metaspace       used 95207K, capacity 102052K, committed 102144K, reserved 1138688K
  class space    used 11535K, capacity 13513K, committed 13568K, reserved 1048576K
}
Event: 726.790 GC heap before
{Heap before GC invocations=64 (full 6):
 PSYoungGen      total 119808K, used 103472K [0x00000000f5580000, 0x00000000fde80000, 0x0000000100000000)
  eden space 98304K, 100% used [0x00000000f5580000,0x00000000fb580000,0x00000000fb580000)
  from space 21504K, 24% used [0x00000000fb580000,0x00000000fba8c218,0x00000000fca80000)
  to   space 20480K, 0% used [0x00000000fca80000,0x00000000fca80000,0x00000000fde80000)
 ParOldGen       total 98304K, used 60734K [0x00000000e0000000, 0x00000000e6000000, 0x00000000f5580000)
  object space 98304K, 61% used [0x00000000e0000000,0x00000000e3b4f928,0x00000000e6000000)
 Metaspace       used 96247K, capacity 103172K, committed 103296K, reserved 1138688K
  class space    used 11636K, capacity 13673K, committed 13696K, reserved 1048576K
Event: 726.809 GC heap after
Heap after GC invocations=64 (full 6):
 PSYoungGen      total 117760K, used 6971K [0x00000000f5580000, 0x00000000fdc80000, 0x0000000100000000)
  eden space 99328K, 0% used [0x00000000f5580000,0x00000000f5580000,0x00000000fb680000)
  from space 18432K, 37% used [0x00000000fca80000,0x00000000fd14ef00,0x00000000fdc80000)
  to   space 19456K, 0% used [0x00000000fb680000,0x00000000fb680000,0x00000000fc980000)
 ParOldGen       total 98304K, used 60742K [0x00000000e0000000, 0x00000000e6000000, 0x00000000f5580000)
  object space 98304K, 61% used [0x00000000e0000000,0x00000000e3b51928,0x00000000e6000000)
 Metaspace       used 96247K, capacity 103172K, committed 103296K, reserved 1138688K
  class space    used 11636K, capacity 13673K, committed 13696K, reserved 1048576K
}
Event: 728.867 GC heap before
{Heap before GC invocations=65 (full 6):
 PSYoungGen      total 117760K, used 106299K [0x00000000f5580000, 0x00000000fdc80000, 0x0000000100000000)
  eden space 99328K, 100% used [0x00000000f5580000,0x00000000fb680000,0x00000000fb680000)
  from space 18432K, 37% used [0x00000000fca80000,0x00000000fd14ef00,0x00000000fdc80000)
  to   space 19456K, 0% used [0x00000000fb680000,0x00000000fb680000,0x00000000fc980000)
 ParOldGen       total 98304K, used 60742K [0x00000000e0000000, 0x00000000e6000000, 0x00000000f5580000)
  object space 98304K, 61% used [0x00000000e0000000,0x00000000e3b51928,0x00000000e6000000)
 Metaspace       used 96277K, capacity 103172K, committed 103296K, reserved 1138688K
  class space    used 11636K, capacity 13673K, committed 13696K, reserved 1048576K
Event: 728.887 GC heap after
Heap after GC invocations=65 (full 6):
 PSYoungGen      total 118784K, used 7009K [0x00000000f5580000, 0x00000000fdb00000, 0x0000000100000000)
  eden space 99328K, 0% used [0x00000000f5580000,0x00000000f5580000,0x00000000fb680000)
  from space 19456K, 36% used [0x00000000fb680000,0x00000000fbd58670,0x00000000fc980000)
  to   space 17920K, 0% used [0x00000000fc980000,0x00000000fc980000,0x00000000fdb00000)
 ParOldGen       total 98304K, used 60742K [0x00000000e0000000, 0x00000000e6000000, 0x00000000f5580000)
  object space 98304K, 61% used [0x00000000e0000000,0x00000000e3b51928,0x00000000e6000000)
 Metaspace       used 96277K, capacity 103172K, committed 103296K, reserved 1138688K
  class space    used 11636K, capacity 13673K, committed 13696K, reserved 1048576K
}
Event: 794.917 GC heap before
{Heap before GC invocations=66 (full 6):
 PSYoungGen      total 118784K, used 106337K [0x00000000f5580000, 0x00000000fdb00000, 0x0000000100000000)
  eden space 99328K, 100% used [0x00000000f5580000,0x00000000fb680000,0x00000000fb680000)
  from space 19456K, 36% used [0x00000000fb680000,0x00000000fbd58670,0x00000000fc980000)
  to   space 17920K, 0% used [0x00000000fc980000,0x00000000fc980000,0x00000000fdb00000)
 ParOldGen       total 98304K, used 60742K [0x00000000e0000000, 0x00000000e6000000, 0x00000000f5580000)
  object space 98304K, 61% used [0x00000000e0000000,0x00000000e3b51928,0x00000000e6000000)
 Metaspace       used 96724K, capacity 103830K, committed 104064K, reserved 1140736K
  class space    used 11653K, capacity 13676K, committed 13696K, reserved 1048576K
Event: 794.939 GC heap after
Heap after GC invocations=66 (full 6):
 PSYoungGen      total 115712K, used 6792K [0x00000000f5580000, 0x00000000fd880000, 0x0000000100000000)
  eden space 100352K, 0% used [0x00000000f5580000,0x00000000f5580000,0x00000000fb780000)
  from space 15360K, 44% used [0x00000000fc980000,0x00000000fd022300,0x00000000fd880000)
  to   space 16896K, 0% used [0x00000000fb780000,0x00000000fb780000,0x00000000fc800000)
 ParOldGen       total 98304K, used 60750K [0x00000000e0000000, 0x00000000e6000000, 0x00000000f5580000)
  object space 98304K, 61% used [0x00000000e0000000,0x00000000e3b53928,0x00000000e6000000)
 Metaspace       used 96724K, capacity 103830K, committed 104064K, reserved 1140736K
  class space    used 11653K, capacity 13676K, committed 13696K, reserved 1048576K
}
Event: 862.177 GC heap before
{Heap before GC invocations=67 (full 6):
 PSYoungGen      total 115712K, used 107144K [0x00000000f5580000, 0x00000000fd880000, 0x0000000100000000)
  eden space 100352K, 100% used [0x00000000f5580000,0x00000000fb780000,0x00000000fb780000)
  from space 15360K, 44% used [0x00000000fc980000,0x00000000fd022300,0x00000000fd880000)
  to   space 16896K, 0% used [0x00000000fb780000,0x00000000fb780000,0x00000000fc800000)
 ParOldGen       total 98304K, used 60750K [0x00000000e0000000, 0x00000000e6000000, 0x00000000f5580000)
  object space 98304K, 61% used [0x00000000e0000000,0x00000000e3b53928,0x00000000e6000000)
 Metaspace       used 97174K, capacity 104168K, committed 104448K, reserved 1140736K
  class space    used 11694K, capacity 13743K, committed 13824K, reserved 1048576K
Event: 862.193 GC heap after
Heap after GC invocations=67 (full 6):
 PSYoungGen      total 117248K, used 5731K [0x00000000f5580000, 0x00000000fd880000, 0x0000000100000000)
  eden space 100352K, 0% used [0x00000000f5580000,0x00000000f5580000,0x00000000fb780000)
  from space 16896K, 33% used [0x00000000fb780000,0x00000000fbd18d40,0x00000000fc800000)
  to   space 16384K, 0% used [0x00000000fc880000,0x00000000fc880000,0x00000000fd880000)
 ParOldGen       total 98304K, used 60758K [0x00000000e0000000, 0x00000000e6000000, 0x00000000f5580000)
  object space 98304K, 61% used [0x00000000e0000000,0x00000000e3b55928,0x00000000e6000000)
 Metaspace       used 97174K, capacity 104168K, committed 104448K, reserved 1140736K
  class space    used 11694K, capacity 13743K, committed 13824K, reserved 1048576K
}

Deoptimization events (10 events):
Event: 864.215 Thread 0x0000000016943800 Uncommon trap: reason=unstable_if action=reinterpret pc=0x0000000005206ba4 method=org.eclipse.core.internal.jobs.WorkerPool.startJob(Lorg/eclipse/core/internal/jobs/Worker;)Lorg/eclipse/core/internal/jobs/InternalJob; @ 177
Event: 864.218 Thread 0x00000000168b9000 Uncommon trap: reason=unstable_if action=reinterpret pc=0x0000000005206ba4 method=org.eclipse.core.internal.jobs.WorkerPool.startJob(Lorg/eclipse/core/internal/jobs/Worker;)Lorg/eclipse/core/internal/jobs/InternalJob; @ 177
Event: 864.221 Thread 0x00000000181ab800 Uncommon trap: reason=unstable_if action=reinterpret pc=0x0000000005206ba4 method=org.eclipse.core.internal.jobs.WorkerPool.startJob(Lorg/eclipse/core/internal/jobs/Worker;)Lorg/eclipse/core/internal/jobs/InternalJob; @ 177
Event: 864.222 Thread 0x000000001b309800 Uncommon trap: reason=unstable_if action=reinterpret pc=0x0000000005206ba4 method=org.eclipse.core.internal.jobs.WorkerPool.startJob(Lorg/eclipse/core/internal/jobs/Worker;)Lorg/eclipse/core/internal/jobs/InternalJob; @ 177
Event: 864.225 Thread 0x000000001708a800 Uncommon trap: reason=unstable_if action=reinterpret pc=0x0000000005206ba4 method=org.eclipse.core.internal.jobs.WorkerPool.startJob(Lorg/eclipse/core/internal/jobs/Worker;)Lorg/eclipse/core/internal/jobs/InternalJob; @ 177
Event: 864.226 Thread 0x000000001b301000 Uncommon trap: reason=unstable_if action=reinterpret pc=0x0000000005206ba4 method=org.eclipse.core.internal.jobs.WorkerPool.startJob(Lorg/eclipse/core/internal/jobs/Worker;)Lorg/eclipse/core/internal/jobs/InternalJob; @ 177
Event: 864.226 Thread 0x000000001b307000 Uncommon trap: reason=unstable_if action=reinterpret pc=0x0000000005206ba4 method=org.eclipse.core.internal.jobs.WorkerPool.startJob(Lorg/eclipse/core/internal/jobs/Worker;)Lorg/eclipse/core/internal/jobs/InternalJob; @ 177
Event: 864.226 Thread 0x000000001a147000 Uncommon trap: reason=unstable_if action=reinterpret pc=0x0000000005206ba4 method=org.eclipse.core.internal.jobs.WorkerPool.startJob(Lorg/eclipse/core/internal/jobs/Worker;)Lorg/eclipse/core/internal/jobs/InternalJob; @ 177
Event: 864.226 Thread 0x00000000181ac000 Uncommon trap: reason=unstable_if action=reinterpret pc=0x0000000005206ba4 method=org.eclipse.core.internal.jobs.WorkerPool.startJob(Lorg/eclipse/core/internal/jobs/Worker;)Lorg/eclipse/core/internal/jobs/InternalJob; @ 177
Event: 864.652 Thread 0x0000000002263800 Uncommon trap: reason=unstable_if action=reinterpret pc=0x0000000004e41afc method=sun.reflect.UnsafeStaticObjectFieldAccessorImpl.set(Ljava/lang/Object;Ljava/lang/Object;)V @ 13

Internal exceptions (10 events):
Event: 863.442 Thread 0x0000000002263800 Implicit null exception at 0x00000000057e6a7e to 0x00000000057e7d60
Event: 864.056 Thread 0x0000000002263800 Implicit null exception at 0x000000000587f4db to 0x000000000587f9d1
Event: 864.082 Thread 0x0000000018506000 Exception <a 'java/lang/InterruptedException'> (0x00000000f60c5fb8) thrown at [C:\re\workspace\8-2-build-windows-amd64-cygwin\jdk8u45\3627\hotspot\src\share\vm\runtime\objectMonitor.cpp, line 1683]
Event: 864.132 Thread 0x0000000018504800 Implicit null exception at 0x0000000003fb8a06 to 0x0000000003fb8b87
Event: 864.237 Thread 0x0000000015728800 Exception <a 'java/lang/InterruptedException': sleep interrupted> (0x00000000f6300340) thrown at [C:\re\workspace\8-2-build-windows-amd64-cygwin\jdk8u45\3627\hotspot\src\share\vm\prims\jvm.cpp, line 3211]
Event: 864.239 Thread 0x000000001cf07000 Exception <a 'java/lang/InterruptedException'> (0x00000000f607d470) thrown at [C:\re\workspace\8-2-build-windows-amd64-cygwin\jdk8u45\3627\hotspot\src\share\vm\runtime\objectMonitor.cpp, line 1683]
Event: 864.239 Thread 0x0000000015b41000 Exception <a 'java/lang/InterruptedException'> (0x00000000f63fb100) thrown at [C:\re\workspace\8-2-build-windows-amd64-cygwin\jdk8u45\3627\hotspot\src\share\vm\runtime\objectMonitor.cpp, line 1683]
Event: 864.651 Thread 0x0000000015cfa000 Exception <a 'java/lang/InterruptedException'> (0x00000000f6300258) thrown at [C:\re\workspace\8-2-build-windows-amd64-cygwin\jdk8u45\3627\hotspot\src\share\vm\runtime\objectMonitor.cpp, line 1683]
Event: 864.652 Thread 0x0000000002263800 Implicit null exception at 0x0000000004e417b8 to 0x0000000004e41ae9
Event: 864.655 Thread 0x0000000018500000 Exception <a 'java/io/IOException'> (0x00000000f6633798) thrown at [C:\re\workspace\8-2-build-windows-amd64-cygwin\jdk8u45\3627\hotspot\src\share\vm\prims\jni.cpp, line 709]

Events (10 events):
Event: 864.653 loading class java/util/IdentityHashMap$IdentityHashMapIterator
Event: 864.653 loading class java/util/IdentityHashMap$IdentityHashMapIterator done
Event: 864.653 loading class java/util/IdentityHashMap$KeyIterator done
Event: 864.654 Thread 0x0000000018500000 Thread added: 0x0000000018500000
Event: 864.654 Executing VM operation: RevokeBias
Event: 864.654 Executing VM operation: RevokeBias done
Event: 864.654 Executing VM operation: RevokeBias
Event: 864.654 Executing VM operation: RevokeBias done
Event: 864.655 Thread 0x0000000018500000 Thread exited: 0x0000000018500000
Event: 864.656 Executing VM operation: Exit


Dynamic libraries:
0x0000000000400000 - 0x000000000044f000 	E:\ProgramFiles\Xilinx\SDK\2015.4\eclipse\win64.o\eclipse.exe
0x00007ff81cc70000 - 0x00007ff81ce16000 	C:\Windows\SYSTEM32\ntdll.dll
0x00007ff81c7a0000 - 0x00007ff81c8da000 	C:\Windows\system32\KERNEL32.DLL
0x00007ff81a100000 - 0x00007ff81a20f000 	C:\Windows\system32\KERNELBASE.dll
0x00007ff81aaf0000 - 0x00007ff81ac61000 	C:\Windows\system32\USER32.dll
0x00007ff8176a0000 - 0x00007ff8178fa000 	C:\Windows\WinSxS\amd64_microsoft.windows.common-controls_6595b64144ccf1df_6.0.9600.17031_none_6242a4b3ecbb55a1\COMCTL32.dll
0x00007ff81c5e0000 - 0x00007ff81c687000 	C:\Windows\system32\msvcrt.dll
0x00007ff81c8e0000 - 0x00007ff81ca24000 	C:\Windows\system32\GDI32.dll
0x00007ff81c150000 - 0x00007ff81c184000 	C:\Windows\system32\IMM32.DLL
0x00007ff81a950000 - 0x00007ff81aa89000 	C:\Windows\system32\MSCTF.dll
0x0000000072000000 - 0x0000000072012000 	E:\ProgramFiles\Xilinx\SDK\2015.4\eclipse\win64.o\plugins\org.eclipse.equinox.launcher.win32.win32.x86_64_1.1.200.v20140116-2212\eclipse_1503.dll
0x00007ff81c530000 - 0x00007ff81c5d5000 	C:\Windows\system32\ADVAPI32.dll
0x00007ff812500000 - 0x00007ff81250a000 	C:\Windows\SYSTEM32\VERSION.dll
0x00007ff81c1a0000 - 0x00007ff81c1f7000 	C:\Windows\SYSTEM32\sechost.dll
0x00007ff81c200000 - 0x00007ff81c337000 	C:\Windows\system32\RPCRT4.dll
0x00007ff818cc0000 - 0x00007ff818de1000 	C:\Windows\system32\uxtheme.dll
0x00007ff81c350000 - 0x00007ff81c526000 	C:\Windows\SYSTEM32\combase.dll
0x00007ffff7350000 - 0x00007ffff738f000 	C:\Program Files\ASUS\Bluetooth Software\btmmhook.dll
0x00007ff81ac90000 - 0x00007ff81c09f000 	C:\Windows\system32\SHELL32.dll
0x00007ff81a4f0000 - 0x00007ff81a668000 	C:\Windows\system32\ole32.dll
0x00007ff81a670000 - 0x00007ff81a731000 	C:\Windows\system32\OLEAUT32.dll
0x00007ff81a740000 - 0x00007ff81a791000 	C:\Windows\system32\SHLWAPI.dll
0x00007ff81c340000 - 0x00007ff81c347000 	C:\Windows\system32\PSAPI.DLL
0x0000000067c00000 - 0x0000000068483000 	E:\ProgramFiles\Xilinx\SDK\2015.4\tps\win64\jre\bin\server\jvm.dll
0x00007ffff7e30000 - 0x00007ffff7e39000 	C:\Windows\SYSTEM32\WSOCK32.dll
0x00007ff816bd0000 - 0x00007ff816bef000 	C:\Windows\SYSTEM32\WINMM.dll
0x000000006b8d0000 - 0x000000006b9a2000 	C:\Windows\SYSTEM32\MSVCR100.dll
0x00007ff81ca30000 - 0x00007ff81ca88000 	C:\Windows\system32\WS2_32.dll
0x00007ff816ba0000 - 0x00007ff816bca000 	C:\Windows\SYSTEM32\WINMMBASE.dll
0x00007ff81c6f0000 - 0x00007ff81c6f9000 	C:\Windows\system32\NSI.dll
0x00007ff81a0b0000 - 0x00007ff81a0fa000 	C:\Windows\SYSTEM32\cfgmgr32.dll
0x00007ff818e70000 - 0x00007ff818e96000 	C:\Windows\SYSTEM32\DEVOBJ.dll
0x000000006a950000 - 0x000000006a95f000 	E:\ProgramFiles\Xilinx\SDK\2015.4\tps\win64\jre\bin\verify.dll
0x0000000068ea0000 - 0x0000000068ec9000 	E:\ProgramFiles\Xilinx\SDK\2015.4\tps\win64\jre\bin\java.dll
0x0000000068e80000 - 0x0000000068e96000 	E:\ProgramFiles\Xilinx\SDK\2015.4\tps\win64\jre\bin\zip.dll
0x00007ff817f00000 - 0x00007ff817f9f000 	C:\Windows\system32\SHCORE.dll
0x00007ff819fe0000 - 0x00007ff819ff4000 	C:\Windows\system32\profapi.dll
0x00007ff819880000 - 0x00007ff81989e000 	C:\Windows\SYSTEM32\CRYPTSP.dll
0x00007ff8194c0000 - 0x00007ff8194f5000 	C:\Windows\system32\rsaenh.dll
0x00007ff819b90000 - 0x00007ff819bb6000 	C:\Windows\SYSTEM32\bcrypt.dll
0x00007ff8195d0000 - 0x00007ff8195ee000 	C:\Windows\SYSTEM32\USERENV.dll
0x00007ff819ec0000 - 0x00007ff819f20000 	C:\Windows\system32\bcryptprimitives.dll
0x00007ff819f20000 - 0x00007ff819f2a000 	C:\Windows\SYSTEM32\CRYPTBASE.dll
0x0000000068e60000 - 0x0000000068e7a000 	E:\ProgramFiles\Xilinx\SDK\2015.4\tps\win64\jre\bin\net.dll
0x00007ff819820000 - 0x00007ff819878000 	C:\Windows\system32\mswsock.dll
0x00007ff814350000 - 0x00007ff814379000 	C:\Windows\SYSTEM32\IPHLPAPI.DLL
0x00007ff814270000 - 0x00007ff81427a000 	C:\Windows\SYSTEM32\WINNSI.DLL
0x00007ff813f80000 - 0x00007ff813f94000 	C:\Windows\SYSTEM32\dhcpcsvc6.DLL
0x00007ff814440000 - 0x00007ff814459000 	C:\Windows\SYSTEM32\dhcpcsvc.DLL
0x0000000068e40000 - 0x0000000068e51000 	E:\ProgramFiles\Xilinx\SDK\2015.4\tps\win64\jre\bin\nio.dll
0x00007ff818e40000 - 0x00007ff818e4a000 	C:\Windows\SYSTEM32\kernel.appcore.dll
0x00007ff815e20000 - 0x00007ff815e34000 	C:\Windows\system32\napinsp.dll
0x00007ff815a40000 - 0x00007ff815a59000 	C:\Windows\system32\pnrpnsp.dll
0x00007ff818440000 - 0x00007ff81845b000 	C:\Windows\system32\NLAapi.dll
0x00007ff819630000 - 0x00007ff8196d3000 	C:\Windows\SYSTEM32\DNSAPI.dll
0x00007ff8169e0000 - 0x00007ff8169ec000 	C:\Windows\System32\winrnr.dll
0x00007ff812520000 - 0x00007ff812533000 	C:\Windows\system32\wshbth.dll
0x00007ff816a30000 - 0x00007ff816a39000 	C:\Windows\System32\rasadhlp.dll
0x00007ff8141a0000 - 0x00007ff814208000 	C:\Windows\System32\fwpuclnt.dll
0x00000000021a0000 - 0x0000000002248000 	C:\Users\CoBoL\.Xilinx\SDK\2015.4\org.eclipse.osgi\bundles\303\1\.cp\swt-win32-4335.dll
0x00007ff81c700000 - 0x00007ff81c79e000 	C:\Windows\system32\comdlg32.dll
0x00007ff816d90000 - 0x00007ff816e0b000 	C:\Windows\SYSTEM32\WINSPOOL.DRV
0x00007ff816a00000 - 0x00007ff816a14000 	C:\Windows\SYSTEM32\USP10.dll
0x00007ff812710000 - 0x00007ff812958000 	C:\Windows\SYSTEM32\WININET.dll
0x00007ff81a260000 - 0x00007ff81a43f000 	C:\Windows\system32\CRYPT32.dll
0x00007ff812b80000 - 0x00007ff812e47000 	C:\Windows\SYSTEM32\iertutil.dll
0x00007ff81a090000 - 0x00007ff81a0a2000 	C:\Windows\system32\MSASN1.dll
0x00007ff817d30000 - 0x00007ff817d50000 	C:\Windows\system32\dwmapi.dll
0x00007ff815f10000 - 0x00007ff81607f000 	C:\Windows\SYSTEM32\propsys.dll
0x00007ff81c0a0000 - 0x00007ff81c144000 	C:\Windows\SYSTEM32\clbcatq.dll
0x0000000018110000 - 0x000000001812e000 	C:\Users\CoBoL\.Xilinx\SDK\2015.4\org.eclipse.osgi\bundles\303\1\.cp\swt-gdip-win32-4335.dll
0x00007ff816bf0000 - 0x00007ff816d88000 	C:\Windows\WinSxS\amd64_microsoft.windows.gdiplus_6595b64144ccf1df_1.1.9600.17227_none_932c0e57474f5080\gdiplus.dll
0x00007ff817900000 - 0x00007ff817aae000 	C:\Windows\SYSTEM32\WindowsCodecs.dll
0x0000000180000000 - 0x0000000180012000 	C:\Users\CoBoL\.Xilinx\SDK\2015.4\org.eclipse.osgi\bundles\121\1\.cp\os\win32\x86_64\localfile_1_0_0.dll
0x00007ff8112f0000 - 0x00007ff811301000 	C:\Users\CoBoL\.Xilinx\SDK\2015.4\org.eclipse.osgi\bundles\124\1\.cp\jWinHttp-1.0.0.dll
0x00007ff80c650000 - 0x00007ff80c715000 	C:\Windows\SYSTEM32\WINHTTP.dll
0x00007ff8170c0000 - 0x00007ff817123000 	C:\Windows\SYSTEM32\oleacc.dll
0x00007ff811a60000 - 0x00007ff811a6f000 	E:\ProgramFiles\Xilinx\SDK\2015.4\lib\win64.o\librdi_repo_manager.dll
0x00007ff80ff10000 - 0x00007ff80ff3a000 	E:\ProgramFiles\Xilinx\SDK\2015.4\lib\win64.o\libisl_sysinfo.dll
0x00007fffd2a30000 - 0x00007fffd33bd000 	E:\ProgramFiles\Xilinx\SDK\2015.4\lib\win64.o\librdi_common.dll
0x00007ff801590000 - 0x00007ff8015e4000 	E:\ProgramFiles\Xilinx\SDK\2015.4\lib\win64.o\librdi_commonxillic.dll
0x00007fffd4a00000 - 0x00007fffd4bec000 	E:\ProgramFiles\Xilinx\SDK\2015.4\lib\win64.o\librdi_hsm.dll
0x00007ff80fa90000 - 0x00007ff80fb37000 	C:\Windows\SYSTEM32\MSVCP110.dll
0x00007ff80ce80000 - 0x00007ff80cf54000 	C:\Windows\SYSTEM32\MSVCR110.dll
0x00007fffd4690000 - 0x00007fffd49fe000 	E:\ProgramFiles\Xilinx\SDK\2015.4\lib\win64.o\libCOIN-all.dll
0x00007fffd4470000 - 0x00007fffd468e000 	E:\ProgramFiles\Xilinx\SDK\2015.4\lib\win64.o\libXil_lmgr11.dll
0x00007ff8115f0000 - 0x00007ff811600000 	E:\ProgramFiles\Xilinx\SDK\2015.4\lib\win64.o\libboost_date_time.dll
0x00007ff80fee0000 - 0x00007ff80ff02000 	E:\ProgramFiles\Xilinx\SDK\2015.4\lib\win64.o\libboost_filesystem.dll
0x00007fffff0e0000 - 0x00007fffff154000 	E:\ProgramFiles\Xilinx\SDK\2015.4\lib\win64.o\libboost_program_options.dll
0x00007ffffdb80000 - 0x00007ffffdc7a000 	E:\ProgramFiles\Xilinx\SDK\2015.4\lib\win64.o\libboost_regex.dll
0x00007ff80e820000 - 0x00007ff80e833000 	E:\ProgramFiles\Xilinx\SDK\2015.4\lib\win64.o\libboost_signals.dll
0x00007ff80fed0000 - 0x00007ff80fed9000 	E:\ProgramFiles\Xilinx\SDK\2015.4\lib\win64.o\libboost_system.dll
0x00007ff80cae0000 - 0x00007ff80cafd000 	E:\ProgramFiles\Xilinx\SDK\2015.4\lib\win64.o\libboost_thread.dll
0x00007ff80f840000 - 0x00007ff80f84b000 	E:\ProgramFiles\Xilinx\SDK\2015.4\lib\win64.o\libboost_xilinx.dll
0x00007ffffefb0000 - 0x00007fffff030000 	E:\ProgramFiles\Xilinx\SDK\2015.4\lib\win64.o\libhdlpsolve.dll
0x00007ffffd6d0000 - 0x00007ffffd76a000 	E:\ProgramFiles\Xilinx\SDK\2015.4\lib\win64.o\libhdxml.dll
0x00007fffd38b0000 - 0x00007fffd3ce4e00 	E:\ProgramFiles\Xilinx\SDK\2015.4\lib\win64.o\libisl_iostreams.dll
0x00007ff80c7b0000 - 0x00007ff80c7c5000 	E:\ProgramFiles\Xilinx\SDK\2015.4\lib\win64.o\pthreadVC2.dll
0x00007ffff9ca0000 - 0x00007ffff9dd0000 	E:\ProgramFiles\Xilinx\SDK\2015.4\lib\win64.o\librdi_curl.dll
0x00007ff802ad0000 - 0x00007ff802ae8000 	E:\ProgramFiles\Xilinx\SDK\2015.4\lib\win64.o\librdiconfig.dll
0x00007ff8014d0000 - 0x00007ff8014f3000 	E:\ProgramFiles\Xilinx\SDK\2015.4\lib\win64.o\librdizlib.dll
0x0000000068ed0000 - 0x0000000068ff7000 	E:\ProgramFiles\Xilinx\SDK\2015.4\lib\win64.o\tcl85t.dll
0x0000000022d70000 - 0x0000000022fd3000 	E:\ProgramFiles\Xilinx\SDK\2015.4\lib\win64.o\xerces-c_3_1.dll
0x00007ff812f20000 - 0x00007ff8130a5000 	C:\Windows\SYSTEM32\urlmon.dll
0x00007ff80edc0000 - 0x00007ff80ede3000 	C:\Windows\SYSTEM32\VCOMP110.DLL
0x00007ff801120000 - 0x00007ff801163000 	E:\ProgramFiles\Xilinx\SDK\2015.4\lib\win64.o\librdi_hdf.dll
0x00007fffd3650000 - 0x00007fffd38a5000 	E:\ProgramFiles\Xilinx\SDK\2015.4\lib\win64.o\librdi_ippcw.dll
0x00007ff817b30000 - 0x00007ff817b45000 	C:\Windows\SYSTEM32\NETAPI32.dll
0x00007ff81a210000 - 0x00007ff81a25c000 	C:\Windows\system32\WINTRUST.dll
0x00007ff80edb0000 - 0x00007ff80edbb000 	E:\ProgramFiles\Xilinx\SDK\2015.4\lib\win64.o\libboost_chrono.dll
0x00007ff802aa0000 - 0x00007ff802ab6000 	E:\ProgramFiles\Xilinx\SDK\2015.4\lib\win64.o\libboost_iostreams.dll
0x00007ff8014a0000 - 0x00007ff8014c3000 	E:\ProgramFiles\Xilinx\SDK\2015.4\lib\win64.o\libisl_iosutils.dll
0x00007ff819270000 - 0x00007ff81927c000 	C:\Windows\SYSTEM32\netutils.dll
0x00007ff819cb0000 - 0x00007ff819cd5000 	C:\Windows\SYSTEM32\srvcli.dll
0x00007ff817af0000 - 0x00007ff817b06000 	C:\Windows\SYSTEM32\wkscli.dll
0x00007ff816e10000 - 0x00007ff816e17000 	C:\Windows\SYSTEM32\msimg32.dll
0x00007fffd19e0000 - 0x00007fffd21f0000 	E:\ProgramFiles\Xilinx\SDK\2015.4\lib\win64.o\libXil_lmgr11FNP.dll
0x00007ff812350000 - 0x00007ff81235c000 	C:\Windows\SYSTEM32\snmpapi.dll
0x00007ff81ca90000 - 0x00007ff81cc64000 	C:\Windows\system32\SETUPAPI.dll
0x00007ff819e90000 - 0x00007ff819ebb000 	C:\Windows\SYSTEM32\SspiCli.dll
0x00007ff80ead0000 - 0x00007ff80eada000 	E:\ProgramFiles\Xilinx\SDK\2015.4\lib\win64.o\librdi_jtag_settings.dll
0x00007fffff0b0000 - 0x00007fffff0d9000 	E:\ProgramFiles\Xilinx\SDK\2015.4\lib\win64.o\librdi_debug_dialog.dll
0x00007ff808c60000 - 0x00007ff808c68000 	E:\ProgramFiles\Xilinx\SDK\2015.4\lib\win64.o\librdi_target_manager.dll
0x00007ff801100000 - 0x00007ff801116000 	E:\ProgramFiles\Xilinx\SDK\2015.4\eclipse\win64.o\plugins\org.eclipse.cdt.core.win32.x86_64_5.2.0.201402142303\os\win32\x86_64\spawner.dll
0x0000000071080000 - 0x00000000710a6000 	E:\ProgramFiles\Xilinx\SDK\2015.4\eclipse\win64.o\plugins\gnu.io.rxtx.win32.x86_64_2.1.7.3_v20071015\os\win32\x86_64\rxtxSerial.dll
0x00007ff80cfc0000 - 0x00007ff80cfc3000 	C:\Windows\SYSTEM32\icmp.Dll
0x00007ff8074d0000 - 0x00007ff807658000 	C:\Windows\SYSTEM32\dbghelp.dll

VM Arguments:
jvm_args: -Dcom.xilinx.sdk.args.hwspec=E:/projects/xilinix/master_repo/LAB_AEP/I_E/hdl/Projects/fmc_imageon_gs/ZEDBOARD/fmc_imageon_gs.sdk/fmc_imageon_gs_wrapper.hdf -Xms64m -Xmx512m & 
java_command: <unknown>
java_class_path (initial): E:\ProgramFiles\Xilinx\SDK\2015.4\eclipse\win64.o\\plugins/org.eclipse.equinox.launcher_1.3.0.v20130327-1440.jar
Launcher Type: generic

Environment Variables:
JAVA_HOME=C:\Program Files\Java\jdk1.8.0_20
CLASSPATH=.;C:\Program Files (x86)\QuickTime\QTSystem\QTJava.zip;
USERNAME=CoBoL
OS=Windows_NT
PROCESSOR_IDENTIFIER=Intel64 Family 6 Model 69 Stepping 1, GenuineIntel



---------------  S Y S T E M  ---------------

OS: Windows 8.1 , 64 bit Build 9600 (6.3.9600.17056)

CPU:total 4 (2 cores per cpu, 2 threads per core) family 6 model 69 stepping 1, cmov, cx8, fxsr, mmx, sse, sse2, sse3, ssse3, sse4.1, sse4.2, popcnt, avx, avx2, aes, clmul, erms, lzcnt, ht, tsc, tscinvbit, bmi1, bmi2

Memory: 4k page, physical 8287332k(2725560k free), swap 10613436k(3698976k free)

vm_info: Java HotSpot(TM) 64-Bit Server VM (25.45-b02) for windows-amd64 JRE (1.8.0_45-b15), built on Apr 30 2015 12:40:44 by "java_re" with MS VC++ 10.0 (VS2010)

time: Tue Jun 07 12:36:54 2016
elapsed time: 865 seconds (0d 0h 14m 25s)

