#
# A fatal error has been detected by the Java Runtime Environment:
#
#  EXCEPTION_UNCAUGHT_CXX_EXCEPTION (0xe06d7363) at pc=0x00007ff81a10606c, pid=14296, tid=10688
#
# JRE version: Java(TM) SE Runtime Environment (8.0_45-b15) (build 1.8.0_45-b15)
# Java VM: Java HotSpot(TM) 64-Bit Server VM (25.45-b02 mixed mode windows-amd64 compressed oops)
# Problematic frame:
# C  [KERNELBASE.dll+0x606c]
#
# Failed to write core dump. Minidumps are not enabled by default on client versions of Windows
#
# If you would like to submit a bug report, please visit:
#   http://bugreport.java.com/bugreport/crash.jsp
#

---------------  T H R E A D  ---------------

Current thread (0x0000000013647000):  VMThread [stack: 0x0000000014700000,0x0000000014800000] [id=10688]

siginfo: ExceptionCode=0xe06d7363, ExceptionInformation=0x0000000019930520 0x00000000147ff388 0x00007ff80cf32cb8 0x00007ff80ce80000 

Registers:
RAX=0x0000000000000000, RBX=0x00007ff80cf32cb8, RCX=0x00000000147fecb0, RDX=0x00007ff81cc968eb
RSP=0x00000000147ff1d0, RBP=0x00000000147ff310, RSI=0x00000000ffffffff, RDI=0x00000000231f1930
R8 =0x00000000147fee08, R9 =0x0000000000000000, R10=0x0000000000000000, R11=0x00000000147ff121
R12=0x0000000000000001, R13=0x0000000000000008, R14=0x0000000000000000, R15=0xffffffffffffffff
RIP=0x00007ff81a10606c, EFLAGS=0x0000000000000206

Top of Stack: (sp=0x00000000147ff1d0)
0x00000000147ff1d0:   00000000001d0000 00007ff80cf32cb8
0x00000000147ff1e0:   00000000ffffffff 00000000231f1930
0x00000000147ff1f0:   00000001e06d7363 0000000000000000
0x00000000147ff200:   00007ff81a10606c 0000000000000004
0x00000000147ff210:   0000000019930520 00000000147ff388
0x00000000147ff220:   00007ff80cf32cb8 00007ff80ce80000
0x00000000147ff230:   0000000000000000 0000000000237860
0x00000000147ff240:   0000000000000000 0000000000000000
0x00000000147ff250:   0000000000000000 00000000147ff4c0
0x00000000147ff260:   ffffffffffffffff 0000000000000001
0x00000000147ff270:   0000000000008008 0000000000000000
0x00000000147ff280:   ffffffffffffffff 0000000000000000
0x00000000147ff290:   000056b123b852af 00000000ffffffff
0x00000000147ff2a0:   00007ff80cf32cb8 00007ff80cede92c
0x00000000147ff2b0:   00000000c0000001 00000000147ff320
0x00000000147ff2c0:   0000000000000001 0000000000000000 

Instructions: (pc=0x00007ff81a10606c)
0x00007ff81a10604c:   44 3b c0 44 0f 47 c0 44 89 44 24 38 49 c1 e0 03
0x00007ff81a10605c:   e8 cb b5 ff ff 48 8d 4c 24 20 ff 15 fc e5 0f 00
0x00007ff81a10606c:   48 8b 8c 24 c0 00 00 00 48 33 cc e8 84 b3 ff ff
0x00007ff81a10607c:   48 81 c4 d8 00 00 00 c3 90 90 90 90 90 90 90 90 


Register to memory mapping:

RAX=0x0000000000000000 is an unknown value
RBX=0x00007ff80cf32cb8 is an unknown value
RCX=0x00000000147fecb0 is an unknown value
RDX=0x00007ff81cc968eb is an unknown value
RSP=0x00000000147ff1d0 is an unknown value
RBP=0x00000000147ff310 is an unknown value
RSI=0x00000000ffffffff is an unallocated location in the heap
RDI=0x00000000231f1930 is an unknown value
R8 =0x00000000147fee08 is an unknown value
R9 =0x0000000000000000 is an unknown value
R10=0x0000000000000000 is an unknown value
R11=0x00000000147ff121 is an unknown value
R12=0x0000000000000001 is an unknown value
R13=0x0000000000000008 is an unknown value
R14=0x0000000000000000 is an unknown value
R15=0xffffffffffffffff is an unknown value


Stack: [0x0000000014700000,0x0000000014800000],  sp=0x00000000147ff1d0,  free space=1020k
Native frames: (J=compiled Java code, j=interpreted, Vv=VM code, C=native code)
C  [KERNELBASE.dll+0x606c]
C  [MSVCR110.dll+0x5e92c]
C  [MSVCR110.dll+0x1315c]
C  [MSVCR110.dll+0x136a9]
C  [MSVCR110.dll+0x13e9c]
C  [MSVCR110.dll+0x239e]
C  [MSVCR110.dll+0xaf9e]
C  [MSVCP110.dll+0x397b9]
C  [librdi_common.dll+0x14283e]
C  [librdi_common.dll+0x141449]
C  [librdi_target_manager.dll+0x2400]
C  [librdi_target_manager.dll+0x2682]
C  [ntdll.dll+0x231dd]
C  [ntdll.dll+0x2160a]
C  [ntdll.dll+0x6b5ec]
C  [KERNEL32.DLL+0x4d56]
C  [MSVCR100.dll+0x20ccd]
V  [jvm.dll+0x20f135]
V  [jvm.dll+0x247ef7]
V  [jvm.dll+0x247196]
V  [jvm.dll+0x247631]
V  [jvm.dll+0x24784e]
V  [jvm.dll+0x29853a]
C  [MSVCR100.dll+0x21d9f]
C  [MSVCR100.dll+0x21e3b]
C  [KERNEL32.DLL+0x16ad]
C  [ntdll.dll+0x54409]

VM_Operation (0x000000000013f500): Exit, mode: safepoint, requested by thread 0x0000000002213800


---------------  P R O C E S S  ---------------

Java Threads: ( => current thread )
  0x000000001a155800 JavaThread "Thread-1" [_thread_blocked, id=11800, stack(0x0000000015ef0000,0x0000000015ff0000)]
  0x000000001a164000 JavaThread "pool-2-thread-4" [_thread_blocked, id=7172, stack(0x0000000026890000,0x0000000026990000)]
  0x000000001a15b000 JavaThread "pool-2-thread-3" [_thread_blocked, id=9940, stack(0x0000000025e90000,0x0000000025f90000)]
  0x000000001a158800 JavaThread "pool-2-thread-2" [_thread_blocked, id=3732, stack(0x0000000026490000,0x0000000026590000)]
  0x000000001a158000 JavaThread "pool-2-thread-1" [_thread_blocked, id=14536, stack(0x0000000025f90000,0x0000000026090000)]
  0x000000001a156800 JavaThread "Thread-19" daemon [_thread_blocked, id=7576, stack(0x0000000025d90000,0x0000000025e90000)]
  0x0000000018b2e000 JavaThread "TCF Locator DNS Lookup" daemon [_thread_blocked, id=2296, stack(0x00000000209d0000,0x0000000020ad0000)]
  0x0000000018b2d800 JavaThread "TCF Locator Timer" daemon [_thread_blocked, id=7732, stack(0x00000000208d0000,0x00000000209d0000)]
  0x0000000018b2f800 JavaThread "TCF Locator Receiver" daemon [_thread_in_native, id=13400, stack(0x00000000207d0000,0x00000000208d0000)]
  0x0000000018b29800 JavaThread "TCF Timer Dispatcher" daemon [_thread_blocked, id=13104, stack(0x0000000020120000,0x0000000020220000)]
  0x0000000015846000 JavaThread "EMF Reference Cleaner" daemon [_thread_blocked, id=2696, stack(0x00000000179c0000,0x0000000017ac0000)]
  0x0000000014d82800 JavaThread "Service Thread" daemon [_thread_blocked, id=15152, stack(0x0000000015300000,0x0000000015400000)]
  0x0000000014d08800 JavaThread "C1 CompilerThread2" daemon [_thread_blocked, id=14212, stack(0x0000000015200000,0x0000000015300000)]
  0x00000000136d2000 JavaThread "C2 CompilerThread1" daemon [_thread_blocked, id=16244, stack(0x0000000015100000,0x0000000015200000)]
  0x00000000136cf000 JavaThread "C2 CompilerThread0" daemon [_thread_blocked, id=4604, stack(0x0000000014c00000,0x0000000014d00000)]
  0x00000000136cd000 JavaThread "Attach Listener" daemon [_thread_blocked, id=15192, stack(0x0000000014b00000,0x0000000014c00000)]
  0x0000000002308800 JavaThread "Finalizer" daemon [_thread_blocked, id=5944, stack(0x0000000014900000,0x0000000014a00000)]
  0x0000000002300000 JavaThread "Reference Handler" daemon [_thread_blocked, id=18284, stack(0x0000000014800000,0x0000000014900000)]
  0x0000000002213800 JavaThread "main" [_thread_blocked, id=18384, stack(0x0000000000040000,0x0000000000140000)]

Other Threads:
=>0x0000000013647000 VMThread [stack: 0x0000000014700000,0x0000000014800000] [id=10688]

VM state:at safepoint (shutting down)

VM Mutex/Monitor currently owned by a thread:  ([mutex/lock_event])
[0x0000000002210ad0] Threads_lock - owner thread: 0x0000000013647000

Heap:
 PSYoungGen      total 120320K, used 62487K [0x00000000f5580000, 0x00000000fd680000, 0x0000000100000000)
  eden space 110080K, 50% used [0x00000000f5580000,0x00000000f8c22e08,0x00000000fc100000)
  from space 10240K, 63% used [0x00000000fcb80000,0x00000000fd1e3198,0x00000000fd580000)
  to   space 10752K, 0% used [0x00000000fc100000,0x00000000fc100000,0x00000000fcb80000)
 ParOldGen       total 110080K, used 56645K [0x00000000e0000000, 0x00000000e6b80000, 0x00000000f5580000)
  object space 110080K, 51% used [0x00000000e0000000,0x00000000e37514a0,0x00000000e6b80000)
 Metaspace       used 96981K, capacity 103820K, committed 104064K, reserved 1140736K
  class space    used 11605K, capacity 13663K, committed 13696K, reserved 1048576K

Card table byte_map: [0x00000000116d0000,0x00000000117e0000] byte_map_base: 0x0000000010fd0000

Marking Bits: (ParMarkBitMap*) 0x0000000068404040
 Begin Bits: [0x0000000011be0000, 0x00000000123e0000)
 End Bits:   [0x00000000123e0000, 0x0000000012be0000)

Polling page: 0x00000000003e0000

CodeCache: size=245760Kb used=66397Kb max_used=66456Kb free=179362Kb
 bounds [0x0000000002310000, 0x0000000006480000, 0x0000000011310000]
 total_blobs=17845 nmethods=16983 adapters=768
 compilation: enabled

Compilation events (10 events):
Event: 2736.187 Thread 0x0000000014d08800 nmethod 22398 0x000000000245ff50 code [0x00000000024600a0, 0x00000000024601b0]
Event: 2736.187 Thread 0x0000000014d08800 22389   !   3       org.eclipse.equinox.internal.ds.InstanceProcess::dynamicUnBind (189 bytes)
Event: 2736.189 Thread 0x0000000014d08800 nmethod 22389 0x0000000005d5db50 code [0x0000000005d5de40, 0x0000000005d5f688]
Event: 2736.190 Thread 0x0000000014d08800 22399       3       org.eclipse.osgi.framework.internal.core.Framework::newListenerQueue (12 bytes)
Event: 2736.191 Thread 0x0000000014d08800 nmethod 22399 0x0000000003091e90 code [0x0000000003092000, 0x00000000030921e8]
Event: 2736.301 Thread 0x00000000136d2000 nmethod 22360 0x00000000052dff10 code [0x00000000052e02c0, 0x00000000052e37a0]
Event: 2736.334 Thread 0x0000000014d08800 22400   !   3       org.eclipse.osgi.internal.baseadaptor.BaseStorage::compact (215 bytes)
Event: 2736.339 Thread 0x0000000014d08800 nmethod 22400 0x0000000005759590 code [0x00000000057599e0, 0x000000000575bea8]
Event: 2736.812 Thread 0x0000000014d08800 22401       3       org.eclipse.osgi.framework.internal.core.AbstractBundle::close (52 bytes)
Event: 2736.814 Thread 0x0000000014d08800 nmethod 22401 0x00000000048e1cd0 code [0x00000000048e1f00, 0x00000000048e2c08]

GC Heap History (10 events):
Event: 2653.435 GC heap before
{Heap before GC invocations=81 (full 17):
 PSYoungGen      total 117760K, used 112643K [0x00000000f5580000, 0x00000000fd280000, 0x0000000100000000)
  eden space 108544K, 100% used [0x00000000f5580000,0x00000000fbf80000,0x00000000fbf80000)
  from space 9216K, 44% used [0x00000000fbf80000,0x00000000fc380de8,0x00000000fc880000)
  to   space 9216K, 0% used [0x00000000fc980000,0x00000000fc980000,0x00000000fd280000)
 ParOldGen       total 110080K, used 56621K [0x00000000e0000000, 0x00000000e6b80000, 0x00000000f5580000)
  object space 110080K, 51% used [0x00000000e0000000,0x00000000e374b4a0,0x00000000e6b80000)
 Metaspace       used 96283K, capacity 103156K, committed 103296K, reserved 1138688K
  class space    used 11554K, capacity 13659K, committed 13696K, reserved 1048576K
Event: 2653.447 GC heap after
Heap after GC invocations=81 (full 17):
 PSYoungGen      total 117760K, used 7514K [0x00000000f5580000, 0x00000000fd480000, 0x0000000100000000)
  eden space 108544K, 0% used [0x00000000f5580000,0x00000000f5580000,0x00000000fbf80000)
  from space 9216K, 81% used [0x00000000fc980000,0x00000000fd0d6b58,0x00000000fd280000)
  to   space 10240K, 0% used [0x00000000fbf80000,0x00000000fbf80000,0x00000000fc980000)
 ParOldGen       total 110080K, used 56629K [0x00000000e0000000, 0x00000000e6b80000, 0x00000000f5580000)
  object space 110080K, 51% used [0x00000000e0000000,0x00000000e374d4a0,0x00000000e6b80000)
 Metaspace       used 96283K, capacity 103156K, committed 103296K, reserved 1138688K
  class space    used 11554K, capacity 13659K, committed 13696K, reserved 1048576K
}
Event: 2663.230 GC heap before
{Heap before GC invocations=82 (full 17):
 PSYoungGen      total 117760K, used 116058K [0x00000000f5580000, 0x00000000fd480000, 0x0000000100000000)
  eden space 108544K, 100% used [0x00000000f5580000,0x00000000fbf80000,0x00000000fbf80000)
  from space 9216K, 81% used [0x00000000fc980000,0x00000000fd0d6b58,0x00000000fd280000)
  to   space 10240K, 0% used [0x00000000fbf80000,0x00000000fbf80000,0x00000000fc980000)
 ParOldGen       total 110080K, used 56629K [0x00000000e0000000, 0x00000000e6b80000, 0x00000000f5580000)
  object space 110080K, 51% used [0x00000000e0000000,0x00000000e374d4a0,0x00000000e6b80000)
 Metaspace       used 96335K, capacity 103156K, committed 103296K, reserved 1138688K
  class space    used 11554K, capacity 13659K, committed 13696K, reserved 1048576K
Event: 2663.239 GC heap after
Heap after GC invocations=82 (full 17):
 PSYoungGen      total 118784K, used 4690K [0x00000000f5580000, 0x00000000fd480000, 0x0000000100000000)
  eden space 108544K, 0% used [0x00000000f5580000,0x00000000f5580000,0x00000000fbf80000)
  from space 10240K, 45% used [0x00000000fbf80000,0x00000000fc414ab8,0x00000000fc980000)
  to   space 10240K, 0% used [0x00000000fca80000,0x00000000fca80000,0x00000000fd480000)
 ParOldGen       total 110080K, used 56637K [0x00000000e0000000, 0x00000000e6b80000, 0x00000000f5580000)
  object space 110080K, 51% used [0x00000000e0000000,0x00000000e374f4a0,0x00000000e6b80000)
 Metaspace       used 96335K, capacity 103156K, committed 103296K, reserved 1138688K
  class space    used 11554K, capacity 13659K, committed 13696K, reserved 1048576K
}
Event: 2667.230 GC heap before
{Heap before GC invocations=83 (full 17):
 PSYoungGen      total 118784K, used 113234K [0x00000000f5580000, 0x00000000fd480000, 0x0000000100000000)
  eden space 108544K, 100% used [0x00000000f5580000,0x00000000fbf80000,0x00000000fbf80000)
  from space 10240K, 45% used [0x00000000fbf80000,0x00000000fc414ab8,0x00000000fc980000)
  to   space 10240K, 0% used [0x00000000fca80000,0x00000000fca80000,0x00000000fd480000)
 ParOldGen       total 110080K, used 56637K [0x00000000e0000000, 0x00000000e6b80000, 0x00000000f5580000)
  object space 110080K, 51% used [0x00000000e0000000,0x00000000e374f4a0,0x00000000e6b80000)
 Metaspace       used 96346K, capacity 103156K, committed 103296K, reserved 1138688K
  class space    used 11554K, capacity 13659K, committed 13696K, reserved 1048576K
Event: 2667.241 GC heap after
Heap after GC invocations=83 (full 17):
 PSYoungGen      total 119808K, used 5301K [0x00000000f5580000, 0x00000000fd480000, 0x0000000100000000)
  eden space 109568K, 0% used [0x00000000f5580000,0x00000000f5580000,0x00000000fc080000)
  from space 10240K, 51% used [0x00000000fca80000,0x00000000fcfad6f8,0x00000000fd480000)
  to   space 10240K, 0% used [0x00000000fc080000,0x00000000fc080000,0x00000000fca80000)
 ParOldGen       total 110080K, used 56637K [0x00000000e0000000, 0x00000000e6b80000, 0x00000000f5580000)
  object space 110080K, 51% used [0x00000000e0000000,0x00000000e374f4a0,0x00000000e6b80000)
 Metaspace       used 96346K, capacity 103156K, committed 103296K, reserved 1138688K
  class space    used 11554K, capacity 13659K, committed 13696K, reserved 1048576K
}
Event: 2671.365 GC heap before
{Heap before GC invocations=84 (full 17):
 PSYoungGen      total 119808K, used 114869K [0x00000000f5580000, 0x00000000fd480000, 0x0000000100000000)
  eden space 109568K, 100% used [0x00000000f5580000,0x00000000fc080000,0x00000000fc080000)
  from space 10240K, 51% used [0x00000000fca80000,0x00000000fcfad6f8,0x00000000fd480000)
  to   space 10240K, 0% used [0x00000000fc080000,0x00000000fc080000,0x00000000fca80000)
 ParOldGen       total 110080K, used 56637K [0x00000000e0000000, 0x00000000e6b80000, 0x00000000f5580000)
  object space 110080K, 51% used [0x00000000e0000000,0x00000000e374f4a0,0x00000000e6b80000)
 Metaspace       used 96377K, capacity 103220K, committed 103552K, reserved 1138688K
  class space    used 11554K, capacity 13659K, committed 13696K, reserved 1048576K
Event: 2671.380 GC heap after
Heap after GC invocations=84 (full 17):
 PSYoungGen      total 119808K, used 5893K [0x00000000f5580000, 0x00000000fd580000, 0x0000000100000000)
  eden space 109568K, 0% used [0x00000000f5580000,0x00000000f5580000,0x00000000fc080000)
  from space 10240K, 57% used [0x00000000fc080000,0x00000000fc641708,0x00000000fca80000)
  to   space 10240K, 0% used [0x00000000fcb80000,0x00000000fcb80000,0x00000000fd580000)
 ParOldGen       total 110080K, used 56637K [0x00000000e0000000, 0x00000000e6b80000, 0x00000000f5580000)
  object space 110080K, 51% used [0x00000000e0000000,0x00000000e374f4a0,0x00000000e6b80000)
 Metaspace       used 96377K, capacity 103220K, committed 103552K, reserved 1138688K
  class space    used 11554K, capacity 13659K, committed 13696K, reserved 1048576K
}
Event: 2721.924 GC heap before
{Heap before GC invocations=85 (full 17):
 PSYoungGen      total 119808K, used 115461K [0x00000000f5580000, 0x00000000fd580000, 0x0000000100000000)
  eden space 109568K, 100% used [0x00000000f5580000,0x00000000fc080000,0x00000000fc080000)
  from space 10240K, 57% used [0x00000000fc080000,0x00000000fc641708,0x00000000fca80000)
  to   space 10240K, 0% used [0x00000000fcb80000,0x00000000fcb80000,0x00000000fd580000)
 ParOldGen       total 110080K, used 56637K [0x00000000e0000000, 0x00000000e6b80000, 0x00000000f5580000)
  object space 110080K, 51% used [0x00000000e0000000,0x00000000e374f4a0,0x00000000e6b80000)
 Metaspace       used 96474K, capacity 103290K, committed 103552K, reserved 1138688K
  class space    used 11555K, capacity 13660K, committed 13696K, reserved 1048576K
Event: 2721.937 GC heap after
Heap after GC invocations=85 (full 17):
 PSYoungGen      total 120320K, used 6540K [0x00000000f5580000, 0x00000000fd680000, 0x0000000100000000)
  eden space 110080K, 0% used [0x00000000f5580000,0x00000000f5580000,0x00000000fc100000)
  from space 10240K, 63% used [0x00000000fcb80000,0x00000000fd1e3198,0x00000000fd580000)
  to   space 10752K, 0% used [0x00000000fc100000,0x00000000fc100000,0x00000000fcb80000)
 ParOldGen       total 110080K, used 56645K [0x00000000e0000000, 0x00000000e6b80000, 0x00000000f5580000)
  object space 110080K, 51% used [0x00000000e0000000,0x00000000e37514a0,0x00000000e6b80000)
 Metaspace       used 96474K, capacity 103290K, committed 103552K, reserved 1138688K
  class space    used 11555K, capacity 13660K, committed 13696K, reserved 1048576K
}

Deoptimization events (10 events):
Event: 2736.158 Thread 0x000000001a162800 Uncommon trap: reason=unstable_if action=reinterpret pc=0x0000000003291e60 method=org.eclipse.core.internal.jobs.WorkerPool.startJob(Lorg/eclipse/core/internal/jobs/Worker;)Lorg/eclipse/core/internal/jobs/InternalJob; @ 177
Event: 2736.159 Thread 0x000000001a15d000 Uncommon trap: reason=unstable_if action=reinterpret pc=0x0000000003291e60 method=org.eclipse.core.internal.jobs.WorkerPool.startJob(Lorg/eclipse/core/internal/jobs/Worker;)Lorg/eclipse/core/internal/jobs/InternalJob; @ 177
Event: 2736.160 Thread 0x0000000019141000 Uncommon trap: reason=unstable_if action=reinterpret pc=0x0000000003291e60 method=org.eclipse.core.internal.jobs.WorkerPool.startJob(Lorg/eclipse/core/internal/jobs/Worker;)Lorg/eclipse/core/internal/jobs/InternalJob; @ 177
Event: 2736.163 Thread 0x0000000019148800 Uncommon trap: reason=unstable_if action=reinterpret pc=0x0000000003291e60 method=org.eclipse.core.internal.jobs.WorkerPool.startJob(Lorg/eclipse/core/internal/jobs/Worker;)Lorg/eclipse/core/internal/jobs/InternalJob; @ 177
Event: 2736.165 Thread 0x0000000019141800 Uncommon trap: reason=unstable_if action=reinterpret pc=0x0000000003291e60 method=org.eclipse.core.internal.jobs.WorkerPool.startJob(Lorg/eclipse/core/internal/jobs/Worker;)Lorg/eclipse/core/internal/jobs/InternalJob; @ 177
Event: 2736.165 Thread 0x00000000190df000 Uncommon trap: reason=unstable_if action=reinterpret pc=0x0000000003291e60 method=org.eclipse.core.internal.jobs.WorkerPool.startJob(Lorg/eclipse/core/internal/jobs/Worker;)Lorg/eclipse/core/internal/jobs/InternalJob; @ 177
Event: 2736.166 Thread 0x0000000019143000 Uncommon trap: reason=unstable_if action=reinterpret pc=0x0000000003291e60 method=org.eclipse.core.internal.jobs.WorkerPool.startJob(Lorg/eclipse/core/internal/jobs/Worker;)Lorg/eclipse/core/internal/jobs/InternalJob; @ 177
Event: 2736.166 Thread 0x000000001a15b800 Uncommon trap: reason=unstable_if action=reinterpret pc=0x0000000003291e60 method=org.eclipse.core.internal.jobs.WorkerPool.startJob(Lorg/eclipse/core/internal/jobs/Worker;)Lorg/eclipse/core/internal/jobs/InternalJob; @ 177
Event: 2736.166 Thread 0x000000001a157000 Uncommon trap: reason=unstable_if action=reinterpret pc=0x0000000003291e60 method=org.eclipse.core.internal.jobs.WorkerPool.startJob(Lorg/eclipse/core/internal/jobs/Worker;)Lorg/eclipse/core/internal/jobs/InternalJob; @ 177
Event: 2736.813 Thread 0x0000000002213800 Uncommon trap: reason=unstable_if action=reinterpret pc=0x0000000002e824bc method=sun.reflect.UnsafeStaticObjectFieldAccessorImpl.set(Ljava/lang/Object;Ljava/lang/Object;)V @ 13

Internal exceptions (10 events):
Event: 2734.628 Thread 0x0000000002213800 Implicit null exception at 0x0000000003d5ca18 to 0x0000000003d5d2f5
Event: 2734.670 Thread 0x0000000002213800 Implicit null exception at 0x000000000634fbc9 to 0x0000000006350ef9
Event: 2735.348 Thread 0x00000000190e6800 Exception <a 'java/lang/InterruptedException'> (0x00000000f8406910) thrown at [C:\re\workspace\8-2-build-windows-amd64-cygwin\jdk8u45\3627\hotspot\src\share\vm\runtime\objectMonitor.cpp, line 1683]
Event: 2735.403 Thread 0x0000000002213800 Implicit null exception at 0x0000000003599e8a to 0x000000000359b5dd
Event: 2736.034 Thread 0x0000000019146000 Exception <a 'java/lang/InterruptedException'> (0x00000000f875a288) thrown at [C:\re\workspace\8-2-build-windows-amd64-cygwin\jdk8u45\3627\hotspot\src\share\vm\runtime\objectMonitor.cpp, line 1683]
Event: 2736.188 Thread 0x0000000015839800 Exception <a 'java/lang/InterruptedException': sleep interrupted> (0x00000000f8a18428) thrown at [C:\re\workspace\8-2-build-windows-amd64-cygwin\jdk8u45\3627\hotspot\src\share\vm\prims\jvm.cpp, line 3211]
Event: 2736.190 Thread 0x000000001ce6a000 Exception <a 'java/lang/InterruptedException'> (0x00000000f86f6768) thrown at [C:\re\workspace\8-2-build-windows-amd64-cygwin\jdk8u45\3627\hotspot\src\share\vm\runtime\objectMonitor.cpp, line 1683]
Event: 2736.190 Thread 0x000000001592b800 Exception <a 'java/lang/InterruptedException'> (0x00000000f8a30ce8) thrown at [C:\re\workspace\8-2-build-windows-amd64-cygwin\jdk8u45\3627\hotspot\src\share\vm\runtime\objectMonitor.cpp, line 1683]
Event: 2736.812 Thread 0x000000001638b800 Exception <a 'java/lang/InterruptedException'> (0x00000000f8a17f70) thrown at [C:\re\workspace\8-2-build-windows-amd64-cygwin\jdk8u45\3627\hotspot\src\share\vm\runtime\objectMonitor.cpp, line 1683]
Event: 2736.813 Thread 0x0000000002213800 Implicit null exception at 0x0000000002e8217d to 0x0000000002e824a9

Events (10 events):
Event: 2736.813 Thread 0x0000000002213800 DEOPT PACKING pc=0x0000000002e824bc sp=0x000000000013eae0
Event: 2736.813 Thread 0x0000000002213800 DEOPT UNPACKING pc=0x000000000235582a sp=0x000000000013ea38 mode 2
Event: 2736.813 Thread 0x0000000015a10800 Thread exited: 0x0000000015a10800
Event: 2736.814 loading class java/util/IdentityHashMap$KeyIterator
Event: 2736.814 loading class java/util/IdentityHashMap$IdentityHashMapIterator
Event: 2736.814 loading class java/util/IdentityHashMap$IdentityHashMapIterator done
Event: 2736.814 loading class java/util/IdentityHashMap$KeyIterator done
Event: 2736.814 Thread 0x000000001a155800 Thread added: 0x000000001a155800
Event: 2736.818 Thread 0x00000000136cc800 Thread exited: 0x00000000136cc800
Event: 2736.818 Executing VM operation: Exit


Dynamic libraries:
0x0000000000400000 - 0x000000000044f000 	E:\ProgramFiles\Xilinx\SDK\2015.4\eclipse\win64.o\eclipse.exe
0x00007ff81cc70000 - 0x00007ff81ce16000 	C:\Windows\SYSTEM32\ntdll.dll
0x00007ff81c7a0000 - 0x00007ff81c8da000 	C:\Windows\system32\KERNEL32.DLL
0x00007ff81a100000 - 0x00007ff81a20f000 	C:\Windows\system32\KERNELBASE.dll
0x00007ff81aaf0000 - 0x00007ff81ac61000 	C:\Windows\system32\USER32.dll
0x00007ff8176a0000 - 0x00007ff8178fa000 	C:\Windows\WinSxS\amd64_microsoft.windows.common-controls_6595b64144ccf1df_6.0.9600.17031_none_6242a4b3ecbb55a1\COMCTL32.dll
0x00007ff81c5e0000 - 0x00007ff81c687000 	C:\Windows\system32\msvcrt.dll
0x00007ff81c8e0000 - 0x00007ff81ca24000 	C:\Windows\system32\GDI32.dll
0x00007ff81c150000 - 0x00007ff81c184000 	C:\Windows\system32\IMM32.DLL
0x00007ff81a950000 - 0x00007ff81aa89000 	C:\Windows\system32\MSCTF.dll
0x0000000072000000 - 0x0000000072012000 	E:\ProgramFiles\Xilinx\SDK\2015.4\eclipse\win64.o\plugins\org.eclipse.equinox.launcher.win32.win32.x86_64_1.1.200.v20140116-2212\eclipse_1503.dll
0x00007ff81c530000 - 0x00007ff81c5d5000 	C:\Windows\system32\ADVAPI32.dll
0x00007ff812500000 - 0x00007ff81250a000 	C:\Windows\SYSTEM32\VERSION.dll
0x00007ff81c1a0000 - 0x00007ff81c1f7000 	C:\Windows\SYSTEM32\sechost.dll
0x00007ff81c200000 - 0x00007ff81c337000 	C:\Windows\system32\RPCRT4.dll
0x00007ff818cc0000 - 0x00007ff818de1000 	C:\Windows\system32\uxtheme.dll
0x00007ff81c350000 - 0x00007ff81c526000 	C:\Windows\SYSTEM32\combase.dll
0x00007ffff7350000 - 0x00007ffff738f000 	C:\Program Files\ASUS\Bluetooth Software\btmmhook.dll
0x00007ff81ac90000 - 0x00007ff81c09f000 	C:\Windows\system32\SHELL32.dll
0x00007ff81a4f0000 - 0x00007ff81a668000 	C:\Windows\system32\ole32.dll
0x00007ff81a670000 - 0x00007ff81a731000 	C:\Windows\system32\OLEAUT32.dll
0x00007ff81a740000 - 0x00007ff81a791000 	C:\Windows\system32\SHLWAPI.dll
0x00007ff81c340000 - 0x00007ff81c347000 	C:\Windows\system32\PSAPI.DLL
0x0000000067c00000 - 0x0000000068483000 	E:\ProgramFiles\Xilinx\SDK\2015.4\tps\win64\jre\bin\server\jvm.dll
0x00007ffff7e30000 - 0x00007ffff7e39000 	C:\Windows\SYSTEM32\WSOCK32.dll
0x00007ff816bd0000 - 0x00007ff816bef000 	C:\Windows\SYSTEM32\WINMM.dll
0x000000006b8d0000 - 0x000000006b9a2000 	C:\Windows\SYSTEM32\MSVCR100.dll
0x00007ff81ca30000 - 0x00007ff81ca88000 	C:\Windows\system32\WS2_32.dll
0x00007ff816ba0000 - 0x00007ff816bca000 	C:\Windows\SYSTEM32\WINMMBASE.dll
0x00007ff81c6f0000 - 0x00007ff81c6f9000 	C:\Windows\system32\NSI.dll
0x00007ff81a0b0000 - 0x00007ff81a0fa000 	C:\Windows\SYSTEM32\cfgmgr32.dll
0x00007ff818e70000 - 0x00007ff818e96000 	C:\Windows\SYSTEM32\DEVOBJ.dll
0x000000006a950000 - 0x000000006a95f000 	E:\ProgramFiles\Xilinx\SDK\2015.4\tps\win64\jre\bin\verify.dll
0x0000000068ea0000 - 0x0000000068ec9000 	E:\ProgramFiles\Xilinx\SDK\2015.4\tps\win64\jre\bin\java.dll
0x0000000068e80000 - 0x0000000068e96000 	E:\ProgramFiles\Xilinx\SDK\2015.4\tps\win64\jre\bin\zip.dll
0x00007ff817f00000 - 0x00007ff817f9f000 	C:\Windows\system32\SHCORE.dll
0x00007ff819fe0000 - 0x00007ff819ff4000 	C:\Windows\system32\profapi.dll
0x00007ff819880000 - 0x00007ff81989e000 	C:\Windows\SYSTEM32\CRYPTSP.dll
0x00007ff8194c0000 - 0x00007ff8194f5000 	C:\Windows\system32\rsaenh.dll
0x00007ff819b90000 - 0x00007ff819bb6000 	C:\Windows\SYSTEM32\bcrypt.dll
0x00007ff8195d0000 - 0x00007ff8195ee000 	C:\Windows\SYSTEM32\USERENV.dll
0x00007ff819ec0000 - 0x00007ff819f20000 	C:\Windows\system32\bcryptprimitives.dll
0x00007ff819f20000 - 0x00007ff819f2a000 	C:\Windows\SYSTEM32\CRYPTBASE.dll
0x0000000068e60000 - 0x0000000068e7a000 	E:\ProgramFiles\Xilinx\SDK\2015.4\tps\win64\jre\bin\net.dll
0x00007ff819820000 - 0x00007ff819878000 	C:\Windows\system32\mswsock.dll
0x00007ff814350000 - 0x00007ff814379000 	C:\Windows\SYSTEM32\IPHLPAPI.DLL
0x00007ff814270000 - 0x00007ff81427a000 	C:\Windows\SYSTEM32\WINNSI.DLL
0x00007ff813f80000 - 0x00007ff813f94000 	C:\Windows\SYSTEM32\dhcpcsvc6.DLL
0x00007ff814440000 - 0x00007ff814459000 	C:\Windows\SYSTEM32\dhcpcsvc.DLL
0x0000000068e40000 - 0x0000000068e51000 	E:\ProgramFiles\Xilinx\SDK\2015.4\tps\win64\jre\bin\nio.dll
0x00007ff818e40000 - 0x00007ff818e4a000 	C:\Windows\SYSTEM32\kernel.appcore.dll
0x00007ff815e20000 - 0x00007ff815e34000 	C:\Windows\system32\napinsp.dll
0x00007ff815a40000 - 0x00007ff815a59000 	C:\Windows\system32\pnrpnsp.dll
0x00007ff818440000 - 0x00007ff81845b000 	C:\Windows\system32\NLAapi.dll
0x00007ff819630000 - 0x00007ff8196d3000 	C:\Windows\SYSTEM32\DNSAPI.dll
0x00007ff8169e0000 - 0x00007ff8169ec000 	C:\Windows\System32\winrnr.dll
0x00007ff812520000 - 0x00007ff812533000 	C:\Windows\system32\wshbth.dll
0x00007ff816a30000 - 0x00007ff816a39000 	C:\Windows\System32\rasadhlp.dll
0x00007ff8141a0000 - 0x00007ff814208000 	C:\Windows\System32\fwpuclnt.dll
0x0000000017ec0000 - 0x0000000017f68000 	C:\Users\CoBoL\.Xilinx\SDK\2015.4\org.eclipse.osgi\bundles\303\1\.cp\swt-win32-4335.dll
0x00007ff81c700000 - 0x00007ff81c79e000 	C:\Windows\system32\comdlg32.dll
0x00007ff816d90000 - 0x00007ff816e0b000 	C:\Windows\SYSTEM32\WINSPOOL.DRV
0x00007ff816a00000 - 0x00007ff816a14000 	C:\Windows\SYSTEM32\USP10.dll
0x00007ff812710000 - 0x00007ff812958000 	C:\Windows\SYSTEM32\WININET.dll
0x00007ff81a260000 - 0x00007ff81a43f000 	C:\Windows\system32\CRYPT32.dll
0x00007ff812b80000 - 0x00007ff812e47000 	C:\Windows\SYSTEM32\iertutil.dll
0x00007ff81a090000 - 0x00007ff81a0a2000 	C:\Windows\system32\MSASN1.dll
0x00007ff817d30000 - 0x00007ff817d50000 	C:\Windows\system32\dwmapi.dll
0x00007ff815f10000 - 0x00007ff81607f000 	C:\Windows\SYSTEM32\propsys.dll
0x00007ff81c0a0000 - 0x00007ff81c144000 	C:\Windows\SYSTEM32\clbcatq.dll
0x0000000017f70000 - 0x0000000017f8e000 	C:\Users\CoBoL\.Xilinx\SDK\2015.4\org.eclipse.osgi\bundles\303\1\.cp\swt-gdip-win32-4335.dll
0x00007ff816bf0000 - 0x00007ff816d88000 	C:\Windows\WinSxS\amd64_microsoft.windows.gdiplus_6595b64144ccf1df_1.1.9600.17227_none_932c0e57474f5080\gdiplus.dll
0x00007ff817900000 - 0x00007ff817aae000 	C:\Windows\SYSTEM32\WindowsCodecs.dll
0x0000000180000000 - 0x0000000180012000 	C:\Users\CoBoL\.Xilinx\SDK\2015.4\org.eclipse.osgi\bundles\121\1\.cp\os\win32\x86_64\localfile_1_0_0.dll
0x00007ff8112f0000 - 0x00007ff811301000 	C:\Users\CoBoL\.Xilinx\SDK\2015.4\org.eclipse.osgi\bundles\124\1\.cp\jWinHttp-1.0.0.dll
0x00007ff80c650000 - 0x00007ff80c715000 	C:\Windows\SYSTEM32\WINHTTP.dll
0x00007ff8170c0000 - 0x00007ff817123000 	C:\Windows\SYSTEM32\oleacc.dll
0x00007ff816e10000 - 0x00007ff816e17000 	C:\Windows\SYSTEM32\msimg32.dll
0x00007ff811a60000 - 0x00007ff811a6f000 	E:\ProgramFiles\Xilinx\SDK\2015.4\lib\win64.o\librdi_repo_manager.dll
0x00007ff80ff10000 - 0x00007ff80ff3a000 	E:\ProgramFiles\Xilinx\SDK\2015.4\lib\win64.o\libisl_sysinfo.dll
0x00007fffd4420000 - 0x00007fffd4dad000 	E:\ProgramFiles\Xilinx\SDK\2015.4\lib\win64.o\librdi_common.dll
0x00007ff80fbe0000 - 0x00007ff80fc34000 	E:\ProgramFiles\Xilinx\SDK\2015.4\lib\win64.o\librdi_commonxillic.dll
0x00007fffd3b00000 - 0x00007fffd3cec000 	E:\ProgramFiles\Xilinx\SDK\2015.4\lib\win64.o\librdi_hsm.dll
0x00007ff80fa90000 - 0x00007ff80fb37000 	C:\Windows\SYSTEM32\MSVCP110.dll
0x00007ff80ce80000 - 0x00007ff80cf54000 	C:\Windows\SYSTEM32\MSVCR110.dll
0x00007fffd3790000 - 0x00007fffd3afe000 	E:\ProgramFiles\Xilinx\SDK\2015.4\lib\win64.o\libCOIN-all.dll
0x00007fffd3570000 - 0x00007fffd378e000 	E:\ProgramFiles\Xilinx\SDK\2015.4\lib\win64.o\libXil_lmgr11.dll
0x00007ff8115f0000 - 0x00007ff811600000 	E:\ProgramFiles\Xilinx\SDK\2015.4\lib\win64.o\libboost_date_time.dll
0x00007ff80fee0000 - 0x00007ff80ff02000 	E:\ProgramFiles\Xilinx\SDK\2015.4\lib\win64.o\libboost_filesystem.dll
0x00007ff801570000 - 0x00007ff8015e4000 	E:\ProgramFiles\Xilinx\SDK\2015.4\lib\win64.o\libboost_program_options.dll
0x00007ffffdb80000 - 0x00007ffffdc7a000 	E:\ProgramFiles\Xilinx\SDK\2015.4\lib\win64.o\libboost_regex.dll
0x00007ff80fb50000 - 0x00007ff80fb63000 	E:\ProgramFiles\Xilinx\SDK\2015.4\lib\win64.o\libboost_signals.dll
0x00007ff80fed0000 - 0x00007ff80fed9000 	E:\ProgramFiles\Xilinx\SDK\2015.4\lib\win64.o\libboost_system.dll
0x00007ff80e820000 - 0x00007ff80e83d000 	E:\ProgramFiles\Xilinx\SDK\2015.4\lib\win64.o\libboost_thread.dll
0x00007ff80fbd0000 - 0x00007ff80fbdb000 	E:\ProgramFiles\Xilinx\SDK\2015.4\lib\win64.o\libboost_xilinx.dll
0x00007fffff0e0000 - 0x00007fffff160000 	E:\ProgramFiles\Xilinx\SDK\2015.4\lib\win64.o\libhdlpsolve.dll
0x00007ffffef90000 - 0x00007fffff02a000 	E:\ProgramFiles\Xilinx\SDK\2015.4\lib\win64.o\libhdxml.dll
0x00007fffd2f80000 - 0x00007fffd33b4e00 	E:\ProgramFiles\Xilinx\SDK\2015.4\lib\win64.o\libisl_iostreams.dll
0x00007ff80cfb0000 - 0x00007ff80cfc5000 	E:\ProgramFiles\Xilinx\SDK\2015.4\lib\win64.o\pthreadVC2.dll
0x00007ffff9ca0000 - 0x00007ffff9dd0000 	E:\ProgramFiles\Xilinx\SDK\2015.4\lib\win64.o\librdi_curl.dll
0x00007ff80cf90000 - 0x00007ff80cfa8000 	E:\ProgramFiles\Xilinx\SDK\2015.4\lib\win64.o\librdiconfig.dll
0x00007ff80cf60000 - 0x00007ff80cf83000 	E:\ProgramFiles\Xilinx\SDK\2015.4\lib\win64.o\librdizlib.dll
0x00000000694c0000 - 0x00000000695e7000 	E:\ProgramFiles\Xilinx\SDK\2015.4\lib\win64.o\tcl85t.dll
0x0000000021430000 - 0x0000000021693000 	E:\ProgramFiles\Xilinx\SDK\2015.4\lib\win64.o\xerces-c_3_1.dll
0x00007ff812f20000 - 0x00007ff8130a5000 	C:\Windows\SYSTEM32\urlmon.dll
0x00007ff80edc0000 - 0x00007ff80ede3000 	C:\Windows\SYSTEM32\VCOMP110.DLL
0x00007ff8014b0000 - 0x00007ff8014f3000 	E:\ProgramFiles\Xilinx\SDK\2015.4\lib\win64.o\librdi_hdf.dll
0x00007fffd2d20000 - 0x00007fffd2f75000 	E:\ProgramFiles\Xilinx\SDK\2015.4\lib\win64.o\librdi_ippcw.dll
0x00007ff817b30000 - 0x00007ff817b45000 	C:\Windows\SYSTEM32\NETAPI32.dll
0x00007ff81a210000 - 0x00007ff81a25c000 	C:\Windows\system32\WINTRUST.dll
0x00007ff80fb40000 - 0x00007ff80fb4b000 	E:\ProgramFiles\Xilinx\SDK\2015.4\lib\win64.o\libboost_chrono.dll
0x00007ff80cae0000 - 0x00007ff80caf6000 	E:\ProgramFiles\Xilinx\SDK\2015.4\lib\win64.o\libboost_iostreams.dll
0x00007ff801140000 - 0x00007ff801163000 	E:\ProgramFiles\Xilinx\SDK\2015.4\lib\win64.o\libisl_iosutils.dll
0x00007ff819270000 - 0x00007ff81927c000 	C:\Windows\SYSTEM32\netutils.dll
0x00007ff819cb0000 - 0x00007ff819cd5000 	C:\Windows\SYSTEM32\srvcli.dll
0x00007ff817af0000 - 0x00007ff817b06000 	C:\Windows\SYSTEM32\wkscli.dll
0x00007fffd1cd0000 - 0x00007fffd24e0000 	E:\ProgramFiles\Xilinx\SDK\2015.4\lib\win64.o\libXil_lmgr11FNP.dll
0x00007ff812350000 - 0x00007ff81235c000 	C:\Windows\SYSTEM32\snmpapi.dll
0x00007ff81ca90000 - 0x00007ff81cc64000 	C:\Windows\system32\SETUPAPI.dll
0x00007ff819e90000 - 0x00007ff819ebb000 	C:\Windows\SYSTEM32\SspiCli.dll
0x00007ff80c7b0000 - 0x00007ff80c7c6000 	E:\ProgramFiles\Xilinx\SDK\2015.4\eclipse\win64.o\plugins\org.eclipse.cdt.core.win32.x86_64_5.2.0.201402142303\os\win32\x86_64\spawner.dll
0x00007ff8173b0000 - 0x00007ff8173ba000 	E:\ProgramFiles\Xilinx\SDK\2015.4\lib\win64.o\librdi_jtag_settings.dll
0x00007ff817380000 - 0x00007ff8173a9000 	E:\ProgramFiles\Xilinx\SDK\2015.4\lib\win64.o\librdi_debug_dialog.dll
0x00007ff817370000 - 0x00007ff817378000 	E:\ProgramFiles\Xilinx\SDK\2015.4\lib\win64.o\librdi_target_manager.dll
0x0000000071080000 - 0x00000000710a6000 	E:\ProgramFiles\Xilinx\SDK\2015.4\eclipse\win64.o\plugins\gnu.io.rxtx.win32.x86_64_2.1.7.3_v20071015\os\win32\x86_64\rxtxSerial.dll
0x00007ff8175b0000 - 0x00007ff8175b3000 	C:\Windows\SYSTEM32\icmp.Dll
0x00007ff8074d0000 - 0x00007ff807658000 	C:\Windows\SYSTEM32\dbghelp.dll

VM Arguments:
jvm_args: -Dcom.xilinx.sdk.args.hwspec=E:/projects/xilinix/master_repo/LAB_AEP/I_E/hdl/Projects/fmc_imageon_gs/ZEDBOARD/fmc_imageon_gs.sdk/fmc_imageon_gs_wrapper.hdf -Xms64m -Xmx512m & 
java_command: <unknown>
java_class_path (initial): E:\ProgramFiles\Xilinx\SDK\2015.4\eclipse\win64.o\\plugins/org.eclipse.equinox.launcher_1.3.0.v20130327-1440.jar
Launcher Type: generic

Environment Variables:
JAVA_HOME=C:\Program Files\Java\jdk1.8.0_20
CLASSPATH=.;C:\Program Files (x86)\QuickTime\QTSystem\QTJava.zip;
USERNAME=CoBoL
OS=Windows_NT
PROCESSOR_IDENTIFIER=Intel64 Family 6 Model 69 Stepping 1, GenuineIntel



---------------  S Y S T E M  ---------------

OS: Windows 8.1 , 64 bit Build 9600 (6.3.9600.17056)

CPU:total 4 (2 cores per cpu, 2 threads per core) family 6 model 69 stepping 1, cmov, cx8, fxsr, mmx, sse, sse2, sse3, ssse3, sse4.1, sse4.2, popcnt, avx, avx2, aes, clmul, erms, lzcnt, ht, tsc, tscinvbit, bmi1, bmi2

Memory: 4k page, physical 8287332k(2054540k free), swap 10613436k(3334240k free)

vm_info: Java HotSpot(TM) 64-Bit Server VM (25.45-b02) for windows-amd64 JRE (1.8.0_45-b15), built on Apr 30 2015 12:40:44 by "java_re" with MS VC++ 10.0 (VS2010)

time: Tue Jun 07 13:23:45 2016
elapsed time: 2737 seconds (0d 0h 45m 37s)

