#
# A fatal error has been detected by the Java Runtime Environment:
#
#  EXCEPTION_UNCAUGHT_CXX_EXCEPTION (0xe06d7363) at pc=0x00007ff81a10606c, pid=13432, tid=7604
#
# JRE version: Java(TM) SE Runtime Environment (8.0_45-b15) (build 1.8.0_45-b15)
# Java VM: Java HotSpot(TM) 64-Bit Server VM (25.45-b02 mixed mode windows-amd64 compressed oops)
# Problematic frame:
# C  [KERNELBASE.dll+0x606c]
#
# Failed to write core dump. Minidumps are not enabled by default on client versions of Windows
#
# If you would like to submit a bug report, please visit:
#   http://bugreport.java.com/bugreport/crash.jsp
#

---------------  T H R E A D  ---------------

Current thread (0x00000000135d7000):  VMThread [stack: 0x0000000014680000,0x0000000014780000] [id=7604]

siginfo: ExceptionCode=0xe06d7363, ExceptionInformation=0x0000000019930520 0x000000001477f388 0x00007ff80cef2cb8 0x00007ff80ce40000 

Registers:
RAX=0x0000000000000000, RBX=0x00007ff80cef2cb8, RCX=0x000000001477ecb0, RDX=0x00007ff81cc968eb
RSP=0x000000001477f1d0, RBP=0x000000001477f310, RSI=0x00000000ffffffff, RDI=0x000000002168bdf0
R8 =0x000000001477ee08, R9 =0x0000000000000000, R10=0x0000000000000000, R11=0x000000001477f121
R12=0x0000000000000001, R13=0x0000000000000008, R14=0x0000000000000000, R15=0xffffffffffffffff
RIP=0x00007ff81a10606c, EFLAGS=0x0000000000000202

Top of Stack: (sp=0x000000001477f1d0)
0x000000001477f1d0:   00000000001d0000 00007ff80cef2cb8
0x000000001477f1e0:   00000000ffffffff 000000002168bdf0
0x000000001477f1f0:   00000001e06d7363 0000000000000000
0x000000001477f200:   00007ff81a10606c 0000000000000004
0x000000001477f210:   0000000019930520 000000001477f388
0x000000001477f220:   00007ff80cef2cb8 00007ff80ce40000
0x000000001477f230:   0000000000000000 0000000021620c70
0x000000001477f240:   0000000000000000 0000000000000000
0x000000001477f250:   0000000000000000 000000001477f4c0
0x000000001477f260:   ffffffffffffffff 0000000000000001
0x000000001477f270:   0000000000008008 0000000000000000
0x000000001477f280:   ffffffffffffffff 0000000000000000
0x000000001477f290:   00008d360c16946e 00000000ffffffff
0x000000001477f2a0:   00007ff80cef2cb8 00007ff80ce9e92c
0x000000001477f2b0:   00000000c0000001 000000001477f320
0x000000001477f2c0:   0000000000000001 0000000000000000 

Instructions: (pc=0x00007ff81a10606c)
0x00007ff81a10604c:   44 3b c0 44 0f 47 c0 44 89 44 24 38 49 c1 e0 03
0x00007ff81a10605c:   e8 cb b5 ff ff 48 8d 4c 24 20 ff 15 fc e5 0f 00
0x00007ff81a10606c:   48 8b 8c 24 c0 00 00 00 48 33 cc e8 84 b3 ff ff
0x00007ff81a10607c:   48 81 c4 d8 00 00 00 c3 90 90 90 90 90 90 90 90 


Register to memory mapping:

RAX=0x0000000000000000 is an unknown value
RBX=0x00007ff80cef2cb8 is an unknown value
RCX=0x000000001477ecb0 is an unknown value
RDX=0x00007ff81cc968eb is an unknown value
RSP=0x000000001477f1d0 is an unknown value
RBP=0x000000001477f310 is an unknown value
RSI=0x00000000ffffffff is an unallocated location in the heap
RDI=0x000000002168bdf0 is an unknown value
R8 =0x000000001477ee08 is an unknown value
R9 =0x0000000000000000 is an unknown value
R10=0x0000000000000000 is an unknown value
R11=0x000000001477f121 is an unknown value
R12=0x0000000000000001 is an unknown value
R13=0x0000000000000008 is an unknown value
R14=0x0000000000000000 is an unknown value
R15=0xffffffffffffffff is an unknown value


Stack: [0x0000000014680000,0x0000000014780000],  sp=0x000000001477f1d0,  free space=1020k
Native frames: (J=compiled Java code, j=interpreted, Vv=VM code, C=native code)
C  [KERNELBASE.dll+0x606c]
C  [MSVCR110.dll+0x5e92c]
C  [MSVCR110.dll+0x1315c]
C  [MSVCR110.dll+0x136a9]
C  [MSVCR110.dll+0x13e9c]
C  [MSVCR110.dll+0x239e]
C  [MSVCR110.dll+0xaf9e]
C  [MSVCP110.dll+0x397b9]
C  [librdi_common.dll+0x14283e]
C  [librdi_common.dll+0x141449]
C  [librdi_target_manager.dll+0x2400]
C  [librdi_target_manager.dll+0x2682]
C  [ntdll.dll+0x231dd]
C  [ntdll.dll+0x2160a]
C  [ntdll.dll+0x6b5ec]
C  [KERNEL32.DLL+0x4d56]
C  [MSVCR100.dll+0x20ccd]
V  [jvm.dll+0x20f135]
V  [jvm.dll+0x247ef7]
V  [jvm.dll+0x247196]
V  [jvm.dll+0x247631]
V  [jvm.dll+0x24784e]
V  [jvm.dll+0x29853a]
C  [MSVCR100.dll+0x21d9f]
C  [MSVCR100.dll+0x21e3b]
C  [KERNEL32.DLL+0x16ad]
C  [ntdll.dll+0x54409]

VM_Operation (0x000000000013f500): Exit, mode: safepoint, requested by thread 0x00000000021a3800


---------------  P R O C E S S  ---------------

Java Threads: ( => current thread )
  0x0000000015ab6800 JavaThread "pool-2-thread-2" [_thread_blocked, id=13600, stack(0x0000000026370000,0x0000000026470000)]
  0x0000000015ab4800 JavaThread "Thread-21" [_thread_in_native, id=17708, stack(0x00000000232f0000,0x00000000233f0000)]
  0x0000000019959800 JavaThread "pool-2-thread-1" [_thread_blocked, id=6688, stack(0x0000000024a80000,0x0000000024b80000)]
  0x0000000019955000 JavaThread "Thread-19" daemon [_thread_blocked, id=2064, stack(0x0000000026170000,0x0000000026270000)]
  0x0000000016327000 JavaThread "TCF Locator DNS Lookup" daemon [_thread_blocked, id=13168, stack(0x0000000020220000,0x0000000020320000)]
  0x0000000016323800 JavaThread "TCF Locator Timer" daemon [_thread_blocked, id=12244, stack(0x0000000020120000,0x0000000020220000)]
  0x0000000016326800 JavaThread "TCF Locator Receiver" daemon [_thread_in_native, id=5628, stack(0x0000000020020000,0x0000000020120000)]
  0x0000000016324000 JavaThread "TCF Timer Dispatcher" daemon [_thread_blocked, id=9056, stack(0x000000001fe20000,0x000000001ff20000)]
  0x0000000018431000 JavaThread "EMF Reference Cleaner" daemon [_thread_blocked, id=13584, stack(0x0000000019f40000,0x000000001a040000)]
  0x0000000014cf6800 JavaThread "Service Thread" daemon [_thread_blocked, id=13728, stack(0x0000000015280000,0x0000000015380000)]
  0x0000000014c86800 JavaThread "C1 CompilerThread2" daemon [_thread_blocked, id=17632, stack(0x0000000015180000,0x0000000015280000)]
  0x000000001366b000 JavaThread "C2 CompilerThread1" daemon [_thread_blocked, id=12376, stack(0x0000000015080000,0x0000000015180000)]
  0x000000001365e800 JavaThread "C2 CompilerThread0" daemon [_thread_blocked, id=13224, stack(0x0000000014b80000,0x0000000014c80000)]
  0x000000001365d000 JavaThread "Attach Listener" daemon [_thread_blocked, id=13144, stack(0x0000000014a80000,0x0000000014b80000)]
  0x000000001365c800 JavaThread "Signal Dispatcher" daemon [_thread_blocked, id=15524, stack(0x0000000014980000,0x0000000014a80000)]
  0x0000000002298800 JavaThread "Finalizer" daemon [_thread_blocked, id=9676, stack(0x0000000014880000,0x0000000014980000)]
  0x0000000002290000 JavaThread "Reference Handler" daemon [_thread_blocked, id=8108, stack(0x0000000014780000,0x0000000014880000)]
  0x00000000021a3800 JavaThread "main" [_thread_blocked, id=5612, stack(0x0000000000040000,0x0000000000140000)]

Other Threads:
=>0x00000000135d7000 VMThread [stack: 0x0000000014680000,0x0000000014780000] [id=7604]

VM state:at safepoint (shutting down)

VM Mutex/Monitor currently owned by a thread:  ([mutex/lock_event])
[0x00000000021a08d0] Threads_lock - owner thread: 0x00000000135d7000

Heap:
 PSYoungGen      total 98816K, used 85937K [0x00000000f5580000, 0x00000000fdf80000, 0x0000000100000000)
  eden space 90112K, 86% used [0x00000000f5580000,0x00000000fa13eaf8,0x00000000fad80000)
  from space 8704K, 96% used [0x00000000fb000000,0x00000000fb82dca0,0x00000000fb880000)
  to   space 25600K, 0% used [0x00000000fc680000,0x00000000fc680000,0x00000000fdf80000)
 ParOldGen       total 111616K, used 65375K [0x00000000e0000000, 0x00000000e6d00000, 0x00000000f5580000)
  object space 111616K, 58% used [0x00000000e0000000,0x00000000e3fd7f28,0x00000000e6d00000)
 Metaspace       used 89352K, capacity 96074K, committed 96256K, reserved 1132544K
  class space    used 10688K, capacity 12779K, committed 12800K, reserved 1048576K

Card table byte_map: [0x0000000011660000,0x0000000011770000] byte_map_base: 0x0000000010f60000

Marking Bits: (ParMarkBitMap*) 0x0000000068634040
 Begin Bits: [0x0000000011b70000, 0x0000000012370000)
 End Bits:   [0x0000000012370000, 0x0000000012b70000)

Polling page: 0x00000000003f0000

CodeCache: size=245760Kb used=51795Kb max_used=52228Kb free=193964Kb
 bounds [0x00000000022a0000, 0x0000000005610000, 0x00000000112a0000]
 total_blobs=14575 nmethods=13718 adapters=762
 compilation: enabled

Compilation events (10 events):
Event: 684.523 Thread 0x0000000014c86800 18112   !   3       org.eclipse.osgi.framework.internal.core.Framework::suspendBundle (124 bytes)
Event: 684.526 Thread 0x0000000014c86800 nmethod 18112 0x0000000003263c90 code [0x0000000003263fe0, 0x00000000032662c8]
Event: 684.609 Thread 0x0000000014c86800 18118   !   3       org.eclipse.osgi.internal.baseadaptor.BaseStorage::compact (215 bytes)
Event: 684.613 Thread 0x0000000014c86800 nmethod 18118 0x0000000004108a10 code [0x0000000004108e60, 0x000000000410b328]
Event: 684.751 Thread 0x000000001366b000 18119       4       org.eclipse.osgi.framework.eventmgr.CopyOnWriteIdentityMap$Snapshot::<init> (10 bytes)
Event: 684.752 Thread 0x0000000014c86800 18120       3       org.eclipse.osgi.framework.internal.core.AbstractBundle::close (52 bytes)
Event: 684.753 Thread 0x000000001366b000 nmethod 18119 0x0000000002d45bd0 code [0x0000000002d45d00, 0x0000000002d45d78]
Event: 684.753 Thread 0x0000000014c86800 nmethod 18120 0x00000000026c9890 code [0x00000000026c9ac0, 0x00000000026ca7c8]
Event: 684.754 Thread 0x0000000014c86800 18121   !   3       java.lang.ThreadGroup::add (110 bytes)
Event: 684.755 Thread 0x0000000014c86800 nmethod 18121 0x0000000004fae8d0 code [0x0000000004faeaa0, 0x0000000004faf398]

GC Heap History (10 events):
Event: 498.653 GC heap before
{Heap before GC invocations=49 (full 4):
 PSYoungGen      total 125952K, used 121112K [0x00000000f5580000, 0x00000000fed80000, 0x0000000100000000)
  eden space 104448K, 100% used [0x00000000f5580000,0x00000000fbb80000,0x00000000fbb80000)
  from space 21504K, 77% used [0x00000000fd880000,0x00000000fe8c6208,0x00000000fed80000)
  to   space 25600K, 0% used [0x00000000fbb80000,0x00000000fbb80000,0x00000000fd480000)
 ParOldGen       total 111616K, used 55259K [0x00000000e0000000, 0x00000000e6d00000, 0x00000000f5580000)
  object space 111616K, 49% used [0x00000000e0000000,0x00000000e35f6d80,0x00000000e6d00000)
 Metaspace       used 87111K, capacity 93884K, committed 94080K, reserved 1130496K
  class space    used 10421K, capacity 12409K, committed 12416K, reserved 1048576K
Event: 498.685 GC heap after
Heap after GC invocations=49 (full 4):
 PSYoungGen      total 120320K, used 18754K [0x00000000f5580000, 0x00000000fea80000, 0x0000000100000000)
  eden space 101376K, 0% used [0x00000000f5580000,0x00000000f5580000,0x00000000fb880000)
  from space 18944K, 98% used [0x00000000fbb80000,0x00000000fcdd08e0,0x00000000fce00000)
  to   space 25600K, 0% used [0x00000000fd180000,0x00000000fd180000,0x00000000fea80000)
 ParOldGen       total 111616K, used 55615K [0x00000000e0000000, 0x00000000e6d00000, 0x00000000f5580000)
  object space 111616K, 49% used [0x00000000e0000000,0x00000000e364fd90,0x00000000e6d00000)
 Metaspace       used 87111K, capacity 93884K, committed 94080K, reserved 1130496K
  class space    used 10421K, capacity 12409K, committed 12416K, reserved 1048576K
}
Event: 511.511 GC heap before
{Heap before GC invocations=50 (full 4):
 PSYoungGen      total 120320K, used 120130K [0x00000000f5580000, 0x00000000fea80000, 0x0000000100000000)
  eden space 101376K, 100% used [0x00000000f5580000,0x00000000fb880000,0x00000000fb880000)
  from space 18944K, 98% used [0x00000000fbb80000,0x00000000fcdd08e0,0x00000000fce00000)
  to   space 25600K, 0% used [0x00000000fd180000,0x00000000fd180000,0x00000000fea80000)
 ParOldGen       total 111616K, used 55615K [0x00000000e0000000, 0x00000000e6d00000, 0x00000000f5580000)
  object space 111616K, 49% used [0x00000000e0000000,0x00000000e364fd90,0x00000000e6d00000)
 Metaspace       used 87208K, capacity 93948K, committed 94080K, reserved 1130496K
  class space    used 10421K, capacity 12409K, committed 12416K, reserved 1048576K
Event: 511.548 GC heap after
Heap after GC invocations=50 (full 4):
 PSYoungGen      total 119808K, used 16545K [0x00000000f5580000, 0x00000000fe680000, 0x0000000100000000)
  eden space 98304K, 0% used [0x00000000f5580000,0x00000000f5580000,0x00000000fb580000)
  from space 21504K, 76% used [0x00000000fd180000,0x00000000fe1a8558,0x00000000fe680000)
  to   space 25088K, 0% used [0x00000000fb580000,0x00000000fb580000,0x00000000fce00000)
 ParOldGen       total 111616K, used 55691K [0x00000000e0000000, 0x00000000e6d00000, 0x00000000f5580000)
  object space 111616K, 49% used [0x00000000e0000000,0x00000000e3662de0,0x00000000e6d00000)
 Metaspace       used 87208K, capacity 93948K, committed 94080K, reserved 1130496K
  class space    used 10421K, capacity 12409K, committed 12416K, reserved 1048576K
}
Event: 550.753 GC heap before
{Heap before GC invocations=51 (full 4):
 PSYoungGen      total 119808K, used 114849K [0x00000000f5580000, 0x00000000fe680000, 0x0000000100000000)
  eden space 98304K, 100% used [0x00000000f5580000,0x00000000fb580000,0x00000000fb580000)
  from space 21504K, 76% used [0x00000000fd180000,0x00000000fe1a8558,0x00000000fe680000)
  to   space 25088K, 0% used [0x00000000fb580000,0x00000000fb580000,0x00000000fce00000)
 ParOldGen       total 111616K, used 55691K [0x00000000e0000000, 0x00000000e6d00000, 0x00000000f5580000)
  object space 111616K, 49% used [0x00000000e0000000,0x00000000e3662de0,0x00000000e6d00000)
 Metaspace       used 87226K, capacity 93948K, committed 94080K, reserved 1130496K
  class space    used 10421K, capacity 12409K, committed 12416K, reserved 1048576K
Event: 550.787 GC heap after
Heap after GC invocations=51 (full 4):
 PSYoungGen      total 109056K, used 13416K [0x00000000f5580000, 0x00000000fe280000, 0x0000000100000000)
  eden space 95232K, 0% used [0x00000000f5580000,0x00000000f5580000,0x00000000fb280000)
  from space 13824K, 97% used [0x00000000fb580000,0x00000000fc29a0f0,0x00000000fc300000)
  to   space 24576K, 0% used [0x00000000fca80000,0x00000000fca80000,0x00000000fe280000)
 ParOldGen       total 111616K, used 58940K [0x00000000e0000000, 0x00000000e6d00000, 0x00000000f5580000)
  object space 111616K, 52% used [0x00000000e0000000,0x00000000e398f048,0x00000000e6d00000)
 Metaspace       used 87226K, capacity 93948K, committed 94080K, reserved 1130496K
  class space    used 10421K, capacity 12409K, committed 12416K, reserved 1048576K
}
Event: 554.785 GC heap before
{Heap before GC invocations=52 (full 4):
 PSYoungGen      total 109056K, used 108648K [0x00000000f5580000, 0x00000000fe280000, 0x0000000100000000)
  eden space 95232K, 100% used [0x00000000f5580000,0x00000000fb280000,0x00000000fb280000)
  from space 13824K, 97% used [0x00000000fb580000,0x00000000fc29a0f0,0x00000000fc300000)
  to   space 24576K, 0% used [0x00000000fca80000,0x00000000fca80000,0x00000000fe280000)
 ParOldGen       total 111616K, used 58940K [0x00000000e0000000, 0x00000000e6d00000, 0x00000000f5580000)
  object space 111616K, 52% used [0x00000000e0000000,0x00000000e398f048,0x00000000e6d00000)
 Metaspace       used 87248K, capacity 93948K, committed 94080K, reserved 1130496K
  class space    used 10421K, capacity 12409K, committed 12416K, reserved 1048576K
Event: 554.814 GC heap after
Heap after GC invocations=52 (full 4):
 PSYoungGen      total 115712K, used 8584K [0x00000000f5580000, 0x00000000fe100000, 0x0000000100000000)
  eden space 92672K, 0% used [0x00000000f5580000,0x00000000f5580000,0x00000000fb000000)
  from space 23040K, 37% used [0x00000000fca80000,0x00000000fd2e2090,0x00000000fe100000)
  to   space 25088K, 0% used [0x00000000fb000000,0x00000000fb000000,0x00000000fc880000)
 ParOldGen       total 111616K, used 64077K [0x00000000e0000000, 0x00000000e6d00000, 0x00000000f5580000)
  object space 111616K, 57% used [0x00000000e0000000,0x00000000e3e93688,0x00000000e6d00000)
 Metaspace       used 87248K, capacity 93948K, committed 94080K, reserved 1130496K
  class space    used 10421K, capacity 12409K, committed 12416K, reserved 1048576K
}
Event: 577.807 GC heap before
{Heap before GC invocations=53 (full 4):
 PSYoungGen      total 115712K, used 101256K [0x00000000f5580000, 0x00000000fe100000, 0x0000000100000000)
  eden space 92672K, 100% used [0x00000000f5580000,0x00000000fb000000,0x00000000fb000000)
  from space 23040K, 37% used [0x00000000fca80000,0x00000000fd2e2090,0x00000000fe100000)
  to   space 25088K, 0% used [0x00000000fb000000,0x00000000fb000000,0x00000000fc880000)
 ParOldGen       total 111616K, used 64077K [0x00000000e0000000, 0x00000000e6d00000, 0x00000000f5580000)
  object space 111616K, 57% used [0x00000000e0000000,0x00000000e3e93688,0x00000000e6d00000)
 Metaspace       used 87860K, capacity 94500K, committed 94720K, reserved 1132544K
  class space    used 10474K, capacity 12445K, committed 12544K, reserved 1048576K
Event: 577.828 GC heap after
Heap after GC invocations=53 (full 4):
 PSYoungGen      total 98816K, used 8375K [0x00000000f5580000, 0x00000000fdf80000, 0x0000000100000000)
  eden space 90112K, 0% used [0x00000000f5580000,0x00000000f5580000,0x00000000fad80000)
  from space 8704K, 96% used [0x00000000fb000000,0x00000000fb82dca0,0x00000000fb880000)
  to   space 25600K, 0% used [0x00000000fc680000,0x00000000fc680000,0x00000000fdf80000)
 ParOldGen       total 111616K, used 65375K [0x00000000e0000000, 0x00000000e6d00000, 0x00000000f5580000)
  object space 111616K, 58% used [0x00000000e0000000,0x00000000e3fd7f28,0x00000000e6d00000)
 Metaspace       used 87860K, capacity 94500K, committed 94720K, reserved 1132544K
  class space    used 10474K, capacity 12445K, committed 12544K, reserved 1048576K
}

Deoptimization events (10 events):
Event: 684.471 Thread 0x00000000021a3800 Uncommon trap: reason=speculate_class_check action=maybe_recompile pc=0x0000000004c80ee8 method=org.eclipse.core.internal.dtree.AbstractDataTreeNode.assembleWith(Lorg/eclipse/core/internal/dtree/AbstractDataTreeNode;)Lorg/eclipse/core/internal/dtree/Abstra‹›8ÕÊc…@
Event: 684.474 Thread 0x00000000021a3800 Uncommon trap: reason=class_check action=maybe_recompile pc=0x0000000004c4d3d0 method=org.eclipse.core.internal.jobs.DeadlockDetector.lockReleased(Ljava/lang/Thread;Lorg/eclipse/core/runtime/jobs/ISchedulingRule;)V @ 169
Event: 684.489 Thread 0x0000000015a93000 Uncommon trap: reason=null_check action=make_not_entrant pc=0x000000000355262c method=org.eclipse.core.internal.runtime.Log.isLoggable(Lorg/osgi/framework/Bundle;Ljava/lang/String;I)Z @ 3
Event: 684.501 Thread 0x0000000015ab6000 Uncommon trap: reason=unstable_if action=reinterpret pc=0x00000000051795f0 method=org.eclipse.core.internal.jobs.JobManager.nextJob()Lorg/eclipse/core/runtime/jobs/Job; @ 80
Event: 684.502 Thread 0x0000000019953000 Uncommon trap: reason=unstable_if action=reinterpret pc=0x00000000051858b0 method=org.eclipse.core.internal.jobs.JobManager.nextJob()Lorg/eclipse/core/runtime/jobs/Job; @ 80
Event: 684.502 Thread 0x000000001994b800 Uncommon trap: reason=unstable_if action=reinterpret pc=0x00000000051858b0 method=org.eclipse.core.internal.jobs.JobManager.nextJob()Lorg/eclipse/core/runtime/jobs/Job; @ 80
Event: 684.503 Thread 0x0000000016321000 Uncommon trap: reason=unstable_if action=reinterpret pc=0x00000000051858b0 method=org.eclipse.core.internal.jobs.JobManager.nextJob()Lorg/eclipse/core/runtime/jobs/Job; @ 80
Event: 684.503 Thread 0x000000001994e800 Uncommon trap: reason=unstable_if action=reinterpret pc=0x00000000051858b0 method=org.eclipse.core.internal.jobs.JobManager.nextJob()Lorg/eclipse/core/runtime/jobs/Job; @ 80
Event: 684.504 Thread 0x0000000018250000 Uncommon trap: reason=unstable_if action=reinterpret pc=0x00000000051858b0 method=org.eclipse.core.internal.jobs.JobManager.nextJob()Lorg/eclipse/core/runtime/jobs/Job; @ 80
Event: 684.753 Thread 0x00000000021a3800 Uncommon trap: reason=unstable_if action=reinterpret pc=0x0000000003764e8c method=sun.reflect.UnsafeStaticObjectFieldAccessorImpl.set(Ljava/lang/Object;Ljava/lang/Object;)V @ 13

Internal exceptions (10 events):
Event: 683.817 Thread 0x0000000019c54000 Implicit null exception at 0x00000000051820bb to 0x00000000051894a1
Event: 684.411 Thread 0x000000001e2a6800 Implicit null exception at 0x00000000051820bb to 0x00000000051894a1
Event: 684.435 Thread 0x0000000016322000 Implicit null exception at 0x00000000051820bb to 0x00000000051894a1
Event: 684.463 Thread 0x00000000021a3800 Exception <a 'java/lang/NullPointerException'> (0x00000000f9c4af88) thrown at [C:\re\workspace\8-2-build-windows-amd64-cygwin\jdk8u45\3627\hotspot\src\share\vm\prims\jvm.cpp, line 1386]
Event: 684.489 Thread 0x0000000015a93000 Implicit null exception at 0x0000000003552482 to 0x000000000355261d
Event: 684.517 Thread 0x00000000158e4000 Exception <a 'java/lang/InterruptedException': sleep interrupted> (0x00000000f9e967a8) thrown at [C:\re\workspace\8-2-build-windows-amd64-cygwin\jdk8u45\3627\hotspot\src\share\vm\prims\jvm.cpp, line 3211]
Event: 684.519 Thread 0x0000000019cf6800 Exception <a 'java/lang/InterruptedException'> (0x00000000f9f77bd0) thrown at [C:\re\workspace\8-2-build-windows-amd64-cygwin\jdk8u45\3627\hotspot\src\share\vm\runtime\objectMonitor.cpp, line 1683]
Event: 684.520 Thread 0x0000000015a4b800 Exception <a 'java/lang/InterruptedException'> (0x00000000f9fa88e8) thrown at [C:\re\workspace\8-2-build-windows-amd64-cygwin\jdk8u45\3627\hotspot\src\share\vm\runtime\objectMonitor.cpp, line 1683]
Event: 684.752 Thread 0x0000000015a93000 Exception <a 'java/lang/InterruptedException'> (0x00000000f9d9eac0) thrown at [C:\re\workspace\8-2-build-windows-amd64-cygwin\jdk8u45\3627\hotspot\src\share\vm\runtime\objectMonitor.cpp, line 1683]
Event: 684.753 Thread 0x00000000021a3800 Implicit null exception at 0x0000000003764b90 to 0x0000000003764e79

Events (10 events):
Event: 684.753 Thread 0x00000000021a3800 DEOPT PACKING pc=0x0000000003764e8c sp=0x000000000013eae0
Event: 684.753 Thread 0x00000000021a3800 DEOPT UNPACKING pc=0x00000000022e582a sp=0x000000000013ea38 mode 2
Event: 684.753 Thread 0x0000000015971000 Thread exited: 0x0000000015971000
Event: 684.753 loading class java/util/IdentityHashMap$KeyIterator
Event: 684.753 loading class java/util/IdentityHashMap$IdentityHashMapIterator
Event: 684.754 loading class java/util/IdentityHashMap$IdentityHashMapIterator done
Event: 684.754 loading class java/util/IdentityHashMap$KeyIterator done
Event: 684.754 Thread 0x0000000015ab6000 Thread added: 0x0000000015ab6000
Event: 684.754 Thread 0x0000000015ab6000 Thread exited: 0x0000000015ab6000
Event: 684.755 Executing VM operation: Exit


Dynamic libraries:
0x0000000000400000 - 0x000000000044f000 	E:\ProgramFiles\Xilinx\SDK\2015.4\eclipse\win64.o\eclipse.exe
0x00007ff81cc70000 - 0x00007ff81ce16000 	C:\Windows\SYSTEM32\ntdll.dll
0x00007ff81c7a0000 - 0x00007ff81c8da000 	C:\Windows\system32\KERNEL32.DLL
0x00007ff81a100000 - 0x00007ff81a20f000 	C:\Windows\system32\KERNELBASE.dll
0x00007ff81aaf0000 - 0x00007ff81ac61000 	C:\Windows\system32\USER32.dll
0x00007ff8176a0000 - 0x00007ff8178fa000 	C:\Windows\WinSxS\amd64_microsoft.windows.common-controls_6595b64144ccf1df_6.0.9600.17031_none_6242a4b3ecbb55a1\COMCTL32.dll
0x00007ff81c5e0000 - 0x00007ff81c687000 	C:\Windows\system32\msvcrt.dll
0x00007ff81c8e0000 - 0x00007ff81ca24000 	C:\Windows\system32\GDI32.dll
0x00007ff81c150000 - 0x00007ff81c184000 	C:\Windows\system32\IMM32.DLL
0x00007ff81a950000 - 0x00007ff81aa89000 	C:\Windows\system32\MSCTF.dll
0x0000000072000000 - 0x0000000072012000 	E:\ProgramFiles\Xilinx\SDK\2015.4\eclipse\win64.o\plugins\org.eclipse.equinox.launcher.win32.win32.x86_64_1.1.200.v20140116-2212\eclipse_1503.dll
0x00007ff81c530000 - 0x00007ff81c5d5000 	C:\Windows\system32\ADVAPI32.dll
0x00007ff812500000 - 0x00007ff81250a000 	C:\Windows\SYSTEM32\VERSION.dll
0x00007ff81c1a0000 - 0x00007ff81c1f7000 	C:\Windows\SYSTEM32\sechost.dll
0x00007ff81c200000 - 0x00007ff81c337000 	C:\Windows\system32\RPCRT4.dll
0x00007ff818cc0000 - 0x00007ff818de1000 	C:\Windows\system32\uxtheme.dll
0x00007ff81c350000 - 0x00007ff81c526000 	C:\Windows\SYSTEM32\combase.dll
0x00007ffff7350000 - 0x00007ffff738f000 	C:\Program Files\ASUS\Bluetooth Software\btmmhook.dll
0x00007ff81ac90000 - 0x00007ff81c09f000 	C:\Windows\system32\SHELL32.dll
0x00007ff81a4f0000 - 0x00007ff81a668000 	C:\Windows\system32\ole32.dll
0x00007ff81a670000 - 0x00007ff81a731000 	C:\Windows\system32\OLEAUT32.dll
0x00007ff81a740000 - 0x00007ff81a791000 	C:\Windows\system32\SHLWAPI.dll
0x00007ff81c340000 - 0x00007ff81c347000 	C:\Windows\system32\PSAPI.DLL
0x0000000067e30000 - 0x00000000686b3000 	E:\ProgramFiles\Xilinx\SDK\2015.4\tps\win64\jre\bin\server\jvm.dll
0x00007ffff7e30000 - 0x00007ffff7e39000 	C:\Windows\SYSTEM32\WSOCK32.dll
0x00007ff816bd0000 - 0x00007ff816bef000 	C:\Windows\SYSTEM32\WINMM.dll
0x000000006b8d0000 - 0x000000006b9a2000 	C:\Windows\SYSTEM32\MSVCR100.dll
0x00007ff81ca30000 - 0x00007ff81ca88000 	C:\Windows\system32\WS2_32.dll
0x00007ff816ba0000 - 0x00007ff816bca000 	C:\Windows\SYSTEM32\WINMMBASE.dll
0x00007ff81c6f0000 - 0x00007ff81c6f9000 	C:\Windows\system32\NSI.dll
0x00007ff81a0b0000 - 0x00007ff81a0fa000 	C:\Windows\SYSTEM32\cfgmgr32.dll
0x00007ff818e70000 - 0x00007ff818e96000 	C:\Windows\SYSTEM32\DEVOBJ.dll
0x000000006a950000 - 0x000000006a95f000 	E:\ProgramFiles\Xilinx\SDK\2015.4\tps\win64\jre\bin\verify.dll
0x0000000069280000 - 0x00000000692a9000 	E:\ProgramFiles\Xilinx\SDK\2015.4\tps\win64\jre\bin\java.dll
0x0000000069260000 - 0x0000000069276000 	E:\ProgramFiles\Xilinx\SDK\2015.4\tps\win64\jre\bin\zip.dll
0x00007ff817f00000 - 0x00007ff817f9f000 	C:\Windows\system32\SHCORE.dll
0x00007ff819fe0000 - 0x00007ff819ff4000 	C:\Windows\system32\profapi.dll
0x00007ff819880000 - 0x00007ff81989e000 	C:\Windows\SYSTEM32\CRYPTSP.dll
0x00007ff8194c0000 - 0x00007ff8194f5000 	C:\Windows\system32\rsaenh.dll
0x00007ff819b90000 - 0x00007ff819bb6000 	C:\Windows\SYSTEM32\bcrypt.dll
0x00007ff8195d0000 - 0x00007ff8195ee000 	C:\Windows\SYSTEM32\USERENV.dll
0x00007ff819ec0000 - 0x00007ff819f20000 	C:\Windows\system32\bcryptprimitives.dll
0x00007ff819f20000 - 0x00007ff819f2a000 	C:\Windows\SYSTEM32\CRYPTBASE.dll
0x0000000069240000 - 0x000000006925a000 	E:\ProgramFiles\Xilinx\SDK\2015.4\tps\win64\jre\bin\net.dll
0x00007ff819820000 - 0x00007ff819878000 	C:\Windows\system32\mswsock.dll
0x00007ff814350000 - 0x00007ff814379000 	C:\Windows\SYSTEM32\IPHLPAPI.DLL
0x00007ff814270000 - 0x00007ff81427a000 	C:\Windows\SYSTEM32\WINNSI.DLL
0x00007ff813f80000 - 0x00007ff813f94000 	C:\Windows\SYSTEM32\dhcpcsvc6.DLL
0x00007ff814440000 - 0x00007ff814459000 	C:\Windows\SYSTEM32\dhcpcsvc.DLL
0x0000000069220000 - 0x0000000069231000 	E:\ProgramFiles\Xilinx\SDK\2015.4\tps\win64\jre\bin\nio.dll
0x00007ff818e40000 - 0x00007ff818e4a000 	C:\Windows\SYSTEM32\kernel.appcore.dll
0x00007ff815e20000 - 0x00007ff815e34000 	C:\Windows\system32\napinsp.dll
0x00007ff815a40000 - 0x00007ff815a59000 	C:\Windows\system32\pnrpnsp.dll
0x00007ff818440000 - 0x00007ff81845b000 	C:\Windows\system32\NLAapi.dll
0x00007ff819630000 - 0x00007ff8196d3000 	C:\Windows\SYSTEM32\DNSAPI.dll
0x00007ff8169e0000 - 0x00007ff8169ec000 	C:\Windows\System32\winrnr.dll
0x00007ff812520000 - 0x00007ff812533000 	C:\Windows\system32\wshbth.dll
0x00007ff816a30000 - 0x00007ff816a39000 	C:\Windows\System32\rasadhlp.dll
0x00007ff8141a0000 - 0x00007ff814208000 	C:\Windows\System32\fwpuclnt.dll
0x000000001a460000 - 0x000000001a508000 	C:\Users\CoBoL\.Xilinx\SDK\2015.4\org.eclipse.osgi\bundles\303\1\.cp\swt-win32-4335.dll
0x00007ff81c700000 - 0x00007ff81c79e000 	C:\Windows\system32\comdlg32.dll
0x00007ff816d90000 - 0x00007ff816e0b000 	C:\Windows\SYSTEM32\WINSPOOL.DRV
0x00007ff816a00000 - 0x00007ff816a14000 	C:\Windows\SYSTEM32\USP10.dll
0x00007ff812710000 - 0x00007ff812958000 	C:\Windows\SYSTEM32\WININET.dll
0x00007ff81a260000 - 0x00007ff81a43f000 	C:\Windows\system32\CRYPT32.dll
0x00007ff812b80000 - 0x00007ff812e47000 	C:\Windows\SYSTEM32\iertutil.dll
0x00007ff81a090000 - 0x00007ff81a0a2000 	C:\Windows\system32\MSASN1.dll
0x00007ff817d30000 - 0x00007ff817d50000 	C:\Windows\system32\dwmapi.dll
0x00007ff815f10000 - 0x00007ff81607f000 	C:\Windows\SYSTEM32\propsys.dll
0x00007ff81c0a0000 - 0x00007ff81c144000 	C:\Windows\SYSTEM32\clbcatq.dll
0x0000000018d40000 - 0x0000000018d5e000 	C:\Users\CoBoL\.Xilinx\SDK\2015.4\org.eclipse.osgi\bundles\303\1\.cp\swt-gdip-win32-4335.dll
0x00007ff816bf0000 - 0x00007ff816d88000 	C:\Windows\WinSxS\amd64_microsoft.windows.gdiplus_6595b64144ccf1df_1.1.9600.17227_none_932c0e57474f5080\gdiplus.dll
0x00007ff817900000 - 0x00007ff817aae000 	C:\Windows\SYSTEM32\WindowsCodecs.dll
0x0000000180000000 - 0x0000000180012000 	C:\Users\CoBoL\.Xilinx\SDK\2015.4\org.eclipse.osgi\bundles\121\1\.cp\os\win32\x86_64\localfile_1_0_0.dll
0x00007ff80fec0000 - 0x00007ff80fed1000 	C:\Users\CoBoL\.Xilinx\SDK\2015.4\org.eclipse.osgi\bundles\124\1\.cp\jWinHttp-1.0.0.dll
0x00007ff80c650000 - 0x00007ff80c715000 	C:\Windows\SYSTEM32\WINHTTP.dll
0x00007ff8170c0000 - 0x00007ff817123000 	C:\Windows\SYSTEM32\oleacc.dll
0x00007ff80fe60000 - 0x00007ff80fe6f000 	E:\ProgramFiles\Xilinx\SDK\2015.4\lib\win64.o\librdi_repo_manager.dll
0x00007ff802a30000 - 0x00007ff802a5a000 	E:\ProgramFiles\Xilinx\SDK\2015.4\lib\win64.o\libisl_sysinfo.dll
0x00007fffd50e0000 - 0x00007fffd5a6d000 	E:\ProgramFiles\Xilinx\SDK\2015.4\lib\win64.o\librdi_common.dll
0x00007ff801720000 - 0x00007ff801774000 	E:\ProgramFiles\Xilinx\SDK\2015.4\lib\win64.o\librdi_commonxillic.dll
0x00007fffd4ef0000 - 0x00007fffd50dc000 	E:\ProgramFiles\Xilinx\SDK\2015.4\lib\win64.o\librdi_hsm.dll
0x00007ff80fa90000 - 0x00007ff80fb37000 	C:\Windows\SYSTEM32\MSVCP110.dll
0x00007ff80ce40000 - 0x00007ff80cf14000 	C:\Windows\SYSTEM32\MSVCR110.dll
0x00007fffd4b80000 - 0x00007fffd4eee000 	E:\ProgramFiles\Xilinx\SDK\2015.4\lib\win64.o\libCOIN-all.dll
0x00007fffd4960000 - 0x00007fffd4b7e000 	E:\ProgramFiles\Xilinx\SDK\2015.4\lib\win64.o\libXil_lmgr11.dll
0x00007ff80fe00000 - 0x00007ff80fe10000 	E:\ProgramFiles\Xilinx\SDK\2015.4\lib\win64.o\libboost_date_time.dll
0x00007ff802a00000 - 0x00007ff802a22000 	E:\ProgramFiles\Xilinx\SDK\2015.4\lib\win64.o\libboost_filesystem.dll
0x00007ff8016a0000 - 0x00007ff801714000 	E:\ProgramFiles\Xilinx\SDK\2015.4\lib\win64.o\libboost_program_options.dll
0x00007ffff9cd0000 - 0x00007ffff9dca000 	E:\ProgramFiles\Xilinx\SDK\2015.4\lib\win64.o\libboost_regex.dll
0x00007ff80ea90000 - 0x00007ff80eaa3000 	E:\ProgramFiles\Xilinx\SDK\2015.4\lib\win64.o\libboost_signals.dll
0x00007ff80f9c0000 - 0x00007ff80f9c9000 	E:\ProgramFiles\Xilinx\SDK\2015.4\lib\win64.o\libboost_system.dll
0x00007ff80cd60000 - 0x00007ff80cd7d000 	E:\ProgramFiles\Xilinx\SDK\2015.4\lib\win64.o\libboost_thread.dll
0x00007ff80f840000 - 0x00007ff80f84b000 	E:\ProgramFiles\Xilinx\SDK\2015.4\lib\win64.o\libboost_xilinx.dll
0x00007ff801570000 - 0x00007ff8015f0000 	E:\ProgramFiles\Xilinx\SDK\2015.4\lib\win64.o\libhdlpsolve.dll
0x00007ffffef90000 - 0x00007fffff02a000 	E:\ProgramFiles\Xilinx\SDK\2015.4\lib\win64.o\libhdxml.dll
0x00007fffd4520000 - 0x00007fffd4954e00 	E:\ProgramFiles\Xilinx\SDK\2015.4\lib\win64.o\libisl_iostreams.dll
0x00007ff809420000 - 0x00007ff809435000 	E:\ProgramFiles\Xilinx\SDK\2015.4\lib\win64.o\pthreadVC2.dll
0x00007ffff98b0000 - 0x00007ffff99e0000 	E:\ProgramFiles\Xilinx\SDK\2015.4\lib\win64.o\librdi_curl.dll
0x00007ff802520000 - 0x00007ff802538000 	E:\ProgramFiles\Xilinx\SDK\2015.4\lib\win64.o\librdiconfig.dll
0x00007ff8014d0000 - 0x00007ff8014f3000 	E:\ProgramFiles\Xilinx\SDK\2015.4\lib\win64.o\librdizlib.dll
0x0000000067d00000 - 0x0000000067e27000 	E:\ProgramFiles\Xilinx\SDK\2015.4\lib\win64.o\tcl85t.dll
0x0000000021ff0000 - 0x0000000022253000 	E:\ProgramFiles\Xilinx\SDK\2015.4\lib\win64.o\xerces-c_3_1.dll
0x00007ff812f20000 - 0x00007ff8130a5000 	C:\Windows\SYSTEM32\urlmon.dll
0x00007ff80f9d0000 - 0x00007ff80f9f3000 	C:\Windows\SYSTEM32\VCOMP110.DLL
0x00007ff801110000 - 0x00007ff801153000 	E:\ProgramFiles\Xilinx\SDK\2015.4\lib\win64.o\librdi_hdf.dll
0x00007fffd3a90000 - 0x00007fffd3ce5000 	E:\ProgramFiles\Xilinx\SDK\2015.4\lib\win64.o\librdi_ippcw.dll
0x00007ff817b30000 - 0x00007ff817b45000 	C:\Windows\SYSTEM32\NETAPI32.dll
0x00007ff81a210000 - 0x00007ff81a25c000 	C:\Windows\system32\WINTRUST.dll
0x00007ff80ec20000 - 0x00007ff80ec2b000 	E:\ProgramFiles\Xilinx\SDK\2015.4\lib\win64.o\libboost_chrono.dll
0x00007ff800cc0000 - 0x00007ff800cd6000 	E:\ProgramFiles\Xilinx\SDK\2015.4\lib\win64.o\libboost_iostreams.dll
0x00007fffff0b0000 - 0x00007fffff0d3000 	E:\ProgramFiles\Xilinx\SDK\2015.4\lib\win64.o\libisl_iosutils.dll
0x00007ff819270000 - 0x00007ff81927c000 	C:\Windows\SYSTEM32\netutils.dll
0x00007ff819cb0000 - 0x00007ff819cd5000 	C:\Windows\SYSTEM32\srvcli.dll
0x00007ff817af0000 - 0x00007ff817b06000 	C:\Windows\SYSTEM32\wkscli.dll
0x00007ff816e10000 - 0x00007ff816e17000 	C:\Windows\SYSTEM32\msimg32.dll
0x00007fffcf8f0000 - 0x00007fffd0100000 	E:\ProgramFiles\Xilinx\SDK\2015.4\lib\win64.o\libXil_lmgr11FNP.dll
0x00007ff8115f0000 - 0x00007ff8115fc000 	C:\Windows\SYSTEM32\snmpapi.dll
0x00007ff81ca90000 - 0x00007ff81cc64000 	C:\Windows\system32\SETUPAPI.dll
0x00007ff819e90000 - 0x00007ff819ebb000 	C:\Windows\SYSTEM32\SspiCli.dll
0x00007ff800ca0000 - 0x00007ff800cb6000 	E:\ProgramFiles\Xilinx\SDK\2015.4\eclipse\win64.o\plugins\org.eclipse.cdt.core.win32.x86_64_5.2.0.201402142303\os\win32\x86_64\spawner.dll
0x0000000071080000 - 0x00000000710a6000 	E:\ProgramFiles\Xilinx\SDK\2015.4\eclipse\win64.o\plugins\gnu.io.rxtx.win32.x86_64_2.1.7.3_v20071015\os\win32\x86_64\rxtxSerial.dll
0x00007ff811410000 - 0x00007ff81141a000 	E:\ProgramFiles\Xilinx\SDK\2015.4\lib\win64.o\librdi_jtag_settings.dll
0x00007ff80d080000 - 0x00007ff80d0a9000 	E:\ProgramFiles\Xilinx\SDK\2015.4\lib\win64.o\librdi_debug_dialog.dll
0x00007ff8102c0000 - 0x00007ff8102c8000 	E:\ProgramFiles\Xilinx\SDK\2015.4\lib\win64.o\librdi_target_manager.dll
0x00007ff80cf40000 - 0x00007ff80cf43000 	C:\Windows\SYSTEM32\icmp.Dll
0x00007ff8074d0000 - 0x00007ff807658000 	C:\Windows\SYSTEM32\dbghelp.dll

VM Arguments:
jvm_args: -Dcom.xilinx.sdk.args.hwspec=E:/projects/xilinix/master_repo/LAB_AEP/I_E/hdl/Projects/fmc_imageon_gs/ZEDBOARD/fmc_imageon_gs.sdk/fmc_imageon_gs_wrapper.hdf -Xms64m -Xmx512m & 
java_command: <unknown>
java_class_path (initial): E:\ProgramFiles\Xilinx\SDK\2015.4\eclipse\win64.o\\plugins/org.eclipse.equinox.launcher_1.3.0.v20130327-1440.jar
Launcher Type: generic

Environment Variables:
JAVA_HOME=C:\Program Files\Java\jdk1.8.0_20
CLASSPATH=.;C:\Program Files (x86)\QuickTime\QTSystem\QTJava.zip;
USERNAME=CoBoL
OS=Windows_NT
PROCESSOR_IDENTIFIER=Intel64 Family 6 Model 69 Stepping 1, GenuineIntel



---------------  S Y S T E M  ---------------

OS: Windows 8.1 , 64 bit Build 9600 (6.3.9600.17056)

CPU:total 4 (2 cores per cpu, 2 threads per core) family 6 model 69 stepping 1, cmov, cx8, fxsr, mmx, sse, sse2, sse3, ssse3, sse4.1, sse4.2, popcnt, avx, avx2, aes, clmul, erms, lzcnt, ht, tsc, tscinvbit, bmi1, bmi2

Memory: 4k page, physical 8287332k(2958792k free), swap 10613436k(3733944k free)

vm_info: Java HotSpot(TM) 64-Bit Server VM (25.45-b02) for windows-amd64 JRE (1.8.0_45-b15), built on Apr 30 2015 12:40:44 by "java_re" with MS VC++ 10.0 (VS2010)

time: Thu Jun 09 12:38:22 2016
elapsed time: 685 seconds (0d 0h 11m 25s)

