10:49:06 INFO  : Launching XSDB server: xsdb.bat -s C:/Xilinx/SDK/2015.2/scripts/xsdb/xsdb/xsdb-server.tcl
10:49:10 INFO  : Processing command line option -hwspec C:/embeddedcentric/lab8/lab8.sdk/system_wrapper.hdf.
10:49:12 INFO  : XSDB server has started successfully.
11:05:50 INFO  : Launching XSDB server: xsdb.bat -s C:/Xilinx/SDK/2015.2/scripts/xsdb/xsdb/xsdb-server.tcl
11:05:51 INFO  : XSDB server has started successfully.
11:05:52 INFO  : Processing command line option -hwspec C:/embeddedcentric/lab8/lab8.sdk/system_wrapper.hdf.
11:05:54 INFO  : Checking for hwspec changes in the project system_wrapper_hw_platform_0.
11:37:15 INFO  : Launching XSDB server: xsdb.bat -s C:/Xilinx/SDK/2015.2/scripts/xsdb/xsdb/xsdb-server.tcl
11:37:16 INFO  : Processing command line option -hwspec C:/embeddedcentric/lab8/lab8.sdk/system_wrapper.hdf.
11:37:18 INFO  : Checking for hwspec changes in the project system_wrapper_hw_platform_0.
11:37:23 INFO  : XSDB server has started successfully.
11:37:47 INFO  : Connected to target on host '127.0.0.1' and port '3121'.
11:37:47 INFO  : 'targets -set -filter {jtag_cable_name =~ "Digilent Zed 210248526059" && level==0} -index 1' command is executed.
11:37:50 INFO  : FPGA configured successfully with bitstream "C:/embeddedcentric/lab8/lab8.sdk/system_wrapper_hw_platform_0/system_wrapper.bit"
11:39:36 INFO  : ps7_init is completed.
11:39:36 INFO  : ps7_post_config is completed.
11:39:36 INFO  : Processor reset is completed for ps7_cortexa9_0
11:40:59 ERROR : Unexpected error while parsing XMD response ?: com.google.gson.JsonSyntaxException: com.google.gson.stream.MalformedJsonException: invalid number or unquoted string near 
15:01:40 INFO  : Launching XSDB server: xsdb.bat E:/ProgramFiles/Xilinx/SDK/2015.4/scripts/xsdb/xsdb/xsdb-server.tcl
15:01:44 INFO  : XSDB server has started successfully.
15:01:46 INFO  : Processing command line option -hwspec E:/projects/xilinix/ref/lab8/lab8/lab8.sdk/system_wrapper.hdf.
15:03:06 INFO  : Connected to target on host '127.0.0.1' and port '3121'.
15:03:09 INFO  : 'targets -set -filter {jtag_cable_name =~ "Digilent Zed 210248447563" && level==0} -index 1' command is executed.
15:03:12 INFO  : FPGA configured successfully with bitstream "E:/projects/xilinix/ref/lab8/lab8/lab8.sdk/system_wrapper_hw_platform_0/system_wrapper.bit"
15:03:27 INFO  : Processor reset is completed for ps7_cortexa9_0
15:13:09 INFO  : ps7_cortexa9_0 Processor is in use. Please stop existing Run or Debug sessions before launching.
15:13:11 INFO  : Processor reset is completed for ps7_cortexa9_0
15:13:49 INFO  : ps7_cortexa9_0 Processor is in use. Please stop existing Run or Debug sessions before launching.
15:13:52 INFO  : Processor reset is completed for ps7_cortexa9_0
15:14:09 INFO  : ps7_cortexa9_0 Processor is in use. Please stop existing Run or Debug sessions before launching.
15:14:11 INFO  : Processor reset is completed for ps7_cortexa9_0
15:14:33 INFO  : ps7_cortexa9_0 Processor is in use. Please stop existing Run or Debug sessions before launching.
15:14:34 INFO  : Processor reset is completed for ps7_cortexa9_0
15:15:47 INFO  : Connected to target on host '127.0.0.1' and port '3121'.
15:15:48 INFO  : 'targets -set -filter {jtag_cable_name =~ "Digilent Zed 210248447563" && level==0} -index 1' command is executed.
15:15:50 INFO  : FPGA configured successfully with bitstream "E:/projects/xilinix/ref/lab8/lab8/lab8.sdk/system_wrapper_hw_platform_0/system_wrapper.bit"
15:15:59 INFO  : ps7_init is completed.
15:15:59 INFO  : ps7_post_config is completed.
15:15:59 INFO  : Processor reset is completed for ps7_cortexa9_0
15:17:06 INFO  : Processor reset is completed for ps7_cortexa9_0
15:22:35 INFO  : Processor reset is completed for ps7_cortexa9_0
15:35:51 INFO  : Processor reset is completed for ps7_cortexa9_0
15:57:59 INFO  : ps7_cortexa9_0 Processor is in use. Please stop existing Run or Debug sessions before launching.
15:58:00 INFO  : Processor reset is completed for ps7_cortexa9_0
16:01:50 INFO  : Processor reset is completed for ps7_cortexa9_0
16:02:34 INFO  : Processor reset is completed for ps7_cortexa9_0
16:02:43 INFO  : ps7_cortexa9_0 Processor is in use. Please stop existing Run or Debug sessions before launching.
16:02:47 INFO  : Processor reset is completed for ps7_cortexa9_0
16:02:53 INFO  : ps7_cortexa9_0 Processor is in use. Please stop existing Run or Debug sessions before launching.
16:02:55 INFO  : Processor reset is completed for ps7_cortexa9_0
16:18:35 INFO  : Processor reset is completed for ps7_cortexa9_0
16:21:53 INFO  : Processor reset is completed for ps7_cortexa9_0
16:22:06 INFO  : ps7_cortexa9_0 Processor is in use. Please stop existing Run or Debug sessions before launching.
16:22:08 INFO  : Processor reset is completed for ps7_cortexa9_0
16:25:24 INFO  : Processor reset is completed for ps7_cortexa9_0
16:25:46 INFO  : Processor reset is completed for ps7_cortexa9_0
16:29:29 INFO  : Processor reset is completed for ps7_cortexa9_0
16:31:52 INFO  : Connected to target on host '127.0.0.1' and port '3121'.
16:31:52 INFO  : 'targets -set -filter {jtag_cable_name =~ "Digilent Zed 210248447563" && level==0} -index 1' command is executed.
16:31:55 INFO  : FPGA configured successfully with bitstream "E:/projects/xilinix/ref/lab8/lab8/lab8.sdk/system_wrapper_hw_platform_0/system_wrapper.bit"
16:32:02 INFO  : ps7_init is completed.
16:32:02 INFO  : ps7_post_config is completed.
16:32:02 INFO  : Processor reset is completed for ps7_cortexa9_0
16:35:23 INFO  : Processor reset is completed for ps7_cortexa9_0
16:40:22 INFO  : ps7_cortexa9_0 Processor is in use. Please stop existing Run or Debug sessions before launching.
16:40:25 INFO  : Processor reset is completed for ps7_cortexa9_0
16:44:49 INFO  : ps7_cortexa9_0 Processor is in use. Please stop existing Run or Debug sessions before launching.
16:44:51 INFO  : Processor reset is completed for ps7_cortexa9_0
16:45:01 INFO  : ps7_cortexa9_0 Processor is in use. Please stop existing Run or Debug sessions before launching.
16:45:05 INFO  : Processor reset is completed for ps7_cortexa9_0
16:47:32 ERROR : Unexpected error while parsing XMD response ?: com.google.gson.JsonSyntaxException: com.google.gson.stream.MalformedJsonException: invalid number or unquoted string near 
