#
# A fatal error has been detected by the Java Runtime Environment:
#
#  Internal Error (0xc000000d), pid=13896, tid=11092
#
# JRE version: Java(TM) SE Runtime Environment (8.0_45-b15) (build 1.8.0_45-b15)
# Java VM: Java HotSpot(TM) 64-Bit Server VM (25.45-b02 mixed mode windows-amd64 compressed oops)
# Problematic frame:
# C  [ntdll.dll+0xfe9d8]
#
# Failed to write core dump. Minidumps are not enabled by default on client versions of Windows
#
# If you would like to submit a bug report, please visit:
#   http://bugreport.java.com/bugreport/crash.jsp
#

---------------  T H R E A D  ---------------

Current thread (0x0000000013607000):  VMThread [stack: 0x0000000014690000,0x0000000014790000] [id=11092]

siginfo: ExceptionCode=0xc000000d

Registers:
RAX=0x000000001d1b73b0, RBX=0xfffffffffffffffe, RCX=0x00000000185bf530, RDX=0x00000000022d7a70
RSP=0x000000001478f1b0, RBP=0x00007ff80fa97408, RSI=0x0000000000000000, RDI=0x0000000000000130
R8 =0x0000000067e4260b, R9 =0x000000001d1b7a30, R10=0x0000000000000000, R11=0x0000000000000000
R12=0x0000000024942230, R13=0x0000000022ff30e0, R14=0x0000000024942338, R15=0x000000001478f328
RIP=0x00007ff81cd6e9d8, EFLAGS=0x0000000000000202

Top of Stack: (sp=0x000000001478f1b0)
0x000000001478f1b0:   0000000000000000 fffffffffffffffe
0x000000001478f1c0:   0000000000000000 0000000000000130
0x000000001478f1d0:   00000000c000000d 0000000000000000
0x000000001478f1e0:   00007ff81cd6e9d8 0000000000000000
0x000000001478f1f0:   0000000000000000 0000000000000000
0x000000001478f200:   0000000000000000 0000000000000000
0x000000001478f210:   0000000000000000 0000000000000000
0x000000001478f220:   0000000000000000 0000000000000000
0x000000001478f230:   0000000000000000 0000000000000000
0x000000001478f240:   0000000000000000 0000000000000000
0x000000001478f250:   0000000000000000 0000000000000000
0x000000001478f260:   0000000000000000 0000000000000013
0x000000001478f270:   0000dbc8db0ea771 0000000000000000
0x000000001478f280:   0000000000000120 00007ff81cd15ebf
0x000000001478f290:   00000000001f0000 0000000000000000
0x000000001478f2a0:   0000000000000120 0000000000000000 

Instructions: (pc=0x00007ff81cd6e9d8)
0x00007ff81cd6e9b8:   6b f9 ff c7 44 24 20 0d 00 00 c0 b9 57 00 00 00
0x00007ff81cd6e9c8:   e8 23 14 f5 ff 90 48 8d 4c 24 20 e8 a4 37 f5 ff
0x00007ff81cd6e9d8:   eb 00 48 8b 8c 24 c0 00 00 00 48 33 cc e8 56 47
0x00007ff81cd6e9e8:   f8 ff 48 81 c4 d8 00 00 00 c3 40 55 48 83 ec 20 


Register to memory mapping:

RAX=0x000000001d1b73b0 is an unknown value
RBX=0xfffffffffffffffe is an unknown value
RCX=0x00000000185bf530 is an unknown value
RDX=0x00000000022d7a70 is at code_begin+1456 in an Interpreter codelet
invoke return entry points  [0x00000000022d74c0, 0x00000000022d7dc0]  2304 bytes
RSP=0x000000001478f1b0 is an unknown value
RBP=0x00007ff80fa97408 is an unknown value
RSI=0x0000000000000000 is an unknown value
RDI=0x0000000000000130 is an unknown value
R8 =0x0000000067e4260b is an unknown value
R9 =0x000000001d1b7a30 is an unknown value
R10=0x0000000000000000 is an unknown value
R11=0x0000000000000000 is an unknown value
R12=0x0000000024942230 is an unknown value
R13=0x0000000022ff30e0 is an unknown value
R14=0x0000000024942338 is an unknown value
R15=0x000000001478f328 is an unknown value


Stack: [0x0000000014690000,0x0000000014790000],  sp=0x000000001478f1b0,  free space=1020k
Native frames: (J=compiled Java code, j=interpreted, Vv=VM code, C=native code)
C  [ntdll.dll+0xfe9d8]
C  [ntdll.dll+0xa5ebf]
C  [KERNEL32.DLL+0x35da]
C  [MSVCR110.dll+0x752d]
C  [MSVCR110.dll+0x73c6]
C  [MSVCR110.dll+0x14cca]
C  [MSVCR110.dll+0x13edc]
C  [MSVCR110.dll+0x239e]
C  [MSVCR110.dll+0xaf9e]
C  [MSVCP110.dll+0x397b9]
C  [librdi_common.dll+0x14283e]
C  [librdi_common.dll+0x141449]
C  [librdi_target_manager.dll+0x2400]
C  [librdi_target_manager.dll+0x2682]
C  [ntdll.dll+0x231dd]
C  [ntdll.dll+0x2160a]
C  [ntdll.dll+0x6b5ec]
C  [KERNEL32.DLL+0x4d56]
C  [MSVCR100.dll+0x20ccd]
V  [jvm.dll+0x20f135]
V  [jvm.dll+0x247ef7]
V  [jvm.dll+0x247196]
V  [jvm.dll+0x247631]
V  [jvm.dll+0x24784e]
V  [jvm.dll+0x29853a]
C  [MSVCR100.dll+0x21d9f]
C  [MSVCR100.dll+0x21e3b]
C  [KERNEL32.DLL+0x16ad]
C  [ntdll.dll+0x54409]

VM_Operation (0x000000000013f500): Exit, mode: safepoint, requested by thread 0x00000000021d3800


---------------  P R O C E S S  ---------------

Java Threads: ( => current thread )
  0x000000001d972800 JavaThread "Thread-17" daemon [_thread_blocked, id=8200, stack(0x0000000025640000,0x0000000025740000)]
  0x000000001d1b1000 JavaThread "TCF Locator DNS Lookup" daemon [_thread_blocked, id=15364, stack(0x0000000021860000,0x0000000021960000)]
  0x000000001d1af800 JavaThread "TCF Locator Timer" daemon [_thread_blocked, id=1640, stack(0x0000000021760000,0x0000000021860000)]
  0x000000001d975800 JavaThread "TCF Locator Receiver" daemon [_thread_in_native, id=15196, stack(0x0000000021660000,0x0000000021760000)]
  0x000000001d977000 JavaThread "TCF Timer Dispatcher" daemon [_thread_blocked, id=16328, stack(0x0000000021460000,0x0000000021560000)]
  0x0000000015ee7000 JavaThread "EMF Reference Cleaner" daemon [_thread_blocked, id=12152, stack(0x0000000017950000,0x0000000017a50000)]
  0x0000000014f08800 JavaThread "Service Thread" daemon [_thread_blocked, id=11024, stack(0x0000000015290000,0x0000000015390000)]
  0x000000001369a800 JavaThread "C1 CompilerThread2" daemon [_thread_blocked, id=6264, stack(0x0000000014d90000,0x0000000014e90000)]
  0x0000000013694800 JavaThread "C2 CompilerThread1" daemon [_thread_blocked, id=14200, stack(0x0000000014c90000,0x0000000014d90000)]
  0x000000001368e000 JavaThread "C2 CompilerThread0" daemon [_thread_blocked, id=12320, stack(0x0000000014b90000,0x0000000014c90000)]
  0x000000001368c800 JavaThread "Attach Listener" daemon [_thread_blocked, id=18052, stack(0x0000000014a90000,0x0000000014b90000)]
  0x00000000022c8800 JavaThread "Finalizer" daemon [_thread_blocked, id=17220, stack(0x0000000014890000,0x0000000014990000)]
  0x00000000022c0000 JavaThread "Reference Handler" daemon [_thread_blocked, id=7172, stack(0x0000000014790000,0x0000000014890000)]
  0x00000000021d3800 JavaThread "main" [_thread_blocked, id=12424, stack(0x0000000000040000,0x0000000000140000)]

Other Threads:
=>0x0000000013607000 VMThread [stack: 0x0000000014690000,0x0000000014790000] [id=11092]

VM state:at safepoint (shutting down)

VM Mutex/Monitor currently owned by a thread:  ([mutex/lock_event])
[0x00000000021d0f50] Threads_lock - owner thread: 0x0000000013607000

Heap:
 PSYoungGen      total 153088K, used 113213K [0x00000000f5580000, 0x0000000100000000, 0x0000000100000000)
  eden space 133632K, 72% used [0x00000000f5580000,0x00000000fb491a08,0x00000000fd800000)
  from space 19456K, 81% used [0x00000000fed00000,0x00000000ffc7db00,0x0000000100000000)
  to   space 20480K, 0% used [0x00000000fd800000,0x00000000fd800000,0x00000000fec00000)
 ParOldGen       total 97280K, used 36848K [0x00000000e0000000, 0x00000000e5f00000, 0x00000000f5580000)
  object space 97280K, 37% used [0x00000000e0000000,0x00000000e23fc048,0x00000000e5f00000)
 Metaspace       used 79905K, capacity 86088K, committed 86272K, reserved 1124352K
  class space    used 9728K, capacity 11697K, committed 11776K, reserved 1048576K

Card table byte_map: [0x0000000011690000,0x00000000117a0000] byte_map_base: 0x0000000010f90000

Marking Bits: (ParMarkBitMap*) 0x0000000068404040
 Begin Bits: [0x0000000011ba0000, 0x00000000123a0000)
 End Bits:   [0x00000000123a0000, 0x0000000012ba0000)

Polling page: 0x0000000002070000

CodeCache: size=245760Kb used=33338Kb max_used=33338Kb free=212421Kb
 bounds [0x00000000022d0000, 0x00000000043a0000, 0x00000000112d0000]
 total_blobs=10202 nmethods=9351 adapters=758
 compilation: enabled

Compilation events (10 events):
Event: 637.121 Thread 0x000000001369a800 11734       1       org.eclipse.osgi.internal.loader.BundleLoaderProxy::getBundleData (5 bytes)
Event: 637.121 Thread 0x000000001369a800 nmethod 11734 0x0000000004368e10 code [0x0000000004368f60, 0x0000000004369070]
Event: 637.122 Thread 0x000000001369a800 11732       1       org.eclipse.osgi.internal.loader.BundleLoaderProxy::getBasicBundleLoader (5 bytes)
Event: 637.122 Thread 0x000000001369a800 nmethod 11732 0x0000000002b4f350 code [0x0000000002b4f4a0, 0x0000000002b4f5b0]
Event: 637.178 Thread 0x000000001369a800 11735       3       java.io.File::list (33 bytes)
Event: 637.179 Thread 0x000000001369a800 nmethod 11735 0x000000000299c610 code [0x000000000299c7e0, 0x000000000299cf28]
Event: 637.211 Thread 0x000000001369a800 11736   !   3       org.eclipse.osgi.internal.baseadaptor.BaseStorage::compact (215 bytes)
Event: 637.216 Thread 0x000000001369a800 nmethod 11736 0x0000000004393850 code [0x0000000004393ca0, 0x0000000004396168]
Event: 637.367 Thread 0x000000001369a800 11737       3       org.eclipse.osgi.framework.internal.core.AbstractBundle::close (52 bytes)
Event: 637.369 Thread 0x000000001369a800 nmethod 11737 0x0000000004397650 code [0x0000000004397880, 0x0000000004398588]

GC Heap History (10 events):
Event: 74.736 GC heap before
{Heap before GC invocations=19 (full 3):
 PSYoungGen      total 129024K, used 121274K [0x00000000f5580000, 0x00000000ffd80000, 0x0000000100000000)
  eden space 108544K, 100% used [0x00000000f5580000,0x00000000fbf80000,0x00000000fbf80000)
  from space 20480K, 62% used [0x00000000fbf80000,0x00000000fcbee950,0x00000000fd380000)
  to   space 20480K, 0% used [0x00000000fe980000,0x00000000fe980000,0x00000000ffd80000)
 ParOldGen       total 97280K, used 36808K [0x00000000e0000000, 0x00000000e5f00000, 0x00000000f5580000)
  object space 97280K, 37% used [0x00000000e0000000,0x00000000e23f2048,0x00000000e5f00000)
 Metaspace       used 76638K, capacity 82752K, committed 83072K, reserved 1120256K
  class space    used 9426K, capacity 11305K, committed 11392K, reserved 1048576K
Event: 74.760 GC heap after
Heap after GC invocations=19 (full 3):
 PSYoungGen      total 145408K, used 11986K [0x00000000f5580000, 0x00000000ffa00000, 0x0000000100000000)
  eden space 128512K, 0% used [0x00000000f5580000,0x00000000f5580000,0x00000000fd300000)
  from space 16896K, 70% used [0x00000000fe980000,0x00000000ff534a20,0x00000000ffa00000)
  to   space 19968K, 0% used [0x00000000fd300000,0x00000000fd300000,0x00000000fe680000)
 ParOldGen       total 97280K, used 36816K [0x00000000e0000000, 0x00000000e5f00000, 0x00000000f5580000)
  object space 97280K, 37% used [0x00000000e0000000,0x00000000e23f4048,0x00000000e5f00000)
 Metaspace       used 76638K, capacity 82752K, committed 83072K, reserved 1120256K
  class space    used 9426K, capacity 11305K, committed 11392K, reserved 1048576K
}
Event: 77.344 GC heap before
{Heap before GC invocations=20 (full 3):
 PSYoungGen      total 145408K, used 140498K [0x00000000f5580000, 0x00000000ffa00000, 0x0000000100000000)
  eden space 128512K, 100% used [0x00000000f5580000,0x00000000fd300000,0x00000000fd300000)
  from space 16896K, 70% used [0x00000000fe980000,0x00000000ff534a20,0x00000000ffa00000)
  to   space 19968K, 0% used [0x00000000fd300000,0x00000000fd300000,0x00000000fe680000)
 ParOldGen       total 97280K, used 36816K [0x00000000e0000000, 0x00000000e5f00000, 0x00000000f5580000)
  object space 97280K, 37% used [0x00000000e0000000,0x00000000e23f4048,0x00000000e5f00000)
 Metaspace       used 76831K, capacity 82880K, committed 83072K, reserved 1120256K
  class space    used 9428K, capacity 11305K, committed 11392K, reserved 1048576K
Event: 77.376 GC heap after
Heap after GC invocations=20 (full 3):
 PSYoungGen      total 148480K, used 12500K [0x00000000f5580000, 0x0000000100000000, 0x0000000100000000)
  eden space 128512K, 0% used [0x00000000f5580000,0x00000000f5580000,0x00000000fd300000)
  from space 19968K, 62% used [0x00000000fd300000,0x00000000fdf353b0,0x00000000fe680000)
  to   space 19968K, 0% used [0x00000000fec80000,0x00000000fec80000,0x0000000100000000)
 ParOldGen       total 97280K, used 36824K [0x00000000e0000000, 0x00000000e5f00000, 0x00000000f5580000)
  object space 97280K, 37% used [0x00000000e0000000,0x00000000e23f6048,0x00000000e5f00000)
 Metaspace       used 76831K, capacity 82880K, committed 83072K, reserved 1120256K
  class space    used 9428K, capacity 11305K, committed 11392K, reserved 1048576K
}
Event: 80.019 GC heap before
{Heap before GC invocations=21 (full 3):
 PSYoungGen      total 148480K, used 141012K [0x00000000f5580000, 0x0000000100000000, 0x0000000100000000)
  eden space 128512K, 100% used [0x00000000f5580000,0x00000000fd300000,0x00000000fd300000)
  from space 19968K, 62% used [0x00000000fd300000,0x00000000fdf353b0,0x00000000fe680000)
  to   space 19968K, 0% used [0x00000000fec80000,0x00000000fec80000,0x0000000100000000)
 ParOldGen       total 97280K, used 36824K [0x00000000e0000000, 0x00000000e5f00000, 0x00000000f5580000)
  object space 97280K, 37% used [0x00000000e0000000,0x00000000e23f6048,0x00000000e5f00000)
 Metaspace       used 77025K, capacity 83072K, committed 83328K, reserved 1122304K
  class space    used 9440K, capacity 11305K, committed 11392K, reserved 1048576K
Event: 80.057 GC heap after
Heap after GC invocations=21 (full 3):
 PSYoungGen      total 153600K, used 13042K [0x00000000f5580000, 0x00000000fff00000, 0x0000000100000000)
  eden space 134656K, 0% used [0x00000000f5580000,0x00000000f5580000,0x00000000fd900000)
  from space 18944K, 68% used [0x00000000fec80000,0x00000000ff93c938,0x00000000fff00000)
  to   space 19456K, 0% used [0x00000000fd900000,0x00000000fd900000,0x00000000fec00000)
 ParOldGen       total 97280K, used 36832K [0x00000000e0000000, 0x00000000e5f00000, 0x00000000f5580000)
  object space 97280K, 37% used [0x00000000e0000000,0x00000000e23f8048,0x00000000e5f00000)
 Metaspace       used 77025K, capacity 83072K, committed 83328K, reserved 1122304K
  class space    used 9440K, capacity 11305K, committed 11392K, reserved 1048576K
}
Event: 83.333 GC heap before
{Heap before GC invocations=22 (full 3):
 PSYoungGen      total 153600K, used 147698K [0x00000000f5580000, 0x00000000fff00000, 0x0000000100000000)
  eden space 134656K, 100% used [0x00000000f5580000,0x00000000fd900000,0x00000000fd900000)
  from space 18944K, 68% used [0x00000000fec80000,0x00000000ff93c938,0x00000000fff00000)
  to   space 19456K, 0% used [0x00000000fd900000,0x00000000fd900000,0x00000000fec00000)
 ParOldGen       total 97280K, used 36832K [0x00000000e0000000, 0x00000000e5f00000, 0x00000000f5580000)
  object space 97280K, 37% used [0x00000000e0000000,0x00000000e23f8048,0x00000000e5f00000)
 Metaspace       used 77513K, capacity 83552K, committed 83840K, reserved 1122304K
  class space    used 9478K, capacity 11337K, committed 11392K, reserved 1048576K
Event: 83.356 GC heap after
Heap after GC invocations=22 (full 3):
 PSYoungGen      total 154112K, used 12789K [0x00000000f5580000, 0x0000000100000000, 0x0000000100000000)
  eden space 134656K, 0% used [0x00000000f5580000,0x00000000f5580000,0x00000000fd900000)
  from space 19456K, 65% used [0x00000000fd900000,0x00000000fe57d538,0x00000000fec00000)
  to   space 19456K, 0% used [0x00000000fed00000,0x00000000fed00000,0x0000000100000000)
 ParOldGen       total 97280K, used 36840K [0x00000000e0000000, 0x00000000e5f00000, 0x00000000f5580000)
  object space 97280K, 37% used [0x00000000e0000000,0x00000000e23fa048,0x00000000e5f00000)
 Metaspace       used 77513K, capacity 83552K, committed 83840K, reserved 1122304K
  class space    used 9478K, capacity 11337K, committed 11392K, reserved 1048576K
}
Event: 101.658 GC heap before
{Heap before GC invocations=23 (full 3):
 PSYoungGen      total 154112K, used 147445K [0x00000000f5580000, 0x0000000100000000, 0x0000000100000000)
  eden space 134656K, 100% used [0x00000000f5580000,0x00000000fd900000,0x00000000fd900000)
  from space 19456K, 65% used [0x00000000fd900000,0x00000000fe57d538,0x00000000fec00000)
  to   space 19456K, 0% used [0x00000000fed00000,0x00000000fed00000,0x0000000100000000)
 ParOldGen       total 97280K, used 36840K [0x00000000e0000000, 0x00000000e5f00000, 0x00000000f5580000)
  object space 97280K, 37% used [0x00000000e0000000,0x00000000e23fa048,0x00000000e5f00000)
 Metaspace       used 77862K, capacity 83910K, committed 84224K, reserved 1122304K
  class space    used 9511K, capacity 11439K, committed 11520K, reserved 1048576K
Event: 101.683 GC heap after
Heap after GC invocations=23 (full 3):
 PSYoungGen      total 153088K, used 15862K [0x00000000f5580000, 0x0000000100000000, 0x0000000100000000)
  eden space 133632K, 0% used [0x00000000f5580000,0x00000000f5580000,0x00000000fd800000)
  from space 19456K, 81% used [0x00000000fed00000,0x00000000ffc7db00,0x0000000100000000)
  to   space 20480K, 0% used [0x00000000fd800000,0x00000000fd800000,0x00000000fec00000)
 ParOldGen       total 97280K, used 36848K [0x00000000e0000000, 0x00000000e5f00000, 0x00000000f5580000)
  object space 97280K, 37% used [0x00000000e0000000,0x00000000e23fc048,0x00000000e5f00000)
 Metaspace       used 77862K, capacity 83910K, committed 84224K, reserved 1122304K
  class space    used 9511K, capacity 11439K, committed 11520K, reserved 1048576K
}

Deoptimization events (10 events):
Event: 636.248 Thread 0x00000000021d3800 Uncommon trap: reason=unstable_if action=reinterpret pc=0x00000000042de070 method=org.eclipse.emf.ecore.impl.MinimalEObjectImpl.setField(ILjava/lang/Object;)V @ 9
Event: 636.432 Thread 0x000000001da50800 Uncommon trap: reason=unstable_if action=reinterpret pc=0x0000000002443764 method=sun.nio.cs.SingleByte$Encoder.encode(C)I @ 13
Event: 636.432 Thread 0x000000001da50800 Uncommon trap: reason=unstable_if action=reinterpret pc=0x000000000243c12c method=java.nio.charset.CharsetEncoder.encode(Ljava/nio/CharBuffer;Ljava/nio/ByteBuffer;Z)Ljava/nio/charset/CoderResult; @ 105
Event: 636.471 Thread 0x00000000021d3800 Uncommon trap: reason=bimorphic action=maybe_recompile pc=0x000000000397e36c method=java.util.concurrent.CopyOnWriteArrayList.indexOf(Ljava/lang/Object;[Ljava/lang/Object;II)I @ 46
Event: 636.481 Thread 0x00000000021d3800 Uncommon trap: reason=unstable_if action=reinterpret pc=0x000000000328212c method=java.nio.charset.CoderResult.isOverflow()Z @ 5
Event: 636.508 Thread 0x00000000021d3800 Uncommon trap: reason=bimorphic action=maybe_recompile pc=0x000000000397e36c method=java.util.concurrent.CopyOnWriteArrayList.indexOf(Ljava/lang/Object;[Ljava/lang/Object;II)I @ 46
Event: 636.508 Thread 0x00000000021d3800 Uncommon trap: reason=bimorphic action=maybe_recompile pc=0x000000000397e36c method=java.util.concurrent.CopyOnWriteArrayList.indexOf(Ljava/lang/Object;[Ljava/lang/Object;II)I @ 46
Event: 637.027 Thread 0x00000000021d3800 Uncommon trap: reason=unstable_if action=reinterpret pc=0x0000000003471e54 method=org.eclipse.core.runtime.internal.adaptor.EclipseLazyStarter.shouldActivateFor(Ljava/lang/String;Lorg/eclipse/osgi/baseadaptor/BaseData;Lorg/eclipse/core/runtime/internal/adaðÑ|èƒ@
Event: 637.061 Thread 0x00000000021d3800 Uncommon trap: reason=bimorphic action=maybe_recompile pc=0x0000000003f93580 method=org.eclipse.core.internal.dtree.AbstractDataTreeNode.assembleWith([Lorg/eclipse/core/internal/dtree/AbstractDataTreeNode;[Lorg/eclipse/core/internal/dtree/AbstractDataTreeNG8ëKÑèƒ@
Event: 637.102 Thread 0x000000001687e800 Uncommon trap: reason=unstable_if action=reinterpret pc=0x0000000003931c34 method=org.eclipse.core.internal.jobs.JobManager.nextJob()Lorg/eclipse/core/runtime/jobs/Job; @ 80

Internal exceptions (10 events):
Event: 635.238 Thread 0x000000001da47800 Exception <a 'sun/net/ConnectionResetException': > (0x00000000f8f36680) thrown at [C:\re\workspace\8-2-build-windows-amd64-cygwin\jdk8u45\3627\hotspot\src\share\vm\prims\jni.cpp, line 735]
Event: 635.238 Thread 0x000000001da47800 Exception <a 'sun/net/ConnectionResetException': > (0x00000000f8f36858) thrown at [C:\re\workspace\8-2-build-windows-amd64-cygwin\jdk8u45\3627\hotspot\src\share\vm\prims\jni.cpp, line 735]
Event: 635.238 Thread 0x000000001da44800 Exception <a 'java/net/SocketException': Connection reset by peer: socket write error> (0x00000000f9ed88f0) thrown at [C:\re\workspace\8-2-build-windows-amd64-cygwin\jdk8u45\3627\hotspot\src\share\vm\prims\jni.cpp, line 735]
Event: 635.241 Thread 0x000000001d970000 Exception <a 'java/net/SocketException': Socket closed> (0x00000000f9ef8e18) thrown at [C:\re\workspace\8-2-build-windows-amd64-cygwin\jdk8u45\3627\hotspot\src\share\vm\prims\jni.cpp, line 735]
Event: 635.241 Thread 0x000000001d1b5800 Exception <a 'java/lang/InterruptedException'> (0x00000000f9f202c0) thrown at [C:\re\workspace\8-2-build-windows-amd64-cygwin\jdk8u45\3627\hotspot\src\share\vm\runtime\objectMonitor.cpp, line 1683]
Event: 636.429 Thread 0x000000001da4f800 Exception <a 'java/lang/InterruptedException'> (0x00000000fae8e058) thrown at [C:\re\workspace\8-2-build-windows-amd64-cygwin\jdk8u45\3627\hotspot\src\share\vm\runtime\objectMonitor.cpp, line 1683]
Event: 637.122 Thread 0x000000001526a800 Exception <a 'java/lang/InterruptedException': sleep interrupted> (0x00000000f951bf50) thrown at [C:\re\workspace\8-2-build-windows-amd64-cygwin\jdk8u45\3627\hotspot\src\share\vm\prims\jvm.cpp, line 3211]
Event: 637.124 Thread 0x000000001672f000 Exception <a 'java/lang/InterruptedException'> (0x00000000fb09e0d8) thrown at [C:\re\workspace\8-2-build-windows-amd64-cygwin\jdk8u45\3627\hotspot\src\share\vm\runtime\objectMonitor.cpp, line 1683]
Event: 637.125 Thread 0x0000000015ad3000 Exception <a 'java/lang/InterruptedException'> (0x00000000fb208ed8) thrown at [C:\re\workspace\8-2-build-windows-amd64-cygwin\jdk8u45\3627\hotspot\src\share\vm\runtime\objectMonitor.cpp, line 1683]
Event: 637.367 Thread 0x0000000015560800 Exception <a 'java/lang/InterruptedException'> (0x00000000fb1cbbc8) thrown at [C:\re\workspace\8-2-build-windows-amd64-cygwin\jdk8u45\3627\hotspot\src\share\vm\runtime\objectMonitor.cpp, line 1683]

Events (10 events):
Event: 637.367 Thread 0x0000000015560800 Thread exited: 0x0000000015560800
Event: 637.368 Thread 0x00000000156f7000 Thread exited: 0x00000000156f7000
Event: 637.368 loading class java/util/IdentityHashMap$KeyIterator
Event: 637.368 loading class java/util/IdentityHashMap$IdentityHashMapIterator
Event: 637.368 loading class java/util/IdentityHashMap$IdentityHashMapIterator done
Event: 637.368 loading class java/util/IdentityHashMap$KeyIterator done
Event: 637.368 Thread 0x000000001d1b1800 Thread added: 0x000000001d1b1800
Event: 637.369 Thread 0x000000001d1b1800 Thread exited: 0x000000001d1b1800
Event: 637.370 Thread 0x000000001368b800 Thread exited: 0x000000001368b800
Event: 637.370 Executing VM operation: Exit


Dynamic libraries:
0x0000000000400000 - 0x000000000044f000 	E:\ProgramFiles\Xilinx\SDK\2015.4\eclipse\win64.o\eclipse.exe
0x00007ff81cc70000 - 0x00007ff81ce16000 	C:\Windows\SYSTEM32\ntdll.dll
0x00007ff81c7a0000 - 0x00007ff81c8da000 	C:\Windows\system32\KERNEL32.DLL
0x00007ff81a100000 - 0x00007ff81a20f000 	C:\Windows\system32\KERNELBASE.dll
0x00007ff81aaf0000 - 0x00007ff81ac61000 	C:\Windows\system32\USER32.dll
0x00007ff8176a0000 - 0x00007ff8178fa000 	C:\Windows\WinSxS\amd64_microsoft.windows.common-controls_6595b64144ccf1df_6.0.9600.17031_none_6242a4b3ecbb55a1\COMCTL32.dll
0x00007ff81c5e0000 - 0x00007ff81c687000 	C:\Windows\system32\msvcrt.dll
0x00007ff81c8e0000 - 0x00007ff81ca24000 	C:\Windows\system32\GDI32.dll
0x00007ff81c150000 - 0x00007ff81c184000 	C:\Windows\system32\IMM32.DLL
0x00007ff81a950000 - 0x00007ff81aa89000 	C:\Windows\system32\MSCTF.dll
0x0000000072000000 - 0x0000000072012000 	E:\ProgramFiles\Xilinx\SDK\2015.4\eclipse\win64.o\plugins\org.eclipse.equinox.launcher.win32.win32.x86_64_1.1.200.v20140116-2212\eclipse_1503.dll
0x00007ff81c530000 - 0x00007ff81c5d5000 	C:\Windows\system32\ADVAPI32.dll
0x00007ff812500000 - 0x00007ff81250a000 	C:\Windows\SYSTEM32\VERSION.dll
0x00007ff81c1a0000 - 0x00007ff81c1f7000 	C:\Windows\SYSTEM32\sechost.dll
0x00007ff81c200000 - 0x00007ff81c337000 	C:\Windows\system32\RPCRT4.dll
0x00007ff818cc0000 - 0x00007ff818de1000 	C:\Windows\system32\uxtheme.dll
0x00007ff81c350000 - 0x00007ff81c526000 	C:\Windows\SYSTEM32\combase.dll
0x00007ffff7350000 - 0x00007ffff738f000 	C:\Program Files\ASUS\Bluetooth Software\btmmhook.dll
0x00007ff81ac90000 - 0x00007ff81c09f000 	C:\Windows\system32\SHELL32.dll
0x00007ff81a4f0000 - 0x00007ff81a668000 	C:\Windows\system32\ole32.dll
0x00007ff81a670000 - 0x00007ff81a731000 	C:\Windows\system32\OLEAUT32.dll
0x00007ff81a740000 - 0x00007ff81a791000 	C:\Windows\system32\SHLWAPI.dll
0x00007ff81c340000 - 0x00007ff81c347000 	C:\Windows\system32\PSAPI.DLL
0x0000000067c00000 - 0x0000000068483000 	E:\ProgramFiles\Xilinx\SDK\2015.4\tps\win64\jre\bin\server\jvm.dll
0x00007ffff7e30000 - 0x00007ffff7e39000 	C:\Windows\SYSTEM32\WSOCK32.dll
0x00007ff816bd0000 - 0x00007ff816bef000 	C:\Windows\SYSTEM32\WINMM.dll
0x000000006b8d0000 - 0x000000006b9a2000 	C:\Windows\SYSTEM32\MSVCR100.dll
0x00007ff81ca30000 - 0x00007ff81ca88000 	C:\Windows\system32\WS2_32.dll
0x00007ff816ba0000 - 0x00007ff816bca000 	C:\Windows\SYSTEM32\WINMMBASE.dll
0x00007ff81c6f0000 - 0x00007ff81c6f9000 	C:\Windows\system32\NSI.dll
0x00007ff81a0b0000 - 0x00007ff81a0fa000 	C:\Windows\SYSTEM32\cfgmgr32.dll
0x00007ff818e70000 - 0x00007ff818e96000 	C:\Windows\SYSTEM32\DEVOBJ.dll
0x000000006a950000 - 0x000000006a95f000 	E:\ProgramFiles\Xilinx\SDK\2015.4\tps\win64\jre\bin\verify.dll
0x0000000069150000 - 0x0000000069179000 	E:\ProgramFiles\Xilinx\SDK\2015.4\tps\win64\jre\bin\java.dll
0x0000000069130000 - 0x0000000069146000 	E:\ProgramFiles\Xilinx\SDK\2015.4\tps\win64\jre\bin\zip.dll
0x00007ff817f00000 - 0x00007ff817f9f000 	C:\Windows\system32\SHCORE.dll
0x00007ff819fe0000 - 0x00007ff819ff4000 	C:\Windows\system32\profapi.dll
0x00007ff819880000 - 0x00007ff81989e000 	C:\Windows\SYSTEM32\CRYPTSP.dll
0x00007ff8194c0000 - 0x00007ff8194f5000 	C:\Windows\system32\rsaenh.dll
0x00007ff819b90000 - 0x00007ff819bb6000 	C:\Windows\SYSTEM32\bcrypt.dll
0x00007ff8195d0000 - 0x00007ff8195ee000 	C:\Windows\SYSTEM32\USERENV.dll
0x00007ff819ec0000 - 0x00007ff819f20000 	C:\Windows\system32\bcryptprimitives.dll
0x00007ff819f20000 - 0x00007ff819f2a000 	C:\Windows\SYSTEM32\CRYPTBASE.dll
0x0000000069110000 - 0x000000006912a000 	E:\ProgramFiles\Xilinx\SDK\2015.4\tps\win64\jre\bin\net.dll
0x00007ff819820000 - 0x00007ff819878000 	C:\Windows\system32\mswsock.dll
0x00007ff814350000 - 0x00007ff814379000 	C:\Windows\SYSTEM32\IPHLPAPI.DLL
0x00007ff814270000 - 0x00007ff81427a000 	C:\Windows\SYSTEM32\WINNSI.DLL
0x00007ff813f80000 - 0x00007ff813f94000 	C:\Windows\SYSTEM32\dhcpcsvc6.DLL
0x00007ff814440000 - 0x00007ff814459000 	C:\Windows\SYSTEM32\dhcpcsvc.DLL
0x00000000690f0000 - 0x0000000069101000 	E:\ProgramFiles\Xilinx\SDK\2015.4\tps\win64\jre\bin\nio.dll
0x00007ff818e40000 - 0x00007ff818e4a000 	C:\Windows\SYSTEM32\kernel.appcore.dll
0x00007ff815e20000 - 0x00007ff815e34000 	C:\Windows\system32\napinsp.dll
0x00007ff815a40000 - 0x00007ff815a59000 	C:\Windows\system32\pnrpnsp.dll
0x00007ff818440000 - 0x00007ff81845b000 	C:\Windows\system32\NLAapi.dll
0x00007ff819630000 - 0x00007ff8196d3000 	C:\Windows\SYSTEM32\DNSAPI.dll
0x00007ff8169e0000 - 0x00007ff8169ec000 	C:\Windows\System32\winrnr.dll
0x00007ff812520000 - 0x00007ff812533000 	C:\Windows\system32\wshbth.dll
0x00007ff816a30000 - 0x00007ff816a39000 	C:\Windows\System32\rasadhlp.dll
0x00007ff8141a0000 - 0x00007ff814208000 	C:\Windows\System32\fwpuclnt.dll
0x0000000017e50000 - 0x0000000017ef8000 	C:\Users\CoBoL\.Xilinx\SDK\2015.4\org.eclipse.osgi\bundles\303\1\.cp\swt-win32-4335.dll
0x00007ff81c700000 - 0x00007ff81c79e000 	C:\Windows\system32\comdlg32.dll
0x00007ff816d90000 - 0x00007ff816e0b000 	C:\Windows\SYSTEM32\WINSPOOL.DRV
0x00007ff816a00000 - 0x00007ff816a14000 	C:\Windows\SYSTEM32\USP10.dll
0x00007ff812710000 - 0x00007ff812958000 	C:\Windows\SYSTEM32\WININET.dll
0x00007ff81a260000 - 0x00007ff81a43f000 	C:\Windows\system32\CRYPT32.dll
0x00007ff812b80000 - 0x00007ff812e47000 	C:\Windows\SYSTEM32\iertutil.dll
0x00007ff81a090000 - 0x00007ff81a0a2000 	C:\Windows\system32\MSASN1.dll
0x00007ff817d30000 - 0x00007ff817d50000 	C:\Windows\system32\dwmapi.dll
0x00007ff815f10000 - 0x00007ff81607f000 	C:\Windows\SYSTEM32\propsys.dll
0x00007ff81c0a0000 - 0x00007ff81c144000 	C:\Windows\SYSTEM32\clbcatq.dll
0x0000000017f20000 - 0x0000000017f3e000 	C:\Users\CoBoL\.Xilinx\SDK\2015.4\org.eclipse.osgi\bundles\303\1\.cp\swt-gdip-win32-4335.dll
0x00007ff816bf0000 - 0x00007ff816d88000 	C:\Windows\WinSxS\amd64_microsoft.windows.gdiplus_6595b64144ccf1df_1.1.9600.17227_none_932c0e57474f5080\gdiplus.dll
0x00007ff817900000 - 0x00007ff817aae000 	C:\Windows\SYSTEM32\WindowsCodecs.dll
0x0000000180000000 - 0x0000000180012000 	C:\Users\CoBoL\.Xilinx\SDK\2015.4\org.eclipse.osgi\bundles\121\1\.cp\os\win32\x86_64\localfile_1_0_0.dll
0x00007ff80b520000 - 0x00007ff80b531000 	C:\Users\CoBoL\.Xilinx\SDK\2015.4\org.eclipse.osgi\bundles\124\1\.cp\jWinHttp-1.0.0.dll
0x00007ff80c650000 - 0x00007ff80c715000 	C:\Windows\SYSTEM32\WINHTTP.dll
0x00007ff8170c0000 - 0x00007ff817123000 	C:\Windows\SYSTEM32\oleacc.dll
0x00007ff816e10000 - 0x00007ff816e17000 	C:\Windows\SYSTEM32\msimg32.dll
0x00007ff811a60000 - 0x00007ff811a6f000 	E:\ProgramFiles\Xilinx\SDK\2015.4\lib\win64.o\librdi_repo_manager.dll
0x00007ff801110000 - 0x00007ff80113a000 	E:\ProgramFiles\Xilinx\SDK\2015.4\lib\win64.o\libisl_sysinfo.dll
0x00007fffd48d0000 - 0x00007fffd525d000 	E:\ProgramFiles\Xilinx\SDK\2015.4\lib\win64.o\librdi_common.dll
0x00007ffffefd0000 - 0x00007fffff024000 	E:\ProgramFiles\Xilinx\SDK\2015.4\lib\win64.o\librdi_commonxillic.dll
0x00007fffd46e0000 - 0x00007fffd48cc000 	E:\ProgramFiles\Xilinx\SDK\2015.4\lib\win64.o\librdi_hsm.dll
0x00007ff80fe90000 - 0x00007ff80ff37000 	C:\Windows\SYSTEM32\MSVCP110.dll
0x00007ff80fa90000 - 0x00007ff80fb64000 	C:\Windows\SYSTEM32\MSVCR110.dll
0x00007fffd4370000 - 0x00007fffd46de000 	E:\ProgramFiles\Xilinx\SDK\2015.4\lib\win64.o\libCOIN-all.dll
0x00007fffd3ad0000 - 0x00007fffd3cee000 	E:\ProgramFiles\Xilinx\SDK\2015.4\lib\win64.o\libXil_lmgr11.dll
0x00007ff8115f0000 - 0x00007ff811600000 	E:\ProgramFiles\Xilinx\SDK\2015.4\lib\win64.o\libboost_date_time.dll
0x00007ff800cb0000 - 0x00007ff800cd2000 	E:\ProgramFiles\Xilinx\SDK\2015.4\lib\win64.o\libboost_filesystem.dll
0x00007ffffee70000 - 0x00007ffffeee4000 	E:\ProgramFiles\Xilinx\SDK\2015.4\lib\win64.o\libboost_program_options.dll
0x00007ffff9640000 - 0x00007ffff973a000 	E:\ProgramFiles\Xilinx\SDK\2015.4\lib\win64.o\libboost_regex.dll
0x00007ff801570000 - 0x00007ff801583000 	E:\ProgramFiles\Xilinx\SDK\2015.4\lib\win64.o\libboost_signals.dll
0x00007ff80fbb0000 - 0x00007ff80fbb9000 	E:\ProgramFiles\Xilinx\SDK\2015.4\lib\win64.o\libboost_system.dll
0x00007ff801490000 - 0x00007ff8014ad000 	E:\ProgramFiles\Xilinx\SDK\2015.4\lib\win64.o\libboost_thread.dll
0x00007ff80f840000 - 0x00007ff80f84b000 	E:\ProgramFiles\Xilinx\SDK\2015.4\lib\win64.o\libboost_xilinx.dll
0x00007ffffdb00000 - 0x00007ffffdb80000 	E:\ProgramFiles\Xilinx\SDK\2015.4\lib\win64.o\libhdlpsolve.dll
0x00007ffffd6d0000 - 0x00007ffffd76a000 	E:\ProgramFiles\Xilinx\SDK\2015.4\lib\win64.o\libhdxml.dll
0x00007fffd3690000 - 0x00007fffd3ac4e00 	E:\ProgramFiles\Xilinx\SDK\2015.4\lib\win64.o\libisl_iostreams.dll
0x00007ff800640000 - 0x00007ff800655000 	E:\ProgramFiles\Xilinx\SDK\2015.4\lib\win64.o\pthreadVC2.dll
0x00007ffff8f10000 - 0x00007ffff9040000 	E:\ProgramFiles\Xilinx\SDK\2015.4\lib\win64.o\librdi_curl.dll
0x00007ff800000000 - 0x00007ff800018000 	E:\ProgramFiles\Xilinx\SDK\2015.4\lib\win64.o\librdiconfig.dll
0x00007ffffefa0000 - 0x00007ffffefc3000 	E:\ProgramFiles\Xilinx\SDK\2015.4\lib\win64.o\librdizlib.dll
0x0000000069180000 - 0x00000000692a7000 	E:\ProgramFiles\Xilinx\SDK\2015.4\lib\win64.o\tcl85t.dll
0x0000000022bc0000 - 0x0000000022e23000 	E:\ProgramFiles\Xilinx\SDK\2015.4\lib\win64.o\xerces-c_3_1.dll
0x00007ff812f20000 - 0x00007ff8130a5000 	C:\Windows\SYSTEM32\urlmon.dll
0x00007ff80eb10000 - 0x00007ff80eb33000 	C:\Windows\SYSTEM32\VCOMP110.DLL
0x00007ffffeb90000 - 0x00007ffffebd3000 	E:\ProgramFiles\Xilinx\SDK\2015.4\lib\win64.o\librdi_hdf.dll
0x00007fffd2240000 - 0x00007fffd2495000 	E:\ProgramFiles\Xilinx\SDK\2015.4\lib\win64.o\librdi_ippcw.dll
0x00007ff817b30000 - 0x00007ff817b45000 	C:\Windows\SYSTEM32\NETAPI32.dll
0x00007ff81a210000 - 0x00007ff81a25c000 	C:\Windows\system32\WINTRUST.dll
0x00007ff80f7b0000 - 0x00007ff80f7bb000 	E:\ProgramFiles\Xilinx\SDK\2015.4\lib\win64.o\libboost_chrono.dll
0x00007ffffef20000 - 0x00007ffffef36000 	E:\ProgramFiles\Xilinx\SDK\2015.4\lib\win64.o\libboost_iostreams.dll
0x00007ffffdf60000 - 0x00007ffffdf83000 	E:\ProgramFiles\Xilinx\SDK\2015.4\lib\win64.o\libisl_iosutils.dll
0x00007ff819270000 - 0x00007ff81927c000 	C:\Windows\SYSTEM32\netutils.dll
0x00007ff819cb0000 - 0x00007ff819cd5000 	C:\Windows\SYSTEM32\srvcli.dll
0x00007ff817af0000 - 0x00007ff817b06000 	C:\Windows\SYSTEM32\wkscli.dll
0x00007fffd11f0000 - 0x00007fffd1a00000 	E:\ProgramFiles\Xilinx\SDK\2015.4\lib\win64.o\libXil_lmgr11FNP.dll
0x00007ff812350000 - 0x00007ff81235c000 	C:\Windows\SYSTEM32\snmpapi.dll
0x00007ff81ca90000 - 0x00007ff81cc64000 	C:\Windows\system32\SETUPAPI.dll
0x00007ff819e90000 - 0x00007ff819ebb000 	C:\Windows\SYSTEM32\SspiCli.dll
0x00007ffffde20000 - 0x00007ffffde36000 	E:\ProgramFiles\Xilinx\SDK\2015.4\eclipse\win64.o\plugins\org.eclipse.cdt.core.win32.x86_64_5.2.0.201402142303\os\win32\x86_64\spawner.dll
0x00007ff80edb0000 - 0x00007ff80edba000 	E:\ProgramFiles\Xilinx\SDK\2015.4\lib\win64.o\librdi_jtag_settings.dll
0x00007ffffd310000 - 0x00007ffffd339000 	E:\ProgramFiles\Xilinx\SDK\2015.4\lib\win64.o\librdi_debug_dialog.dll
0x00007ff80ec20000 - 0x00007ff80ec28000 	E:\ProgramFiles\Xilinx\SDK\2015.4\lib\win64.o\librdi_target_manager.dll
0x00007ff80fa00000 - 0x00007ff80fa03000 	C:\Windows\SYSTEM32\icmp.Dll
0x00007ff8074d0000 - 0x00007ff807658000 	C:\Windows\SYSTEM32\dbghelp.dll

VM Arguments:
jvm_args: -Dcom.xilinx.sdk.args.hwspec=E:/projects/xilinix/master_repo/LAB_AEP/Integrated/Integrated_1/Integrated_1.sdk/fmc_imageon_gs_wrapper.hdf -Xms64m -Xmx512m & 
java_command: <unknown>
java_class_path (initial): E:\ProgramFiles\Xilinx\SDK\2015.4\eclipse\win64.o\\plugins/org.eclipse.equinox.launcher_1.3.0.v20130327-1440.jar
Launcher Type: generic

Environment Variables:
JAVA_HOME=C:\Program Files\Java\jdk1.8.0_20
CLASSPATH=.;C:\Program Files (x86)\QuickTime\QTSystem\QTJava.zip;
USERNAME=CoBoL
OS=Windows_NT
PROCESSOR_IDENTIFIER=Intel64 Family 6 Model 69 Stepping 1, GenuineIntel



---------------  S Y S T E M  ---------------

OS: Windows 8.1 , 64 bit Build 9600 (6.3.9600.17056)

CPU:total 4 (2 cores per cpu, 2 threads per core) family 6 model 69 stepping 1, cmov, cx8, fxsr, mmx, sse, sse2, sse3, ssse3, sse4.1, sse4.2, popcnt, avx, avx2, aes, clmul, erms, lzcnt, ht, tsc, tscinvbit, bmi1, bmi2

Memory: 4k page, physical 8287332k(2834604k free), swap 10613436k(3944548k free)

vm_info: Java HotSpot(TM) 64-Bit Server VM (25.45-b02) for windows-amd64 JRE (1.8.0_45-b15), built on Apr 30 2015 12:40:44 by "java_re" with MS VC++ 10.0 (VS2010)

time: Tue Jun 07 11:51:39 2016
elapsed time: 637 seconds (0d 0h 10m 37s)

