#
# A fatal error has been detected by the Java Runtime Environment:
#
#  Internal Error (0xc000000d), pid=10612, tid=9648
#
# JRE version: Java(TM) SE Runtime Environment (8.0_45-b15) (build 1.8.0_45-b15)
# Java VM: Java HotSpot(TM) 64-Bit Server VM (25.45-b02 mixed mode windows-amd64 compressed oops)
# Problematic frame:
# C  [ntdll.dll+0xfe9d8]
#
# Failed to write core dump. Minidumps are not enabled by default on client versions of Windows
#
# If you would like to submit a bug report, please visit:
#   http://bugreport.java.com/bugreport/crash.jsp
#

---------------  T H R E A D  ---------------

Current thread (0x0000000013647000):  VMThread [stack: 0x00000000146d0000,0x00000000147d0000] [id=9648]

siginfo: ExceptionCode=0xc000000d

Registers:
RAX=0x00007ff89d5eaaba, RBX=0xfffffffffffffffe, RCX=0x00000000f46857d4, RDX=0x0000000000000000
RSP=0x00000000147cf3b0, RBP=0x00007ff88e987408, RSI=0x0000000000000000, RDI=0x0000000000000b64
R8 =0x0000ad3413fcac13, R9 =0x0000000000000000, R10=0x00007ff89ad313ad, R11=0x0000000000000000
R12=0x000000001fd36bb0, R13=0x00000000002d7ab0, R14=0x000000001fd36cb8, R15=0x00000000147cf528
RIP=0x00007ff89d6be9d8, EFLAGS=0x0000000000000202

Top of Stack: (sp=0x00000000147cf3b0)
0x00000000147cf3b0:   0000000000000000 fffffffffffffffe
0x00000000147cf3c0:   0000000000000000 0000000000000b64
0x00000000147cf3d0:   00000000c000000d 0000000000000000
0x00000000147cf3e0:   00007ff89d6be9d8 0000000000000000
0x00000000147cf3f0:   0000000000000000 0000000000000000
0x00000000147cf400:   0000000000000000 0000000000000000
0x00000000147cf410:   0000000000000000 0000000000000000
0x00000000147cf420:   0000000000000000 0000000000000000
0x00000000147cf430:   0000000000000000 0000000000000000
0x00000000147cf440:   0000000000000000 0000000000000000
0x00000000147cf450:   0000000000000000 0000000000000000
0x00000000147cf460:   0000000000000000 0000000000000013
0x00000000147cf470:   0000ad3413fcb2c3 0000000000000000
0x00000000147cf480:   0000000000000120 00007ff89d665ebf
0x00000000147cf490:   00000000001f0000 0000000000000000
0x00000000147cf4a0:   0000000000000120 0000000000000000 

Instructions: (pc=0x00007ff89d6be9d8)
0x00007ff89d6be9b8:   6b f9 ff c7 44 24 20 0d 00 00 c0 b9 57 00 00 00
0x00007ff89d6be9c8:   e8 23 14 f5 ff 90 48 8d 4c 24 20 e8 a4 37 f5 ff
0x00007ff89d6be9d8:   eb 00 48 8b 8c 24 c0 00 00 00 48 33 cc e8 56 47
0x00007ff89d6be9e8:   f8 ff 48 81 c4 d8 00 00 00 c3 40 55 48 83 ec 20 


Register to memory mapping:

RAX=0x00007ff89d5eaaba is an unknown value
RBX=0xfffffffffffffffe is an unknown value
RCX=0x00000000f46857d4 is an unallocated location in the heap
RDX=0x0000000000000000 is an unknown value
RSP=0x00000000147cf3b0 is an unknown value
RBP=0x00007ff88e987408 is an unknown value
RSI=0x0000000000000000 is an unknown value
RDI=0x0000000000000b64 is an unknown value
R8 =0x0000ad3413fcac13 is an unknown value
R9 =0x0000000000000000 is an unknown value
R10=0x00007ff89ad313ad is an unknown value
R11=0x0000000000000000 is an unknown value
R12=0x000000001fd36bb0 is an unknown value
R13=0x00000000002d7ab0 is an unknown value
R14=0x000000001fd36cb8 is an unknown value
R15=0x00000000147cf528 is an unknown value


Stack: [0x00000000146d0000,0x00000000147d0000],  sp=0x00000000147cf3b0,  free space=1020k
Native frames: (J=compiled Java code, j=interpreted, Vv=VM code, C=native code)
C  [ntdll.dll+0xfe9d8]
C  [ntdll.dll+0xa5ebf]
C  [KERNEL32.DLL+0x35da]
C  [MSVCR110.dll+0x752d]
C  [MSVCR110.dll+0x73c6]
C  [MSVCR110.dll+0x14cca]
C  [MSVCR110.dll+0x13edc]
C  [MSVCR110.dll+0x239e]
C  [MSVCR110.dll+0xaf9e]
C  [MSVCP110.dll+0x397b9]
C  [librdi_common.dll+0x14283e]
C  [librdi_common.dll+0x141449]
C  [librdi_target_manager.dll+0x2400]
C  [librdi_target_manager.dll+0x2682]
C  [ntdll.dll+0x231dd]
C  [ntdll.dll+0x2160a]
C  [ntdll.dll+0x6b5ec]
C  [KERNEL32.DLL+0x4d56]
C  [MSVCR100.dll+0x20ccd]
V  [jvm.dll+0x20f135]
V  [jvm.dll+0x247ef7]
V  [jvm.dll+0x247196]
V  [jvm.dll+0x247631]
V  [jvm.dll+0x24784e]
V  [jvm.dll+0x29853a]
C  [MSVCR100.dll+0x21d9f]
C  [MSVCR100.dll+0x21e3b]
C  [KERNEL32.DLL+0x16ad]
C  [ntdll.dll+0x54409]

VM_Operation (0x000000000013f500): Exit, mode: safepoint, requested by thread 0x0000000002213800


---------------  P R O C E S S  ---------------

Java Threads: ( => current thread )
  0x0000000019fab800 JavaThread "Thread-1" [_thread_blocked, id=7708, stack(0x0000000015ec0000,0x0000000015fc0000)]
  0x0000000019fb9000 JavaThread "Spawner Reaper" daemon [_thread_in_native, id=132452, stack(0x000000001f140000,0x000000001f240000)]
  0x0000000019fad000 JavaThread "Thread-11" daemon [_thread_blocked, id=3164, stack(0x0000000020940000,0x0000000020a40000)]
  0x000000001903c000 JavaThread "TCF Locator DNS Lookup" daemon [_thread_blocked, id=10048, stack(0x000000001f940000,0x000000001fa40000)]
  0x0000000019039800 JavaThread "TCF Locator Timer" daemon [_thread_blocked, id=9012, stack(0x000000001f840000,0x000000001f940000)]
  0x000000001903a800 JavaThread "TCF Locator Receiver" daemon [_thread_in_native, id=141160, stack(0x000000001f740000,0x000000001f840000)]
  0x0000000019039000 JavaThread "TCF Timer Dispatcher" daemon [_thread_blocked, id=3604, stack(0x000000001f540000,0x000000001f640000)]
  0x0000000016529000 JavaThread "EMF Reference Cleaner" daemon [_thread_blocked, id=10388, stack(0x0000000017990000,0x0000000017a90000)]
  0x0000000014d3d000 JavaThread "Service Thread" daemon [_thread_blocked, id=142400, stack(0x00000000152d0000,0x00000000153d0000)]
  0x00000000136d5000 JavaThread "C1 CompilerThread2" daemon [_thread_blocked, id=141208, stack(0x00000000151d0000,0x00000000152d0000)]
  0x0000000014cd8800 JavaThread "C2 CompilerThread1" daemon [_thread_blocked, id=102740, stack(0x00000000150d0000,0x00000000151d0000)]
  0x00000000136cf800 JavaThread "C2 CompilerThread0" daemon [_thread_blocked, id=138192, stack(0x0000000014bd0000,0x0000000014cd0000)]
  0x00000000136cc000 JavaThread "Attach Listener" daemon [_thread_blocked, id=131720, stack(0x0000000014ad0000,0x0000000014bd0000)]
  0x00000000136cb800 JavaThread "Signal Dispatcher" daemon [_thread_blocked, id=7724, stack(0x00000000149d0000,0x0000000014ad0000)]
  0x0000000002308800 JavaThread "Finalizer" daemon [_thread_blocked, id=5500, stack(0x00000000148d0000,0x00000000149d0000)]
  0x0000000002300000 JavaThread "Reference Handler" daemon [_thread_blocked, id=1068, stack(0x00000000147d0000,0x00000000148d0000)]
  0x0000000002213800 JavaThread "main" [_thread_blocked, id=9724, stack(0x0000000000040000,0x0000000000140000)]

Other Threads:
=>0x0000000013647000 VMThread [stack: 0x00000000146d0000,0x00000000147d0000] [id=9648]

VM state:at safepoint (shutting down)

VM Mutex/Monitor currently owned by a thread:  ([mutex/lock_event])
[0x00000000022107d0] Threads_lock - owner thread: 0x0000000013647000

Heap:
 PSYoungGen      total 68608K, used 26686K [0x00000000f5580000, 0x00000000fa980000, 0x0000000100000000)
  eden space 51200K, 52% used [0x00000000f5580000,0x00000000f6f8f918,0x00000000f8780000)
  from space 17408K, 0% used [0x00000000f9880000,0x00000000f9880000,0x00000000fa980000)
  to   space 17408K, 0% used [0x00000000f8780000,0x00000000f8780000,0x00000000f9880000)
 ParOldGen       total 101888K, used 36360K [0x00000000e0000000, 0x00000000e6380000, 0x00000000f5580000)
  object space 101888K, 35% used [0x00000000e0000000,0x00000000e23822a8,0x00000000e6380000)
 Metaspace       used 68263K, capacity 74168K, committed 74368K, reserved 1114112K
  class space    used 8438K, capacity 10285K, committed 10368K, reserved 1048576K

Card table byte_map: [0x00000000116d0000,0x00000000117e0000] byte_map_base: 0x0000000010fd0000

Marking Bits: (ParMarkBitMap*) 0x000000006d444040
 Begin Bits: [0x0000000011be0000, 0x00000000123e0000)
 End Bits:   [0x00000000123e0000, 0x0000000012be0000)

Polling page: 0x0000000000770000

CodeCache: size=245760Kb used=21288Kb max_used=21491Kb free=224471Kb
 bounds [0x0000000002310000, 0x0000000003830000, 0x0000000011310000]
 total_blobs=6850 nmethods=6041 adapters=717
 compilation: enabled

Compilation events (10 events):
Event: 455.232 Thread 0x00000000136d5000 7602   !   3       java.util.zip.ZipFile::close (223 bytes)
Event: 455.234 Thread 0x00000000136d5000 nmethod 7602 0x000000000353ded0 code [0x000000000353e1c0, 0x000000000353fbc8]
Event: 455.253 Thread 0x00000000136cf800 7603       4       java.io.File::<init> (113 bytes)
Event: 455.260 Thread 0x00000000136cf800 nmethod 7603 0x00000000034d4290 code [0x00000000034d4400, 0x00000000034d47d8]
Event: 455.304 Thread 0x0000000014cd8800 7604       4       java.io.File::isDirectory (43 bytes)
Event: 455.310 Thread 0x0000000014cd8800 nmethod 7604 0x0000000002a29b10 code [0x0000000002a29c60, 0x0000000002a29e68]
Event: 455.380 Thread 0x00000000136d5000 7605   !   3       org.eclipse.osgi.internal.baseadaptor.BaseStorage::compact (215 bytes)
Event: 455.385 Thread 0x00000000136d5000 nmethod 7605 0x0000000003609310 code [0x0000000003609760, 0x000000000360bc28]
Event: 455.730 Thread 0x00000000136d5000 7606       3       org.eclipse.osgi.framework.internal.core.AbstractBundle::close (52 bytes)
Event: 455.732 Thread 0x00000000136d5000 nmethod 7606 0x0000000002ea44d0 code [0x0000000002ea4700, 0x0000000002ea5408]

GC Heap History (10 events):
Event: 264.139 GC heap before
{Heap before GC invocations=25 (full 7):
 PSYoungGen      total 68608K, used 160K [0x00000000f5580000, 0x00000000fa980000, 0x0000000100000000)
  eden space 51200K, 0% used [0x00000000f5580000,0x00000000f5580000,0x00000000f8780000)
  from space 17408K, 0% used [0x00000000f9880000,0x00000000f98a8000,0x00000000fa980000)
  to   space 17408K, 0% used [0x00000000f8780000,0x00000000f8780000,0x00000000f9880000)
 ParOldGen       total 101888K, used 35887K [0x00000000e0000000, 0x00000000e6380000, 0x00000000f5580000)
  object space 101888K, 35% used [0x00000000e0000000,0x00000000e230be70,0x00000000e6380000)
 Metaspace       used 66950K, capacity 72718K, committed 72960K, reserved 1112064K
  class space    used 8325K, capacity 10187K, committed 10240K, reserved 1048576K
Event: 264.555 GC heap after
Heap after GC invocations=25 (full 7):
 PSYoungGen      total 68608K, used 0K [0x00000000f5580000, 0x00000000fa980000, 0x0000000100000000)
  eden space 51200K, 0% used [0x00000000f5580000,0x00000000f5580000,0x00000000f8780000)
  from space 17408K, 0% used [0x00000000f9880000,0x00000000f9880000,0x00000000fa980000)
  to   space 17408K, 0% used [0x00000000f8780000,0x00000000f8780000,0x00000000f9880000)
 ParOldGen       total 101888K, used 35869K [0x00000000e0000000, 0x00000000e6380000, 0x00000000f5580000)
  object space 101888K, 35% used [0x00000000e0000000,0x00000000e2307440,0x00000000e6380000)
 Metaspace       used 66950K, capacity 72718K, committed 72960K, reserved 1112064K
  class space    used 8325K, capacity 10187K, committed 10240K, reserved 1048576K
}
Event: 324.146 GC heap before
{Heap before GC invocations=26 (full 7):
 PSYoungGen      total 68608K, used 8769K [0x00000000f5580000, 0x00000000fa980000, 0x0000000100000000)
  eden space 51200K, 17% used [0x00000000f5580000,0x00000000f5e10448,0x00000000f8780000)
  from space 17408K, 0% used [0x00000000f9880000,0x00000000f9880000,0x00000000fa980000)
  to   space 17408K, 0% used [0x00000000f8780000,0x00000000f8780000,0x00000000f9880000)
 ParOldGen       total 101888K, used 35869K [0x00000000e0000000, 0x00000000e6380000, 0x00000000f5580000)
  object space 101888K, 35% used [0x00000000e0000000,0x00000000e2307440,0x00000000e6380000)
 Metaspace       used 67392K, capacity 73198K, committed 73472K, reserved 1112064K
  class space    used 8357K, capacity 10219K, committed 10240K, reserved 1048576K
Event: 324.157 GC heap after
Heap after GC invocations=26 (full 7):
 PSYoungGen      total 68608K, used 816K [0x00000000f5580000, 0x00000000fa980000, 0x0000000100000000)
  eden space 51200K, 0% used [0x00000000f5580000,0x00000000f5580000,0x00000000f8780000)
  from space 17408K, 4% used [0x00000000f8780000,0x00000000f884c010,0x00000000f9880000)
  to   space 17408K, 0% used [0x00000000f9880000,0x00000000f9880000,0x00000000fa980000)
 ParOldGen       total 101888K, used 35941K [0x00000000e0000000, 0x00000000e6380000, 0x00000000f5580000)
  object space 101888K, 35% used [0x00000000e0000000,0x00000000e2319450,0x00000000e6380000)
 Metaspace       used 67392K, capacity 73198K, committed 73472K, reserved 1112064K
  class space    used 8357K, capacity 10219K, committed 10240K, reserved 1048576K
}
Event: 324.157 GC heap before
{Heap before GC invocations=27 (full 8):
 PSYoungGen      total 68608K, used 816K [0x00000000f5580000, 0x00000000fa980000, 0x0000000100000000)
  eden space 51200K, 0% used [0x00000000f5580000,0x00000000f5580000,0x00000000f8780000)
  from space 17408K, 4% used [0x00000000f8780000,0x00000000f884c010,0x00000000f9880000)
  to   space 17408K, 0% used [0x00000000f9880000,0x00000000f9880000,0x00000000fa980000)
 ParOldGen       total 101888K, used 35941K [0x00000000e0000000, 0x00000000e6380000, 0x00000000f5580000)
  object space 101888K, 35% used [0x00000000e0000000,0x00000000e2319450,0x00000000e6380000)
 Metaspace       used 67392K, capacity 73198K, committed 73472K, reserved 1112064K
  class space    used 8357K, capacity 10219K, committed 10240K, reserved 1048576K
Event: 324.824 GC heap after
Heap after GC invocations=27 (full 8):
 PSYoungGen      total 68608K, used 0K [0x00000000f5580000, 0x00000000fa980000, 0x0000000100000000)
  eden space 51200K, 0% used [0x00000000f5580000,0x00000000f5580000,0x00000000f8780000)
  from space 17408K, 0% used [0x00000000f8780000,0x00000000f8780000,0x00000000f9880000)
  to   space 17408K, 0% used [0x00000000f9880000,0x00000000f9880000,0x00000000fa980000)
 ParOldGen       total 101888K, used 36627K [0x00000000e0000000, 0x00000000e6380000, 0x00000000f5580000)
  object space 101888K, 35% used [0x00000000e0000000,0x00000000e23c4ed8,0x00000000e6380000)
 Metaspace       used 67392K, capacity 73198K, committed 73472K, reserved 1112064K
  class space    used 8357K, capacity 10219K, committed 10240K, reserved 1048576K
}
Event: 384.182 GC heap before
{Heap before GC invocations=28 (full 8):
 PSYoungGen      total 68608K, used 4705K [0x00000000f5580000, 0x00000000fa980000, 0x0000000100000000)
  eden space 51200K, 9% used [0x00000000f5580000,0x00000000f5a18728,0x00000000f8780000)
  from space 17408K, 0% used [0x00000000f8780000,0x00000000f8780000,0x00000000f9880000)
  to   space 17408K, 0% used [0x00000000f9880000,0x00000000f9880000,0x00000000fa980000)
 ParOldGen       total 101888K, used 36627K [0x00000000e0000000, 0x00000000e6380000, 0x00000000f5580000)
  object space 101888K, 35% used [0x00000000e0000000,0x00000000e23c4ed8,0x00000000e6380000)
 Metaspace       used 67422K, capacity 73198K, committed 73472K, reserved 1112064K
  class space    used 8358K, capacity 10219K, committed 10240K, reserved 1048576K
Event: 384.425 GC heap after
Heap after GC invocations=28 (full 8):
 PSYoungGen      total 68608K, used 128K [0x00000000f5580000, 0x00000000fa980000, 0x0000000100000000)
  eden space 51200K, 0% used [0x00000000f5580000,0x00000000f5580000,0x00000000f8780000)
  from space 17408K, 0% used [0x00000000f9880000,0x00000000f98a0000,0x00000000fa980000)
  to   space 17408K, 0% used [0x00000000f8780000,0x00000000f8780000,0x00000000f9880000)
 ParOldGen       total 101888K, used 36635K [0x00000000e0000000, 0x00000000e6380000, 0x00000000f5580000)
  object space 101888K, 35% used [0x00000000e0000000,0x00000000e23c6ed8,0x00000000e6380000)
 Metaspace       used 67422K, capacity 73198K, committed 73472K, reserved 1112064K
  class space    used 8358K, capacity 10219K, committed 10240K, reserved 1048576K
}
Event: 384.425 GC heap before
{Heap before GC invocations=29 (full 9):
 PSYoungGen      total 68608K, used 128K [0x00000000f5580000, 0x00000000fa980000, 0x0000000100000000)
  eden space 51200K, 0% used [0x00000000f5580000,0x00000000f5580000,0x00000000f8780000)
  from space 17408K, 0% used [0x00000000f9880000,0x00000000f98a0000,0x00000000fa980000)
  to   space 17408K, 0% used [0x00000000f8780000,0x00000000f8780000,0x00000000f9880000)
 ParOldGen       total 101888K, used 36635K [0x00000000e0000000, 0x00000000e6380000, 0x00000000f5580000)
  object space 101888K, 35% used [0x00000000e0000000,0x00000000e23c6ed8,0x00000000e6380000)
 Metaspace       used 67422K, capacity 73198K, committed 73472K, reserved 1112064K
  class space    used 8358K, capacity 10219K, committed 10240K, reserved 1048576K
Event: 385.455 GC heap after
Heap after GC invocations=29 (full 9):
 PSYoungGen      total 68608K, used 0K [0x00000000f5580000, 0x00000000fa980000, 0x0000000100000000)
  eden space 51200K, 0% used [0x00000000f5580000,0x00000000f5580000,0x00000000f8780000)
  from space 17408K, 0% used [0x00000000f9880000,0x00000000f9880000,0x00000000fa980000)
  to   space 17408K, 0% used [0x00000000f8780000,0x00000000f8780000,0x00000000f9880000)
 ParOldGen       total 101888K, used 36360K [0x00000000e0000000, 0x00000000e6380000, 0x00000000f5580000)
  object space 101888K, 35% used [0x00000000e0000000,0x00000000e23822a8,0x00000000e6380000)
 Metaspace       used 67422K, capacity 73198K, committed 73472K, reserved 1112064K
  class space    used 8358K, capacity 10219K, committed 10240K, reserved 1048576K
}

Deoptimization events (10 events):
Event: 454.240 Thread 0x0000000002213800 Uncommon trap: reason=class_check action=maybe_recompile pc=0x00000000037ac378 method=org.eclipse.e4.core.internal.contexts.TrackableComputationExt.update(Lorg/eclipse/e4/core/internal/contexts/ContextChangeEvent;)Z @ 62
Event: 454.240 Thread 0x0000000002213800 Uncommon trap: reason=class_check action=maybe_recompile pc=0x00000000037ac378 method=org.eclipse.e4.core.internal.contexts.TrackableComputationExt.update(Lorg/eclipse/e4/core/internal/contexts/ContextChangeEvent;)Z @ 62
Event: 454.240 Thread 0x0000000002213800 Uncommon trap: reason=class_check action=maybe_recompile pc=0x00000000037ac378 method=org.eclipse.e4.core.internal.contexts.TrackableComputationExt.update(Lorg/eclipse/e4/core/internal/contexts/ContextChangeEvent;)Z @ 62
Event: 454.397 Thread 0x0000000019fae800 Uncommon trap: reason=unstable_if action=reinterpret pc=0x0000000002485364 method=sun.nio.cs.SingleByte$Encoder.encode(C)I @ 13
Event: 454.403 Thread 0x0000000002213800 Uncommon trap: reason=array_check action=maybe_recompile pc=0x0000000003201d5c method=java.util.AbstractCollection.toArray([Ljava/lang/Object;)[Ljava/lang/Object; @ 119
Event: 454.409 Thread 0x0000000002213800 Uncommon trap: reason=array_check action=maybe_recompile pc=0x0000000003201d5c method=java.util.AbstractCollection.toArray([Ljava/lang/Object;)[Ljava/lang/Object; @ 119
Event: 454.409 Thread 0x0000000002213800 Uncommon trap: reason=array_check action=maybe_recompile pc=0x0000000003201d5c method=java.util.AbstractCollection.toArray([Ljava/lang/Object;)[Ljava/lang/Object; @ 119
Event: 454.542 Thread 0x0000000002213800 Uncommon trap: reason=unstable_if action=reinterpret pc=0x00000000030ee614 method=sun.nio.cs.UTF_8$Decoder.decodeArrayLoop(Ljava/nio/ByteBuffer;Ljava/nio/CharBuffer;)Ljava/nio/charset/CoderResult; @ 110
Event: 454.542 Thread 0x0000000002213800 Uncommon trap: reason=unstable_if action=reinterpret pc=0x00000000032ed644 method=java.nio.charset.CoderResult.isOverflow()Z @ 5
Event: 455.116 Thread 0x0000000002213800 Uncommon trap: reason=unstable_if action=reinterpret pc=0x00000000033db1a0 method=org.eclipse.core.runtime.internal.adaptor.EclipseLazyStarter.shouldActivateFor(Ljava/lang/String;Lorg/eclipse/osgi/baseadaptor/BaseData;Lorg/eclipse/core/runtime/internal/ada

Internal exceptions (10 events):
Event: 452.465 Thread 0x0000000019fb0800 Exception <a 'sun/nio/fs/WindowsException'> (0x00000000f5688608) thrown at [C:\re\workspace\8-2-build-windows-amd64-cygwin\jdk8u45\3627\hotspot\src\share\vm\prims\jni.cpp, line 709]
Event: 452.992 Thread 0x0000000002213800 Implicit null exception at 0x000000000256af53 to 0x000000000256b439
Event: 452.994 Thread 0x0000000002213800 Implicit null exception at 0x000000000313398c to 0x00000000031339e9
Event: 453.548 Thread 0x0000000019fb3000 Implicit null exception at 0x0000000002d8b8ec to 0x0000000002d8b941
Event: 454.395 Thread 0x0000000019fab800 Exception <a 'java/lang/InterruptedException'> (0x00000000f6990090) thrown at [C:\re\workspace\8-2-build-windows-amd64-cygwin\jdk8u45\3627\hotspot\src\share\vm\runtime\objectMonitor.cpp, line 1683]
Event: 455.237 Thread 0x0000000015825000 Exception <a 'java/lang/InterruptedException': sleep interrupted> (0x00000000f6d1c6c8) thrown at [C:\re\workspace\8-2-build-windows-amd64-cygwin\jdk8u45\3627\hotspot\src\share\vm\prims\jvm.cpp, line 3211]
Event: 455.240 Thread 0x00000000167f6000 Exception <a 'java/lang/InterruptedException'> (0x00000000f6be31b8) thrown at [C:\re\workspace\8-2-build-windows-amd64-cygwin\jdk8u45\3627\hotspot\src\share\vm\runtime\objectMonitor.cpp, line 1683]
Event: 455.240 Thread 0x0000000015a95800 Exception <a 'java/lang/InterruptedException'> (0x00000000f6d9c680) thrown at [C:\re\workspace\8-2-build-windows-amd64-cygwin\jdk8u45\3627\hotspot\src\share\vm\runtime\objectMonitor.cpp, line 1683]
Event: 455.731 Thread 0x0000000015e25800 Exception <a 'java/lang/InterruptedException'> (0x00000000f6c95530) thrown at [C:\re\workspace\8-2-build-windows-amd64-cygwin\jdk8u45\3627\hotspot\src\share\vm\runtime\objectMonitor.cpp, line 1683]
Event: 455.734 Thread 0x0000000019fab800 Exception <a 'java/io/IOException'> (0x00000000f6f7fc30) thrown at [C:\re\workspace\8-2-build-windows-amd64-cygwin\jdk8u45\3627\hotspot\src\share\vm\prims\jni.cpp, line 709]

Events (10 events):
Event: 455.731 loading class java/util/IdentityHashMap$KeyIterator
Event: 455.732 loading class java/util/IdentityHashMap$IdentityHashMapIterator
Event: 455.732 loading class java/util/IdentityHashMap$IdentityHashMapIterator done
Event: 455.732 loading class java/util/IdentityHashMap$KeyIterator done
Event: 455.732 Thread 0x0000000019fab800 Thread added: 0x0000000019fab800
Event: 455.734 Executing VM operation: RevokeBias
Event: 455.734 Executing VM operation: RevokeBias done
Event: 455.734 Executing VM operation: RevokeBias
Event: 455.734 Executing VM operation: RevokeBias done
Event: 455.736 Executing VM operation: Exit


Dynamic libraries:
0x0000000000400000 - 0x000000000044f000 	E:\ProgramFiles\Xilinx\SDK\2015.4\eclipse\win64.o\eclipse.exe
0x00007ff89d5c0000 - 0x00007ff89d766000 	C:\Windows\SYSTEM32\ntdll.dll
0x00007ff89d480000 - 0x00007ff89d5ba000 	C:\Windows\system32\KERNEL32.DLL
0x00007ff89ad30000 - 0x00007ff89ae3f000 	C:\Windows\system32\KERNELBASE.dll
0x00007ff89bef0000 - 0x00007ff89c061000 	C:\Windows\system32\USER32.dll
0x00007ff898520000 - 0x00007ff89877a000 	C:\Windows\WinSxS\amd64_microsoft.windows.common-controls_6595b64144ccf1df_6.0.9600.17031_none_6242a4b3ecbb55a1\COMCTL32.dll
0x00007ff89be40000 - 0x00007ff89bee7000 	C:\Windows\system32\msvcrt.dll
0x00007ff89bbf0000 - 0x00007ff89bd34000 	C:\Windows\system32\GDI32.dll
0x00007ff89b710000 - 0x00007ff89b744000 	C:\Windows\system32\IMM32.DLL
0x00007ff89b930000 - 0x00007ff89ba69000 	C:\Windows\system32\MSCTF.dll
0x0000000072000000 - 0x0000000072012000 	E:\ProgramFiles\Xilinx\SDK\2015.4\eclipse\win64.o\plugins\org.eclipse.equinox.launcher.win32.win32.x86_64_1.1.200.v20140116-2212\eclipse_1503.dll
0x00007ff89ba70000 - 0x00007ff89bb15000 	C:\Windows\system32\ADVAPI32.dll
0x00007ff892e70000 - 0x00007ff892e7a000 	C:\Windows\SYSTEM32\VERSION.dll
0x00007ff89bb30000 - 0x00007ff89bb87000 	C:\Windows\SYSTEM32\sechost.dll
0x00007ff89ae40000 - 0x00007ff89af77000 	C:\Windows\system32\RPCRT4.dll
0x00007ff899610000 - 0x00007ff899731000 	C:\Windows\system32\uxtheme.dll
0x00007ff89b750000 - 0x00007ff89b926000 	C:\Windows\SYSTEM32\combase.dll
0x00007ff87ca30000 - 0x00007ff87ca6f000 	C:\Program Files\ASUS\Bluetooth Software\btmmhook.dll
0x00007ff89c070000 - 0x00007ff89d47f000 	C:\Windows\system32\SHELL32.dll
0x00007ff89b2c0000 - 0x00007ff89b438000 	C:\Windows\system32\ole32.dll
0x00007ff89b1e0000 - 0x00007ff89b2a1000 	C:\Windows\system32\OLEAUT32.dll
0x00007ff89bb90000 - 0x00007ff89bbe1000 	C:\Windows\system32\SHLWAPI.dll
0x00007ff89b440000 - 0x00007ff89b447000 	C:\Windows\system32\PSAPI.DLL
0x000000006cc40000 - 0x000000006d4c3000 	E:\ProgramFiles\Xilinx\SDK\2015.4\tps\win64\jre\bin\server\jvm.dll
0x00007ff896670000 - 0x00007ff896679000 	C:\Windows\SYSTEM32\WSOCK32.dll
0x00007ff897b10000 - 0x00007ff897b2f000 	C:\Windows\SYSTEM32\WINMM.dll
0x0000000070730000 - 0x0000000070802000 	C:\Windows\SYSTEM32\MSVCR100.dll
0x00007ff89b160000 - 0x00007ff89b1b8000 	C:\Windows\system32\WS2_32.dll
0x00007ff897ae0000 - 0x00007ff897b0a000 	C:\Windows\SYSTEM32\WINMMBASE.dll
0x00007ff89bb20000 - 0x00007ff89bb29000 	C:\Windows\system32\NSI.dll
0x00007ff89aa00000 - 0x00007ff89aa4a000 	C:\Windows\SYSTEM32\cfgmgr32.dll
0x00007ff899790000 - 0x00007ff8997b6000 	C:\Windows\SYSTEM32\DEVOBJ.dll
0x000000006f480000 - 0x000000006f48f000 	E:\ProgramFiles\Xilinx\SDK\2015.4\tps\win64\jre\bin\verify.dll
0x000000006e930000 - 0x000000006e959000 	E:\ProgramFiles\Xilinx\SDK\2015.4\tps\win64\jre\bin\java.dll
0x000000006e2a0000 - 0x000000006e2b6000 	E:\ProgramFiles\Xilinx\SDK\2015.4\tps\win64\jre\bin\zip.dll
0x00007ff898ae0000 - 0x00007ff898b7f000 	C:\Windows\system32\SHCORE.dll
0x00007ff89a930000 - 0x00007ff89a944000 	C:\Windows\system32\profapi.dll
0x00007ff89a0d0000 - 0x00007ff89a0ee000 	C:\Windows\SYSTEM32\CRYPTSP.dll
0x00007ff899d10000 - 0x00007ff899d45000 	C:\Windows\system32\rsaenh.dll
0x00007ff89a4e0000 - 0x00007ff89a506000 	C:\Windows\SYSTEM32\bcrypt.dll
0x00007ff899e20000 - 0x00007ff899e3e000 	C:\Windows\SYSTEM32\USERENV.dll
0x00007ff89a810000 - 0x00007ff89a870000 	C:\Windows\system32\bcryptprimitives.dll
0x00007ff89a870000 - 0x00007ff89a87a000 	C:\Windows\SYSTEM32\CRYPTBASE.dll
0x000000006df20000 - 0x000000006df3a000 	E:\ProgramFiles\Xilinx\SDK\2015.4\tps\win64\jre\bin\net.dll
0x00007ff89a070000 - 0x00007ff89a0c8000 	C:\Windows\system32\mswsock.dll
0x00007ff894d20000 - 0x00007ff894d49000 	C:\Windows\SYSTEM32\IPHLPAPI.DLL
0x00007ff894d10000 - 0x00007ff894d1a000 	C:\Windows\SYSTEM32\WINNSI.DLL
0x00007ff894b90000 - 0x00007ff894ba4000 	C:\Windows\SYSTEM32\dhcpcsvc6.DLL
0x00007ff894b70000 - 0x00007ff894b89000 	C:\Windows\SYSTEM32\dhcpcsvc.DLL
0x000000006df00000 - 0x000000006df11000 	E:\ProgramFiles\Xilinx\SDK\2015.4\tps\win64\jre\bin\nio.dll
0x00007ff8997e0000 - 0x00007ff8997ea000 	C:\Windows\SYSTEM32\kernel.appcore.dll
0x00007ff88c8b0000 - 0x00007ff88c8c4000 	C:\Windows\system32\napinsp.dll
0x00007ff88c890000 - 0x00007ff88c8a9000 	C:\Windows\system32\pnrpnsp.dll
0x00007ff899170000 - 0x00007ff89918b000 	C:\Windows\system32\NLAapi.dll
0x00007ff899e80000 - 0x00007ff899f23000 	C:\Windows\SYSTEM32\DNSAPI.dll
0x00007ff88c880000 - 0x00007ff88c88c000 	C:\Windows\System32\winrnr.dll
0x00007ff88c860000 - 0x00007ff88c873000 	C:\Windows\system32\wshbth.dll
0x00007ff895ad0000 - 0x00007ff895ad9000 	C:\Windows\System32\rasadhlp.dll
0x00007ff894810000 - 0x00007ff894878000 	C:\Windows\System32\fwpuclnt.dll
0x0000000017e90000 - 0x0000000017f38000 	C:\Users\CoBoL\.Xilinx\SDK\2015.4\org.eclipse.osgi\bundles\303\1\.cp\swt-win32-4335.dll
0x00007ff89bd40000 - 0x00007ff89bdde000 	C:\Windows\system32\comdlg32.dll
0x00007ff897ba0000 - 0x00007ff897c1b000 	C:\Windows\SYSTEM32\WINSPOOL.DRV
0x00007ff88a620000 - 0x00007ff88a634000 	C:\Windows\SYSTEM32\USP10.dll
0x00007ff8933c0000 - 0x00007ff893608000 	C:\Windows\SYSTEM32\WININET.dll
0x00007ff89aa50000 - 0x00007ff89ac2f000 	C:\Windows\system32\CRYPT32.dll
0x00007ff893610000 - 0x00007ff8938d7000 	C:\Windows\SYSTEM32\iertutil.dll
0x00007ff89a9e0000 - 0x00007ff89a9f2000 	C:\Windows\system32\MSASN1.dll
0x00007ff899150000 - 0x00007ff899170000 	C:\Windows\system32\dwmapi.dll
0x00007ff895af0000 - 0x00007ff895c5f000 	C:\Windows\SYSTEM32\propsys.dll
0x00007ff89b660000 - 0x00007ff89b704000 	C:\Windows\SYSTEM32\clbcatq.dll
0x00000000021c0000 - 0x00000000021de000 	C:\Users\CoBoL\.Xilinx\SDK\2015.4\org.eclipse.osgi\bundles\303\1\.cp\swt-gdip-win32-4335.dll
0x00007ff8964a0000 - 0x00007ff896638000 	C:\Windows\WinSxS\amd64_microsoft.windows.gdiplus_6595b64144ccf1df_1.1.9600.17227_none_932c0e57474f5080\gdiplus.dll
0x00007ff897f20000 - 0x00007ff8980ce000 	C:\Windows\SYSTEM32\WindowsCodecs.dll
0x0000000180000000 - 0x0000000180012000 	C:\Users\CoBoL\.Xilinx\SDK\2015.4\org.eclipse.osgi\bundles\121\1\.cp\os\win32\x86_64\localfile_1_0_0.dll
0x00007ff8928d0000 - 0x00007ff8928e1000 	C:\Users\CoBoL\.Xilinx\SDK\2015.4\org.eclipse.osgi\bundles\124\1\.cp\jWinHttp-1.0.0.dll
0x00007ff88d2f0000 - 0x00007ff88d3b5000 	C:\Windows\SYSTEM32\WINHTTP.dll
0x00007ff897b30000 - 0x00007ff897b93000 	C:\Windows\SYSTEM32\oleacc.dll
0x00007ff896650000 - 0x00007ff89665a000 	E:\ProgramFiles\Xilinx\SDK\2015.4\lib\win64.o\librdi_jtag_settings.dll
0x00007ff892530000 - 0x00007ff892559000 	E:\ProgramFiles\Xilinx\SDK\2015.4\lib\win64.o\librdi_debug_dialog.dll
0x00007ff88f280000 - 0x00007ff88f327000 	C:\Windows\SYSTEM32\MSVCP110.dll
0x00007ff88e980000 - 0x00007ff88ea54000 	C:\Windows\SYSTEM32\MSVCR110.dll
0x00007ff891680000 - 0x00007ff8916a2000 	E:\ProgramFiles\Xilinx\SDK\2015.4\lib\win64.o\libboost_filesystem.dll
0x00007ff876170000 - 0x00007ff876afd000 	E:\ProgramFiles\Xilinx\SDK\2015.4\lib\win64.o\librdi_common.dll
0x00007ff891190000 - 0x00007ff89137c000 	E:\ProgramFiles\Xilinx\SDK\2015.4\lib\win64.o\librdi_hsm.dll
0x00007ff8959f0000 - 0x00007ff8959f9000 	E:\ProgramFiles\Xilinx\SDK\2015.4\lib\win64.o\libboost_system.dll
0x00007ff88f820000 - 0x00007ff88fb8e000 	E:\ProgramFiles\Xilinx\SDK\2015.4\lib\win64.o\libCOIN-all.dll
0x00007ff885b30000 - 0x00007ff885d4e000 	E:\ProgramFiles\Xilinx\SDK\2015.4\lib\win64.o\libXil_lmgr11.dll
0x00007ff895730000 - 0x00007ff895740000 	E:\ProgramFiles\Xilinx\SDK\2015.4\lib\win64.o\libboost_date_time.dll
0x00007ff891600000 - 0x00007ff891674000 	E:\ProgramFiles\Xilinx\SDK\2015.4\lib\win64.o\libboost_program_options.dll
0x00007ff891090000 - 0x00007ff89118a000 	E:\ProgramFiles\Xilinx\SDK\2015.4\lib\win64.o\libboost_regex.dll
0x00007ff892760000 - 0x00007ff892773000 	E:\ProgramFiles\Xilinx\SDK\2015.4\lib\win64.o\libboost_signals.dll
0x00007ff8915e0000 - 0x00007ff8915fd000 	E:\ProgramFiles\Xilinx\SDK\2015.4\lib\win64.o\libboost_thread.dll
0x00007ff892890000 - 0x00007ff89289b000 	E:\ProgramFiles\Xilinx\SDK\2015.4\lib\win64.o\libboost_xilinx.dll
0x00007ff891010000 - 0x00007ff891090000 	E:\ProgramFiles\Xilinx\SDK\2015.4\lib\win64.o\libhdlpsolve.dll
0x00007ff890c60000 - 0x00007ff890cfa000 	E:\ProgramFiles\Xilinx\SDK\2015.4\lib\win64.o\libhdxml.dll
0x00007ff875d30000 - 0x00007ff876164e00 	E:\ProgramFiles\Xilinx\SDK\2015.4\lib\win64.o\libisl_iostreams.dll
0x00007ff8915b0000 - 0x00007ff8915da000 	E:\ProgramFiles\Xilinx\SDK\2015.4\lib\win64.o\libisl_sysinfo.dll
0x00007ff891590000 - 0x00007ff8915a5000 	E:\ProgramFiles\Xilinx\SDK\2015.4\lib\win64.o\pthreadVC2.dll
0x00007ff890fb0000 - 0x00007ff891004000 	E:\ProgramFiles\Xilinx\SDK\2015.4\lib\win64.o\librdi_commonxillic.dll
0x00007ff88f6f0000 - 0x00007ff88f820000 	E:\ProgramFiles\Xilinx\SDK\2015.4\lib\win64.o\librdi_curl.dll
0x00007ff890f10000 - 0x00007ff890f28000 	E:\ProgramFiles\Xilinx\SDK\2015.4\lib\win64.o\librdiconfig.dll
0x00007ff890ee0000 - 0x00007ff890f03000 	E:\ProgramFiles\Xilinx\SDK\2015.4\lib\win64.o\librdizlib.dll
0x000000006df40000 - 0x000000006e067000 	E:\ProgramFiles\Xilinx\SDK\2015.4\lib\win64.o\tcl85t.dll
0x00000000201d0000 - 0x0000000020433000 	E:\ProgramFiles\Xilinx\SDK\2015.4\lib\win64.o\xerces-c_3_1.dll
0x00007ff8938e0000 - 0x00007ff893a65000 	C:\Windows\SYSTEM32\urlmon.dll
0x00007ff88e010000 - 0x00007ff88e033000 	C:\Windows\SYSTEM32\VCOMP110.DLL
0x00007ff890d60000 - 0x00007ff890da3000 	E:\ProgramFiles\Xilinx\SDK\2015.4\lib\win64.o\librdi_hdf.dll
0x00007ff875880000 - 0x00007ff875ad5000 	E:\ProgramFiles\Xilinx\SDK\2015.4\lib\win64.o\librdi_ippcw.dll
0x00007ff8988e0000 - 0x00007ff8988f5000 	C:\Windows\SYSTEM32\NETAPI32.dll
0x00007ff89ac30000 - 0x00007ff89ac7c000 	C:\Windows\system32\WINTRUST.dll
0x00007ff892860000 - 0x00007ff89286b000 	E:\ProgramFiles\Xilinx\SDK\2015.4\lib\win64.o\libboost_chrono.dll
0x00007ff890d40000 - 0x00007ff890d56000 	E:\ProgramFiles\Xilinx\SDK\2015.4\lib\win64.o\libboost_iostreams.dll
0x00007ff890be0000 - 0x00007ff890c03000 	E:\ProgramFiles\Xilinx\SDK\2015.4\lib\win64.o\libisl_iosutils.dll
0x00007ff89a2b0000 - 0x00007ff89a2bc000 	C:\Windows\SYSTEM32\netutils.dll
0x00007ff89a600000 - 0x00007ff89a625000 	C:\Windows\SYSTEM32\srvcli.dll
0x00007ff8988a0000 - 0x00007ff8988b6000 	C:\Windows\SYSTEM32\wkscli.dll
0x00007ff890ed0000 - 0x00007ff890ed8000 	E:\ProgramFiles\Xilinx\SDK\2015.4\lib\win64.o\librdi_target_manager.dll
0x00007ff890eb0000 - 0x00007ff890ebf000 	E:\ProgramFiles\Xilinx\SDK\2015.4\lib\win64.o\librdi_repo_manager.dll
0x00007ff897c20000 - 0x00007ff897c27000 	C:\Windows\SYSTEM32\msimg32.dll
0x00007ff85b440000 - 0x00007ff85bc50000 	E:\ProgramFiles\Xilinx\SDK\2015.4\lib\win64.o\libXil_lmgr11FNP.dll
0x00007ff87a390000 - 0x00007ff87a39c000 	C:\Windows\SYSTEM32\snmpapi.dll
0x00007ff89af80000 - 0x00007ff89b154000 	C:\Windows\system32\SETUPAPI.dll
0x00007ff89a7e0000 - 0x00007ff89a80b000 	C:\Windows\SYSTEM32\SspiCli.dll
0x00007ff88f4b0000 - 0x00007ff88f4c6000 	E:\ProgramFiles\Xilinx\SDK\2015.4\eclipse\win64.o\plugins\org.eclipse.cdt.core.win32.x86_64_5.2.0.201402142303\os\win32\x86_64\spawner.dll
0x00007ff8959e0000 - 0x00007ff8959e3000 	C:\Windows\SYSTEM32\icmp.Dll
0x00007ff891740000 - 0x00007ff8918c8000 	C:\Windows\SYSTEM32\dbghelp.dll

VM Arguments:
jvm_args: -Dcom.xilinx.sdk.args.hwspec=E:/projects/xilinix/master_repo/LAB_AEP/Integrated/Integrated_1/Integrated_1.sdk/fmc_imageon_gs_wrapper.hdf -Xms64m -Xmx512m & 
java_command: <unknown>
java_class_path (initial): E:\ProgramFiles\Xilinx\SDK\2015.4\eclipse\win64.o\\plugins/org.eclipse.equinox.launcher_1.3.0.v20130327-1440.jar
Launcher Type: generic

Environment Variables:
JAVA_HOME=C:\Program Files\Java\jdk1.8.0_20
CLASSPATH=.;C:\Program Files (x86)\QuickTime\QTSystem\QTJava.zip;
USERNAME=CoBoL
OS=Windows_NT
PROCESSOR_IDENTIFIER=Intel64 Family 6 Model 69 Stepping 1, GenuineIntel



---------------  S Y S T E M  ---------------

OS: Windows 8.1 , 64 bit Build 9600 (6.3.9600.17056)

CPU:total 4 (2 cores per cpu, 2 threads per core) family 6 model 69 stepping 1, cmov, cx8, fxsr, mmx, sse, sse2, sse3, ssse3, sse4.1, sse4.2, popcnt, avx, avx2, aes, clmul, erms, lzcnt, ht, tsc, tscinvbit, bmi1, bmi2

Memory: 4k page, physical 8287332k(2742492k free), swap 11433060k(2085232k free)

vm_info: Java HotSpot(TM) 64-Bit Server VM (25.45-b02) for windows-amd64 JRE (1.8.0_45-b15), built on Apr 30 2015 12:40:44 by "java_re" with MS VC++ 10.0 (VS2010)

time: Thu Jun 02 15:28:06 2016
elapsed time: 479 seconds (0d 0h 7m 59s)

