#
# A fatal error has been detected by the Java Runtime Environment:
#
#  Internal Error (0xc000000d), pid=8752, tid=5624
#
# JRE version: Java(TM) SE Runtime Environment (8.0_45-b15) (build 1.8.0_45-b15)
# Java VM: Java HotSpot(TM) 64-Bit Server VM (25.45-b02 mixed mode windows-amd64 compressed oops)
# Problematic frame:
# C  [ntdll.dll+0xfe9d8]
#
# Failed to write core dump. Minidumps are not enabled by default on client versions of Windows
#
# If you would like to submit a bug report, please visit:
#   http://bugreport.java.com/bugreport/crash.jsp
#

---------------  T H R E A D  ---------------

Current thread (0x0000000013647000):  VMThread [stack: 0x00000000146d0000,0x00000000147d0000] [id=5624]

siginfo: ExceptionCode=0xc000000d

Registers:
RAX=0x00007ff89d5eaaba, RBX=0xfffffffffffffffe, RCX=0x00000000f46857d4, RDX=0x0000000000000000
RSP=0x00000000147cf1b0, RBP=0x00007ff88e987408, RSI=0x0000000000000000, RDI=0x000000000000064c
R8 =0x00000916ce5486b6, R9 =0x0000000000000000, R10=0x00007ff89ad313ad, R11=0x0000000000000000
R12=0x0000000022698a20, R13=0x0000000015ebded0, R14=0x0000000022698b28, R15=0x00000000147cf328
RIP=0x00007ff89d6be9d8, EFLAGS=0x0000000000000202

Top of Stack: (sp=0x00000000147cf1b0)
0x00000000147cf1b0:   0000000000000000 fffffffffffffffe
0x00000000147cf1c0:   0000000000000000 000000000000064c
0x00000000147cf1d0:   00000000c000000d 0000000000000000
0x00000000147cf1e0:   00007ff89d6be9d8 0000000000000000
0x00000000147cf1f0:   0000000000000000 0000000000000000
0x00000000147cf200:   0000000000000000 0000000000000000
0x00000000147cf210:   0000000000000000 0000000000000000
0x00000000147cf220:   0000000000000000 0000000000000000
0x00000000147cf230:   0000000000000000 0000000000000000
0x00000000147cf240:   0000000000000000 0000000000000000
0x00000000147cf250:   0000000000000000 0000000000000000
0x00000000147cf260:   0000000000000000 0000000000000013
0x00000000147cf270:   00000916ce549c66 0000000000000000
0x00000000147cf280:   0000000000000120 00007ff89d665ebf
0x00000000147cf290:   00000000001f0000 0000000000000000
0x00000000147cf2a0:   0000000000000120 0000000000000000 

Instructions: (pc=0x00007ff89d6be9d8)
0x00007ff89d6be9b8:   6b f9 ff c7 44 24 20 0d 00 00 c0 b9 57 00 00 00
0x00007ff89d6be9c8:   e8 23 14 f5 ff 90 48 8d 4c 24 20 e8 a4 37 f5 ff
0x00007ff89d6be9d8:   eb 00 48 8b 8c 24 c0 00 00 00 48 33 cc e8 56 47
0x00007ff89d6be9e8:   f8 ff 48 81 c4 d8 00 00 00 c3 40 55 48 83 ec 20 


Register to memory mapping:

RAX=0x00007ff89d5eaaba is an unknown value
RBX=0xfffffffffffffffe is an unknown value
RCX=0x00000000f46857d4 is an unallocated location in the heap
RDX=0x0000000000000000 is an unknown value
RSP=0x00000000147cf1b0 is an unknown value
RBP=0x00007ff88e987408 is an unknown value
RSI=0x0000000000000000 is an unknown value
RDI=0x000000000000064c is an unknown value
R8 =0x00000916ce5486b6 is an unknown value
R9 =0x0000000000000000 is an unknown value
R10=0x00007ff89ad313ad is an unknown value
R11=0x0000000000000000 is an unknown value
R12=0x0000000022698a20 is an unknown value
R13=0x0000000015ebded0 is an unknown value
R14=0x0000000022698b28 is an unknown value
R15=0x00000000147cf328 is an unknown value


Stack: [0x00000000146d0000,0x00000000147d0000],  sp=0x00000000147cf1b0,  free space=1020k
Native frames: (J=compiled Java code, j=interpreted, Vv=VM code, C=native code)
C  [ntdll.dll+0xfe9d8]
C  [ntdll.dll+0xa5ebf]
C  [KERNEL32.DLL+0x35da]
C  [MSVCR110.dll+0x752d]
C  [MSVCR110.dll+0x73c6]
C  [MSVCR110.dll+0x14cca]
C  [MSVCR110.dll+0x13edc]
C  [MSVCR110.dll+0x239e]
C  [MSVCR110.dll+0xaf9e]
C  [MSVCP110.dll+0x397b9]
C  [librdi_common.dll+0x14283e]
C  [librdi_common.dll+0x141449]
C  [librdi_target_manager.dll+0x2400]
C  [librdi_target_manager.dll+0x2682]
C  [ntdll.dll+0x231dd]
C  [ntdll.dll+0x2160a]
C  [ntdll.dll+0x6b5ec]
C  [KERNEL32.DLL+0x4d56]
C  [MSVCR100.dll+0x20ccd]
V  [jvm.dll+0x20f135]
V  [jvm.dll+0x247ef7]
V  [jvm.dll+0x247196]
V  [jvm.dll+0x247631]
V  [jvm.dll+0x24784e]
V  [jvm.dll+0x29853a]
C  [MSVCR100.dll+0x21d9f]
C  [MSVCR100.dll+0x21e3b]
C  [KERNEL32.DLL+0x16ad]
C  [ntdll.dll+0x54409]

VM_Operation (0x000000000013f500): Exit, mode: safepoint, requested by thread 0x00000000020e3800


---------------  P R O C E S S  ---------------

Java Threads: ( => current thread )
  0x0000000019e29800 JavaThread "Spawner Reaper" daemon [_thread_in_native, id=141940, stack(0x0000000027360000,0x0000000027460000)]
  0x0000000019e35800 JavaThread "pool-2-thread-8" [_thread_blocked, id=7560, stack(0x0000000026590000,0x0000000026690000)]
  0x000000001d82e000 JavaThread "pool-2-thread-7" [_thread_blocked, id=141964, stack(0x000000002b800000,0x000000002b900000)]
  0x00000000158c0000 JavaThread "pool-2-thread-6" [_thread_blocked, id=117364, stack(0x000000002aeb0000,0x000000002afb0000)]
  0x00000000158c7800 JavaThread "pool-2-thread-5" [_thread_blocked, id=140952, stack(0x000000002b2b0000,0x000000002b3b0000)]
  0x000000001d82f800 JavaThread "pool-2-thread-4" [_thread_blocked, id=141276, stack(0x000000002b3b0000,0x000000002b4b0000)]
  0x000000001d82c800 JavaThread "pool-2-thread-3" [_thread_blocked, id=6896, stack(0x000000002b1b0000,0x000000002b2b0000)]
  0x00000000158c6000 JavaThread "pool-2-thread-2" [_thread_blocked, id=142388, stack(0x0000000029670000,0x0000000029770000)]
  0x00000000158be800 JavaThread "pool-2-thread-1" [_thread_blocked, id=102984, stack(0x0000000027960000,0x0000000027a60000)]
  0x0000000018d02800 JavaThread "Thread-14" daemon [_thread_blocked, id=9948, stack(0x0000000020ec0000,0x0000000020fc0000)]
  0x0000000019375800 JavaThread "TCF Channel Transmitter" daemon [_thread_blocked, id=142888, stack(0x0000000020550000,0x0000000020650000)]
  0x0000000019371800 JavaThread "TCF Channel Receiver" daemon [_thread_in_native, id=11024, stack(0x000000001b3c0000,0x000000001b4c0000)]
  0x0000000019373800 JavaThread "Process monitor" daemon [_thread_blocked, id=131584, stack(0x00000000209c0000,0x0000000020ac0000)]
  0x0000000019375000 JavaThread "Input Stream Monitor" daemon [_thread_blocked, id=11720, stack(0x00000000208c0000,0x00000000209c0000)]
  0x0000000019371000 JavaThread "Output Stream Monitor" daemon [_thread_in_native, id=8640, stack(0x00000000207c0000,0x00000000208c0000)]
  0x0000000019372800 JavaThread "Output Stream Monitor" daemon [_thread_in_native, id=7540, stack(0x00000000206c0000,0x00000000207c0000)]
  0x0000000014fb1000 JavaThread "TCF Locator DNS Lookup" daemon [_thread_blocked, id=10572, stack(0x000000001f340000,0x000000001f440000)]
  0x0000000014fb3800 JavaThread "TCF Locator Timer" daemon [_thread_blocked, id=141320, stack(0x000000001f240000,0x000000001f340000)]
  0x0000000014fb2800 JavaThread "TCF Locator Receiver" daemon [_thread_in_native, id=142096, stack(0x000000001f140000,0x000000001f240000)]
  0x0000000014fb2000 JavaThread "TCF Timer Dispatcher" daemon [_thread_blocked, id=5132, stack(0x000000001e3c0000,0x000000001e4c0000)]
  0x0000000015b02000 JavaThread "EMF Reference Cleaner" daemon [_thread_blocked, id=142772, stack(0x0000000017620000,0x0000000017720000)]
  0x00000000136de800 JavaThread "Service Thread" daemon [_thread_blocked, id=11780, stack(0x00000000152d0000,0x00000000153d0000)]
  0x00000000136dc800 JavaThread "C1 CompilerThread2" daemon [_thread_blocked, id=142588, stack(0x00000000151d0000,0x00000000152d0000)]
  0x00000000136d4000 JavaThread "C2 CompilerThread1" daemon [_thread_blocked, id=2176, stack(0x00000000150d0000,0x00000000151d0000)]
  0x00000000136d0800 JavaThread "C2 CompilerThread0" daemon [_thread_blocked, id=8700, stack(0x0000000014fd0000,0x00000000150d0000)]
  0x00000000136cd000 JavaThread "Attach Listener" daemon [_thread_blocked, id=8548, stack(0x0000000014ad0000,0x0000000014bd0000)]
  0x00000000136cc800 JavaThread "Signal Dispatcher" daemon [_thread_blocked, id=143044, stack(0x00000000149d0000,0x0000000014ad0000)]
  0x00000000021da000 JavaThread "Finalizer" daemon [_thread_blocked, id=142668, stack(0x00000000148d0000,0x00000000149d0000)]
  0x00000000021d0000 JavaThread "Reference Handler" daemon [_thread_blocked, id=8736, stack(0x00000000147d0000,0x00000000148d0000)]
  0x00000000020e3800 JavaThread "main" [_thread_blocked, id=142892, stack(0x0000000000040000,0x0000000000140000)]

Other Threads:
=>0x0000000013647000 VMThread [stack: 0x00000000146d0000,0x00000000147d0000] [id=5624]

VM state:at safepoint (shutting down)

VM Mutex/Monitor currently owned by a thread:  ([mutex/lock_event])
[0x00000000020e0ad0] Threads_lock - owner thread: 0x0000000013647000

Heap:
 PSYoungGen      total 153088K, used 65639K [0x00000000f5580000, 0x00000000ff480000, 0x0000000100000000)
  eden space 144384K, 45% used [0x00000000f5580000,0x00000000f9599ee8,0x00000000fe280000)
  from space 8704K, 0% used [0x00000000fec00000,0x00000000fec00000,0x00000000ff480000)
  to   space 9216K, 0% used [0x00000000fe280000,0x00000000fe280000,0x00000000feb80000)
 ParOldGen       total 94720K, used 61615K [0x00000000e0000000, 0x00000000e5c80000, 0x00000000f5580000)
  object space 94720K, 65% used [0x00000000e0000000,0x00000000e3c2bfd8,0x00000000e5c80000)
 Metaspace       used 108194K, capacity 115540K, committed 115712K, reserved 1150976K
  class space    used 12919K, capacity 15080K, committed 15104K, reserved 1048576K

Card table byte_map: [0x0000000002250000,0x0000000002360000] byte_map_base: 0x0000000001b50000

Marking Bits: (ParMarkBitMap*) 0x000000006d444040
 Begin Bits: [0x0000000011be0000, 0x00000000123e0000)
 End Bits:   [0x00000000123e0000, 0x0000000012be0000)

Polling page: 0x00000000003f0000

CodeCache: size=245760Kb used=80050Kb max_used=80051Kb free=165709Kb
 bounds [0x0000000002420000, 0x00000000072f0000, 0x0000000011420000]
 total_blobs=20340 nmethods=19460 adapters=783
 compilation: enabled

Compilation events (10 events):
Event: 6192.647 Thread 0x00000000136dc800 26944       1       org.eclipse.osgi.internal.loader.BundleLoaderProxy::getBundleData (5 bytes)
Event: 6192.647 Thread 0x00000000136dc800 nmethod 26944 0x00000000043dadd0 code [0x00000000043daf20, 0x00000000043db030]
Event: 6192.650 Thread 0x00000000136dc800 26938       3       org.eclipse.equinox.internal.event.mapper.EventAdapter::putBundleProperties (54 bytes)
Event: 6192.651 Thread 0x00000000136dc800 nmethod 26938 0x0000000004c3aa10 code [0x0000000004c3abe0, 0x0000000004c3b2e8]
Event: 6192.712 Thread 0x00000000136d0800 26945       4       java.io.File::list (33 bytes)
Event: 6192.718 Thread 0x00000000136d0800 nmethod 26945 0x0000000004c3a450 code [0x0000000004c3a5a0, 0x0000000004c3a7a8]
Event: 6192.750 Thread 0x00000000136dc800 26946   !   3       org.eclipse.osgi.internal.baseadaptor.BaseStorage::compact (215 bytes)
Event: 6192.754 Thread 0x00000000136dc800 nmethod 26946 0x00000000072ebbd0 code [0x00000000072ec020, 0x00000000072ee4e8]
Event: 6192.893 Thread 0x00000000136dc800 26947       3       org.eclipse.osgi.framework.internal.core.AbstractBundle::close (52 bytes)
Event: 6192.894 Thread 0x00000000136dc800 nmethod 26947 0x00000000058a2f50 code [0x00000000058a3180, 0x00000000058a3e88]

GC Heap History (10 events):
Event: 5902.450 GC heap before
{Heap before GC invocations=213 (full 73):
 PSYoungGen      total 154112K, used 160K [0x00000000f5580000, 0x00000000ff680000, 0x0000000100000000)
  eden space 144384K, 0% used [0x00000000f5580000,0x00000000f5580000,0x00000000fe280000)
  from space 9728K, 1% used [0x00000000fed00000,0x00000000fed28000,0x00000000ff680000)
  to   space 10240K, 0% used [0x00000000fe280000,0x00000000fe280000,0x00000000fec80000)
 ParOldGen       total 94720K, used 61497K [0x00000000e0000000, 0x00000000e5c80000, 0x00000000f5580000)
  object space 94720K, 64% used [0x00000000e0000000,0x00000000e3c0e7e0,0x00000000e5c80000)
 Metaspace       used 107607K, capacity 115074K, committed 115456K, reserved 1148928K
  class space    used 12861K, capacity 15013K, committed 15104K, reserved 1048576K
Event: 5903.049 GC heap after
Heap after GC invocations=213 (full 73):
 PSYoungGen      total 154112K, used 0K [0x00000000f5580000, 0x00000000ff680000, 0x0000000100000000)
  eden space 144384K, 0% used [0x00000000f5580000,0x00000000f5580000,0x00000000fe280000)
  from space 9728K, 0% used [0x00000000fed00000,0x00000000fed00000,0x00000000ff680000)
  to   space 10240K, 0% used [0x00000000fe280000,0x00000000fe280000,0x00000000fec80000)
 ParOldGen       total 94720K, used 61454K [0x00000000e0000000, 0x00000000e5c80000, 0x00000000f5580000)
  object space 94720K, 64% used [0x00000000e0000000,0x00000000e3c03ae8,0x00000000e5c80000)
 Metaspace       used 107607K, capacity 115074K, committed 115456K, reserved 1148928K
  class space    used 12861K, capacity 15013K, committed 15104K, reserved 1048576K
}
Event: 6060.006 GC heap before
{Heap before GC invocations=214 (full 73):
 PSYoungGen      total 154112K, used 84899K [0x00000000f5580000, 0x00000000ff680000, 0x0000000100000000)
  eden space 144384K, 58% used [0x00000000f5580000,0x00000000fa868f18,0x00000000fe280000)
  from space 9728K, 0% used [0x00000000fed00000,0x00000000fed00000,0x00000000ff680000)
  to   space 10240K, 0% used [0x00000000fe280000,0x00000000fe280000,0x00000000fec80000)
 ParOldGen       total 94720K, used 61454K [0x00000000e0000000, 0x00000000e5c80000, 0x00000000f5580000)
  object space 94720K, 64% used [0x00000000e0000000,0x00000000e3c03ae8,0x00000000e5c80000)
 Metaspace       used 107625K, capacity 115074K, committed 115456K, reserved 1148928K
  class space    used 12861K, capacity 15013K, committed 15104K, reserved 1048576K
Event: 6060.030 GC heap after
Heap after GC invocations=214 (full 73):
 PSYoungGen      total 146432K, used 1897K [0x00000000f5580000, 0x00000000ff580000, 0x0000000100000000)
  eden space 144384K, 0% used [0x00000000f5580000,0x00000000f5580000,0x00000000fe280000)
  from space 2048K, 92% used [0x00000000fe280000,0x00000000fe45a758,0x00000000fe480000)
  to   space 9728K, 0% used [0x00000000fec00000,0x00000000fec00000,0x00000000ff580000)
 ParOldGen       total 94720K, used 61454K [0x00000000e0000000, 0x00000000e5c80000, 0x00000000f5580000)
  object space 94720K, 64% used [0x00000000e0000000,0x00000000e3c03ae8,0x00000000e5c80000)
 Metaspace       used 107625K, capacity 115074K, committed 115456K, reserved 1148928K
  class space    used 12861K, capacity 15013K, committed 15104K, reserved 1048576K
}
Event: 6060.030 GC heap before
{Heap before GC invocations=215 (full 74):
 PSYoungGen      total 146432K, used 1897K [0x00000000f5580000, 0x00000000ff580000, 0x0000000100000000)
  eden space 144384K, 0% used [0x00000000f5580000,0x00000000f5580000,0x00000000fe280000)
  from space 2048K, 92% used [0x00000000fe280000,0x00000000fe45a758,0x00000000fe480000)
  to   space 9728K, 0% used [0x00000000fec00000,0x00000000fec00000,0x00000000ff580000)
 ParOldGen       total 94720K, used 61454K [0x00000000e0000000, 0x00000000e5c80000, 0x00000000f5580000)
  object space 94720K, 64% used [0x00000000e0000000,0x00000000e3c03ae8,0x00000000e5c80000)
 Metaspace       used 107625K, capacity 115074K, committed 115456K, reserved 1148928K
  class space    used 12861K, capacity 15013K, committed 15104K, reserved 1048576K
Event: 6061.194 GC heap after
Heap after GC invocations=215 (full 74):
 PSYoungGen      total 146432K, used 0K [0x00000000f5580000, 0x00000000ff580000, 0x0000000100000000)
  eden space 144384K, 0% used [0x00000000f5580000,0x00000000f5580000,0x00000000fe280000)
  from space 2048K, 0% used [0x00000000fe280000,0x00000000fe280000,0x00000000fe480000)
  to   space 9728K, 0% used [0x00000000fec00000,0x00000000fec00000,0x00000000ff580000)
 ParOldGen       total 94720K, used 62263K [0x00000000e0000000, 0x00000000e5c80000, 0x00000000f5580000)
  object space 94720K, 65% used [0x00000000e0000000,0x00000000e3ccdc70,0x00000000e5c80000)
 Metaspace       used 107625K, capacity 115074K, committed 115456K, reserved 1148928K
  class space    used 12861K, capacity 15013K, committed 15104K, reserved 1048576K
}
Event: 6131.657 GC heap before
{Heap before GC invocations=216 (full 74):
 PSYoungGen      total 146432K, used 6624K [0x00000000f5580000, 0x00000000ff580000, 0x0000000100000000)
  eden space 144384K, 4% used [0x00000000f5580000,0x00000000f5bf8288,0x00000000fe280000)
  from space 2048K, 0% used [0x00000000fe280000,0x00000000fe280000,0x00000000fe480000)
  to   space 9728K, 0% used [0x00000000fec00000,0x00000000fec00000,0x00000000ff580000)
 ParOldGen       total 94720K, used 62263K [0x00000000e0000000, 0x00000000e5c80000, 0x00000000f5580000)
  object space 94720K, 65% used [0x00000000e0000000,0x00000000e3ccdc70,0x00000000e5c80000)
 Metaspace       used 107625K, capacity 115074K, committed 115456K, reserved 1148928K
  class space    used 12861K, capacity 15013K, committed 15104K, reserved 1048576K
Event: 6131.663 GC heap after
Heap after GC invocations=216 (full 74):
 PSYoungGen      total 153088K, used 160K [0x00000000f5580000, 0x00000000ff480000, 0x0000000100000000)
  eden space 144384K, 0% used [0x00000000f5580000,0x00000000f5580000,0x00000000fe280000)
  from space 8704K, 1% used [0x00000000fec00000,0x00000000fec28000,0x00000000ff480000)
  to   space 9216K, 0% used [0x00000000fe280000,0x00000000fe280000,0x00000000feb80000)
 ParOldGen       total 94720K, used 62263K [0x00000000e0000000, 0x00000000e5c80000, 0x00000000f5580000)
  object space 94720K, 65% used [0x00000000e0000000,0x00000000e3ccdc70,0x00000000e5c80000)
 Metaspace       used 107625K, capacity 115074K, committed 115456K, reserved 1148928K
  class space    used 12861K, capacity 15013K, committed 15104K, reserved 1048576K
}
Event: 6131.663 GC heap before
{Heap before GC invocations=217 (full 75):
 PSYoungGen      total 153088K, used 160K [0x00000000f5580000, 0x00000000ff480000, 0x0000000100000000)
  eden space 144384K, 0% used [0x00000000f5580000,0x00000000f5580000,0x00000000fe280000)
  from space 8704K, 1% used [0x00000000fec00000,0x00000000fec28000,0x00000000ff480000)
  to   space 9216K, 0% used [0x00000000fe280000,0x00000000fe280000,0x00000000feb80000)
 ParOldGen       total 94720K, used 62263K [0x00000000e0000000, 0x00000000e5c80000, 0x00000000f5580000)
  object space 94720K, 65% used [0x00000000e0000000,0x00000000e3ccdc70,0x00000000e5c80000)
 Metaspace       used 107625K, capacity 115074K, committed 115456K, reserved 1148928K
  class space    used 12861K, capacity 15013K, committed 15104K, reserved 1048576K
Event: 6132.332 GC heap after
Heap after GC invocations=217 (full 75):
 PSYoungGen      total 153088K, used 0K [0x00000000f5580000, 0x00000000ff480000, 0x0000000100000000)
  eden space 144384K, 0% used [0x00000000f5580000,0x00000000f5580000,0x00000000fe280000)
  from space 8704K, 0% used [0x00000000fec00000,0x00000000fec00000,0x00000000ff480000)
  to   space 9216K, 0% used [0x00000000fe280000,0x00000000fe280000,0x00000000feb80000)
 ParOldGen       total 94720K, used 61615K [0x00000000e0000000, 0x00000000e5c80000, 0x00000000f5580000)
  object space 94720K, 65% used [0x00000000e0000000,0x00000000e3c2bfd8,0x00000000e5c80000)
 Metaspace       used 107625K, capacity 115074K, committed 115456K, reserved 1148928K
  class space    used 12861K, capacity 15013K, committed 15104K, reserved 1048576K
}

Deoptimization events (10 events):
Event: 6192.505 Thread 0x00000000020e3800 Uncommon trap: reason=unstable_if action=reinterpret pc=0x0000000002f0ded0 method=org.eclipse.core.runtime.internal.adaptor.EclipseLazyStarter.shouldActivateFor(Ljava/lang/String;Lorg/eclipse/osgi/baseadaptor/BaseData;Lorg/eclipse/core/runtime/internal/ada€”ÆÅ0∏@
Event: 6192.507 Thread 0x00000000020e3800 Uncommon trap: reason=class_check action=maybe_recompile pc=0x00000000034bd14c method=org.eclipse.swt.widgets.Display.asyncExec(Ljava/lang/Runnable;)V @ 54
Event: 6192.507 Thread 0x00000000020e3800 Uncommon trap: reason=class_check action=maybe_recompile pc=0x00000000034bd14c method=org.eclipse.swt.widgets.Display.asyncExec(Ljava/lang/Runnable;)V @ 54
Event: 6192.622 Thread 0x0000000019e28000 Uncommon trap: reason=unstable_if action=reinterpret pc=0x00000000042b3c98 method=org.eclipse.core.internal.jobs.WorkerPool.startJob(Lorg/eclipse/core/internal/jobs/Worker;)Lorg/eclipse/core/internal/jobs/InternalJob; @ 177
Event: 6192.622 Thread 0x0000000018d04800 Uncommon trap: reason=unstable_if action=reinterpret pc=0x00000000042b3c98 method=org.eclipse.core.internal.jobs.WorkerPool.startJob(Lorg/eclipse/core/internal/jobs/Worker;)Lorg/eclipse/core/internal/jobs/InternalJob; @ 177
Event: 6192.622 Thread 0x00000000158bc000 Uncommon trap: reason=unstable_if action=reinterpret pc=0x00000000042b3c98 method=org.eclipse.core.internal.jobs.WorkerPool.startJob(Lorg/eclipse/core/internal/jobs/Worker;)Lorg/eclipse/core/internal/jobs/InternalJob; @ 177
Event: 6192.623 Thread 0x000000001d829000 Uncommon trap: reason=unstable_if action=reinterpret pc=0x00000000042b3c98 method=org.eclipse.core.internal.jobs.WorkerPool.startJob(Lorg/eclipse/core/internal/jobs/Worker;)Lorg/eclipse/core/internal/jobs/InternalJob; @ 177
Event: 6192.623 Thread 0x0000000019e33800 Uncommon trap: reason=unstable_if action=reinterpret pc=0x00000000042b3c98 method=org.eclipse.core.internal.jobs.WorkerPool.startJob(Lorg/eclipse/core/internal/jobs/Worker;)Lorg/eclipse/core/internal/jobs/InternalJob; @ 177
Event: 6192.623 Thread 0x000000001d82d800 Uncommon trap: reason=unstable_if action=reinterpret pc=0x00000000042b3c98 method=org.eclipse.core.internal.jobs.WorkerPool.startJob(Lorg/eclipse/core/internal/jobs/Worker;)Lorg/eclipse/core/internal/jobs/InternalJob; @ 177
Event: 6192.893 Thread 0x00000000020e3800 Uncommon trap: reason=unstable_if action=reinterpret pc=0x00000000071652ac method=sun.reflect.UnsafeStaticObjectFieldAccessorImpl.set(Ljava/lang/Object;Ljava/lang/Object;)V @ 13

Internal exceptions (10 events):
Event: 6191.410 Thread 0x0000000019e33800 Implicit null exception at 0x00000000052a60cc to 0x00000000052a8b69
Event: 6191.506 Thread 0x00000000020e3800 Implicit null exception at 0x00000000072ae9b3 to 0x00000000072aed05
Event: 6191.592 Thread 0x00000000020e3800 Implicit null exception at 0x00000000072b0e69 to 0x00000000072b10dd
Event: 6191.817 Thread 0x0000000019378000 Exception <a 'java/lang/InterruptedException'> (0x00000000f8ed8948) thrown at [C:\re\workspace\8-2-build-windows-amd64-cygwin\jdk8u45\3627\hotspot\src\share\vm\runtime\objectMonitor.cpp, line 1683]
Event: 6192.642 Thread 0x0000000015c7b800 Exception <a 'java/lang/InterruptedException': sleep interrupted> (0x00000000f9345a98) thrown at [C:\re\workspace\8-2-build-windows-amd64-cygwin\jdk8u45\3627\hotspot\src\share\vm\prims\jvm.cpp, line 3211]
Event: 6192.644 Thread 0x000000001cf70000 Exception <a 'java/lang/InterruptedException'> (0x00000000f91c8688) thrown at [C:\re\workspace\8-2-build-windows-amd64-cygwin\jdk8u45\3627\hotspot\src\share\vm\runtime\objectMonitor.cpp, line 1683]
Event: 6192.645 Thread 0x00000000158e3800 Exception <a 'java/lang/InterruptedException'> (0x00000000f935a970) thrown at [C:\re\workspace\8-2-build-windows-amd64-cygwin\jdk8u45\3627\hotspot\src\share\vm\runtime\objectMonitor.cpp, line 1683]
Event: 6192.893 Thread 0x00000000158e0000 Exception <a 'java/lang/InterruptedException'> (0x00000000f92ab330) thrown at [C:\re\workspace\8-2-build-windows-amd64-cygwin\jdk8u45\3627\hotspot\src\share\vm\runtime\objectMonitor.cpp, line 1683]
Event: 6192.893 Thread 0x00000000020e3800 Implicit null exception at 0x0000000007164eb6 to 0x0000000007165299
Event: 6192.896 Thread 0x0000000019e27800 Exception <a 'java/io/IOException'> (0x00000000f956f9e0) thrown at [C:\re\workspace\8-2-build-windows-amd64-cygwin\jdk8u45\3627\hotspot\src\share\vm\prims\jni.cpp, line 709]

Events (10 events):
Event: 6192.894 loading class java/util/IdentityHashMap$IdentityHashMapIterator
Event: 6192.894 loading class java/util/IdentityHashMap$IdentityHashMapIterator done
Event: 6192.894 loading class java/util/IdentityHashMap$KeyIterator done
Event: 6192.894 Thread 0x0000000019e27800 Thread added: 0x0000000019e27800
Event: 6192.895 Executing VM operation: RevokeBias
Event: 6192.895 Executing VM operation: RevokeBias done
Event: 6192.895 Executing VM operation: RevokeBias
Event: 6192.895 Executing VM operation: RevokeBias done
Event: 6192.896 Thread 0x0000000019e27800 Thread exited: 0x0000000019e27800
Event: 6192.897 Executing VM operation: Exit


Dynamic libraries:
0x0000000000400000 - 0x000000000044f000 	E:\ProgramFiles\Xilinx\SDK\2015.4\eclipse\win64.o\eclipse.exe
0x00007ff89d5c0000 - 0x00007ff89d766000 	C:\Windows\SYSTEM32\ntdll.dll
0x00007ff89d480000 - 0x00007ff89d5ba000 	C:\Windows\system32\KERNEL32.DLL
0x00007ff89ad30000 - 0x00007ff89ae3f000 	C:\Windows\system32\KERNELBASE.dll
0x00007ff89bef0000 - 0x00007ff89c061000 	C:\Windows\system32\USER32.dll
0x00007ff898520000 - 0x00007ff89877a000 	C:\Windows\WinSxS\amd64_microsoft.windows.common-controls_6595b64144ccf1df_6.0.9600.17031_none_6242a4b3ecbb55a1\COMCTL32.dll
0x00007ff89be40000 - 0x00007ff89bee7000 	C:\Windows\system32\msvcrt.dll
0x00007ff89bbf0000 - 0x00007ff89bd34000 	C:\Windows\system32\GDI32.dll
0x00007ff89b710000 - 0x00007ff89b744000 	C:\Windows\system32\IMM32.DLL
0x00007ff89b930000 - 0x00007ff89ba69000 	C:\Windows\system32\MSCTF.dll
0x0000000072000000 - 0x0000000072012000 	E:\ProgramFiles\Xilinx\SDK\2015.4\eclipse\win64.o\plugins\org.eclipse.equinox.launcher.win32.win32.x86_64_1.1.200.v20140116-2212\eclipse_1503.dll
0x00007ff89ba70000 - 0x00007ff89bb15000 	C:\Windows\system32\ADVAPI32.dll
0x00007ff892e70000 - 0x00007ff892e7a000 	C:\Windows\SYSTEM32\VERSION.dll
0x00007ff89bb30000 - 0x00007ff89bb87000 	C:\Windows\SYSTEM32\sechost.dll
0x00007ff89ae40000 - 0x00007ff89af77000 	C:\Windows\system32\RPCRT4.dll
0x00007ff899610000 - 0x00007ff899731000 	C:\Windows\system32\uxtheme.dll
0x00007ff89b750000 - 0x00007ff89b926000 	C:\Windows\SYSTEM32\combase.dll
0x00007ff87ca30000 - 0x00007ff87ca6f000 	C:\Program Files\ASUS\Bluetooth Software\btmmhook.dll
0x00007ff89c070000 - 0x00007ff89d47f000 	C:\Windows\system32\SHELL32.dll
0x00007ff89b2c0000 - 0x00007ff89b438000 	C:\Windows\system32\ole32.dll
0x00007ff89b1e0000 - 0x00007ff89b2a1000 	C:\Windows\system32\OLEAUT32.dll
0x00007ff89bb90000 - 0x00007ff89bbe1000 	C:\Windows\system32\SHLWAPI.dll
0x00007ff89b440000 - 0x00007ff89b447000 	C:\Windows\system32\PSAPI.DLL
0x000000006cc40000 - 0x000000006d4c3000 	E:\ProgramFiles\Xilinx\SDK\2015.4\tps\win64\jre\bin\server\jvm.dll
0x00007ff896670000 - 0x00007ff896679000 	C:\Windows\SYSTEM32\WSOCK32.dll
0x00007ff897b10000 - 0x00007ff897b2f000 	C:\Windows\SYSTEM32\WINMM.dll
0x0000000070730000 - 0x0000000070802000 	C:\Windows\SYSTEM32\MSVCR100.dll
0x00007ff89b160000 - 0x00007ff89b1b8000 	C:\Windows\system32\WS2_32.dll
0x00007ff897ae0000 - 0x00007ff897b0a000 	C:\Windows\SYSTEM32\WINMMBASE.dll
0x00007ff89bb20000 - 0x00007ff89bb29000 	C:\Windows\system32\NSI.dll
0x00007ff89aa00000 - 0x00007ff89aa4a000 	C:\Windows\SYSTEM32\cfgmgr32.dll
0x00007ff899790000 - 0x00007ff8997b6000 	C:\Windows\SYSTEM32\DEVOBJ.dll
0x000000006f480000 - 0x000000006f48f000 	E:\ProgramFiles\Xilinx\SDK\2015.4\tps\win64\jre\bin\verify.dll
0x000000006e930000 - 0x000000006e959000 	E:\ProgramFiles\Xilinx\SDK\2015.4\tps\win64\jre\bin\java.dll
0x000000006e2a0000 - 0x000000006e2b6000 	E:\ProgramFiles\Xilinx\SDK\2015.4\tps\win64\jre\bin\zip.dll
0x00007ff898ae0000 - 0x00007ff898b7f000 	C:\Windows\system32\SHCORE.dll
0x00007ff89a930000 - 0x00007ff89a944000 	C:\Windows\system32\profapi.dll
0x00007ff89a0d0000 - 0x00007ff89a0ee000 	C:\Windows\SYSTEM32\CRYPTSP.dll
0x00007ff899d10000 - 0x00007ff899d45000 	C:\Windows\system32\rsaenh.dll
0x00007ff89a4e0000 - 0x00007ff89a506000 	C:\Windows\SYSTEM32\bcrypt.dll
0x00007ff899e20000 - 0x00007ff899e3e000 	C:\Windows\SYSTEM32\USERENV.dll
0x00007ff89a810000 - 0x00007ff89a870000 	C:\Windows\system32\bcryptprimitives.dll
0x00007ff89a870000 - 0x00007ff89a87a000 	C:\Windows\SYSTEM32\CRYPTBASE.dll
0x000000006dda0000 - 0x000000006ddba000 	E:\ProgramFiles\Xilinx\SDK\2015.4\tps\win64\jre\bin\net.dll
0x00007ff89a070000 - 0x00007ff89a0c8000 	C:\Windows\system32\mswsock.dll
0x00007ff894d20000 - 0x00007ff894d49000 	C:\Windows\SYSTEM32\IPHLPAPI.DLL
0x00007ff894d10000 - 0x00007ff894d1a000 	C:\Windows\SYSTEM32\WINNSI.DLL
0x00007ff894b90000 - 0x00007ff894ba4000 	C:\Windows\SYSTEM32\dhcpcsvc6.DLL
0x00007ff894b70000 - 0x00007ff894b89000 	C:\Windows\SYSTEM32\dhcpcsvc.DLL
0x000000006dd80000 - 0x000000006dd91000 	E:\ProgramFiles\Xilinx\SDK\2015.4\tps\win64\jre\bin\nio.dll
0x00007ff8997e0000 - 0x00007ff8997ea000 	C:\Windows\SYSTEM32\kernel.appcore.dll
0x00007ff88c8b0000 - 0x00007ff88c8c4000 	C:\Windows\system32\napinsp.dll
0x00007ff88c890000 - 0x00007ff88c8a9000 	C:\Windows\system32\pnrpnsp.dll
0x00007ff899170000 - 0x00007ff89918b000 	C:\Windows\system32\NLAapi.dll
0x00007ff899e80000 - 0x00007ff899f23000 	C:\Windows\SYSTEM32\DNSAPI.dll
0x00007ff88c880000 - 0x00007ff88c88c000 	C:\Windows\System32\winrnr.dll
0x00007ff88c860000 - 0x00007ff88c873000 	C:\Windows\system32\wshbth.dll
0x00007ff895ad0000 - 0x00007ff895ad9000 	C:\Windows\System32\rasadhlp.dll
0x00007ff894810000 - 0x00007ff894878000 	C:\Windows\System32\fwpuclnt.dll
0x0000000017a20000 - 0x0000000017ac8000 	C:\Users\CoBoL\.Xilinx\SDK\2015.4\org.eclipse.osgi\bundles\303\1\.cp\swt-win32-4335.dll
0x00007ff89bd40000 - 0x00007ff89bdde000 	C:\Windows\system32\comdlg32.dll
0x00007ff897ba0000 - 0x00007ff897c1b000 	C:\Windows\SYSTEM32\WINSPOOL.DRV
0x00007ff88a620000 - 0x00007ff88a634000 	C:\Windows\SYSTEM32\USP10.dll
0x00007ff8933c0000 - 0x00007ff893608000 	C:\Windows\SYSTEM32\WININET.dll
0x00007ff89aa50000 - 0x00007ff89ac2f000 	C:\Windows\system32\CRYPT32.dll
0x00007ff893610000 - 0x00007ff8938d7000 	C:\Windows\SYSTEM32\iertutil.dll
0x00007ff89a9e0000 - 0x00007ff89a9f2000 	C:\Windows\system32\MSASN1.dll
0x00007ff899150000 - 0x00007ff899170000 	C:\Windows\system32\dwmapi.dll
0x00007ff895af0000 - 0x00007ff895c5f000 	C:\Windows\SYSTEM32\propsys.dll
0x00007ff89b660000 - 0x00007ff89b704000 	C:\Windows\SYSTEM32\clbcatq.dll
0x0000000015dc0000 - 0x0000000015dde000 	C:\Users\CoBoL\.Xilinx\SDK\2015.4\org.eclipse.osgi\bundles\303\1\.cp\swt-gdip-win32-4335.dll
0x00007ff8964a0000 - 0x00007ff896638000 	C:\Windows\WinSxS\amd64_microsoft.windows.gdiplus_6595b64144ccf1df_1.1.9600.17227_none_932c0e57474f5080\gdiplus.dll
0x00007ff897f20000 - 0x00007ff8980ce000 	C:\Windows\SYSTEM32\WindowsCodecs.dll
0x0000000180000000 - 0x0000000180012000 	C:\Users\CoBoL\.Xilinx\SDK\2015.4\org.eclipse.osgi\bundles\121\1\.cp\os\win32\x86_64\localfile_1_0_0.dll
0x00007ff892760000 - 0x00007ff892771000 	C:\Users\CoBoL\.Xilinx\SDK\2015.4\org.eclipse.osgi\bundles\124\1\.cp\jWinHttp-1.0.0.dll
0x00007ff88d2f0000 - 0x00007ff88d3b5000 	C:\Windows\SYSTEM32\WINHTTP.dll
0x00007ff897b30000 - 0x00007ff897b93000 	C:\Windows\SYSTEM32\oleacc.dll
0x00007ff88f510000 - 0x00007ff88f51a000 	E:\ProgramFiles\Xilinx\SDK\2015.4\lib\win64.o\librdi_jtag_settings.dll
0x00007ff88eb30000 - 0x00007ff88eb59000 	E:\ProgramFiles\Xilinx\SDK\2015.4\lib\win64.o\librdi_debug_dialog.dll
0x00007ff88f280000 - 0x00007ff88f327000 	C:\Windows\SYSTEM32\MSVCP110.dll
0x00007ff88e980000 - 0x00007ff88ea54000 	C:\Windows\SYSTEM32\MSVCR110.dll
0x00007ff890fd0000 - 0x00007ff890ff2000 	E:\ProgramFiles\Xilinx\SDK\2015.4\lib\win64.o\libboost_filesystem.dll
0x00007ff874c50000 - 0x00007ff8755dd000 	E:\ProgramFiles\Xilinx\SDK\2015.4\lib\win64.o\librdi_common.dll
0x00007ff873de0000 - 0x00007ff873fcc000 	E:\ProgramFiles\Xilinx\SDK\2015.4\lib\win64.o\librdi_hsm.dll
0x00007ff891020000 - 0x00007ff891029000 	E:\ProgramFiles\Xilinx\SDK\2015.4\lib\win64.o\libboost_system.dll
0x00007ff88f5d0000 - 0x00007ff88f93e000 	E:\ProgramFiles\Xilinx\SDK\2015.4\lib\win64.o\libCOIN-all.dll
0x00007ff885b30000 - 0x00007ff885d4e000 	E:\ProgramFiles\Xilinx\SDK\2015.4\lib\win64.o\libXil_lmgr11.dll
0x00007ff891590000 - 0x00007ff8915a0000 	E:\ProgramFiles\Xilinx\SDK\2015.4\lib\win64.o\libboost_date_time.dll
0x00007ff890da0000 - 0x00007ff890e14000 	E:\ProgramFiles\Xilinx\SDK\2015.4\lib\win64.o\libboost_program_options.dll
0x00007ff890c00000 - 0x00007ff890cfa000 	E:\ProgramFiles\Xilinx\SDK\2015.4\lib\win64.o\libboost_regex.dll
0x00007ff890fb0000 - 0x00007ff890fc3000 	E:\ProgramFiles\Xilinx\SDK\2015.4\lib\win64.o\libboost_signals.dll
0x00007ff890d80000 - 0x00007ff890d9d000 	E:\ProgramFiles\Xilinx\SDK\2015.4\lib\win64.o\libboost_thread.dll
0x00007ff890d70000 - 0x00007ff890d7b000 	E:\ProgramFiles\Xilinx\SDK\2015.4\lib\win64.o\libboost_xilinx.dll
0x00007ff88f550000 - 0x00007ff88f5d0000 	E:\ProgramFiles\Xilinx\SDK\2015.4\lib\win64.o\libhdlpsolve.dll
0x00007ff88f430000 - 0x00007ff88f4ca000 	E:\ProgramFiles\Xilinx\SDK\2015.4\lib\win64.o\libhdxml.dll
0x00007ff874810000 - 0x00007ff874c44e00 	E:\ProgramFiles\Xilinx\SDK\2015.4\lib\win64.o\libisl_iostreams.dll
0x00007ff890d40000 - 0x00007ff890d6a000 	E:\ProgramFiles\Xilinx\SDK\2015.4\lib\win64.o\libisl_sysinfo.dll
0x00007ff891030000 - 0x00007ff891045000 	E:\ProgramFiles\Xilinx\SDK\2015.4\lib\win64.o\pthreadVC2.dll
0x00007ff890ba0000 - 0x00007ff890bf4000 	E:\ProgramFiles\Xilinx\SDK\2015.4\lib\win64.o\librdi_commonxillic.dll
0x00007ff885a00000 - 0x00007ff885b30000 	E:\ProgramFiles\Xilinx\SDK\2015.4\lib\win64.o\librdi_curl.dll
0x00007ff88f530000 - 0x00007ff88f548000 	E:\ProgramFiles\Xilinx\SDK\2015.4\lib\win64.o\librdiconfig.dll
0x00007ff88f400000 - 0x00007ff88f423000 	E:\ProgramFiles\Xilinx\SDK\2015.4\lib\win64.o\librdizlib.dll
0x000000006cb10000 - 0x000000006cc37000 	E:\ProgramFiles\Xilinx\SDK\2015.4\lib\win64.o\tcl85t.dll
0x000000001d8b0000 - 0x000000001db13000 	E:\ProgramFiles\Xilinx\SDK\2015.4\lib\win64.o\xerces-c_3_1.dll
0x00007ff8938e0000 - 0x00007ff893a65000 	C:\Windows\SYSTEM32\urlmon.dll
0x00007ff88e010000 - 0x00007ff88e033000 	C:\Windows\SYSTEM32\VCOMP110.DLL
0x00007ff88f360000 - 0x00007ff88f3a3000 	E:\ProgramFiles\Xilinx\SDK\2015.4\lib\win64.o\librdi_hdf.dll
0x00007ff86e990000 - 0x00007ff86ebe5000 	E:\ProgramFiles\Xilinx\SDK\2015.4\lib\win64.o\librdi_ippcw.dll
0x00007ff8988e0000 - 0x00007ff8988f5000 	C:\Windows\SYSTEM32\NETAPI32.dll
0x00007ff89ac30000 - 0x00007ff89ac7c000 	C:\Windows\system32\WINTRUST.dll
0x00007ff88f520000 - 0x00007ff88f52b000 	E:\ProgramFiles\Xilinx\SDK\2015.4\lib\win64.o\libboost_chrono.dll
0x00007ff88f3e0000 - 0x00007ff88f3f6000 	E:\ProgramFiles\Xilinx\SDK\2015.4\lib\win64.o\libboost_iostreams.dll
0x00007ff88f3b0000 - 0x00007ff88f3d3000 	E:\ProgramFiles\Xilinx\SDK\2015.4\lib\win64.o\libisl_iosutils.dll
0x00007ff89a2b0000 - 0x00007ff89a2bc000 	C:\Windows\SYSTEM32\netutils.dll
0x00007ff89a600000 - 0x00007ff89a625000 	C:\Windows\SYSTEM32\srvcli.dll
0x00007ff8988a0000 - 0x00007ff8988b6000 	C:\Windows\SYSTEM32\wkscli.dll
0x00007ff88eb20000 - 0x00007ff88eb28000 	E:\ProgramFiles\Xilinx\SDK\2015.4\lib\win64.o\librdi_target_manager.dll
0x00007ff88e880000 - 0x00007ff88e88f000 	E:\ProgramFiles\Xilinx\SDK\2015.4\lib\win64.o\librdi_repo_manager.dll
0x00007ff897c20000 - 0x00007ff897c27000 	C:\Windows\SYSTEM32\msimg32.dll
0x00007ff85a770000 - 0x00007ff85af80000 	E:\ProgramFiles\Xilinx\SDK\2015.4\lib\win64.o\libXil_lmgr11FNP.dll
0x00007ff87a390000 - 0x00007ff87a39c000 	C:\Windows\SYSTEM32\snmpapi.dll
0x00007ff89af80000 - 0x00007ff89b154000 	C:\Windows\system32\SETUPAPI.dll
0x00007ff89a7e0000 - 0x00007ff89a80b000 	C:\Windows\SYSTEM32\SspiCli.dll
0x00007ff898260000 - 0x00007ff898301000 	C:\Windows\system32\DUser.dll
0x00007ff898930000 - 0x00007ff898ada000 	C:\Windows\system32\DUI70.dll
0x00007ff885440000 - 0x00007ff8854d3000 	C:\Windows\System32\StructuredQuery.dll
0x00007ff899300000 - 0x00007ff899388000 	C:\Windows\system32\apphelp.dll
0x00007ff88c3f0000 - 0x00007ff88c40b000 	C:\Windows\system32\MPR.dll

VM Arguments:
jvm_args: -Dcom.xilinx.sdk.args.hwspec=E:/projects/xilinix/master_repo/LAB_AEP/Integrated/Integrated_1/Integrated_1.sdk/fmc_imageon_gs_wrapper.hdf -Xms64m -Xmx512m & 
java_command: <unknown>
java_class_path (initial): E:\ProgramFiles\Xilinx\SDK\2015.4\eclipse\win64.o\\plugins/org.eclipse.equinox.launcher_1.3.0.v20130327-1440.jar
Launcher Type: generic

Environment Variables:
JAVA_HOME=C:\Program Files\Java\jdk1.8.0_20
CLASSPATH=.;C:\Program Files (x86)\QuickTime\QTSystem\QTJava.zip;
USERNAME=CoBoL
OS=Windows_NT
PROCESSOR_IDENTIFIER=Intel64 Family 6 Model 69 Stepping 1, GenuineIntel



---------------  S Y S T E M  ---------------

OS: Windows 8.1 , 64 bit Build 9600 (6.3.9600.17056)

CPU:total 4 (2 cores per cpu, 2 threads per core) family 6 model 69 stepping 1, cmov, cx8, fxsr, mmx, sse, sse2, sse3, ssse3, sse4.1, sse4.2, popcnt, avx, avx2, aes, clmul, erms, lzcnt, ht, tsc, tscinvbit, bmi1, bmi2

Memory: 4k page, physical 8287332k(2152232k free), swap 11433060k(1748988k free)

vm_info: Java HotSpot(TM) 64-Bit Server VM (25.45-b02) for windows-amd64 JRE (1.8.0_45-b15), built on Apr 30 2015 12:40:44 by "java_re" with MS VC++ 10.0 (VS2010)

time: Thu Jun 02 17:45:31 2016
elapsed time: 6218 seconds (0d 1h 43m 38s)

