#-----------------------------------------------------------
# Vivado v2015.4 (64-bit)
# SW Build 1412921 on Wed Nov 18 09:43:45 MST 2015
# IP Build 1412160 on Tue Nov 17 13:47:24 MST 2015
# Start of session at: Wed Jun 01 17:04:12 2016
# Process ID: 142820
# Current directory: E:/projects/xilinix/master_repo/LAB_AEP/Integrated/Integrated_1
# Command line: vivado.exe -gui_launcher_event rodinguilauncherevent142560 E:\projects\xilinix\master_repo\LAB_AEP\Integrated\Integrated_1\Integrated_1.xpr
# Log file: E:/projects/xilinix/master_repo/LAB_AEP/Integrated/Integrated_1/vivado.log
# Journal file: E:/projects/xilinix/master_repo/LAB_AEP/Integrated/Integrated_1\vivado.jou
#-----------------------------------------------------------
start_gui
open_project E:/projects/xilinix/master_repo/LAB_AEP/Integrated/Integrated_1/Integrated_1.xpr
Scanning sources...
Finished scanning sources
INFO: [IP_Flow 19-234] Refreshing IP repositories
INFO: [IP_Flow 19-1700] Loaded user IP repository 'e:/projects/xilinix/master_repo/LAB_AEP/Video/IP'.
INFO: [IP_Flow 19-1700] Loaded user IP repository 'e:/projects/xilinix/Zynq training repo/Zynq-SoC-Training/lab8/Source Code/ip_cores/zed_audio_ctrl'.
INFO: [IP_Flow 19-1700] Loaded user IP repository 'e:/projects/xilinix/master_repo/LAB_AEP/Integrated'.
WARNING: [IP_Flow 19-3656] If you move the project, the path for repository 'e:/projects/xilinix/master_repo/LAB_AEP/Integrated' may become invalid. A better location for the repostory would be in a path adjacent to the project. (Current project location is 'e:/projects/xilinix/master_repo/LAB_AEP/Integrated/Integrated_1'.)
INFO: [IP_Flow 19-1700] Loaded user IP repository 'e:/projects/xilinix/master_repo/LAB_AEP/Audio'.
INFO: [IP_Flow 19-2313] Loaded Vivado IP repository 'E:/ProgramFiles/Xilinx/Vivado/2015.4/data/ip'.
open_project: Time (s): cpu = 00:00:53 ; elapsed = 00:00:36 . Memory (MB): peak = 848.848 ; gain = 214.184
open_bd_design {E:/projects/xilinix/master_repo/LAB_AEP/Integrated/Integrated_1/Integrated_1.srcs/sources_1/bd/fmc_imageon_gs/fmc_imageon_gs.bd}
Adding component instance block -- xilinx.com:ip:processing_system7:5.5 - processing_system7_0
Adding component instance block -- xilinx.com:ip:v_cfa:7.0 - v_cfa_0
Adding component instance block -- xilinx.com:ip:v_cresample:4.0 - v_cresample_0
Adding component instance block -- xilinx.com:ip:v_osd:6.0 - v_osd_0
Adding component instance block -- xilinx.com:ip:v_rgb2ycrcb:7.1 - v_rgb2ycrcb_0
Adding component instance block -- xilinx.com:ip:v_tc:6.1 - v_tc_0
Adding component instance block -- avnet:avnet_hdmi:avnet_hdmi_in:3.1 - avnet_hdmi_in_0
Adding component instance block -- avnet:avnet_hdmi:avnet_hdmi_out:3.1 - avnet_hdmi_out_0
Adding component instance block -- xilinx.com:ip:axi_vdma:6.2 - axi_vdma_0
Adding component instance block -- xilinx.com:ip:axi_vdma:6.2 - axi_vdma_1
Adding component instance block -- xilinx.com:ip:axi_iic:2.0 - fmc_imageon_iic_0
Adding component instance block -- avnet:onsemi_vita:onsemi_vita_cam:3.2 - onsemi_vita_cam_0
Adding component instance block -- avnet:onsemi_vita:onsemi_vita_spi:3.2 - onsemi_vita_spi_0
Adding component instance block -- xilinx.com:ip:proc_sys_reset:5.0 - rst_processing_system7_0_148_5M
INFO: [Ipptcl 7-1463] No Compatible Board Interface found. Board Tab not created in customize GUI
Adding component instance block -- xilinx.com:ip:proc_sys_reset:5.0 - rst_processing_system7_0_149M
INFO: [Ipptcl 7-1463] No Compatible Board Interface found. Board Tab not created in customize GUI
Adding component instance block -- xilinx.com:ip:proc_sys_reset:5.0 - rst_processing_system7_0_76M
INFO: [Ipptcl 7-1463] No Compatible Board Interface found. Board Tab not created in customize GUI
Adding component instance block -- xilinx.com:ip:v_axi4s_vid_out:4.0 - v_axi4s_vid_out_0
Adding component instance block -- xilinx.com:ip:v_vid_in_axi4s:4.0 - v_vid_in_axi4s_0
Adding component instance block -- xilinx.com:ip:v_vid_in_axi4s:4.0 - v_vid_in_axi4s_1
Adding component instance block -- xilinx.com:ip:xlconstant:1.1 - xlconstant_0
Adding component instance block -- xilinx.com:ip:xlconstant:1.1 - xlconstant_1
Adding component instance block -- xilinx.com:ip:axi_crossbar:2.1 - xbar
Adding component instance block -- xilinx.com:ip:axi_protocol_converter:2.1 - auto_pc
Adding component instance block -- xilinx.com:ip:axi_crossbar:2.1 - xbar
Adding component instance block -- xilinx.com:ip:axi_protocol_converter:2.1 - auto_pc
Successfully read diagram <fmc_imageon_gs> from BD file <E:/projects/xilinix/master_repo/LAB_AEP/Integrated/Integrated_1/Integrated_1.srcs/sources_1/bd/fmc_imageon_gs/fmc_imageon_gs.bd>
open_bd_design: Time (s): cpu = 00:00:42 ; elapsed = 00:00:32 . Memory (MB): peak = 1113.332 ; gain = 264.484
startgroup
create_bd_cell -type ip -vlnv xilinx.com:user:zed_audio_ctrl:1.0 zed_audio_ctrl_0
endgroup
apply_bd_automation -rule xilinx.com:bd_rule:axi4 -config {Master "/processing_system7_0/M_AXI_GP0" Clk "Auto" }  [get_bd_intf_pins zed_audio_ctrl_0/S_AXI]
</zed_audio_ctrl_0/S_AXI/reg0> is being mapped into </processing_system7_0/Data> at <0x43C00000 [ 64K ]>
startgroup
create_bd_port -dir I SDATA_I
connect_bd_net [get_bd_pins /zed_audio_ctrl_0/SDATA_I] [get_bd_ports SDATA_I]
endgroup
startgroup
create_bd_port -dir O BCLK
connect_bd_net [get_bd_pins /zed_audio_ctrl_0/BCLK] [get_bd_ports BCLK]
endgroup
startgroup
create_bd_port -dir O LRCLK
connect_bd_net [get_bd_pins /zed_audio_ctrl_0/LRCLK] [get_bd_ports LRCLK]
endgroup
startgroup
create_bd_port -dir O SDATA_O
connect_bd_net [get_bd_pins /zed_audio_ctrl_0/SDATA_O] [get_bd_ports SDATA_O]
endgroup
regenerate_bd_layout
create_bd_port -dir O -from 1 -to 0 -type data ADDRESS
startgroup
create_bd_cell -type ip -vlnv xilinx.com:ip:xlconstant:1.1 xlconstant_2
endgroup
startgroup
set_property -dict [list CONFIG.CONST_WIDTH {2} CONFIG.CONST_VAL {0}] [get_bd_cells xlconstant_2]
endgroup
set_property location {15 4628 653} [get_bd_cells xlconstant_2]
connect_bd_net [get_bd_ports ADDRESS] [get_bd_pins xlconstant_2/dout]
regenerate_bd_layout
reorder_files -fileset constrs_1 -before {E:/projects/xilinix/master_repo/LAB_AEP/Integrated/Integrated_1/Integrated_1.srcs/constrs_1/imports/Source Code/adc_dac_audio.xdc} {{E:/projects/xilinix/master_repo/LAB_AEP/Integrated/Integrated_1/Integrated_1.srcs/constrs_1/imports/Source Code/adc_dac_audio.xdc}}
startgroup
set_property -dict [list CONFIG.PCW_EN_CLK3_PORT {0} CONFIG.PCW_QSPI_GRP_SINGLE_SS_ENABLE {1} CONFIG.PCW_I2C1_PERIPHERAL_ENABLE {1}] [get_bd_cells processing_system7_0]
endgroup
startgroup
create_bd_intf_port -mode Master -vlnv xilinx.com:interface:iic_rtl:1.0 IIC_1
connect_bd_intf_net [get_bd_intf_pins processing_system7_0/IIC_1] [get_bd_intf_ports IIC_1]
endgroup
startgroup
set_property -dict [list CONFIG.PCW_FPGA3_PERIPHERAL_FREQMHZ {10} CONFIG.PCW_EN_CLK3_PORT {1}] [get_bd_cells processing_system7_0]
endgroup
startgroup
set_property -dict [list CONFIG.PCW_QSPI_GRP_SINGLE_SS_ENABLE {1}] [get_bd_cells processing_system7_0]
endgroup
startgroup
create_bd_port -dir O -type clk FCLK_CLK3
connect_bd_net [get_bd_pins /processing_system7_0/FCLK_CLK3] [get_bd_ports FCLK_CLK3]
endgroup
validate_bd_design
WARNING: [BD 41-702] Propagation TCL tries to overwrite USER strength parameter C_M_AXI_S2MM_DATA_WIDTH(64) on '/axi_vdma_0' with propgated value(32). Command ignored
WARNING: [BD 41-702] Propagation TCL tries to overwrite USER strength parameter C_M_AXI_S2MM_DATA_WIDTH(64) on '/axi_vdma_1' with propgated value(32). Command ignored
WARNING: [BD 41-702] Propagation TCL tries to overwrite USER strength parameter C_M_AXI_S2MM_DATA_WIDTH(64) on '/axi_vdma_1' with propgated value(32). Command ignored
WARNING: [BD 41-702] Propagation TCL tries to overwrite USER strength parameter C_M_AXI_S2MM_DATA_WIDTH(64) on '/axi_vdma_0' with propgated value(32). Command ignored
WARNING: [BD 41-702] Propagation TCL tries to overwrite USER strength parameter C_M_AXI_S2MM_DATA_WIDTH(64) on '/axi_vdma_1' with propgated value(32). Command ignored
WARNING: [BD 41-702] Propagation TCL tries to overwrite USER strength parameter C_M_AXI_S2MM_DATA_WIDTH(64) on '/axi_vdma_0' with propgated value(32). Command ignored
WARNING: [BD 41-702] Propagation TCL tries to overwrite USER strength parameter C_M_AXI_S2MM_DATA_WIDTH(64) on '/axi_vdma_1' with propgated value(32). Command ignored
WARNING: [BD 41-702] Propagation TCL tries to overwrite USER strength parameter C_M_AXI_S2MM_DATA_WIDTH(64) on '/axi_vdma_0' with propgated value(32). Command ignored
WARNING: [BD 41-702] Propagation TCL tries to overwrite USER strength parameter C_M_AXI_S2MM_DATA_WIDTH(64) on '/axi_vdma_0' with propgated value(32). Command ignored
WARNING: [BD 41-702] Propagation TCL tries to overwrite USER strength parameter C_M_AXI_S2MM_DATA_WIDTH(64) on '/axi_vdma_1' with propgated value(32). Command ignored
WARNING: [BD 41-702] Propagation TCL tries to overwrite USER strength parameter C_M_AXI_S2MM_DATA_WIDTH(64) on '/axi_vdma_1' with propgated value(32). Command ignored
WARNING: [BD 41-702] Propagation TCL tries to overwrite USER strength parameter C_M_AXI_S2MM_DATA_WIDTH(64) on '/axi_vdma_0' with propgated value(32). Command ignored
WARNING: [BD 41-702] Propagation TCL tries to overwrite USER strength parameter C_M_AXI_S2MM_DATA_WIDTH(64) on '/axi_vdma_1' with propgated value(32). Command ignored
WARNING: [BD 41-702] Propagation TCL tries to overwrite USER strength parameter C_M_AXI_S2MM_DATA_WIDTH(64) on '/axi_vdma_0' with propgated value(32). Command ignored
WARNING: [BD 41-702] Propagation TCL tries to overwrite USER strength parameter C_M_AXI_S2MM_DATA_WIDTH(64) on '/axi_vdma_1' with propgated value(32). Command ignored
WARNING: [BD 41-702] Propagation TCL tries to overwrite USER strength parameter C_M_AXI_S2MM_DATA_WIDTH(64) on '/axi_vdma_0' with propgated value(32). Command ignored
WARNING: [BD 41-702] Propagation TCL tries to overwrite USER strength parameter C_M_AXI_S2MM_DATA_WIDTH(64) on '/axi_vdma_1' with propgated value(32). Command ignored
WARNING: [BD 41-702] Propagation TCL tries to overwrite USER strength parameter C_M_AXI_S2MM_DATA_WIDTH(64) on '/axi_vdma_0' with propgated value(32). Command ignored
INFO: [xilinx.com:ip:axi_vdma:6.2-15] /axi_vdma_1 
                    All clocks connected to AXI VDMA are not identical, therefore configuring AXI-VDMA in ASYNC mode.
INFO: [xilinx.com:ip:axi_vdma:6.2-15] /axi_vdma_0 
                    All clocks connected to AXI VDMA are not identical, therefore configuring AXI-VDMA in ASYNC mode.
validate_bd_design: Time (s): cpu = 00:00:22 ; elapsed = 00:00:22 . Memory (MB): peak = 1179.699 ; gain = 0.000
save_bd_design
Wrote  : <E:/projects/xilinix/master_repo/LAB_AEP/Integrated/Integrated_1/Integrated_1.srcs/sources_1/bd/fmc_imageon_gs/fmc_imageon_gs.bd> 
reset_run synth_1
launch_runs impl_1 -to_step write_bitstream
INFO: [BD 41-1662] The design 'fmc_imageon_gs.bd' is already validated. Therefore parameter propagation will not be re-run.
WARNING: [BD 41-235] Width mismatch when connecting pin: '/axi_mem_intercon/m00_couplers/auto_pc/m_axi_bid'(2) to net 'auto_pc_to_m00_couplers_BID'(6) - Only lower order bits will be connected.
WARNING: [BD 41-235] Width mismatch when connecting pin: '/axi_mem_intercon/m00_couplers/auto_pc/m_axi_rid'(2) to net 'auto_pc_to_m00_couplers_RID'(6) - Only lower order bits will be connected.
WARNING: [BD 41-235] Width mismatch when connecting pin: '/processing_system7_0/S_AXI_HP0_WID'(6) to net 'axi_mem_intercon_M00_AXI_WID'(2) - Only lower order bits will be connected.
WARNING: [BD 41-235] Width mismatch when connecting pin: '/processing_system7_0/S_AXI_HP0_ARID'(6) to net 'axi_mem_intercon_M00_AXI_ARID'(2) - Only lower order bits will be connected.
WARNING: [BD 41-235] Width mismatch when connecting pin: '/processing_system7_0/S_AXI_HP0_AWID'(6) to net 'axi_mem_intercon_M00_AXI_AWID'(2) - Only lower order bits will be connected.
VHDL Output written to : E:/projects/xilinix/master_repo/LAB_AEP/Integrated/Integrated_1/Integrated_1.srcs/sources_1/bd/fmc_imageon_gs/hdl/fmc_imageon_gs.vhd
VHDL Output written to : E:/projects/xilinix/master_repo/LAB_AEP/Integrated/Integrated_1/Integrated_1.srcs/sources_1/bd/fmc_imageon_gs/hdl/fmc_imageon_gs_wrapper.vhd
INFO: [IP_Flow 19-1686] Generating 'Instantiation Template' target for IP 'fmc_imageon_gs_processing_system7_0_0'...
INFO: [IP_Flow 19-1686] Generating 'Synthesis' target for IP 'fmc_imageon_gs_processing_system7_0_0'...
INFO: [IP_Flow 19-1686] Generating 'Simulation' target for IP 'fmc_imageon_gs_processing_system7_0_0'...
WARNING: [xilinx.com:ip:processing_system7:5.5-1] fmc_imageon_gs_processing_system7_0_0: The Zynq BFM requires an AXI BFM license to run. Please ensure that you have purchased and setup the AXI BFM license prior to running simulation with this block. Please contact your Xilinx sales office for more information on purchasing this license
INFO: [IP_Flow 19-1686] Generating 'Miscellaneous' target for IP 'fmc_imageon_gs_processing_system7_0_0'...
INFO: [IP_Flow 19-1686] Generating 'Change Log' target for IP 'fmc_imageon_gs_processing_system7_0_0'...
INFO: [BD 41-1029] Generation completed for the IP Integrator block processing_system7_0 .
INFO: [BD 41-1029] Generation completed for the IP Integrator block v_cfa_0 .
INFO: [BD 41-1029] Generation completed for the IP Integrator block v_cresample_0 .
INFO: [BD 41-1029] Generation completed for the IP Integrator block v_osd_0 .
INFO: [BD 41-1029] Generation completed for the IP Integrator block v_rgb2ycrcb_0 .
INFO: [BD 41-1029] Generation completed for the IP Integrator block v_tc_0 .
INFO: [BD 41-1029] Generation completed for the IP Integrator block avnet_hdmi_in_0 .
INFO: [BD 41-1029] Generation completed for the IP Integrator block avnet_hdmi_out_0 .
INFO: [BD 41-1029] Generation completed for the IP Integrator block axi_mem_intercon/xbar .
INFO: [BD 41-1029] Generation completed for the IP Integrator block axi_vdma_0 .
INFO: [BD 41-1029] Generation completed for the IP Integrator block axi_vdma_1 .
INFO: [BD 41-1029] Generation completed for the IP Integrator block fmc_imageon_iic_0 .
INFO: [BD 41-1029] Generation completed for the IP Integrator block onsemi_vita_cam_0 .
INFO: [BD 41-1029] Generation completed for the IP Integrator block onsemi_vita_spi_0 .
INFO: [IP_Flow 19-1686] Generating 'Instantiation Template' target for IP 'fmc_imageon_gs_xbar_1'...
INFO: [IP_Flow 19-1686] Generating 'Synthesis' target for IP 'fmc_imageon_gs_xbar_1'...
INFO: [Device 21-403] Loading part xc7z020clg484-1
INFO: [IP_Flow 19-1686] Generating 'Simulation' target for IP 'fmc_imageon_gs_xbar_1'...
INFO: [IP_Flow 19-1686] Generating 'Change Log' target for IP 'fmc_imageon_gs_xbar_1'...
INFO: [BD 41-1029] Generation completed for the IP Integrator block processing_system7_0_axi_periph/xbar .
INFO: [BD 41-1029] Generation completed for the IP Integrator block rst_processing_system7_0_148_5M .
INFO: [BD 41-1029] Generation completed for the IP Integrator block rst_processing_system7_0_149M .
INFO: [BD 41-1029] Generation completed for the IP Integrator block rst_processing_system7_0_76M .
INFO: [BD 41-1029] Generation completed for the IP Integrator block v_axi4s_vid_out_0 .
INFO: [BD 41-1029] Generation completed for the IP Integrator block v_vid_in_axi4s_0 .
INFO: [BD 41-1029] Generation completed for the IP Integrator block v_vid_in_axi4s_1 .
INFO: [BD 41-1029] Generation completed for the IP Integrator block xlconstant_0 .
INFO: [BD 41-1029] Generation completed for the IP Integrator block xlconstant_1 .
INFO: [IP_Flow 19-1686] Generating 'Instantiation Template' target for IP 'fmc_imageon_gs_zed_audio_ctrl_0_0'...
INFO: [IP_Flow 19-1686] Generating 'Synthesis' target for IP 'fmc_imageon_gs_zed_audio_ctrl_0_0'...
INFO: [IP_Flow 19-1686] Generating 'Simulation' target for IP 'fmc_imageon_gs_zed_audio_ctrl_0_0'...
INFO: [BD 41-1029] Generation completed for the IP Integrator block zed_audio_ctrl_0 .
INFO: [IP_Flow 19-1686] Generating 'Instantiation Template' target for IP 'fmc_imageon_gs_xlconstant_2_0'...
INFO: [IP_Flow 19-1686] Generating 'Synthesis' target for IP 'fmc_imageon_gs_xlconstant_2_0'...
INFO: [IP_Flow 19-1686] Generating 'Simulation' target for IP 'fmc_imageon_gs_xlconstant_2_0'...
INFO: [IP_Flow 19-1686] Generating 'Change Log' target for IP 'fmc_imageon_gs_xlconstant_2_0'...
INFO: [BD 41-1029] Generation completed for the IP Integrator block xlconstant_2 .
INFO: [IP_Flow 19-1686] Generating 'Instantiation Template' target for IP 'fmc_imageon_gs_auto_pc_0'...
INFO: [IP_Flow 19-1686] Generating 'Synthesis' target for IP 'fmc_imageon_gs_auto_pc_0'...
INFO: [IP_Flow 19-1686] Generating 'Simulation' target for IP 'fmc_imageon_gs_auto_pc_0'...
INFO: [IP_Flow 19-1686] Generating 'Change Log' target for IP 'fmc_imageon_gs_auto_pc_0'...
INFO: [BD 41-1029] Generation completed for the IP Integrator block axi_mem_intercon/m00_couplers/auto_pc .
INFO: [IP_Flow 19-1686] Generating 'Instantiation Template' target for IP 'fmc_imageon_gs_auto_pc_1'...
INFO: [IP_Flow 19-1686] Generating 'Synthesis' target for IP 'fmc_imageon_gs_auto_pc_1'...
INFO: [IP_Flow 19-1686] Generating 'Simulation' target for IP 'fmc_imageon_gs_auto_pc_1'...
INFO: [IP_Flow 19-1686] Generating 'Change Log' target for IP 'fmc_imageon_gs_auto_pc_1'...
INFO: [BD 41-1029] Generation completed for the IP Integrator block processing_system7_0_axi_periph/s00_couplers/auto_pc .
Exporting to file E:/projects/xilinix/master_repo/LAB_AEP/Integrated/Integrated_1/Integrated_1.srcs/sources_1/bd/fmc_imageon_gs/hw_handoff/fmc_imageon_gs.hwh
Generated Block Design Tcl file E:/projects/xilinix/master_repo/LAB_AEP/Integrated/Integrated_1/Integrated_1.srcs/sources_1/bd/fmc_imageon_gs/hw_handoff/fmc_imageon_gs_bd.tcl
Generated Hardware Definition File E:/projects/xilinix/master_repo/LAB_AEP/Integrated/Integrated_1/Integrated_1.srcs/sources_1/bd/fmc_imageon_gs/hdl/fmc_imageon_gs.hwdef
[Wed Jun 01 17:23:55 2016] Launched synth_1...
Run output will be captured here: E:/projects/xilinix/master_repo/LAB_AEP/Integrated/Integrated_1/Integrated_1.runs/synth_1/runme.log
[Wed Jun 01 17:23:55 2016] Launched impl_1...
Run output will be captured here: E:/projects/xilinix/master_repo/LAB_AEP/Integrated/Integrated_1/Integrated_1.runs/impl_1/runme.log
launch_runs: Time (s): cpu = 00:01:07 ; elapsed = 00:01:13 . Memory (MB): peak = 1297.242 ; gain = 117.543
file copy -force E:/projects/xilinix/master_repo/LAB_AEP/Integrated/Integrated_1/Integrated_1.runs/impl_1/fmc_imageon_gs_wrapper.sysdef E:/projects/xilinix/master_repo/LAB_AEP/Integrated/Integrated_1/Integrated_1.sdk/fmc_imageon_gs_wrapper.hdf

launch_sdk -workspace E:/projects/xilinix/master_repo/LAB_AEP/Integrated/Integrated_1/Integrated_1.sdk -hwspec E:/projects/xilinix/master_repo/LAB_AEP/Integrated/Integrated_1/Integrated_1.sdk/fmc_imageon_gs_wrapper.hdf
INFO: [Vivado 12-393] Launching SDK...
INFO: [Vivado 12-417] Running xsdk -workspace E:/projects/xilinix/master_repo/LAB_AEP/Integrated/Integrated_1/Integrated_1.sdk -hwspec E:/projects/xilinix/master_repo/LAB_AEP/Integrated/Integrated_1/Integrated_1.sdk/fmc_imageon_gs_wrapper.hdf
INFO: [Vivado 12-3157] SDK launch initiated. Please check console for any further messages.
file copy -force E:/projects/xilinix/master_repo/LAB_AEP/Integrated/Integrated_1/Integrated_1.runs/impl_1/fmc_imageon_gs_wrapper.sysdef E:/projects/xilinix/master_repo/LAB_AEP/Integrated/Integrated_1/Integrated_1.sdk/fmc_imageon_gs_wrapper.hdf

launch_sdk -workspace E:/projects/xilinix/master_repo/LAB_AEP/Integrated/Integrated_1/Integrated_1.sdk -hwspec E:/projects/xilinix/master_repo/LAB_AEP/Integrated/Integrated_1/Integrated_1.sdk/fmc_imageon_gs_wrapper.hdf
INFO: [Vivado 12-393] Launching SDK...
INFO: [Vivado 12-417] Running xsdk -workspace E:/projects/xilinix/master_repo/LAB_AEP/Integrated/Integrated_1/Integrated_1.sdk -hwspec E:/projects/xilinix/master_repo/LAB_AEP/Integrated/Integrated_1/Integrated_1.sdk/fmc_imageon_gs_wrapper.hdf
INFO: [Vivado 12-3157] SDK launch initiated. Please check console for any further messages.
file copy -force E:/projects/xilinix/master_repo/LAB_AEP/Integrated/Integrated_1/Integrated_1.runs/impl_1/fmc_imageon_gs_wrapper.sysdef E:/projects/xilinix/master_repo/LAB_AEP/Integrated/Integrated_1/Integrated_1.sdk/fmc_imageon_gs_wrapper.hdf

launch_sdk -workspace E:/projects/xilinix/master_repo/LAB_AEP/Integrated/Integrated_1/Integrated_1.sdk -hwspec E:/projects/xilinix/master_repo/LAB_AEP/Integrated/Integrated_1/Integrated_1.sdk/fmc_imageon_gs_wrapper.hdf
INFO: [Vivado 12-393] Launching SDK...
INFO: [Vivado 12-417] Running xsdk -workspace E:/projects/xilinix/master_repo/LAB_AEP/Integrated/Integrated_1/Integrated_1.sdk -hwspec E:/projects/xilinix/master_repo/LAB_AEP/Integrated/Integrated_1/Integrated_1.sdk/fmc_imageon_gs_wrapper.hdf
INFO: [Vivado 12-3157] SDK launch initiated. Please check console for any further messages.
launch_sdk -workspace E:/projects/xilinix/master_repo/LAB_AEP/Integrated/Integrated_1/Integrated_1.sdk -hwspec E:/projects/xilinix/master_repo/LAB_AEP/Integrated/Integrated_1/Integrated_1.sdk/fmc_imageon_gs_wrapper.hdf
INFO: [Vivado 12-393] Launching SDK...
INFO: [Vivado 12-417] Running xsdk -workspace E:/projects/xilinix/master_repo/LAB_AEP/Integrated/Integrated_1/Integrated_1.sdk -hwspec E:/projects/xilinix/master_repo/LAB_AEP/Integrated/Integrated_1/Integrated_1.sdk/fmc_imageon_gs_wrapper.hdf
INFO: [Vivado 12-3157] SDK launch initiated. Please check console for any further messages.
launch_sdk -workspace E:/projects/xilinix/master_repo/LAB_AEP/Integrated/Integrated_1/Integrated_1.sdk -hwspec E:/projects/xilinix/master_repo/LAB_AEP/Integrated/Integrated_1/Integrated_1.sdk/fmc_imageon_gs_wrapper.hdf
INFO: [Vivado 12-393] Launching SDK...
INFO: [Vivado 12-417] Running xsdk -workspace E:/projects/xilinix/master_repo/LAB_AEP/Integrated/Integrated_1/Integrated_1.sdk -hwspec E:/projects/xilinix/master_repo/LAB_AEP/Integrated/Integrated_1/Integrated_1.sdk/fmc_imageon_gs_wrapper.hdf
INFO: [Vivado 12-3157] SDK launch initiated. Please check console for any further messages.
sdk set_user_repo_path  ../software/sw_repository
invalid command name "sdk"
launch_sdk -workspace E:/projects/xilinix/master_repo/LAB_AEP/Integrated/Integrated_1/Integrated_1.sdk -hwspec E:/projects/xilinix/master_repo/LAB_AEP/Integrated/Integrated_1/Integrated_1.sdk/fmc_imageon_gs_wrapper.hdf
INFO: [Vivado 12-393] Launching SDK...
INFO: [Vivado 12-417] Running xsdk -workspace E:/projects/xilinix/master_repo/LAB_AEP/Integrated/Integrated_1/Integrated_1.sdk -hwspec E:/projects/xilinix/master_repo/LAB_AEP/Integrated/Integrated_1/Integrated_1.sdk/fmc_imageon_gs_wrapper.hdf
INFO: [Vivado 12-3157] SDK launch initiated. Please check console for any further messages.
exit
INFO: [Common 17-206] Exiting Vivado at Thu Jun 02 18:14:52 2016...
