#
# A fatal error has been detected by the Java Runtime Environment:
#
#  EXCEPTION_UNCAUGHT_CXX_EXCEPTION (0xe06d7363) at pc=0x00007ffac30b606c, pid=5936, tid=13092
#
# JRE version: Java(TM) SE Runtime Environment (8.0_45-b15) (build 1.8.0_45-b15)
# Java VM: Java HotSpot(TM) 64-Bit Server VM (25.45-b02 mixed mode windows-amd64 compressed oops)
# Problematic frame:
# C  [KERNELBASE.dll+0x606c]
#
# Failed to write core dump. Minidumps are not enabled by default on client versions of Windows
#
# If you would like to submit a bug report, please visit:
#   http://bugreport.java.com/bugreport/crash.jsp
#

---------------  T H R E A D  ---------------

Current thread (0x0000000013647000):  VMThread [stack: 0x00000000146d0000,0x00000000147d0000] [id=13092]

siginfo: ExceptionCode=0xe06d7363, ExceptionInformation=0x0000000019930520 0x00000000147cf388 0x00007ffab5052cb8 0x00007ffab4fa0000 

Registers:
RAX=0x0000000000000000, RBX=0x00007ffab5052cb8, RCX=0x00000000147cecb0, RDX=0x00007ffac5c968eb
RSP=0x00000000147cf1d0, RBP=0x00000000147cf310, RSI=0x00000000ffffffff, RDI=0x00000000213a3390
R8 =0x00000000147cee08, R9 =0x0000000000000000, R10=0x0000000000000000, R11=0x00000000147cf121
R12=0x0000000000000001, R13=0x0000000000000008, R14=0x0000000000000000, R15=0xffffffffffffffff
RIP=0x00007ffac30b606c, EFLAGS=0x0000000000000202

Top of Stack: (sp=0x00000000147cf1d0)
0x00000000147cf1d0:   00000000001c0000 00007ffab5052cb8
0x00000000147cf1e0:   00000000ffffffff 00000000213a3390
0x00000000147cf1f0:   00000001e06d7363 0000000000000000
0x00000000147cf200:   00007ffac30b606c 0000000000000004
0x00000000147cf210:   0000000019930520 00000000147cf388
0x00000000147cf220:   00007ffab5052cb8 00007ffab4fa0000
0x00000000147cf230:   0000000000000000 000000002140c590
0x00000000147cf240:   0000000000000000 0000000000000000
0x00000000147cf250:   0000000000000000 00000000147cf4c0
0x00000000147cf260:   ffffffffffffffff 0000000000000001
0x00000000147cf270:   0000000000008008 0000000000000000
0x00000000147cf280:   ffffffffffffffff 0000000000000000
0x00000000147cf290:   000055903b66b5b8 00000000ffffffff
0x00000000147cf2a0:   00007ffab5052cb8 00007ffab4ffe92c
0x00000000147cf2b0:   00000000c0000001 00000000147cf320
0x00000000147cf2c0:   0000000000000001 0000000000000000 

Instructions: (pc=0x00007ffac30b606c)
0x00007ffac30b604c:   44 3b c0 44 0f 47 c0 44 89 44 24 38 49 c1 e0 03
0x00007ffac30b605c:   e8 cb b5 ff ff 48 8d 4c 24 20 ff 15 fc e5 0f 00
0x00007ffac30b606c:   48 8b 8c 24 c0 00 00 00 48 33 cc e8 84 b3 ff ff
0x00007ffac30b607c:   48 81 c4 d8 00 00 00 c3 90 90 90 90 90 90 90 90 


Register to memory mapping:

RAX=0x0000000000000000 is an unknown value
RBX=0x00007ffab5052cb8 is an unknown value
RCX=0x00000000147cecb0 is an unknown value
RDX=0x00007ffac5c968eb is an unknown value
RSP=0x00000000147cf1d0 is an unknown value
RBP=0x00000000147cf310 is an unknown value
RSI=0x00000000ffffffff is an unallocated location in the heap
RDI=0x00000000213a3390 is an unknown value
R8 =0x00000000147cee08 is an unknown value
R9 =0x0000000000000000 is an unknown value
R10=0x0000000000000000 is an unknown value
R11=0x00000000147cf121 is an unknown value
R12=0x0000000000000001 is an unknown value
R13=0x0000000000000008 is an unknown value
R14=0x0000000000000000 is an unknown value
R15=0xffffffffffffffff is an unknown value


Stack: [0x00000000146d0000,0x00000000147d0000],  sp=0x00000000147cf1d0,  free space=1020k
Native frames: (J=compiled Java code, j=interpreted, Vv=VM code, C=native code)
C  [KERNELBASE.dll+0x606c]
C  [MSVCR110.dll+0x5e92c]
C  [MSVCR110.dll+0x1315c]
C  [MSVCR110.dll+0x136a9]
C  [MSVCR110.dll+0x13e9c]
C  [MSVCR110.dll+0x239e]
C  [MSVCR110.dll+0xaf9e]
C  [MSVCP110.dll+0x397b9]
C  [librdi_common.dll+0x14283e]
C  [librdi_common.dll+0x141449]
C  [librdi_target_manager.dll+0x2400]
C  [librdi_target_manager.dll+0x2682]
C  [ntdll.dll+0x231dd]
C  [ntdll.dll+0x2160a]
C  [ntdll.dll+0x6b5ec]
C  [KERNEL32.DLL+0x4d56]
C  [MSVCR100.dll+0x20ccd]
V  [jvm.dll+0x20f135]
V  [jvm.dll+0x247ef7]
V  [jvm.dll+0x247196]
V  [jvm.dll+0x247631]
V  [jvm.dll+0x24784e]
V  [jvm.dll+0x29853a]
C  [MSVCR100.dll+0x21d9f]
C  [MSVCR100.dll+0x21e3b]
C  [KERNEL32.DLL+0x16ad]
C  [ntdll.dll+0x54409]

VM_Operation (0x000000000013f500): Exit, mode: safepoint, requested by thread 0x0000000002123800


---------------  P R O C E S S  ---------------

Java Threads: ( => current thread )
  0x00000000159ac000 JavaThread "Thread-29" [_thread_in_native, id=7004, stack(0x0000000024570000,0x0000000024670000)]
  0x00000000159a7800 JavaThread "pool-2-thread-4" [_thread_blocked, id=1520, stack(0x0000000024770000,0x0000000024870000)]
  0x00000000188cc000 JavaThread "pool-2-thread-3" [_thread_blocked, id=12420, stack(0x0000000024b80000,0x0000000024c80000)]
  0x00000000188d2000 JavaThread "pool-2-thread-2" [_thread_blocked, id=11996, stack(0x0000000024670000,0x0000000024770000)]
  0x00000000188cd000 JavaThread "pool-2-thread-1" [_thread_blocked, id=3188, stack(0x0000000024180000,0x0000000024280000)]
  0x00000000188c7800 JavaThread "Thread-19" daemon [_thread_blocked, id=9388, stack(0x0000000024080000,0x0000000024180000)]
  0x0000000016ba3800 JavaThread "TCF Locator DNS Lookup" daemon [_thread_blocked, id=9536, stack(0x0000000020980000,0x0000000020a80000)]
  0x0000000016ba2000 JavaThread "TCF Locator Timer" daemon [_thread_blocked, id=3288, stack(0x00000000205e0000,0x00000000206e0000)]
  0x000000001a5f9000 JavaThread "TCF Locator Receiver" daemon [_thread_in_native, id=8864, stack(0x000000001fd80000,0x000000001fe80000)]
  0x000000001a5f7000 JavaThread "TCF Timer Dispatcher" daemon [_thread_blocked, id=6820, stack(0x00000000204e0000,0x00000000205e0000)]
  0x0000000014d50000 JavaThread "EMF Reference Cleaner" daemon [_thread_blocked, id=1948, stack(0x0000000017990000,0x0000000017a90000)]
  0x0000000014d4c000 JavaThread "Service Thread" daemon [_thread_blocked, id=9212, stack(0x00000000152d0000,0x00000000153d0000)]
  0x0000000014cd6800 JavaThread "C1 CompilerThread2" daemon [_thread_blocked, id=9372, stack(0x00000000151d0000,0x00000000152d0000)]
  0x00000000136d9800 JavaThread "C2 CompilerThread1" daemon [_thread_blocked, id=10492, stack(0x00000000150d0000,0x00000000151d0000)]
  0x00000000136cd800 JavaThread "C2 CompilerThread0" daemon [_thread_blocked, id=9960, stack(0x0000000014bd0000,0x0000000014cd0000)]
  0x00000000136cc800 JavaThread "Attach Listener" daemon [_thread_blocked, id=6936, stack(0x0000000014ad0000,0x0000000014bd0000)]
  0x00000000136cb800 JavaThread "Signal Dispatcher" daemon [_thread_blocked, id=6848, stack(0x00000000149d0000,0x0000000014ad0000)]
  0x0000000002218800 JavaThread "Finalizer" daemon [_thread_blocked, id=6728, stack(0x00000000148d0000,0x00000000149d0000)]
  0x0000000002210000 JavaThread "Reference Handler" daemon [_thread_blocked, id=260, stack(0x00000000147d0000,0x00000000148d0000)]
  0x0000000002123800 JavaThread "main" [_thread_blocked, id=7084, stack(0x0000000000040000,0x0000000000140000)]

Other Threads:
=>0x0000000013647000 VMThread [stack: 0x00000000146d0000,0x00000000147d0000] [id=13092]

VM state:at safepoint (shutting down)

VM Mutex/Monitor currently owned by a thread:  ([mutex/lock_event])
[0x00000000021208d0] Threads_lock - owner thread: 0x0000000013647000

Heap:
 PSYoungGen      total 137216K, used 97549K [0x00000000f5580000, 0x00000000fff00000, 0x0000000100000000)
  eden space 101888K, 74% used [0x00000000f5580000,0x00000000f9f33390,0x00000000fb900000)
  from space 35328K, 62% used [0x00000000fdc80000,0x00000000ff210320,0x00000000fff00000)
  to   space 35840K, 0% used [0x00000000fb900000,0x00000000fb900000,0x00000000fdc00000)
 ParOldGen       total 94208K, used 38064K [0x00000000e0000000, 0x00000000e5c00000, 0x00000000f5580000)
  object space 94208K, 40% used [0x00000000e0000000,0x00000000e252c208,0x00000000e5c00000)
 Metaspace       used 86871K, capacity 93556K, committed 93824K, reserved 1130496K
  class space    used 10570K, capacity 12563K, committed 12672K, reserved 1048576K

Card table byte_map: [0x00000000116d0000,0x00000000117e0000] byte_map_base: 0x0000000010fd0000

Marking Bits: (ParMarkBitMap*) 0x0000000071634040
 Begin Bits: [0x0000000011be0000, 0x00000000123e0000)
 End Bits:   [0x00000000123e0000, 0x0000000012be0000)

Polling page: 0x00000000003e0000

CodeCache: size=245760Kb used=38412Kb max_used=38431Kb free=207347Kb
 bounds [0x0000000002310000, 0x00000000048f0000, 0x0000000011310000]
 total_blobs=11374 nmethods=10522 adapters=758
 compilation: enabled

Compilation events (10 events):
Event: 554.872 Thread 0x0000000014cd6800 13399  s    3       java.util.Vector::firstElement (21 bytes)
Event: 554.873 Thread 0x0000000014cd6800 nmethod 13399 0x0000000003767f90 code [0x0000000003768120, 0x00000000037685e8]
Event: 554.883 Thread 0x00000000136d9800 nmethod 13393 0x000000000321f910 code [0x000000000321fae0, 0x0000000003220a00]
Event: 554.883 Thread 0x00000000136d9800 13398   !   4       org.eclipse.osgi.framework.eventmgr.ListenerQueue::dispatchEventSynchronous (81 bytes)
Event: 554.910 Thread 0x00000000136d9800 nmethod 13398 0x0000000002c96c50 code [0x0000000002c96e00, 0x0000000002c97788]
Event: 555.018 Thread 0x0000000014cd6800 13407   !   3       org.eclipse.osgi.internal.baseadaptor.BaseStorage::compact (215 bytes)
Event: 555.022 Thread 0x0000000014cd6800 nmethod 13407 0x00000000048d3f90 code [0x00000000048d43e0, 0x00000000048d68a8]
Event: 555.103 Thread 0x00000000136cd800 nmethod 13383 0x00000000048dca90 code [0x00000000048dce40, 0x00000000048e0280]
Event: 555.241 Thread 0x0000000014cd6800 13408       3       org.eclipse.osgi.framework.internal.core.AbstractBundle::close (52 bytes)
Event: 555.243 Thread 0x0000000014cd6800 nmethod 13408 0x0000000003219c90 code [0x0000000003219ec0, 0x000000000321abc8]

GC Heap History (10 events):
Event: 343.160 GC heap before
{Heap before GC invocations=21 (full 3):
 PSYoungGen      total 145408K, used 145102K [0x00000000f5580000, 0x0000000100000000, 0x0000000100000000)
  eden space 123392K, 100% used [0x00000000f5580000,0x00000000fce00000,0x00000000fce00000)
  from space 22016K, 98% used [0x00000000fce00000,0x00000000fe333ac8,0x00000000fe380000)
  to   space 27648K, 0% used [0x00000000fe500000,0x00000000fe500000,0x0000000100000000)
 ParOldGen       total 94208K, used 38024K [0x00000000e0000000, 0x00000000e5c00000, 0x00000000f5580000)
  object space 94208K, 40% used [0x00000000e0000000,0x00000000e2522208,0x00000000e5c00000)
 Metaspace       used 80090K, capacity 86732K, committed 87040K, reserved 1124352K
  class space    used 9803K, capacity 11767K, committed 11776K, reserved 1048576K
Event: 343.194 GC heap after
Heap after GC invocations=21 (full 3):
 PSYoungGen      total 143872K, used 22323K [0x00000000f5580000, 0x0000000100000000, 0x0000000100000000)
  eden space 116224K, 0% used [0x00000000f5580000,0x00000000f5580000,0x00000000fc700000)
  from space 27648K, 80% used [0x00000000fe500000,0x00000000ffaccdf8,0x0000000100000000)
  to   space 29184K, 0% used [0x00000000fc700000,0x00000000fc700000,0x00000000fe380000)
 ParOldGen       total 94208K, used 38032K [0x00000000e0000000, 0x00000000e5c00000, 0x00000000f5580000)
  object space 94208K, 40% used [0x00000000e0000000,0x00000000e2524208,0x00000000e5c00000)
 Metaspace       used 80090K, capacity 86732K, committed 87040K, reserved 1124352K
  class space    used 9803K, capacity 11767K, committed 11776K, reserved 1048576K
}
Event: 494.053 GC heap before
{Heap before GC invocations=22 (full 3):
 PSYoungGen      total 143872K, used 138547K [0x00000000f5580000, 0x0000000100000000, 0x0000000100000000)
  eden space 116224K, 100% used [0x00000000f5580000,0x00000000fc700000,0x00000000fc700000)
  from space 27648K, 80% used [0x00000000fe500000,0x00000000ffaccdf8,0x0000000100000000)
  to   space 29184K, 0% used [0x00000000fc700000,0x00000000fc700000,0x00000000fe380000)
 ParOldGen       total 94208K, used 38032K [0x00000000e0000000, 0x00000000e5c00000, 0x00000000f5580000)
  object space 94208K, 40% used [0x00000000e0000000,0x00000000e2524208,0x00000000e5c00000)
 Metaspace       used 82317K, capacity 89140K, committed 89344K, reserved 1126400K
  class space    used 10081K, capacity 12032K, committed 12032K, reserved 1048576K
Event: 494.099 GC heap after
Heap after GC invocations=22 (full 3):
 PSYoungGen      total 143872K, used 27531K [0x00000000f5580000, 0x0000000100000000, 0x0000000100000000)
  eden space 116224K, 0% used [0x00000000f5580000,0x00000000f5580000,0x00000000fc700000)
  from space 27648K, 99% used [0x00000000fc700000,0x00000000fe1e2d48,0x00000000fe200000)
  to   space 30720K, 0% used [0x00000000fe200000,0x00000000fe200000,0x0000000100000000)
 ParOldGen       total 94208K, used 38040K [0x00000000e0000000, 0x00000000e5c00000, 0x00000000f5580000)
  object space 94208K, 40% used [0x00000000e0000000,0x00000000e2526208,0x00000000e5c00000)
 Metaspace       used 82317K, capacity 89140K, committed 89344K, reserved 1126400K
  class space    used 10081K, capacity 12032K, committed 12032K, reserved 1048576K
}
Event: 517.396 GC heap before
{Heap before GC invocations=23 (full 3):
 PSYoungGen      total 143872K, used 143755K [0x00000000f5580000, 0x0000000100000000, 0x0000000100000000)
  eden space 116224K, 100% used [0x00000000f5580000,0x00000000fc700000,0x00000000fc700000)
  from space 27648K, 99% used [0x00000000fc700000,0x00000000fe1e2d48,0x00000000fe200000)
  to   space 30720K, 0% used [0x00000000fe200000,0x00000000fe200000,0x0000000100000000)
 ParOldGen       total 94208K, used 38040K [0x00000000e0000000, 0x00000000e5c00000, 0x00000000f5580000)
  object space 94208K, 40% used [0x00000000e0000000,0x00000000e2526208,0x00000000e5c00000)
 Metaspace       used 83423K, capacity 90194K, committed 90624K, reserved 1128448K
  class space    used 10231K, capacity 12171K, committed 12288K, reserved 1048576K
Event: 517.434 GC heap after
Heap after GC invocations=23 (full 3):
 PSYoungGen      total 135680K, used 26896K [0x00000000f5580000, 0x0000000100000000, 0x0000000100000000)
  eden space 104960K, 0% used [0x00000000f5580000,0x00000000f5580000,0x00000000fbc00000)
  from space 30720K, 87% used [0x00000000fe200000,0x00000000ffc44140,0x0000000100000000)
  to   space 34816K, 0% used [0x00000000fbc00000,0x00000000fbc00000,0x00000000fde00000)
 ParOldGen       total 94208K, used 38048K [0x00000000e0000000, 0x00000000e5c00000, 0x00000000f5580000)
  object space 94208K, 40% used [0x00000000e0000000,0x00000000e2528208,0x00000000e5c00000)
 Metaspace       used 83423K, capacity 90194K, committed 90624K, reserved 1128448K
  class space    used 10231K, capacity 12171K, committed 12288K, reserved 1048576K
}
Event: 533.885 GC heap before
{Heap before GC invocations=24 (full 3):
 PSYoungGen      total 135680K, used 131856K [0x00000000f5580000, 0x0000000100000000, 0x0000000100000000)
  eden space 104960K, 100% used [0x00000000f5580000,0x00000000fbc00000,0x00000000fbc00000)
  from space 30720K, 87% used [0x00000000fe200000,0x00000000ffc44140,0x0000000100000000)
  to   space 34816K, 0% used [0x00000000fbc00000,0x00000000fbc00000,0x00000000fde00000)
 ParOldGen       total 94208K, used 38048K [0x00000000e0000000, 0x00000000e5c00000, 0x00000000f5580000)
  object space 94208K, 40% used [0x00000000e0000000,0x00000000e2528208,0x00000000e5c00000)
 Metaspace       used 86110K, capacity 92868K, committed 93184K, reserved 1130496K
  class space    used 10510K, capacity 12465K, committed 12544K, reserved 1048576K
Event: 533.922 GC heap after
Heap after GC invocations=24 (full 3):
 PSYoungGen      total 131584K, used 26462K [0x00000000f5580000, 0x0000000100000000, 0x0000000100000000)
  eden space 104960K, 0% used [0x00000000f5580000,0x00000000f5580000,0x00000000fbc00000)
  from space 26624K, 99% used [0x00000000fbc00000,0x00000000fd5d7b00,0x00000000fd600000)
  to   space 36352K, 0% used [0x00000000fdc80000,0x00000000fdc80000,0x0000000100000000)
 ParOldGen       total 94208K, used 38056K [0x00000000e0000000, 0x00000000e5c00000, 0x00000000f5580000)
  object space 94208K, 40% used [0x00000000e0000000,0x00000000e252a208,0x00000000e5c00000)
 Metaspace       used 86110K, capacity 92868K, committed 93184K, reserved 1130496K
  class space    used 10510K, capacity 12465K, committed 12544K, reserved 1048576K
}
Event: 545.709 GC heap before
{Heap before GC invocations=25 (full 3):
 PSYoungGen      total 131584K, used 131422K [0x00000000f5580000, 0x0000000100000000, 0x0000000100000000)
  eden space 104960K, 100% used [0x00000000f5580000,0x00000000fbc00000,0x00000000fbc00000)
  from space 26624K, 99% used [0x00000000fbc00000,0x00000000fd5d7b00,0x00000000fd600000)
  to   space 36352K, 0% used [0x00000000fdc80000,0x00000000fdc80000,0x0000000100000000)
 ParOldGen       total 94208K, used 38056K [0x00000000e0000000, 0x00000000e5c00000, 0x00000000f5580000)
  object space 94208K, 40% used [0x00000000e0000000,0x00000000e252a208,0x00000000e5c00000)
 Metaspace       used 86231K, capacity 92944K, committed 93184K, reserved 1130496K
  class space    used 10512K, capacity 12467K, committed 12544K, reserved 1048576K
Event: 545.746 GC heap after
Heap after GC invocations=25 (full 3):
 PSYoungGen      total 137216K, used 22080K [0x00000000f5580000, 0x00000000fff00000, 0x0000000100000000)
  eden space 101888K, 0% used [0x00000000f5580000,0x00000000f5580000,0x00000000fb900000)
  from space 35328K, 62% used [0x00000000fdc80000,0x00000000ff210320,0x00000000fff00000)
  to   space 35840K, 0% used [0x00000000fb900000,0x00000000fb900000,0x00000000fdc00000)
 ParOldGen       total 94208K, used 38064K [0x00000000e0000000, 0x00000000e5c00000, 0x00000000f5580000)
  object space 94208K, 40% used [0x00000000e0000000,0x00000000e252c208,0x00000000e5c00000)
 Metaspace       used 86231K, capacity 92944K, committed 93184K, reserved 1130496K
  class space    used 10512K, capacity 12467K, committed 12544K, reserved 1048576K
}

Deoptimization events (10 events):
Event: 554.026 Thread 0x0000000002123800 Uncommon trap: reason=class_check action=maybe_recompile pc=0x000000000485ebac method=org.eclipse.e4.core.internal.contexts.ContextObjectSupplier$ContextInjectionListener.update(Lorg/eclipse/e4/core/contexts/IEclipseContext;I[Ljava/lang/Object;)Z @ 173
Event: 554.026 Thread 0x0000000002123800 Uncommon trap: reason=class_check action=maybe_recompile pc=0x000000000484d04c method=org.eclipse.e4.core.internal.contexts.TrackableComputationExt.update(Lorg/eclipse/e4/core/internal/contexts/ContextChangeEvent;)Z @ 62
Event: 554.026 Thread 0x0000000002123800 Uncommon trap: reason=class_check action=maybe_recompile pc=0x000000000485ebac method=org.eclipse.e4.core.internal.contexts.ContextObjectSupplier$ContextInjectionListener.update(Lorg/eclipse/e4/core/contexts/IEclipseContext;I[Ljava/lang/Object;)Z @ 173
Event: 554.027 Thread 0x0000000002123800 Uncommon trap: reason=class_check action=maybe_recompile pc=0x000000000484d04c method=org.eclipse.e4.core.internal.contexts.TrackableComputationExt.update(Lorg/eclipse/e4/core/internal/contexts/ContextChangeEvent;)Z @ 62
Event: 554.027 Thread 0x0000000002123800 Uncommon trap: reason=class_check action=maybe_recompile pc=0x000000000485ebac method=org.eclipse.e4.core.internal.contexts.ContextObjectSupplier$ContextInjectionListener.update(Lorg/eclipse/e4/core/contexts/IEclipseContext;I[Ljava/lang/Object;)Z @ 173
Event: 554.226 Thread 0x0000000002123800 Uncommon trap: reason=unstable_if action=reinterpret pc=0x000000000404c088 method=org.eclipse.swt.graphics.Resource.dispose()V @ 15
Event: 554.243 Thread 0x0000000002123800 Uncommon trap: reason=unstable_if action=reinterpret pc=0x000000000326acb4 method=sun.nio.cs.UTF_8$Decoder.decodeArrayLoop(Ljava/nio/ByteBuffer;Ljava/nio/CharBuffer;)Ljava/nio/charset/CoderResult; @ 110
Event: 554.787 Thread 0x0000000002123800 Uncommon trap: reason=unstable_if action=reinterpret pc=0x0000000002e6c56c method=org.eclipse.core.runtime.internal.adaptor.EclipseLazyStarter.shouldActivateFor(Ljava/lang/String;Lorg/eclipse/osgi/baseadaptor/BaseData;Lorg/eclipse/core/runtime/internal/adaÓƒπÜVÅ@
Event: 554.816 Thread 0x0000000002123800 Uncommon trap: reason=unstable_if action=reinterpret pc=0x0000000003a49aa8 method=org.eclipse.core.internal.jobs.DeadlockDetector.reduceGraph(ILorg/eclipse/core/runtime/jobs/ISchedulingRule;)V @ 341
Event: 555.242 Thread 0x0000000002123800 Uncommon trap: reason=unstable_if action=reinterpret pc=0x000000000450358c method=sun.reflect.UnsafeStaticObjectFieldAccessorImpl.set(Ljava/lang/Object;Ljava/lang/Object;)V @ 13

Internal exceptions (10 events):
Event: 553.371 Thread 0x0000000002123800 Implicit null exception at 0x00000000037cfe4c to 0x00000000037cfea9
Event: 553.372 Thread 0x0000000002123800 Implicit null exception at 0x0000000004757d86 to 0x000000000475e241
Event: 553.583 Thread 0x0000000002123800 Implicit null exception at 0x0000000003e4ddc9 to 0x0000000003e4e0f5
Event: 554.197 Thread 0x00000000188ca000 Exception <a 'java/lang/InterruptedException'> (0x00000000f98807c8) thrown at [C:\re\workspace\8-2-build-windows-amd64-cygwin\jdk8u45\3627\hotspot\src\share\vm\runtime\objectMonitor.cpp, line 1683]
Event: 554.807 Thread 0x0000000002123800 Exception <a 'java/lang/NullPointerException'> (0x00000000e0249228) thrown at [C:\re\workspace\8-2-build-windows-amd64-cygwin\jdk8u45\3627\hotspot\src\share\vm\prims\jvm.cpp, line 1386]
Event: 554.879 Thread 0x0000000014d4d000 Exception <a 'java/lang/InterruptedException': sleep interrupted> (0x00000000f9c20de0) thrown at [C:\re\workspace\8-2-build-windows-amd64-cygwin\jdk8u45\3627\hotspot\src\share\vm\prims\jvm.cpp, line 3211]
Event: 554.881 Thread 0x000000001a5f2800 Exception <a 'java/lang/InterruptedException'> (0x00000000f9a64240) thrown at [C:\re\workspace\8-2-build-windows-amd64-cygwin\jdk8u45\3627\hotspot\src\share\vm\runtime\objectMonitor.cpp, line 1683]
Event: 554.881 Thread 0x0000000014d4a800 Exception <a 'java/lang/InterruptedException'> (0x00000000f9d1f910) thrown at [C:\re\workspace\8-2-build-windows-amd64-cygwin\jdk8u45\3627\hotspot\src\share\vm\runtime\objectMonitor.cpp, line 1683]
Event: 555.242 Thread 0x0000000014d4e800 Exception <a 'java/lang/InterruptedException'> (0x00000000f9ba9710) thrown at [C:\re\workspace\8-2-build-windows-amd64-cygwin\jdk8u45\3627\hotspot\src\share\vm\runtime\objectMonitor.cpp, line 1683]
Event: 555.242 Thread 0x0000000002123800 Implicit null exception at 0x000000000450327d to 0x0000000004503579

Events (10 events):
Event: 555.242 Thread 0x0000000002123800 DEOPT PACKING pc=0x000000000450358c sp=0x000000000013eae0
Event: 555.242 Thread 0x0000000002123800 DEOPT UNPACKING pc=0x000000000235582a sp=0x000000000013ea38 mode 2
Event: 555.243 Thread 0x0000000014d4d800 Thread exited: 0x0000000014d4d800
Event: 555.243 loading class java/util/IdentityHashMap$KeyIterator
Event: 555.243 loading class java/util/IdentityHashMap$IdentityHashMapIterator
Event: 555.243 loading class java/util/IdentityHashMap$IdentityHashMapIterator done
Event: 555.243 loading class java/util/IdentityHashMap$KeyIterator done
Event: 555.244 Thread 0x00000000159a9800 Thread added: 0x00000000159a9800
Event: 555.244 Thread 0x00000000159a9800 Thread exited: 0x00000000159a9800
Event: 555.245 Executing VM operation: Exit


Dynamic libraries:
0x0000000000400000 - 0x000000000044f000 	E:\ProgramFiles\Xilinx\SDK\2015.4\eclipse\win64.o\eclipse.exe
0x00007ffac5c70000 - 0x00007ffac5e16000 	C:\Windows\SYSTEM32\ntdll.dll
0x00007ffac3e80000 - 0x00007ffac3fba000 	C:\Windows\system32\KERNEL32.DLL
0x00007ffac30b0000 - 0x00007ffac31bf000 	C:\Windows\system32\KERNELBASE.dll
0x00007ffac5950000 - 0x00007ffac5ac1000 	C:\Windows\system32\USER32.dll
0x00007ffac0ec0000 - 0x00007ffac111a000 	C:\Windows\WinSxS\amd64_microsoft.windows.common-controls_6595b64144ccf1df_6.0.9600.17031_none_6242a4b3ecbb55a1\COMCTL32.dll
0x00007ffac3690000 - 0x00007ffac3737000 	C:\Windows\system32\msvcrt.dll
0x00007ffac3d30000 - 0x00007ffac3e74000 	C:\Windows\system32\GDI32.dll
0x00007ffac3b00000 - 0x00007ffac3b34000 	C:\Windows\system32\IMM32.DLL
0x00007ffac42a0000 - 0x00007ffac43d9000 	C:\Windows\system32\MSCTF.dll
0x0000000072000000 - 0x0000000072012000 	E:\ProgramFiles\Xilinx\SDK\2015.4\eclipse\win64.o\plugins\org.eclipse.equinox.launcher.win32.win32.x86_64_1.1.200.v20140116-2212\eclipse_1503.dll
0x00007ffac39a0000 - 0x00007ffac3a45000 	C:\Windows\system32\ADVAPI32.dll
0x00007ffabb630000 - 0x00007ffabb63a000 	C:\Windows\SYSTEM32\VERSION.dll
0x00007ffac43e0000 - 0x00007ffac4437000 	C:\Windows\SYSTEM32\sechost.dll
0x00007ffac34f0000 - 0x00007ffac3627000 	C:\Windows\system32\RPCRT4.dll
0x00007ffac1cc0000 - 0x00007ffac1de1000 	C:\Windows\system32\uxtheme.dll
0x00007ffac37b0000 - 0x00007ffac3986000 	C:\Windows\SYSTEM32\combase.dll
0x0000000070e30000 - 0x00000000716b3000 	E:\ProgramFiles\Xilinx\SDK\2015.4\tps\win64\jre\bin\server\jvm.dll
0x00007ffab8d90000 - 0x00007ffab8d99000 	C:\Windows\SYSTEM32\WSOCK32.dll
0x00007ffabe3f0000 - 0x00007ffabe40f000 	C:\Windows\SYSTEM32\WINMM.dll
0x00007ffac5920000 - 0x00007ffac5927000 	C:\Windows\system32\PSAPI.DLL
0x0000000074090000 - 0x0000000074162000 	C:\Windows\SYSTEM32\MSVCR100.dll
0x00007ffac3630000 - 0x00007ffac3688000 	C:\Windows\system32\WS2_32.dll
0x00007ffabe3c0000 - 0x00007ffabe3ea000 	C:\Windows\SYSTEM32\WINMMBASE.dll
0x00007ffac3740000 - 0x00007ffac3749000 	C:\Windows\system32\NSI.dll
0x00007ffac32c0000 - 0x00007ffac330a000 	C:\Windows\SYSTEM32\cfgmgr32.dll
0x00007ffac1e40000 - 0x00007ffac1e66000 	C:\Windows\SYSTEM32\DEVOBJ.dll
0x0000000073c50000 - 0x0000000073c5f000 	E:\ProgramFiles\Xilinx\SDK\2015.4\tps\win64\jre\bin\verify.dll
0x0000000073c20000 - 0x0000000073c49000 	E:\ProgramFiles\Xilinx\SDK\2015.4\tps\win64\jre\bin\java.dll
0x0000000073c00000 - 0x0000000073c16000 	E:\ProgramFiles\Xilinx\SDK\2015.4\tps\win64\jre\bin\zip.dll
0x00007ffac4510000 - 0x00007ffac591f000 	C:\Windows\system32\SHELL32.dll
0x00007ffac3750000 - 0x00007ffac37a1000 	C:\Windows\system32\SHLWAPI.dll
0x00007ffac12f0000 - 0x00007ffac138f000 	C:\Windows\SYSTEM32\SHCORE.dll
0x00007ffac2fe0000 - 0x00007ffac2ff4000 	C:\Windows\SYSTEM32\profapi.dll
0x00007ffac2870000 - 0x00007ffac288e000 	C:\Windows\SYSTEM32\CRYPTSP.dll
0x00007ffac24b0000 - 0x00007ffac24e5000 	C:\Windows\system32\rsaenh.dll
0x00007ffac2b90000 - 0x00007ffac2bb6000 	C:\Windows\SYSTEM32\bcrypt.dll
0x00007ffac25c0000 - 0x00007ffac25de000 	C:\Windows\SYSTEM32\USERENV.dll
0x00007ffac2ec0000 - 0x00007ffac2f20000 	C:\Windows\system32\bcryptprimitives.dll
0x00007ffac2f20000 - 0x00007ffac2f2a000 	C:\Windows\SYSTEM32\CRYPTBASE.dll
0x0000000073be0000 - 0x0000000073bfa000 	E:\ProgramFiles\Xilinx\SDK\2015.4\tps\win64\jre\bin\net.dll
0x00007ffac2810000 - 0x00007ffac2868000 	C:\Windows\system32\mswsock.dll
0x00007ffabd0b0000 - 0x00007ffabd0d9000 	C:\Windows\SYSTEM32\IPHLPAPI.DLL
0x00007ffabd080000 - 0x00007ffabd08a000 	C:\Windows\SYSTEM32\WINNSI.DLL
0x00007ffabcf20000 - 0x00007ffabcf34000 	C:\Windows\SYSTEM32\dhcpcsvc6.DLL
0x00007ffabcf00000 - 0x00007ffabcf19000 	C:\Windows\SYSTEM32\dhcpcsvc.DLL
0x0000000073bc0000 - 0x0000000073bd1000 	E:\ProgramFiles\Xilinx\SDK\2015.4\tps\win64\jre\bin\nio.dll
0x00007ffac4020000 - 0x00007ffac4198000 	C:\Windows\system32\ole32.dll
0x00007ffac1e90000 - 0x00007ffac1e9a000 	C:\Windows\SYSTEM32\kernel.appcore.dll
0x00007ffab87b0000 - 0x00007ffab87c4000 	C:\Windows\system32\napinsp.dll
0x00007ffab87e0000 - 0x00007ffab87f9000 	C:\Windows\system32\pnrpnsp.dll
0x00007ffac19a0000 - 0x00007ffac19bb000 	C:\Windows\system32\NLAapi.dll
0x00007ffac2620000 - 0x00007ffac26c3000 	C:\Windows\SYSTEM32\DNSAPI.dll
0x00007ffab87d0000 - 0x00007ffab87dc000 	C:\Windows\System32\winrnr.dll
0x00007ffab8800000 - 0x00007ffab8813000 	C:\Windows\system32\wshbth.dll
0x00007ffab9e90000 - 0x00007ffab9e99000 	C:\Windows\System32\rasadhlp.dll
0x00007ffabcba0000 - 0x00007ffabcc08000 	C:\Windows\System32\fwpuclnt.dll
0x0000000002240000 - 0x00000000022e8000 	C:\Users\CoBoL\.Xilinx\SDK\2015.4\org.eclipse.osgi\bundles\303\1\.cp\swt-win32-4335.dll
0x00007ffac4440000 - 0x00007ffac4501000 	C:\Windows\system32\OLEAUT32.dll
0x00007ffac4200000 - 0x00007ffac429e000 	C:\Windows\system32\comdlg32.dll
0x00007ffabf180000 - 0x00007ffabf1fb000 	C:\Windows\SYSTEM32\WINSPOOL.DRV
0x00007ffabe090000 - 0x00007ffabe0a4000 	C:\Windows\SYSTEM32\USP10.dll
0x00007ffabb6c0000 - 0x00007ffabb908000 	C:\Windows\SYSTEM32\WININET.dll
0x00007ffac3310000 - 0x00007ffac34ef000 	C:\Windows\system32\CRYPT32.dll
0x00007ffabb910000 - 0x00007ffabbbd7000 	C:\Windows\SYSTEM32\iertutil.dll
0x00007ffac3090000 - 0x00007ffac30a2000 	C:\Windows\system32\MSASN1.dll
0x00007ffac1120000 - 0x00007ffac1140000 	C:\Windows\system32\dwmapi.dll
0x00007ffabe730000 - 0x00007ffabe89f000 	C:\Windows\SYSTEM32\propsys.dll
0x00007ffac3a50000 - 0x00007ffac3af4000 	C:\Windows\SYSTEM32\clbcatq.dll
0x0000000017ed0000 - 0x0000000017eee000 	C:\Users\CoBoL\.Xilinx\SDK\2015.4\org.eclipse.osgi\bundles\303\1\.cp\swt-gdip-win32-4335.dll
0x00007ffabe440000 - 0x00007ffabe5d8000 	C:\Windows\WinSxS\amd64_microsoft.windows.gdiplus_6595b64144ccf1df_1.1.9600.17227_none_932c0e57474f5080\gdiplus.dll
0x00007ffac0700000 - 0x00007ffac08ae000 	C:\Windows\SYSTEM32\WindowsCodecs.dll
0x0000000180000000 - 0x0000000180012000 	C:\Users\CoBoL\.Xilinx\SDK\2015.4\org.eclipse.osgi\bundles\121\1\.cp\os\win32\x86_64\localfile_1_0_0.dll
0x00007ffabc880000 - 0x00007ffabc891000 	C:\Users\CoBoL\.Xilinx\SDK\2015.4\org.eclipse.osgi\bundles\124\1\.cp\jWinHttp-1.0.0.dll
0x00007ffaba8b0000 - 0x00007ffaba975000 	C:\Windows\SYSTEM32\WINHTTP.dll
0x00007ffabf110000 - 0x00007ffabf173000 	C:\Windows\SYSTEM32\oleacc.dll
0x00007ffabc870000 - 0x00007ffabc87f000 	E:\ProgramFiles\Xilinx\SDK\2015.4\lib\win64.o\librdi_repo_manager.dll
0x00007ffab8df0000 - 0x00007ffab8e1a000 	E:\ProgramFiles\Xilinx\SDK\2015.4\lib\win64.o\libisl_sysinfo.dll
0x00007ffa832f0000 - 0x00007ffa83c7d000 	E:\ProgramFiles\Xilinx\SDK\2015.4\lib\win64.o\librdi_common.dll
0x00007ffab89b0000 - 0x00007ffab8a04000 	E:\ProgramFiles\Xilinx\SDK\2015.4\lib\win64.o\librdi_commonxillic.dll
0x00007ffab1ac0000 - 0x00007ffab1cac000 	E:\ProgramFiles\Xilinx\SDK\2015.4\lib\win64.o\librdi_hsm.dll
0x00007ffab54d0000 - 0x00007ffab5577000 	C:\Windows\SYSTEM32\MSVCP110.dll
0x00007ffab4fa0000 - 0x00007ffab5074000 	C:\Windows\SYSTEM32\MSVCR110.dll
0x00007ffa83f60000 - 0x00007ffa842ce000 	E:\ProgramFiles\Xilinx\SDK\2015.4\lib\win64.o\libCOIN-all.dll
0x00007ffab18a0000 - 0x00007ffab1abe000 	E:\ProgramFiles\Xilinx\SDK\2015.4\lib\win64.o\libXil_lmgr11.dll
0x00007ffab8f40000 - 0x00007ffab8f50000 	E:\ProgramFiles\Xilinx\SDK\2015.4\lib\win64.o\libboost_date_time.dll
0x00007ffab8dc0000 - 0x00007ffab8de2000 	E:\ProgramFiles\Xilinx\SDK\2015.4\lib\win64.o\libboost_filesystem.dll
0x00007ffab8930000 - 0x00007ffab89a4000 	E:\ProgramFiles\Xilinx\SDK\2015.4\lib\win64.o\libboost_program_options.dll
0x00007ffab5d30000 - 0x00007ffab5e2a000 	E:\ProgramFiles\Xilinx\SDK\2015.4\lib\win64.o\libboost_regex.dll
0x00007ffab8da0000 - 0x00007ffab8db3000 	E:\ProgramFiles\Xilinx\SDK\2015.4\lib\win64.o\libboost_signals.dll
0x00007ffab8b60000 - 0x00007ffab8b69000 	E:\ProgramFiles\Xilinx\SDK\2015.4\lib\win64.o\libboost_system.dll
0x00007ffab8b40000 - 0x00007ffab8b5d000 	E:\ProgramFiles\Xilinx\SDK\2015.4\lib\win64.o\libboost_thread.dll
0x00007ffab8b30000 - 0x00007ffab8b3b000 	E:\ProgramFiles\Xilinx\SDK\2015.4\lib\win64.o\libboost_xilinx.dll
0x00007ffab8300000 - 0x00007ffab8380000 	E:\ProgramFiles\Xilinx\SDK\2015.4\lib\win64.o\libhdlpsolve.dll
0x00007ffaadd10000 - 0x00007ffaaddaa000 	E:\ProgramFiles\Xilinx\SDK\2015.4\lib\win64.o\libhdxml.dll
0x00007ffa82eb0000 - 0x00007ffa832e4e00 	E:\ProgramFiles\Xilinx\SDK\2015.4\lib\win64.o\libisl_iostreams.dll
0x00007ffab8910000 - 0x00007ffab8925000 	E:\ProgramFiles\Xilinx\SDK\2015.4\lib\win64.o\pthreadVC2.dll
0x00007ffaab660000 - 0x00007ffaab790000 	E:\ProgramFiles\Xilinx\SDK\2015.4\lib\win64.o\librdi_curl.dll
0x00007ffab84f0000 - 0x00007ffab8508000 	E:\ProgramFiles\Xilinx\SDK\2015.4\lib\win64.o\librdiconfig.dll
0x00007ffab8140000 - 0x00007ffab8163000 	E:\ProgramFiles\Xilinx\SDK\2015.4\lib\win64.o\librdizlib.dll
0x0000000073c60000 - 0x0000000073d87000 	E:\ProgramFiles\Xilinx\SDK\2015.4\lib\win64.o\tcl85t.dll
0x00000000218a0000 - 0x0000000021b03000 	E:\ProgramFiles\Xilinx\SDK\2015.4\lib\win64.o\xerces-c_3_1.dll
0x00007ffabbbe0000 - 0x00007ffabbd65000 	C:\Windows\SYSTEM32\urlmon.dll
0x00007ffab8210000 - 0x00007ffab8233000 	C:\Windows\SYSTEM32\VCOMP110.DLL
0x00007ffab6b40000 - 0x00007ffab6b83000 	E:\ProgramFiles\Xilinx\SDK\2015.4\lib\win64.o\librdi_hdf.dll
0x00007ffa82c50000 - 0x00007ffa82ea5000 	E:\ProgramFiles\Xilinx\SDK\2015.4\lib\win64.o\librdi_ippcw.dll
0x00007ffac1980000 - 0x00007ffac1995000 	C:\Windows\SYSTEM32\NETAPI32.dll
0x00007ffac3270000 - 0x00007ffac32bc000 	C:\Windows\system32\WINTRUST.dll
0x00007ffab82f0000 - 0x00007ffab82fb000 	E:\ProgramFiles\Xilinx\SDK\2015.4\lib\win64.o\libboost_chrono.dll
0x00007ffab8240000 - 0x00007ffab8256000 	E:\ProgramFiles\Xilinx\SDK\2015.4\lib\win64.o\libboost_iostreams.dll
0x00007ffab6b10000 - 0x00007ffab6b33000 	E:\ProgramFiles\Xilinx\SDK\2015.4\lib\win64.o\libisl_iosutils.dll
0x00007ffac2a10000 - 0x00007ffac2a1c000 	C:\Windows\SYSTEM32\netutils.dll
0x00007ffac2cb0000 - 0x00007ffac2cd5000 	C:\Windows\SYSTEM32\srvcli.dll
0x00007ffac1390000 - 0x00007ffac13a6000 	C:\Windows\SYSTEM32\wkscli.dll
0x00007ffabf200000 - 0x00007ffabf207000 	C:\Windows\SYSTEM32\msimg32.dll
0x00007ffa81a90000 - 0x00007ffa822a0000 	E:\ProgramFiles\Xilinx\SDK\2015.4\lib\win64.o\libXil_lmgr11FNP.dll
0x00007ffab8110000 - 0x00007ffab811c000 	C:\Windows\SYSTEM32\snmpapi.dll
0x00007ffac3b40000 - 0x00007ffac3d14000 	C:\Windows\system32\SETUPAPI.dll
0x00007ffac2e90000 - 0x00007ffac2ebb000 	C:\Windows\SYSTEM32\SspiCli.dll
0x00007ffab6a60000 - 0x00007ffab6a76000 	E:\ProgramFiles\Xilinx\SDK\2015.4\eclipse\win64.o\plugins\org.eclipse.cdt.core.win32.x86_64_5.2.0.201402142303\os\win32\x86_64\spawner.dll
0x00007ffab8120000 - 0x00007ffab812a000 	E:\ProgramFiles\Xilinx\SDK\2015.4\lib\win64.o\librdi_jtag_settings.dll
0x00007ffab1dd0000 - 0x00007ffab1df9000 	E:\ProgramFiles\Xilinx\SDK\2015.4\lib\win64.o\librdi_debug_dialog.dll
0x00007ffab6a30000 - 0x00007ffab6a38000 	E:\ProgramFiles\Xilinx\SDK\2015.4\lib\win64.o\librdi_target_manager.dll
0x0000000024b30000 - 0x0000000024b56000 	E:\ProgramFiles\Xilinx\SDK\2015.4\eclipse\win64.o\plugins\gnu.io.rxtx.win32.x86_64_2.1.7.3_v20071015\os\win32\x86_64\rxtxSerial.dll
0x00007ffabef70000 - 0x00007ffabef73000 	C:\Windows\SYSTEM32\icmp.Dll
0x00007ffab61d0000 - 0x00007ffab6358000 	C:\Windows\SYSTEM32\dbghelp.dll

VM Arguments:
jvm_args: -Dcom.xilinx.sdk.args.hwspec=E:/projects/xilinix/master_repo/LAB_AEP/Projects/fmc_imageon_gs/ZEDBOARD/fmc_imageon_gs.sdk/fmc_imageon_gs_wrapper.hdf -Xms64m -Xmx512m & 
java_command: <unknown>
java_class_path (initial): E:\ProgramFiles\Xilinx\SDK\2015.4\eclipse\win64.o\\plugins/org.eclipse.equinox.launcher_1.3.0.v20130327-1440.jar
Launcher Type: generic

Environment Variables:
JAVA_HOME=C:\Program Files\Java\jdk1.8.0_20
CLASSPATH=.;C:\Program Files (x86)\QuickTime\QTSystem\QTJava.zip;
USERNAME=CoBoL
OS=Windows_NT
PROCESSOR_IDENTIFIER=Intel64 Family 6 Model 69 Stepping 1, GenuineIntel



---------------  S Y S T E M  ---------------

OS: Windows 8.1 , 64 bit Build 9600 (6.3.9600.17056)

CPU:total 4 (2 cores per cpu, 2 threads per core) family 6 model 69 stepping 1, cmov, cx8, fxsr, mmx, sse, sse2, sse3, ssse3, sse4.1, sse4.2, popcnt, avx, avx2, aes, clmul, erms, lzcnt, ht, tsc, tscinvbit, bmi1, bmi2

Memory: 4k page, physical 8287332k(3443740k free), swap 11367524k(5896408k free)

vm_info: Java HotSpot(TM) 64-Bit Server VM (25.45-b02) for windows-amd64 JRE (1.8.0_45-b15), built on Apr 30 2015 12:40:44 by "java_re" with MS VC++ 10.0 (VS2010)

time: Thu Jun 30 11:38:09 2016
elapsed time: 555 seconds (0d 0h 9m 15s)

