#
# A fatal error has been detected by the Java Runtime Environment:
#
#  EXCEPTION_UNCAUGHT_CXX_EXCEPTION (0xe06d7363) at pc=0x00007ffac30b606c, pid=8640, tid=2292
#
# JRE version: Java(TM) SE Runtime Environment (8.0_45-b15) (build 1.8.0_45-b15)
# Java VM: Java HotSpot(TM) 64-Bit Server VM (25.45-b02 mixed mode windows-amd64 compressed oops)
# Problematic frame:
# C  [KERNELBASE.dll+0x606c]
#
# Failed to write core dump. Minidumps are not enabled by default on client versions of Windows
#
# If you would like to submit a bug report, please visit:
#   http://bugreport.java.com/bugreport/crash.jsp
#

---------------  T H R E A D  ---------------

Current thread (0x0000000013627000):  VMThread [stack: 0x00000000146c0000,0x00000000147c0000] [id=2292]

siginfo: ExceptionCode=0xe06d7363, ExceptionInformation=0x0000000019930520 0x00000000147bf388 0x00007ffab5052cb8 0x00007ffab4fa0000 

Registers:
RAX=0x0000000000000000, RBX=0x00007ffab5052cb8, RCX=0x00000000147becb0, RDX=0x00007ffac5c968eb
RSP=0x00000000147bf1d0, RBP=0x00000000147bf310, RSI=0x00000000ffffffff, RDI=0x0000000023a92ee0
R8 =0x00000000147bee08, R9 =0x0000000000000000, R10=0x0000000000000000, R11=0x00000000147bf121
R12=0x0000000000000001, R13=0x0000000000000008, R14=0x0000000000000000, R15=0xffffffffffffffff
RIP=0x00007ffac30b606c, EFLAGS=0x0000000000000202

Top of Stack: (sp=0x00000000147bf1d0)
0x00000000147bf1d0:   00000000002d0000 00007ffab5052cb8
0x00000000147bf1e0:   00000000ffffffff 0000000023a92ee0
0x00000000147bf1f0:   00000001e06d7363 0000000000000000
0x00000000147bf200:   00007ffac30b606c 0000000000000004
0x00000000147bf210:   0000000019930520 00000000147bf388
0x00000000147bf220:   00007ffab5052cb8 00007ffab4fa0000
0x00000000147bf230:   0000000000000000 0000000023a810f0
0x00000000147bf240:   0000000000000000 0000000000000000
0x00000000147bf250:   0000000000000000 00000000147bf4c0
0x00000000147bf260:   ffffffffffffffff 0000000000000001
0x00000000147bf270:   0000000000008008 0000000000000000
0x00000000147bf280:   ffffffffffffffff 0000000000000000
0x00000000147bf290:   00008c98436c0073 00000000ffffffff
0x00000000147bf2a0:   00007ffab5052cb8 00007ffab4ffe92c
0x00000000147bf2b0:   00000000c0000001 00000000147bf320
0x00000000147bf2c0:   0000000000000001 0000000000000000 

Instructions: (pc=0x00007ffac30b606c)
0x00007ffac30b604c:   44 3b c0 44 0f 47 c0 44 89 44 24 38 49 c1 e0 03
0x00007ffac30b605c:   e8 cb b5 ff ff 48 8d 4c 24 20 ff 15 fc e5 0f 00
0x00007ffac30b606c:   48 8b 8c 24 c0 00 00 00 48 33 cc e8 84 b3 ff ff
0x00007ffac30b607c:   48 81 c4 d8 00 00 00 c3 90 90 90 90 90 90 90 90 


Register to memory mapping:

RAX=0x0000000000000000 is an unknown value
RBX=0x00007ffab5052cb8 is an unknown value
RCX=0x00000000147becb0 is an unknown value
RDX=0x00007ffac5c968eb is an unknown value
RSP=0x00000000147bf1d0 is an unknown value
RBP=0x00000000147bf310 is an unknown value
RSI=0x00000000ffffffff is an unallocated location in the heap
RDI=0x0000000023a92ee0 is an unknown value
R8 =0x00000000147bee08 is an unknown value
R9 =0x0000000000000000 is an unknown value
R10=0x0000000000000000 is an unknown value
R11=0x00000000147bf121 is an unknown value
R12=0x0000000000000001 is an unknown value
R13=0x0000000000000008 is an unknown value
R14=0x0000000000000000 is an unknown value
R15=0xffffffffffffffff is an unknown value


Stack: [0x00000000146c0000,0x00000000147c0000],  sp=0x00000000147bf1d0,  free space=1020k
Native frames: (J=compiled Java code, j=interpreted, Vv=VM code, C=native code)
C  [KERNELBASE.dll+0x606c]
C  [MSVCR110.dll+0x5e92c]
C  [MSVCR110.dll+0x1315c]
C  [MSVCR110.dll+0x136a9]
C  [MSVCR110.dll+0x13e9c]
C  [MSVCR110.dll+0x239e]
C  [MSVCR110.dll+0xaf9e]
C  [MSVCP110.dll+0x397b9]
C  [librdi_common.dll+0x14283e]
C  [librdi_common.dll+0x141449]
C  [librdi_target_manager.dll+0x2400]
C  [librdi_target_manager.dll+0x2682]
C  [ntdll.dll+0x231dd]
C  [ntdll.dll+0x2160a]
C  [ntdll.dll+0x6b5ec]
C  [KERNEL32.DLL+0x4d56]
C  [MSVCR100.dll+0x20ccd]
V  [jvm.dll+0x20f135]
V  [jvm.dll+0x247ef7]
V  [jvm.dll+0x247196]
V  [jvm.dll+0x247631]
V  [jvm.dll+0x24784e]
V  [jvm.dll+0x29853a]
C  [MSVCR100.dll+0x21d9f]
C  [MSVCR100.dll+0x21e3b]
C  [KERNEL32.DLL+0x16ad]
C  [ntdll.dll+0x54409]

VM_Operation (0x000000000013f500): Exit, mode: safepoint, requested by thread 0x0000000002113800


---------------  P R O C E S S  ---------------

Java Threads: ( => current thread )
  0x0000000017053000 JavaThread "pool-2-thread-5" [_thread_blocked, id=4732, stack(0x0000000025590000,0x0000000025690000)]
  0x0000000017056000 JavaThread "Thread-67" [_thread_in_native, id=2232, stack(0x0000000024780000,0x0000000024880000)]
  0x0000000017051000 JavaThread "pool-2-thread-4" [_thread_blocked, id=3516, stack(0x0000000024f90000,0x0000000025090000)]
  0x000000001cc2d800 JavaThread "pool-2-thread-3" [_thread_blocked, id=3636, stack(0x0000000025090000,0x0000000025190000)]
  0x000000001cc2c000 JavaThread "pool-2-thread-2" [_thread_blocked, id=4000, stack(0x0000000024ba0000,0x0000000024ca0000)]
  0x000000001cc25000 JavaThread "pool-2-thread-1" [_thread_blocked, id=10260, stack(0x0000000024880000,0x0000000024980000)]
  0x000000001cc23000 JavaThread "Thread-20" daemon [_thread_blocked, id=3040, stack(0x0000000024380000,0x0000000024480000)]
  0x000000001a7e4800 JavaThread "TCF Locator DNS Lookup" daemon [_thread_blocked, id=7828, stack(0x0000000020a10000,0x0000000020b10000)]
  0x000000001a7e3000 JavaThread "TCF Locator Timer" daemon [_thread_blocked, id=6164, stack(0x0000000020910000,0x0000000020a10000)]
  0x000000001a7e4000 JavaThread "TCF Locator Receiver" daemon [_thread_in_native, id=1472, stack(0x0000000020810000,0x0000000020910000)]
  0x0000000016379800 JavaThread "TCF Timer Dispatcher" daemon [_thread_blocked, id=12376, stack(0x00000000204b0000,0x00000000205b0000)]
  0x00000000160fb000 JavaThread "EMF Reference Cleaner" daemon [_thread_blocked, id=9344, stack(0x0000000017980000,0x0000000017a80000)]
  0x0000000014d42000 JavaThread "Service Thread" daemon [_thread_blocked, id=7532, stack(0x00000000152c0000,0x00000000153c0000)]
  0x00000000136b7800 JavaThread "C1 CompilerThread2" daemon [_thread_blocked, id=12244, stack(0x00000000151c0000,0x00000000152c0000)]
  0x0000000014cc9800 JavaThread "C2 CompilerThread1" daemon [_thread_blocked, id=7920, stack(0x00000000150c0000,0x00000000151c0000)]
  0x00000000136af800 JavaThread "C2 CompilerThread0" daemon [_thread_blocked, id=9456, stack(0x0000000014bc0000,0x0000000014cc0000)]
  0x00000000136ac000 JavaThread "Attach Listener" daemon [_thread_blocked, id=4108, stack(0x0000000014ac0000,0x0000000014bc0000)]
  0x00000000136ab800 JavaThread "Signal Dispatcher" daemon [_thread_blocked, id=4120, stack(0x00000000149c0000,0x0000000014ac0000)]
  0x0000000002208800 JavaThread "Finalizer" daemon [_thread_blocked, id=8688, stack(0x00000000148c0000,0x00000000149c0000)]
  0x0000000002200000 JavaThread "Reference Handler" daemon [_thread_blocked, id=8556, stack(0x00000000147c0000,0x00000000148c0000)]
  0x0000000002113800 JavaThread "main" [_thread_blocked, id=13036, stack(0x0000000000040000,0x0000000000140000)]

Other Threads:
=>0x0000000013627000 VMThread [stack: 0x00000000146c0000,0x00000000147c0000] [id=2292]

VM state:at safepoint (shutting down)

VM Mutex/Monitor currently owned by a thread:  ([mutex/lock_event])
[0x0000000002110950] Threads_lock - owner thread: 0x0000000013627000

Heap:
 PSYoungGen      total 94208K, used 20472K [0x00000000f5580000, 0x00000000fd300000, 0x0000000100000000)
  eden space 64000K, 22% used [0x00000000f5580000,0x00000000f635f7e0,0x00000000f9400000)
  from space 30208K, 20% used [0x00000000fb580000,0x00000000fbb9e9d8,0x00000000fd300000)
  to   space 32256K, 0% used [0x00000000f9400000,0x00000000f9400000,0x00000000fb380000)
 ParOldGen       total 111104K, used 62914K [0x00000000e0000000, 0x00000000e6c80000, 0x00000000f5580000)
  object space 111104K, 56% used [0x00000000e0000000,0x00000000e3d70928,0x00000000e6c80000)
 Metaspace       used 88296K, capacity 95238K, committed 95360K, reserved 1132544K
  class space    used 10500K, capacity 12616K, committed 12672K, reserved 1048576K

Card table byte_map: [0x00000000116b0000,0x00000000117c0000] byte_map_base: 0x0000000010fb0000

Marking Bits: (ParMarkBitMap*) 0x0000000071634040
 Begin Bits: [0x0000000011bc0000, 0x00000000123c0000)
 End Bits:   [0x00000000123c0000, 0x0000000012bc0000)

Polling page: 0x00000000003d0000

CodeCache: size=245760Kb used=50108Kb max_used=50136Kb free=195651Kb
 bounds [0x00000000022f0000, 0x0000000005460000, 0x00000000112f0000]
 total_blobs=14237 nmethods=13383 adapters=761
 compilation: enabled

Compilation events (10 events):
Event: 1286.165 Thread 0x00000000136b7800 nmethod 17361 0x0000000002a52250 code [0x0000000002a523c0, 0x0000000002a526e8]
Event: 1286.167 Thread 0x00000000136b7800 17357       1       org.eclipse.osgi.internal.loader.BundleLoaderProxy::getBasicBundleLoader (5 bytes)
Event: 1286.167 Thread 0x00000000136b7800 nmethod 17357 0x0000000002a51f50 code [0x0000000002a520a0, 0x0000000002a521b0]
Event: 1286.169 Thread 0x00000000136b7800 17360       1       org.eclipse.osgi.internal.loader.BundleLoaderProxy::getBundleData (5 bytes)
Event: 1286.169 Thread 0x00000000136b7800 nmethod 17360 0x000000000365d050 code [0x000000000365d1a0, 0x000000000365d2b0]
Event: 1286.288 Thread 0x00000000136b7800 17362   !   3       org.eclipse.osgi.internal.baseadaptor.BaseStorage::compact (215 bytes)
Event: 1286.293 Thread 0x00000000136b7800 nmethod 17362 0x0000000005441410 code [0x0000000005441860, 0x0000000005443d28]
Event: 1286.400 Thread 0x00000000136af800 nmethod 17343 0x0000000005449f10 code [0x000000000544a2c0, 0x000000000544d700]
Event: 1286.442 Thread 0x00000000136b7800 17363       3       org.eclipse.osgi.framework.internal.core.AbstractBundle::close (52 bytes)
Event: 1286.443 Thread 0x00000000136b7800 nmethod 17363 0x0000000003bcc790 code [0x0000000003bcc9c0, 0x0000000003bcd6c8]

GC Heap History (10 events):
Event: 1189.163 GC heap before
{Heap before GC invocations=35 (full 3):
 PSYoungGen      total 82432K, used 82028K [0x00000000f5580000, 0x00000000fdf80000, 0x0000000100000000)
  eden space 71680K, 100% used [0x00000000f5580000,0x00000000f9b80000,0x00000000f9b80000)
  from space 10752K, 96% used [0x00000000f9d00000,0x00000000fa71b398,0x00000000fa780000)
  to   space 34816K, 0% used [0x00000000fbd80000,0x00000000fbd80000,0x00000000fdf80000)
 ParOldGen       total 111104K, used 61125K [0x00000000e0000000, 0x00000000e6c80000, 0x00000000f5580000)
  object space 111104K, 55% used [0x00000000e0000000,0x00000000e3bb16f8,0x00000000e6c80000)
 Metaspace       used 87421K, capacity 94402K, committed 94720K, reserved 1132544K
  class space    used 10434K, capacity 12450K, committed 12544K, reserved 1048576K
Event: 1189.188 GC heap after
Heap after GC invocations=35 (full 3):
 PSYoungGen      total 102400K, used 10134K [0x00000000f5580000, 0x00000000fdd00000, 0x0000000100000000)
  eden space 70144K, 0% used [0x00000000f5580000,0x00000000f5580000,0x00000000f9a00000)
  from space 32256K, 31% used [0x00000000fbd80000,0x00000000fc765998,0x00000000fdd00000)
  to   space 34304K, 0% used [0x00000000f9a00000,0x00000000f9a00000,0x00000000fbb80000)
 ParOldGen       total 111104K, used 61367K [0x00000000e0000000, 0x00000000e6c80000, 0x00000000f5580000)
  object space 111104K, 55% used [0x00000000e0000000,0x00000000e3bede60,0x00000000e6c80000)
 Metaspace       used 87421K, capacity 94402K, committed 94720K, reserved 1132544K
  class space    used 10434K, capacity 12450K, committed 12544K, reserved 1048576K
}
Event: 1261.060 GC heap before
{Heap before GC invocations=36 (full 3):
 PSYoungGen      total 102400K, used 80278K [0x00000000f5580000, 0x00000000fdd00000, 0x0000000100000000)
  eden space 70144K, 100% used [0x00000000f5580000,0x00000000f9a00000,0x00000000f9a00000)
  from space 32256K, 31% used [0x00000000fbd80000,0x00000000fc765998,0x00000000fdd00000)
  to   space 34304K, 0% used [0x00000000f9a00000,0x00000000f9a00000,0x00000000fbb80000)
 ParOldGen       total 111104K, used 61367K [0x00000000e0000000, 0x00000000e6c80000, 0x00000000f5580000)
  object space 111104K, 55% used [0x00000000e0000000,0x00000000e3bede60,0x00000000e6c80000)
 Metaspace       used 87540K, capacity 94414K, committed 94720K, reserved 1132544K
  class space    used 10437K, capacity 12452K, committed 12544K, reserved 1048576K
Event: 1261.081 GC heap after
Heap after GC invocations=36 (full 3):
 PSYoungGen      total 78336K, used 9627K [0x00000000f5580000, 0x00000000fda80000, 0x0000000100000000)
  eden space 68608K, 0% used [0x00000000f5580000,0x00000000f5580000,0x00000000f9880000)
  from space 9728K, 98% used [0x00000000f9a00000,0x00000000fa366f00,0x00000000fa380000)
  to   space 33792K, 0% used [0x00000000fb980000,0x00000000fb980000,0x00000000fda80000)
 ParOldGen       total 111104K, used 61575K [0x00000000e0000000, 0x00000000e6c80000, 0x00000000f5580000)
  object space 111104K, 55% used [0x00000000e0000000,0x00000000e3c21e70,0x00000000e6c80000)
 Metaspace       used 87540K, capacity 94414K, committed 94720K, reserved 1132544K
  class space    used 10437K, capacity 12452K, committed 12544K, reserved 1048576K
}
Event: 1265.460 GC heap before
{Heap before GC invocations=37 (full 3):
 PSYoungGen      total 78336K, used 78235K [0x00000000f5580000, 0x00000000fda80000, 0x0000000100000000)
  eden space 68608K, 100% used [0x00000000f5580000,0x00000000f9880000,0x00000000f9880000)
  from space 9728K, 98% used [0x00000000f9a00000,0x00000000fa366f00,0x00000000fa380000)
  to   space 33792K, 0% used [0x00000000fb980000,0x00000000fb980000,0x00000000fda80000)
 ParOldGen       total 111104K, used 61575K [0x00000000e0000000, 0x00000000e6c80000, 0x00000000f5580000)
  object space 111104K, 55% used [0x00000000e0000000,0x00000000e3c21e70,0x00000000e6c80000)
 Metaspace       used 87562K, capacity 94484K, committed 94720K, reserved 1132544K
  class space    used 10438K, capacity 12453K, committed 12544K, reserved 1048576K
Event: 1265.476 GC heap after
Heap after GC invocations=37 (full 3):
 PSYoungGen      total 98304K, used 9329K [0x00000000f5580000, 0x00000000fd800000, 0x0000000100000000)
  eden space 67072K, 0% used [0x00000000f5580000,0x00000000f5580000,0x00000000f9700000)
  from space 31232K, 29% used [0x00000000fb980000,0x00000000fc29c470,0x00000000fd800000)
  to   space 33280K, 0% used [0x00000000f9700000,0x00000000f9700000,0x00000000fb780000)
 ParOldGen       total 111104K, used 62090K [0x00000000e0000000, 0x00000000e6c80000, 0x00000000f5580000)
  object space 111104K, 55% used [0x00000000e0000000,0x00000000e3ca2b18,0x00000000e6c80000)
 Metaspace       used 87562K, capacity 94484K, committed 94720K, reserved 1132544K
  class space    used 10438K, capacity 12453K, committed 12544K, reserved 1048576K
}
Event: 1275.807 GC heap before
{Heap before GC invocations=38 (full 3):
 PSYoungGen      total 98304K, used 76401K [0x00000000f5580000, 0x00000000fd800000, 0x0000000100000000)
  eden space 67072K, 100% used [0x00000000f5580000,0x00000000f9700000,0x00000000f9700000)
  from space 31232K, 29% used [0x00000000fb980000,0x00000000fc29c470,0x00000000fd800000)
  to   space 33280K, 0% used [0x00000000f9700000,0x00000000f9700000,0x00000000fb780000)
 ParOldGen       total 111104K, used 62090K [0x00000000e0000000, 0x00000000e6c80000, 0x00000000f5580000)
  object space 111104K, 55% used [0x00000000e0000000,0x00000000e3ca2b18,0x00000000e6c80000)
 Metaspace       used 87674K, capacity 94630K, committed 94976K, reserved 1132544K
  class space    used 10442K, capacity 12456K, committed 12544K, reserved 1048576K
Event: 1275.823 GC heap after
Heap after GC invocations=38 (full 3):
 PSYoungGen      total 74240K, used 8560K [0x00000000f5580000, 0x00000000fd580000, 0x0000000100000000)
  eden space 65536K, 0% used [0x00000000f5580000,0x00000000f5580000,0x00000000f9580000)
  from space 8704K, 98% used [0x00000000f9700000,0x00000000f9f5c208,0x00000000f9f80000)
  to   space 32768K, 0% used [0x00000000fb580000,0x00000000fb580000,0x00000000fd580000)
 ParOldGen       total 111104K, used 62866K [0x00000000e0000000, 0x00000000e6c80000, 0x00000000f5580000)
  object space 111104K, 56% used [0x00000000e0000000,0x00000000e3d64928,0x00000000e6c80000)
 Metaspace       used 87674K, capacity 94630K, committed 94976K, reserved 1132544K
  class space    used 10442K, capacity 12456K, committed 12544K, reserved 1048576K
}
Event: 1284.739 GC heap before
{Heap before GC invocations=39 (full 3):
 PSYoungGen      total 74240K, used 74096K [0x00000000f5580000, 0x00000000fd580000, 0x0000000100000000)
  eden space 65536K, 100% used [0x00000000f5580000,0x00000000f9580000,0x00000000f9580000)
  from space 8704K, 98% used [0x00000000f9700000,0x00000000f9f5c208,0x00000000f9f80000)
  to   space 32768K, 0% used [0x00000000fb580000,0x00000000fb580000,0x00000000fd580000)
 ParOldGen       total 111104K, used 62866K [0x00000000e0000000, 0x00000000e6c80000, 0x00000000f5580000)
  object space 111104K, 56% used [0x00000000e0000000,0x00000000e3d64928,0x00000000e6c80000)
 Metaspace       used 87847K, capacity 94886K, committed 94976K, reserved 1132544K
  class space    used 10454K, capacity 12520K, committed 12544K, reserved 1048576K
Event: 1284.757 GC heap after
Heap after GC invocations=39 (full 3):
 PSYoungGen      total 94208K, used 6266K [0x00000000f5580000, 0x00000000fd300000, 0x0000000100000000)
  eden space 64000K, 0% used [0x00000000f5580000,0x00000000f5580000,0x00000000f9400000)
  from space 30208K, 20% used [0x00000000fb580000,0x00000000fbb9e9d8,0x00000000fd300000)
  to   space 32256K, 0% used [0x00000000f9400000,0x00000000f9400000,0x00000000fb380000)
 ParOldGen       total 111104K, used 62914K [0x00000000e0000000, 0x00000000e6c80000, 0x00000000f5580000)
  object space 111104K, 56% used [0x00000000e0000000,0x00000000e3d70928,0x00000000e6c80000)
 Metaspace       used 87847K, capacity 94886K, committed 94976K, reserved 1132544K
  class space    used 10454K, capacity 12520K, committed 12544K, reserved 1048576K
}

Deoptimization events (10 events):
Event: 1285.506 Thread 0x0000000002113800 Uncommon trap: reason=unstable_if action=reinterpret pc=0x0000000003dc65c8 method=org.eclipse.swt.graphics.Resource.dispose()V @ 15
Event: 1285.538 Thread 0x0000000002113800 Uncommon trap: reason=unstable_if action=reinterpret pc=0x000000000334ca18 method=sun.nio.cs.UTF_8$Decoder.decodeArrayLoop(Ljava/nio/ByteBuffer;Ljava/nio/CharBuffer;)Ljava/nio/charset/CoderResult; @ 110
Event: 1285.988 Thread 0x0000000017051800 Uncommon trap: reason=class_check action=maybe_recompile pc=0x0000000004e0700c method=org.eclipse.swt.widgets.Display.asyncExec(Ljava/lang/Runnable;)V @ 54
Event: 1286.050 Thread 0x000000001a7e2800 Uncommon trap: reason=unstable_if action=reinterpret pc=0x000000000496ee20 method=org.eclipse.core.internal.jobs.JobManager.startJob(Lorg/eclipse/core/internal/jobs/Worker;)Lorg/eclipse/core/runtime/jobs/Job; @ 20
Event: 1286.060 Thread 0x0000000002113800 Uncommon trap: reason=unstable_if action=reinterpret pc=0x0000000002dfaa9c method=org.eclipse.core.runtime.internal.adaptor.EclipseLazyStarter.shouldActivateFor(Ljava/lang/String;Lorg/eclipse/osgi/baseadaptor/BaseData;Lorg/eclipse/core/runtime/internal/adaƒx ­>”@
Event: 1286.061 Thread 0x0000000002113800 Uncommon trap: reason=class_check action=maybe_recompile pc=0x0000000004e0700c method=org.eclipse.swt.widgets.Display.asyncExec(Ljava/lang/Runnable;)V @ 54
Event: 1286.061 Thread 0x0000000002113800 Uncommon trap: reason=class_check action=maybe_recompile pc=0x0000000004e0700c method=org.eclipse.swt.widgets.Display.asyncExec(Ljava/lang/Runnable;)V @ 54
Event: 1286.089 Thread 0x0000000002113800 Uncommon trap: reason=null_check action=maybe_recompile pc=0x000000000396a388 method=com.xilinx.sdk.targetmanager.internal.json.XMDJSONProcess.issueCommand(Ljava/lang/String;)Lcom/xilinx/sdk/targetmanager/internal/IXMDResult; @ 3
Event: 1286.097 Thread 0x0000000002113800 Uncommon trap: reason=bimorphic action=maybe_recompile pc=0x0000000004e70d94 method=org.eclipse.core.internal.resources.Resource.checkLocal(II)V @ 3
Event: 1286.442 Thread 0x0000000002113800 Uncommon trap: reason=unstable_if action=reinterpret pc=0x000000000344b510 method=sun.reflect.UnsafeStaticObjectFieldAccessorImpl.set(Ljava/lang/Object;Ljava/lang/Object;)V @ 13

Internal exceptions (10 events):
Event: 1285.280 Thread 0x0000000002113800 Implicit null exception at 0x0000000004cf9fb4 to 0x0000000004cfa7b5
Event: 1285.480 Thread 0x000000001a7f0000 Exception <a 'java/lang/InterruptedException'> (0x00000000f5cc99b0) thrown at [C:\re\workspace\8-2-build-windows-amd64-cygwin\jdk8u45\3627\hotspot\src\share\vm\runtime\objectMonitor.cpp, line 1683]
Event: 1285.499 Thread 0x0000000002113800 Implicit null exception at 0x00000000050c91ff to 0x00000000050ca989
Event: 1285.500 Thread 0x0000000002113800 Implicit null exception at 0x00000000050c03fb to 0x00000000050c13ba
Event: 1286.089 Thread 0x0000000002113800 Exception <a 'java/lang/NullPointerException'> (0x00000000f5f3f968) thrown at [C:\re\workspace\8-2-build-windows-amd64-cygwin\jdk8u45\3627\hotspot\src\share\vm\prims\jvm.cpp, line 1386]
Event: 1286.164 Thread 0x0000000015a43000 Exception <a 'java/lang/InterruptedException': sleep interrupted> (0x00000000f60a3590) thrown at [C:\re\workspace\8-2-build-windows-amd64-cygwin\jdk8u45\3627\hotspot\src\share\vm\prims\jvm.cpp, line 3211]
Event: 1286.166 Thread 0x0000000016376800 Exception <a 'java/lang/InterruptedException'> (0x00000000f60f3548) thrown at [C:\re\workspace\8-2-build-windows-amd64-cygwin\jdk8u45\3627\hotspot\src\share\vm\runtime\objectMonitor.cpp, line 1683]
Event: 1286.167 Thread 0x0000000015a3b800 Exception <a 'java/lang/InterruptedException'> (0x00000000f6116010) thrown at [C:\re\workspace\8-2-build-windows-amd64-cygwin\jdk8u45\3627\hotspot\src\share\vm\runtime\objectMonitor.cpp, line 1683]
Event: 1286.442 Thread 0x0000000015a3d000 Exception <a 'java/lang/InterruptedException'> (0x00000000f60a34a8) thrown at [C:\re\workspace\8-2-build-windows-amd64-cygwin\jdk8u45\3627\hotspot\src\share\vm\runtime\objectMonitor.cpp, line 1683]
Event: 1286.442 Thread 0x0000000002113800 Implicit null exception at 0x000000000344b20f to 0x000000000344b4fd

Events (10 events):
Event: 1286.443 Thread 0x0000000015878000 Thread exited: 0x0000000015878000
Event: 1286.443 loading class java/util/IdentityHashMap$KeyIterator
Event: 1286.443 loading class java/util/IdentityHashMap$IdentityHashMapIterator
Event: 1286.443 loading class java/util/IdentityHashMap$IdentityHashMapIterator done
Event: 1286.443 loading class java/util/IdentityHashMap$KeyIterator done
Event: 1286.443 Thread 0x0000000017051800 Thread added: 0x0000000017051800
Event: 1286.443 Thread 0x00000000136b7800 flushing nmethod 0x0000000003e17650
Event: 1286.444 Thread 0x0000000017051800 Thread exited: 0x0000000017051800
Event: 1286.444 Thread 0x00000000136b7800 flushing nmethod 0x0000000003edc990
Event: 1286.444 Executing VM operation: Exit


Dynamic libraries:
0x0000000000400000 - 0x000000000044f000 	E:\ProgramFiles\Xilinx\SDK\2015.4\eclipse\win64.o\eclipse.exe
0x00007ffac5c70000 - 0x00007ffac5e16000 	C:\Windows\SYSTEM32\ntdll.dll
0x00007ffac3e80000 - 0x00007ffac3fba000 	C:\Windows\system32\KERNEL32.DLL
0x00007ffac30b0000 - 0x00007ffac31bf000 	C:\Windows\system32\KERNELBASE.dll
0x00007ffac5950000 - 0x00007ffac5ac1000 	C:\Windows\system32\USER32.dll
0x00007ffac0ec0000 - 0x00007ffac111a000 	C:\Windows\WinSxS\amd64_microsoft.windows.common-controls_6595b64144ccf1df_6.0.9600.17031_none_6242a4b3ecbb55a1\COMCTL32.dll
0x00007ffac3690000 - 0x00007ffac3737000 	C:\Windows\system32\msvcrt.dll
0x00007ffac3d30000 - 0x00007ffac3e74000 	C:\Windows\system32\GDI32.dll
0x00007ffac3b00000 - 0x00007ffac3b34000 	C:\Windows\system32\IMM32.DLL
0x00007ffac42a0000 - 0x00007ffac43d9000 	C:\Windows\system32\MSCTF.dll
0x0000000072000000 - 0x0000000072012000 	E:\ProgramFiles\Xilinx\SDK\2015.4\eclipse\win64.o\plugins\org.eclipse.equinox.launcher.win32.win32.x86_64_1.1.200.v20140116-2212\eclipse_1503.dll
0x00007ffac39a0000 - 0x00007ffac3a45000 	C:\Windows\system32\ADVAPI32.dll
0x00007ffabb630000 - 0x00007ffabb63a000 	C:\Windows\SYSTEM32\VERSION.dll
0x00007ffac43e0000 - 0x00007ffac4437000 	C:\Windows\SYSTEM32\sechost.dll
0x00007ffac34f0000 - 0x00007ffac3627000 	C:\Windows\system32\RPCRT4.dll
0x00007ffac1cc0000 - 0x00007ffac1de1000 	C:\Windows\system32\uxtheme.dll
0x00007ffac37b0000 - 0x00007ffac3986000 	C:\Windows\SYSTEM32\combase.dll
0x0000000070e30000 - 0x00000000716b3000 	E:\ProgramFiles\Xilinx\SDK\2015.4\tps\win64\jre\bin\server\jvm.dll
0x00007ffab8d90000 - 0x00007ffab8d99000 	C:\Windows\SYSTEM32\WSOCK32.dll
0x00007ffabe3f0000 - 0x00007ffabe40f000 	C:\Windows\SYSTEM32\WINMM.dll
0x00007ffac5920000 - 0x00007ffac5927000 	C:\Windows\system32\PSAPI.DLL
0x0000000074090000 - 0x0000000074162000 	C:\Windows\SYSTEM32\MSVCR100.dll
0x00007ffac3630000 - 0x00007ffac3688000 	C:\Windows\system32\WS2_32.dll
0x00007ffabe3c0000 - 0x00007ffabe3ea000 	C:\Windows\SYSTEM32\WINMMBASE.dll
0x00007ffac3740000 - 0x00007ffac3749000 	C:\Windows\system32\NSI.dll
0x00007ffac32c0000 - 0x00007ffac330a000 	C:\Windows\SYSTEM32\cfgmgr32.dll
0x00007ffac1e40000 - 0x00007ffac1e66000 	C:\Windows\SYSTEM32\DEVOBJ.dll
0x0000000073c50000 - 0x0000000073c5f000 	E:\ProgramFiles\Xilinx\SDK\2015.4\tps\win64\jre\bin\verify.dll
0x0000000073c20000 - 0x0000000073c49000 	E:\ProgramFiles\Xilinx\SDK\2015.4\tps\win64\jre\bin\java.dll
0x0000000073c00000 - 0x0000000073c16000 	E:\ProgramFiles\Xilinx\SDK\2015.4\tps\win64\jre\bin\zip.dll
0x00007ffac4510000 - 0x00007ffac591f000 	C:\Windows\system32\SHELL32.dll
0x00007ffac3750000 - 0x00007ffac37a1000 	C:\Windows\system32\SHLWAPI.dll
0x00007ffac12f0000 - 0x00007ffac138f000 	C:\Windows\SYSTEM32\SHCORE.dll
0x00007ffac2fe0000 - 0x00007ffac2ff4000 	C:\Windows\SYSTEM32\profapi.dll
0x00007ffac2870000 - 0x00007ffac288e000 	C:\Windows\SYSTEM32\CRYPTSP.dll
0x00007ffac24b0000 - 0x00007ffac24e5000 	C:\Windows\system32\rsaenh.dll
0x00007ffac2b90000 - 0x00007ffac2bb6000 	C:\Windows\SYSTEM32\bcrypt.dll
0x00007ffac25c0000 - 0x00007ffac25de000 	C:\Windows\SYSTEM32\USERENV.dll
0x00007ffac2ec0000 - 0x00007ffac2f20000 	C:\Windows\system32\bcryptprimitives.dll
0x00007ffac2f20000 - 0x00007ffac2f2a000 	C:\Windows\SYSTEM32\CRYPTBASE.dll
0x0000000073be0000 - 0x0000000073bfa000 	E:\ProgramFiles\Xilinx\SDK\2015.4\tps\win64\jre\bin\net.dll
0x00007ffac2810000 - 0x00007ffac2868000 	C:\Windows\system32\mswsock.dll
0x00007ffabd0b0000 - 0x00007ffabd0d9000 	C:\Windows\SYSTEM32\IPHLPAPI.DLL
0x00007ffabd080000 - 0x00007ffabd08a000 	C:\Windows\SYSTEM32\WINNSI.DLL
0x00007ffabcf20000 - 0x00007ffabcf34000 	C:\Windows\SYSTEM32\dhcpcsvc6.DLL
0x00007ffabcf00000 - 0x00007ffabcf19000 	C:\Windows\SYSTEM32\dhcpcsvc.DLL
0x0000000073bc0000 - 0x0000000073bd1000 	E:\ProgramFiles\Xilinx\SDK\2015.4\tps\win64\jre\bin\nio.dll
0x00007ffac4020000 - 0x00007ffac4198000 	C:\Windows\system32\ole32.dll
0x00007ffac1e90000 - 0x00007ffac1e9a000 	C:\Windows\SYSTEM32\kernel.appcore.dll
0x00007ffab87b0000 - 0x00007ffab87c4000 	C:\Windows\system32\napinsp.dll
0x00007ffab87e0000 - 0x00007ffab87f9000 	C:\Windows\system32\pnrpnsp.dll
0x00007ffac19a0000 - 0x00007ffac19bb000 	C:\Windows\system32\NLAapi.dll
0x00007ffac2620000 - 0x00007ffac26c3000 	C:\Windows\SYSTEM32\DNSAPI.dll
0x00007ffab87d0000 - 0x00007ffab87dc000 	C:\Windows\System32\winrnr.dll
0x00007ffab8800000 - 0x00007ffab8813000 	C:\Windows\system32\wshbth.dll
0x00007ffab9e90000 - 0x00007ffab9e99000 	C:\Windows\System32\rasadhlp.dll
0x00007ffabcba0000 - 0x00007ffabcc08000 	C:\Windows\System32\fwpuclnt.dll
0x0000000017e80000 - 0x0000000017f28000 	C:\Users\CoBoL\.Xilinx\SDK\2015.4\org.eclipse.osgi\bundles\303\1\.cp\swt-win32-4335.dll
0x00007ffac4440000 - 0x00007ffac4501000 	C:\Windows\system32\OLEAUT32.dll
0x00007ffac4200000 - 0x00007ffac429e000 	C:\Windows\system32\comdlg32.dll
0x00007ffabf180000 - 0x00007ffabf1fb000 	C:\Windows\SYSTEM32\WINSPOOL.DRV
0x00007ffabe090000 - 0x00007ffabe0a4000 	C:\Windows\SYSTEM32\USP10.dll
0x00007ffabb6c0000 - 0x00007ffabb908000 	C:\Windows\SYSTEM32\WININET.dll
0x00007ffac3310000 - 0x00007ffac34ef000 	C:\Windows\system32\CRYPT32.dll
0x00007ffabb910000 - 0x00007ffabbbd7000 	C:\Windows\SYSTEM32\iertutil.dll
0x00007ffac3090000 - 0x00007ffac30a2000 	C:\Windows\system32\MSASN1.dll
0x00007ffac1120000 - 0x00007ffac1140000 	C:\Windows\system32\dwmapi.dll
0x00007ffabe730000 - 0x00007ffabe89f000 	C:\Windows\SYSTEM32\propsys.dll
0x00007ffac3a50000 - 0x00007ffac3af4000 	C:\Windows\SYSTEM32\clbcatq.dll
0x00000000020d0000 - 0x00000000020ee000 	C:\Users\CoBoL\.Xilinx\SDK\2015.4\org.eclipse.osgi\bundles\303\1\.cp\swt-gdip-win32-4335.dll
0x00007ffabe440000 - 0x00007ffabe5d8000 	C:\Windows\WinSxS\amd64_microsoft.windows.gdiplus_6595b64144ccf1df_1.1.9600.17227_none_932c0e57474f5080\gdiplus.dll
0x00007ffac0700000 - 0x00007ffac08ae000 	C:\Windows\SYSTEM32\WindowsCodecs.dll
0x0000000180000000 - 0x0000000180012000 	C:\Users\CoBoL\.Xilinx\SDK\2015.4\org.eclipse.osgi\bundles\121\1\.cp\os\win32\x86_64\localfile_1_0_0.dll
0x00007ffabc880000 - 0x00007ffabc891000 	C:\Users\CoBoL\.Xilinx\SDK\2015.4\org.eclipse.osgi\bundles\124\1\.cp\jWinHttp-1.0.0.dll
0x00007ffaba8b0000 - 0x00007ffaba975000 	C:\Windows\SYSTEM32\WINHTTP.dll
0x00007ffabf110000 - 0x00007ffabf173000 	C:\Windows\SYSTEM32\oleacc.dll
0x00007ffabc870000 - 0x00007ffabc87f000 	E:\ProgramFiles\Xilinx\SDK\2015.4\lib\win64.o\librdi_repo_manager.dll
0x00007ffab8f90000 - 0x00007ffab8fba000 	E:\ProgramFiles\Xilinx\SDK\2015.4\lib\win64.o\libisl_sysinfo.dll
0x00007ffa832f0000 - 0x00007ffa83c7d000 	E:\ProgramFiles\Xilinx\SDK\2015.4\lib\win64.o\librdi_common.dll
0x00007ffab8de0000 - 0x00007ffab8e34000 	E:\ProgramFiles\Xilinx\SDK\2015.4\lib\win64.o\librdi_commonxillic.dll
0x00007ffab1ac0000 - 0x00007ffab1cac000 	E:\ProgramFiles\Xilinx\SDK\2015.4\lib\win64.o\librdi_hsm.dll
0x00007ffab54d0000 - 0x00007ffab5577000 	C:\Windows\SYSTEM32\MSVCP110.dll
0x00007ffab4fa0000 - 0x00007ffab5074000 	C:\Windows\SYSTEM32\MSVCR110.dll
0x00007ffa83f60000 - 0x00007ffa842ce000 	E:\ProgramFiles\Xilinx\SDK\2015.4\lib\win64.o\libCOIN-all.dll
0x00007ffab18a0000 - 0x00007ffab1abe000 	E:\ProgramFiles\Xilinx\SDK\2015.4\lib\win64.o\libXil_lmgr11.dll
0x00007ffab8f80000 - 0x00007ffab8f90000 	E:\ProgramFiles\Xilinx\SDK\2015.4\lib\win64.o\libboost_date_time.dll
0x00007ffab8f50000 - 0x00007ffab8f72000 	E:\ProgramFiles\Xilinx\SDK\2015.4\lib\win64.o\libboost_filesystem.dll
0x00007ffab8990000 - 0x00007ffab8a04000 	E:\ProgramFiles\Xilinx\SDK\2015.4\lib\win64.o\libboost_program_options.dll
0x00007ffab5d30000 - 0x00007ffab5e2a000 	E:\ProgramFiles\Xilinx\SDK\2015.4\lib\win64.o\libboost_regex.dll
0x00007ffab8dc0000 - 0x00007ffab8dd3000 	E:\ProgramFiles\Xilinx\SDK\2015.4\lib\win64.o\libboost_signals.dll
0x00007ffab8f40000 - 0x00007ffab8f49000 	E:\ProgramFiles\Xilinx\SDK\2015.4\lib\win64.o\libboost_system.dll
0x00007ffab8da0000 - 0x00007ffab8dbd000 	E:\ProgramFiles\Xilinx\SDK\2015.4\lib\win64.o\libboost_thread.dll
0x00007ffab8b60000 - 0x00007ffab8b6b000 	E:\ProgramFiles\Xilinx\SDK\2015.4\lib\win64.o\libboost_xilinx.dll
0x00007ffab8910000 - 0x00007ffab8990000 	E:\ProgramFiles\Xilinx\SDK\2015.4\lib\win64.o\libhdlpsolve.dll
0x00007ffab82e0000 - 0x00007ffab837a000 	E:\ProgramFiles\Xilinx\SDK\2015.4\lib\win64.o\libhdxml.dll
0x00007ffa82eb0000 - 0x00007ffa832e4e00 	E:\ProgramFiles\Xilinx\SDK\2015.4\lib\win64.o\libisl_iostreams.dll
0x00007ffab8b40000 - 0x00007ffab8b55000 	E:\ProgramFiles\Xilinx\SDK\2015.4\lib\win64.o\pthreadVC2.dll
0x00007ffaab660000 - 0x00007ffaab790000 	E:\ProgramFiles\Xilinx\SDK\2015.4\lib\win64.o\librdi_curl.dll
0x00007ffab84f0000 - 0x00007ffab8508000 	E:\ProgramFiles\Xilinx\SDK\2015.4\lib\win64.o\librdiconfig.dll
0x00007ffab8140000 - 0x00007ffab8163000 	E:\ProgramFiles\Xilinx\SDK\2015.4\lib\win64.o\librdizlib.dll
0x0000000073c60000 - 0x0000000073d87000 	E:\ProgramFiles\Xilinx\SDK\2015.4\lib\win64.o\tcl85t.dll
0x0000000021c30000 - 0x0000000021e93000 	E:\ProgramFiles\Xilinx\SDK\2015.4\lib\win64.o\xerces-c_3_1.dll
0x00007ffabbbe0000 - 0x00007ffabbd65000 	C:\Windows\SYSTEM32\urlmon.dll
0x00007ffab8210000 - 0x00007ffab8233000 	C:\Windows\SYSTEM32\VCOMP110.DLL
0x00007ffab6b40000 - 0x00007ffab6b83000 	E:\ProgramFiles\Xilinx\SDK\2015.4\lib\win64.o\librdi_hdf.dll
0x00007ffa82c50000 - 0x00007ffa82ea5000 	E:\ProgramFiles\Xilinx\SDK\2015.4\lib\win64.o\librdi_ippcw.dll
0x00007ffac1980000 - 0x00007ffac1995000 	C:\Windows\SYSTEM32\NETAPI32.dll
0x00007ffac3270000 - 0x00007ffac32bc000 	C:\Windows\system32\WINTRUST.dll
0x00007ffab8b30000 - 0x00007ffab8b3b000 	E:\ProgramFiles\Xilinx\SDK\2015.4\lib\win64.o\libboost_chrono.dll
0x00007ffab8240000 - 0x00007ffab8256000 	E:\ProgramFiles\Xilinx\SDK\2015.4\lib\win64.o\libboost_iostreams.dll
0x00007ffab6b10000 - 0x00007ffab6b33000 	E:\ProgramFiles\Xilinx\SDK\2015.4\lib\win64.o\libisl_iosutils.dll
0x00007ffac2a10000 - 0x00007ffac2a1c000 	C:\Windows\SYSTEM32\netutils.dll
0x00007ffac2cb0000 - 0x00007ffac2cd5000 	C:\Windows\SYSTEM32\srvcli.dll
0x00007ffac1390000 - 0x00007ffac13a6000 	C:\Windows\SYSTEM32\wkscli.dll
0x00007ffabf200000 - 0x00007ffabf207000 	C:\Windows\SYSTEM32\msimg32.dll
0x00007ffa81a90000 - 0x00007ffa822a0000 	E:\ProgramFiles\Xilinx\SDK\2015.4\lib\win64.o\libXil_lmgr11FNP.dll
0x00007ffab8110000 - 0x00007ffab811c000 	C:\Windows\SYSTEM32\snmpapi.dll
0x00007ffac3b40000 - 0x00007ffac3d14000 	C:\Windows\system32\SETUPAPI.dll
0x00007ffac2e90000 - 0x00007ffac2ebb000 	C:\Windows\SYSTEM32\SspiCli.dll
0x00007ffab6af0000 - 0x00007ffab6b06000 	E:\ProgramFiles\Xilinx\SDK\2015.4\eclipse\win64.o\plugins\org.eclipse.cdt.core.win32.x86_64_5.2.0.201402142303\os\win32\x86_64\spawner.dll
0x00007ffab6ae0000 - 0x00007ffab6aea000 	E:\ProgramFiles\Xilinx\SDK\2015.4\lib\win64.o\librdi_jtag_settings.dll
0x00007ffab2400000 - 0x00007ffab2429000 	E:\ProgramFiles\Xilinx\SDK\2015.4\lib\win64.o\librdi_debug_dialog.dll
0x00007ffab6a70000 - 0x00007ffab6a78000 	E:\ProgramFiles\Xilinx\SDK\2015.4\lib\win64.o\librdi_target_manager.dll
0x00000000232e0000 - 0x0000000023306000 	E:\ProgramFiles\Xilinx\SDK\2015.4\eclipse\win64.o\plugins\gnu.io.rxtx.win32.x86_64_2.1.7.3_v20071015\os\win32\x86_64\rxtxSerial.dll
0x00007ffabef70000 - 0x00007ffabef73000 	C:\Windows\SYSTEM32\icmp.Dll
0x00007ffab61d0000 - 0x00007ffab6358000 	C:\Windows\SYSTEM32\dbghelp.dll

VM Arguments:
jvm_args: -Dcom.xilinx.sdk.args.hwspec=E:/projects/xilinix/master_repo/LAB_AEP/Projects/fmc_imageon_gs/ZEDBOARD/fmc_imageon_gs.sdk/fmc_imageon_gs_wrapper.hdf -Xms64m -Xmx512m & 
java_command: <unknown>
java_class_path (initial): E:\ProgramFiles\Xilinx\SDK\2015.4\eclipse\win64.o\\plugins/org.eclipse.equinox.launcher_1.3.0.v20130327-1440.jar
Launcher Type: generic

Environment Variables:
JAVA_HOME=C:\Program Files\Java\jdk1.8.0_20
CLASSPATH=.;C:\Program Files (x86)\QuickTime\QTSystem\QTJava.zip;
USERNAME=CoBoL
OS=Windows_NT
PROCESSOR_IDENTIFIER=Intel64 Family 6 Model 69 Stepping 1, GenuineIntel



---------------  S Y S T E M  ---------------

OS: Windows 8.1 , 64 bit Build 9600 (6.3.9600.17056)

CPU:total 4 (2 cores per cpu, 2 threads per core) family 6 model 69 stepping 1, cmov, cx8, fxsr, mmx, sse, sse2, sse3, ssse3, sse4.1, sse4.2, popcnt, avx, avx2, aes, clmul, erms, lzcnt, ht, tsc, tscinvbit, bmi1, bmi2

Memory: 4k page, physical 8287332k(3589028k free), swap 11367524k(6007996k free)

vm_info: Java HotSpot(TM) 64-Bit Server VM (25.45-b02) for windows-amd64 JRE (1.8.0_45-b15), built on Apr 30 2015 12:40:44 by "java_re" with MS VC++ 10.0 (VS2010)

time: Thu Jun 30 11:59:41 2016
elapsed time: 1286 seconds (0d 0h 21m 26s)

