#
# A fatal error has been detected by the Java Runtime Environment:
#
#  EXCEPTION_UNCAUGHT_CXX_EXCEPTION (0xe06d7363) at pc=0x00007ffac30b606c, pid=828, tid=5080
#
# JRE version: Java(TM) SE Runtime Environment (8.0_45-b15) (build 1.8.0_45-b15)
# Java VM: Java HotSpot(TM) 64-Bit Server VM (25.45-b02 mixed mode windows-amd64 compressed oops)
# Problematic frame:
# C  [KERNELBASE.dll+0x606c]
#
# Failed to write core dump. Minidumps are not enabled by default on client versions of Windows
#
# If you would like to submit a bug report, please visit:
#   http://bugreport.java.com/bugreport/crash.jsp
#

---------------  T H R E A D  ---------------

Current thread (0x00000000135f7000):  VMThread [stack: 0x0000000014690000,0x0000000014790000] [id=5080]

siginfo: ExceptionCode=0xe06d7363, ExceptionInformation=0x0000000019930520 0x000000001478f588 0x00007ffab8f62cb8 0x00007ffab8eb0000 

Registers:
RAX=0x0000000000000000, RBX=0x00007ffab8f62cb8, RCX=0x000000001478eeb0, RDX=0x00007ffac5c968eb
RSP=0x000000001478f3d0, RBP=0x000000001478f510, RSI=0x00000000ffffffff, RDI=0x000000000024c1f0
R8 =0x000000001478f008, R9 =0x0000000000000000, R10=0x0000000000000000, R11=0x000000001478f321
R12=0x0000000000000001, R13=0x0000000000000008, R14=0x0000000000000000, R15=0xffffffffffffffff
RIP=0x00007ffac30b606c, EFLAGS=0x0000000000000206

Top of Stack: (sp=0x000000001478f3d0)
0x000000001478f3d0:   0000000000190000 00007ffab8f62cb8
0x000000001478f3e0:   00000000ffffffff 000000000024c1f0
0x000000001478f3f0:   00000001e06d7363 0000000000000000
0x000000001478f400:   00007ffac30b606c 0000000000000004
0x000000001478f410:   0000000019930520 000000001478f588
0x000000001478f420:   00007ffab8f62cb8 00007ffab8eb0000
0x000000001478f430:   0000000000000000 0000000020bc4460
0x000000001478f440:   0000000000000000 0000000000000000
0x000000001478f450:   0000000000000000 000000001478f6c0
0x000000001478f460:   ffffffffffffffff 0000000000000001
0x000000001478f470:   0000000000008008 0000000000000000
0x000000001478f480:   ffffffffffffffff 0000000000000000
0x000000001478f490:   0000308bdcf83088 00000000ffffffff
0x000000001478f4a0:   00007ffab8f62cb8 00007ffab8f0e92c
0x000000001478f4b0:   00000000c0000001 000000001478f520
0x000000001478f4c0:   0000000000000001 0000000000000000 

Instructions: (pc=0x00007ffac30b606c)
0x00007ffac30b604c:   44 3b c0 44 0f 47 c0 44 89 44 24 38 49 c1 e0 03
0x00007ffac30b605c:   e8 cb b5 ff ff 48 8d 4c 24 20 ff 15 fc e5 0f 00
0x00007ffac30b606c:   48 8b 8c 24 c0 00 00 00 48 33 cc e8 84 b3 ff ff
0x00007ffac30b607c:   48 81 c4 d8 00 00 00 c3 90 90 90 90 90 90 90 90 


Register to memory mapping:

RAX=0x0000000000000000 is an unknown value
RBX=0x00007ffab8f62cb8 is an unknown value
RCX=0x000000001478eeb0 is an unknown value
RDX=0x00007ffac5c968eb is an unknown value
RSP=0x000000001478f3d0 is an unknown value
RBP=0x000000001478f510 is an unknown value
RSI=0x00000000ffffffff is an unallocated location in the heap
RDI=0x000000000024c1f0 is an unknown value
R8 =0x000000001478f008 is an unknown value
R9 =0x0000000000000000 is an unknown value
R10=0x0000000000000000 is an unknown value
R11=0x000000001478f321 is an unknown value
R12=0x0000000000000001 is an unknown value
R13=0x0000000000000008 is an unknown value
R14=0x0000000000000000 is an unknown value
R15=0xffffffffffffffff is an unknown value


Stack: [0x0000000014690000,0x0000000014790000],  sp=0x000000001478f3d0,  free space=1020k
Native frames: (J=compiled Java code, j=interpreted, Vv=VM code, C=native code)
C  [KERNELBASE.dll+0x606c]
C  [MSVCR110.dll+0x5e92c]
C  [MSVCR110.dll+0x1315c]
C  [MSVCR110.dll+0x136a9]
C  [MSVCR110.dll+0x13e9c]
C  [MSVCR110.dll+0x239e]
C  [MSVCR110.dll+0xaf9e]
C  [MSVCP110.dll+0x397b9]
C  [librdi_common.dll+0x14283e]
C  [librdi_common.dll+0x141449]
C  [librdi_target_manager.dll+0x2400]
C  [librdi_target_manager.dll+0x2682]
C  [ntdll.dll+0x231dd]
C  [ntdll.dll+0x2160a]
C  [ntdll.dll+0x6b5ec]
C  [KERNEL32.DLL+0x4d56]
C  [MSVCR100.dll+0x20ccd]
V  [jvm.dll+0x20f135]
V  [jvm.dll+0x247ef7]
V  [jvm.dll+0x247196]
V  [jvm.dll+0x247631]
V  [jvm.dll+0x24784e]
V  [jvm.dll+0x29853a]
C  [MSVCR100.dll+0x21d9f]
C  [MSVCR100.dll+0x21e3b]
C  [KERNEL32.DLL+0x16ad]
C  [ntdll.dll+0x54409]

VM_Operation (0x000000000013f500): Exit, mode: safepoint, requested by thread 0x00000000020f3800


---------------  P R O C E S S  ---------------

Java Threads: ( => current thread )
  0x0000000018591000 JavaThread "pool-2-thread-6" [_thread_blocked, id=5240, stack(0x0000000025ad0000,0x0000000025bd0000)]
  0x000000001858c800 JavaThread "Thread-65" [_thread_in_native, id=4644, stack(0x00000000265a0000,0x00000000266a0000)]
  0x000000001858f800 JavaThread "pool-2-thread-5" [_thread_blocked, id=12320, stack(0x00000000266a0000,0x00000000267a0000)]
  0x00000000193d5800 JavaThread "pool-2-thread-4" [_thread_blocked, id=12632, stack(0x0000000026990000,0x0000000026a90000)]
  0x00000000193d7800 JavaThread "pool-2-thread-3" [_thread_blocked, id=11952, stack(0x00000000267c0000,0x00000000268c0000)]
  0x00000000193d1800 JavaThread "pool-2-thread-2" [_thread_blocked, id=11432, stack(0x0000000025cd0000,0x0000000025dd0000)]
  0x00000000166e1800 JavaThread "pool-2-thread-1" [_thread_blocked, id=3444, stack(0x0000000025bd0000,0x0000000025cd0000)]
  0x00000000166e0000 JavaThread "Thread-23" daemon [_thread_blocked, id=9884, stack(0x00000000258d0000,0x00000000259d0000)]
  0x000000001bd4b800 JavaThread "TCF Locator DNS Lookup" daemon [_thread_blocked, id=10648, stack(0x000000001ee60000,0x000000001ef60000)]
  0x000000001bd4c000 JavaThread "TCF Locator Receiver" daemon [_thread_in_native, id=5912, stack(0x000000001ec60000,0x000000001ed60000)]
  0x0000000015bd9000 JavaThread "TCF Timer Dispatcher" daemon [_thread_blocked, id=11476, stack(0x000000001e440000,0x000000001e540000)]
  0x0000000015b45000 JavaThread "EMF Reference Cleaner" daemon [_thread_blocked, id=9368, stack(0x0000000017450000,0x0000000017550000)]
  0x0000000014efa000 JavaThread "Service Thread" daemon [_thread_blocked, id=9080, stack(0x0000000015290000,0x0000000015390000)]
  0x000000001368a800 JavaThread "C1 CompilerThread2" daemon [_thread_blocked, id=12764, stack(0x0000000014d90000,0x0000000014e90000)]
  0x0000000013685800 JavaThread "C2 CompilerThread1" daemon [_thread_blocked, id=12804, stack(0x0000000014c90000,0x0000000014d90000)]
  0x000000001367f000 JavaThread "C2 CompilerThread0" daemon [_thread_blocked, id=4776, stack(0x0000000014b90000,0x0000000014c90000)]
  0x000000001367d000 JavaThread "Attach Listener" daemon [_thread_blocked, id=9156, stack(0x0000000014a90000,0x0000000014b90000)]
  0x000000001367c800 JavaThread "Signal Dispatcher" daemon [_thread_blocked, id=10728, stack(0x0000000014990000,0x0000000014a90000)]
  0x00000000021e8800 JavaThread "Finalizer" daemon [_thread_blocked, id=9740, stack(0x0000000014890000,0x0000000014990000)]
  0x00000000021e0000 JavaThread "Reference Handler" daemon [_thread_blocked, id=7560, stack(0x0000000014790000,0x0000000014890000)]
  0x00000000020f3800 JavaThread "main" [_thread_blocked, id=7332, stack(0x0000000000040000,0x0000000000140000)]

Other Threads:
=>0x00000000135f7000 VMThread [stack: 0x0000000014690000,0x0000000014790000] [id=5080]

VM state:at safepoint (shutting down)

VM Mutex/Monitor currently owned by a thread:  ([mutex/lock_event])
[0x00000000020f0e50] Threads_lock - owner thread: 0x00000000135f7000

Heap:
 PSYoungGen      total 115200K, used 45218K [0x00000000f5580000, 0x00000000fdc80000, 0x0000000100000000)
  eden space 97280K, 33% used [0x00000000f5580000,0x00000000f74de308,0x00000000fb480000)
  from space 17920K, 73% used [0x00000000fcb00000,0x00000000fd7ca628,0x00000000fdc80000)
  to   space 20480K, 0% used [0x00000000fb480000,0x00000000fb480000,0x00000000fc880000)
 ParOldGen       total 117760K, used 68981K [0x00000000e0000000, 0x00000000e7300000, 0x00000000f5580000)
  object space 117760K, 58% used [0x00000000e0000000,0x00000000e435d750,0x00000000e7300000)
 Metaspace       used 96480K, capacity 103344K, committed 103680K, reserved 1138688K
  class space    used 11614K, capacity 13744K, committed 13824K, reserved 1048576K

Card table byte_map: [0x00000000115d0000,0x00000000116e0000] byte_map_base: 0x0000000010ed0000

Marking Bits: (ParMarkBitMap*) 0x0000000071de4040
 Begin Bits: [0x0000000011b90000, 0x0000000012390000)
 End Bits:   [0x0000000012390000, 0x0000000012b90000)

Polling page: 0x00000000003e0000

CodeCache: size=245760Kb used=59510Kb max_used=59600Kb free=186249Kb
 bounds [0x0000000002210000, 0x0000000005cb0000, 0x0000000011210000]
 total_blobs=16403 nmethods=15536 adapters=772
 compilation: enabled

Compilation events (10 events):
Event: 1590.539 Thread 0x0000000013685800 nmethod 20468 0x0000000005c887d0 code [0x0000000005c889a0, 0x0000000005c898c0]
Event: 1590.539 Thread 0x0000000013685800 20472  s!   4       org.eclipse.osgi.baseadaptor.BaseData::getBundleFile (48 bytes)
Event: 1590.541 Thread 0x000000001368a800 20477       1       org.eclipse.osgi.internal.loader.BundleLoaderProxy::getBundleData (5 bytes)
Event: 1590.541 Thread 0x000000001368a800 nmethod 20477 0x000000000387e290 code [0x000000000387e3e0, 0x000000000387e4f0]
Event: 1590.543 Thread 0x0000000013685800 nmethod 20472 0x0000000003978310 code [0x0000000003978440, 0x0000000003978658]
Event: 1590.872 Thread 0x000000001368a800 20478   !   3       org.eclipse.osgi.internal.baseadaptor.BaseStorage::compact (215 bytes)
Event: 1590.881 Thread 0x000000001368a800 nmethod 20478 0x0000000005c849d0 code [0x0000000005c84e20, 0x0000000005c872e8]
Event: 1590.915 Thread 0x000000001367f000 nmethod 20465 0x0000000004edcc90 code [0x0000000004edcfe0, 0x0000000004edfe80]
Event: 1591.395 Thread 0x000000001368a800 20479       3       org.eclipse.osgi.framework.internal.core.AbstractBundle::close (52 bytes)
Event: 1591.398 Thread 0x000000001368a800 nmethod 20479 0x00000000059898d0 code [0x0000000005989b00, 0x000000000598a808]

GC Heap History (10 events):
Event: 1061.222 GC heap before
{Heap before GC invocations=47 (full 5):
 PSYoungGen      total 134144K, used 121965K [0x00000000f5580000, 0x00000000fee00000, 0x0000000100000000)
  eden space 112128K, 100% used [0x00000000f5580000,0x00000000fc300000,0x00000000fc300000)
  from space 22016K, 44% used [0x00000000fc300000,0x00000000fcc9b468,0x00000000fd880000)
  to   space 20992K, 0% used [0x00000000fd980000,0x00000000fd980000,0x00000000fee00000)
 ParOldGen       total 117760K, used 66867K [0x00000000e0000000, 0x00000000e7300000, 0x00000000f5580000)
  object space 117760K, 56% used [0x00000000e0000000,0x00000000e414cf90,0x00000000e7300000)
 Metaspace       used 95405K, capacity 102304K, committed 102528K, reserved 1138688K
  class space    used 11538K, capacity 13614K, committed 13696K, reserved 1048576K
Event: 1061.290 GC heap after
Heap after GC invocations=47 (full 5):
 PSYoungGen      total 125952K, used 15395K [0x00000000f5580000, 0x00000000fea00000, 0x0000000100000000)
  eden space 109056K, 0% used [0x00000000f5580000,0x00000000f5580000,0x00000000fc000000)
  from space 16896K, 91% used [0x00000000fd980000,0x00000000fe888fd8,0x00000000fea00000)
  to   space 21504K, 0% used [0x00000000fc000000,0x00000000fc000000,0x00000000fd500000)
 ParOldGen       total 117760K, used 66875K [0x00000000e0000000, 0x00000000e7300000, 0x00000000f5580000)
  object space 117760K, 56% used [0x00000000e0000000,0x00000000e414ef90,0x00000000e7300000)
 Metaspace       used 95405K, capacity 102304K, committed 102528K, reserved 1138688K
  class space    used 11538K, capacity 13614K, committed 13696K, reserved 1048576K
}
Event: 1137.387 GC heap before
{Heap before GC invocations=48 (full 5):
 PSYoungGen      total 125952K, used 124451K [0x00000000f5580000, 0x00000000fea00000, 0x0000000100000000)
  eden space 109056K, 100% used [0x00000000f5580000,0x00000000fc000000,0x00000000fc000000)
  from space 16896K, 91% used [0x00000000fd980000,0x00000000fe888fd8,0x00000000fea00000)
  to   space 21504K, 0% used [0x00000000fc000000,0x00000000fc000000,0x00000000fd500000)
 ParOldGen       total 117760K, used 66875K [0x00000000e0000000, 0x00000000e7300000, 0x00000000f5580000)
  object space 117760K, 56% used [0x00000000e0000000,0x00000000e414ef90,0x00000000e7300000)
 Metaspace       used 95527K, capacity 102528K, committed 102784K, reserved 1138688K
  class space    used 11541K, capacity 13646K, committed 13696K, reserved 1048576K
Event: 1137.439 GC heap after
Heap after GC invocations=48 (full 5):
 PSYoungGen      total 119296K, used 13085K [0x00000000f5580000, 0x00000000fe700000, 0x0000000100000000)
  eden space 105984K, 0% used [0x00000000f5580000,0x00000000f5580000,0x00000000fbd00000)
  from space 13312K, 98% used [0x00000000fc000000,0x00000000fccc74c8,0x00000000fcd00000)
  to   space 21504K, 0% used [0x00000000fd200000,0x00000000fd200000,0x00000000fe700000)
 ParOldGen       total 117760K, used 67918K [0x00000000e0000000, 0x00000000e7300000, 0x00000000f5580000)
  object space 117760K, 57% used [0x00000000e0000000,0x00000000e4253898,0x00000000e7300000)
 Metaspace       used 95527K, capacity 102528K, committed 102784K, reserved 1138688K
  class space    used 11541K, capacity 13646K, committed 13696K, reserved 1048576K
}
Event: 1195.171 GC heap before
{Heap before GC invocations=49 (full 5):
 PSYoungGen      total 119296K, used 119069K [0x00000000f5580000, 0x00000000fe700000, 0x0000000100000000)
  eden space 105984K, 100% used [0x00000000f5580000,0x00000000fbd00000,0x00000000fbd00000)
  from space 13312K, 98% used [0x00000000fc000000,0x00000000fccc74c8,0x00000000fcd00000)
  to   space 21504K, 0% used [0x00000000fd200000,0x00000000fd200000,0x00000000fe700000)
 ParOldGen       total 117760K, used 67918K [0x00000000e0000000, 0x00000000e7300000, 0x00000000f5580000)
  object space 117760K, 57% used [0x00000000e0000000,0x00000000e4253898,0x00000000e7300000)
 Metaspace       used 95598K, capacity 102656K, committed 102784K, reserved 1138688K
  class space    used 11541K, capacity 13646K, committed 13696K, reserved 1048576K
Event: 1195.237 GC heap after
Heap after GC invocations=49 (full 5):
 PSYoungGen      total 120320K, used 12741K [0x00000000f5580000, 0x00000000fe300000, 0x0000000100000000)
  eden space 102912K, 0% used [0x00000000f5580000,0x00000000f5580000,0x00000000fba00000)
  from space 17408K, 73% used [0x00000000fd200000,0x00000000fde71688,0x00000000fe300000)
  to   space 20992K, 0% used [0x00000000fba00000,0x00000000fba00000,0x00000000fce80000)
 ParOldGen       total 117760K, used 68702K [0x00000000e0000000, 0x00000000e7300000, 0x00000000f5580000)
  object space 117760K, 58% used [0x00000000e0000000,0x00000000e4317ab0,0x00000000e7300000)
 Metaspace       used 95598K, capacity 102656K, committed 102784K, reserved 1138688K
  class space    used 11541K, capacity 13646K, committed 13696K, reserved 1048576K
}
Event: 1244.766 GC heap before
{Heap before GC invocations=50 (full 5):
 PSYoungGen      total 120320K, used 115653K [0x00000000f5580000, 0x00000000fe300000, 0x0000000100000000)
  eden space 102912K, 100% used [0x00000000f5580000,0x00000000fba00000,0x00000000fba00000)
  from space 17408K, 73% used [0x00000000fd200000,0x00000000fde71688,0x00000000fe300000)
  to   space 20992K, 0% used [0x00000000fba00000,0x00000000fba00000,0x00000000fce80000)
 ParOldGen       total 117760K, used 68702K [0x00000000e0000000, 0x00000000e7300000, 0x00000000f5580000)
  object space 117760K, 58% used [0x00000000e0000000,0x00000000e4317ab0,0x00000000e7300000)
 Metaspace       used 95698K, capacity 102720K, committed 103040K, reserved 1138688K
  class space    used 11542K, capacity 13646K, committed 13696K, reserved 1048576K
Event: 1244.818 GC heap after
Heap after GC invocations=50 (full 5):
 PSYoungGen      total 112640K, used 12758K [0x00000000f5580000, 0x00000000fdf00000, 0x0000000100000000)
  eden space 99840K, 0% used [0x00000000f5580000,0x00000000f5580000,0x00000000fb700000)
  from space 12800K, 99% used [0x00000000fba00000,0x00000000fc675838,0x00000000fc680000)
  to   space 20480K, 0% used [0x00000000fcb00000,0x00000000fcb00000,0x00000000fdf00000)
 ParOldGen       total 117760K, used 68917K [0x00000000e0000000, 0x00000000e7300000, 0x00000000f5580000)
  object space 117760K, 58% used [0x00000000e0000000,0x00000000e434d750,0x00000000e7300000)
 Metaspace       used 95698K, capacity 102720K, committed 103040K, reserved 1138688K
  class space    used 11542K, capacity 13646K, committed 13696K, reserved 1048576K
}
Event: 1586.189 GC heap before
{Heap before GC invocations=51 (full 5):
 PSYoungGen      total 112640K, used 112598K [0x00000000f5580000, 0x00000000fdf00000, 0x0000000100000000)
  eden space 99840K, 100% used [0x00000000f5580000,0x00000000fb700000,0x00000000fb700000)
  from space 12800K, 99% used [0x00000000fba00000,0x00000000fc675838,0x00000000fc680000)
  to   space 20480K, 0% used [0x00000000fcb00000,0x00000000fcb00000,0x00000000fdf00000)
 ParOldGen       total 117760K, used 68917K [0x00000000e0000000, 0x00000000e7300000, 0x00000000f5580000)
  object space 117760K, 58% used [0x00000000e0000000,0x00000000e434d750,0x00000000e7300000)
 Metaspace       used 95921K, capacity 102880K, committed 103040K, reserved 1138688K
  class space    used 11549K, capacity 13678K, committed 13696K, reserved 1048576K
Event: 1586.275 GC heap after
Heap after GC invocations=51 (full 5):
 PSYoungGen      total 115200K, used 13097K [0x00000000f5580000, 0x00000000fdc80000, 0x0000000100000000)
  eden space 97280K, 0% used [0x00000000f5580000,0x00000000f5580000,0x00000000fb480000)
  from space 17920K, 73% used [0x00000000fcb00000,0x00000000fd7ca628,0x00000000fdc80000)
  to   space 20480K, 0% used [0x00000000fb480000,0x00000000fb480000,0x00000000fc880000)
 ParOldGen       total 117760K, used 68981K [0x00000000e0000000, 0x00000000e7300000, 0x00000000f5580000)
  object space 117760K, 58% used [0x00000000e0000000,0x00000000e435d750,0x00000000e7300000)
 Metaspace       used 95921K, capacity 102880K, committed 103040K, reserved 1138688K
  class space    used 11549K, capacity 13678K, committed 13696K, reserved 1048576K
}

Deoptimization events (10 events):
Event: 1589.686 Thread 0x00000000020f3800 Uncommon trap: reason=unstable_if action=reinterpret pc=0x000000000330b2c8 method=org.eclipse.swt.graphics.Resource.dispose()V @ 15
Event: 1590.293 Thread 0x00000000020f3800 Uncommon trap: reason=null_check action=make_not_entrant pc=0x0000000002b57d48 method=org.eclipse.core.runtime.internal.adaptor.EclipseLazyStarter.shouldActivateFor(Ljava/lang/String;Lorg/eclipse/osgi/baseadaptor/BaseData;Lorg/eclipse/core/runtime/internal
Event: 1590.295 Thread 0x00000000020f3800 Uncommon trap: reason=class_check action=maybe_recompile pc=0x0000000002a8cacc method=org.eclipse.swt.widgets.Display.asyncExec(Ljava/lang/Runnable;)V @ 54
Event: 1590.295 Thread 0x00000000020f3800 Uncommon trap: reason=class_check action=maybe_recompile pc=0x0000000002a8cacc method=org.eclipse.swt.widgets.Display.asyncExec(Ljava/lang/Runnable;)V @ 54
Event: 1590.346 Thread 0x00000000020f3800 Uncommon trap: reason=null_check action=maybe_recompile pc=0x0000000002fbae9c method=com.xilinx.sdk.targetmanager.internal.json.XMDJSONProcess.issueCommand(Ljava/lang/String;)Lcom/xilinx/sdk/targetmanager/internal/IXMDResult; @ 3
Event: 1590.349 Thread 0x00000000020f3800 Uncommon trap: reason=unstable_if action=reinterpret pc=0x0000000005380248 method=sun.misc.URLClassPath$JarLoader.findResource(Ljava/lang/String;Z)Ljava/net/URL; @ 8
Event: 1590.378 Thread 0x00000000020f3800 Uncommon trap: reason=class_check action=maybe_recompile pc=0x0000000002bdca44 method=org.eclipse.core.internal.jobs.DeadlockDetector.lockReleased(Ljava/lang/Thread;Lorg/eclipse/core/runtime/jobs/ISchedulingRule;)V @ 169
Event: 1590.463 Thread 0x0000000015bd9800 Uncommon trap: reason=unstable_if action=reinterpret pc=0x000000000423a23c method=org.eclipse.core.internal.jobs.JobManager.nextJob()Lorg/eclipse/core/runtime/jobs/Job; @ 80
Event: 1591.396 Thread 0x00000000020f3800 Uncommon trap: reason=unstable_if action=reinterpret pc=0x00000000048d2164 method=sun.reflect.UnsafeStaticObjectFieldAccessorImpl.set(Ljava/lang/Object;Ljava/lang/Object;)V @ 13
Event: 1591.396 Thread 0x00000000020f3800 Uncommon trap: reason=unstable_if action=reinterpret pc=0x00000000035906a8 method=sun.reflect.UnsafeStaticObjectFieldAccessorImpl.set(Ljava/lang/Object;Ljava/lang/Object;)V @ 13

Internal exceptions (10 events):
Event: 1586.100 Thread 0x00000000020f3800 Implicit null exception at 0x00000000042d374c to 0x00000000042d37a9
Event: 1589.652 Thread 0x00000000166da000 Exception <a 'java/lang/InterruptedException'> (0x00000000f6e90488) thrown at [C:\re\workspace\8-2-build-windows-amd64-cygwin\jdk8u45\3627\hotspot\src\share\vm\runtime\objectMonitor.cpp, line 1683]
Event: 1590.293 Thread 0x00000000020f3800 Implicit null exception at 0x0000000002b5687b to 0x0000000002b57d25
Event: 1590.347 Thread 0x00000000020f3800 Exception <a 'java/lang/NullPointerException'> (0x00000000f6f73228) thrown at [C:\re\workspace\8-2-build-windows-amd64-cygwin\jdk8u45\3627\hotspot\src\share\vm\prims\jvm.cpp, line 1386]
Event: 1590.541 Thread 0x00000000157d1800 Exception <a 'java/lang/InterruptedException': sleep interrupted> (0x00000000f719ef40) thrown at [C:\re\workspace\8-2-build-windows-amd64-cygwin\jdk8u45\3627\hotspot\src\share\vm\prims\jvm.cpp, line 3211]
Event: 1590.546 Thread 0x000000001647b800 Exception <a 'java/lang/InterruptedException'> (0x00000000f71edfa0) thrown at [C:\re\workspace\8-2-build-windows-amd64-cygwin\jdk8u45\3627\hotspot\src\share\vm\runtime\objectMonitor.cpp, line 1683]
Event: 1590.547 Thread 0x0000000015c86800 Exception <a 'java/lang/InterruptedException'> (0x00000000f7215810) thrown at [C:\re\workspace\8-2-build-windows-amd64-cygwin\jdk8u45\3627\hotspot\src\share\vm\runtime\objectMonitor.cpp, line 1683]
Event: 1591.395 Thread 0x0000000016149000 Exception <a 'java/lang/InterruptedException'> (0x00000000f719e978) thrown at [C:\re\workspace\8-2-build-windows-amd64-cygwin\jdk8u45\3627\hotspot\src\share\vm\runtime\objectMonitor.cpp, line 1683]
Event: 1591.396 Thread 0x00000000020f3800 Implicit null exception at 0x00000000048d1d57 to 0x00000000048d2151
Event: 1591.396 Thread 0x00000000020f3800 Implicit null exception at 0x000000000359059a to 0x0000000003590695

Events (10 events):
Event: 1591.397 loading class java/util/IdentityHashMap$IdentityHashMapIterator
Event: 1591.398 loading class java/util/IdentityHashMap$IdentityHashMapIterator done
Event: 1591.398 loading class java/util/IdentityHashMap$KeyIterator done
Event: 1591.398 Thread 0x0000000018589800 Thread added: 0x0000000018589800
Event: 1591.399 Executing VM operation: RevokeBias
Event: 1591.399 Executing VM operation: RevokeBias done
Event: 1591.399 Executing VM operation: RevokeBias
Event: 1591.399 Executing VM operation: RevokeBias done
Event: 1591.400 Thread 0x0000000018589800 Thread exited: 0x0000000018589800
Event: 1591.403 Executing VM operation: Exit


Dynamic libraries:
0x0000000000400000 - 0x000000000044f000 	E:\ProgramFiles\Xilinx\SDK\2015.4\eclipse\win64.o\eclipse.exe
0x00007ffac5c70000 - 0x00007ffac5e16000 	C:\Windows\SYSTEM32\ntdll.dll
0x00007ffac3e80000 - 0x00007ffac3fba000 	C:\Windows\system32\KERNEL32.DLL
0x00007ffac30b0000 - 0x00007ffac31bf000 	C:\Windows\system32\KERNELBASE.dll
0x00007ffac5950000 - 0x00007ffac5ac1000 	C:\Windows\system32\USER32.dll
0x00007ffac0ec0000 - 0x00007ffac111a000 	C:\Windows\WinSxS\amd64_microsoft.windows.common-controls_6595b64144ccf1df_6.0.9600.17031_none_6242a4b3ecbb55a1\COMCTL32.dll
0x00007ffac3690000 - 0x00007ffac3737000 	C:\Windows\system32\msvcrt.dll
0x00007ffac3d30000 - 0x00007ffac3e74000 	C:\Windows\system32\GDI32.dll
0x00007ffac3b00000 - 0x00007ffac3b34000 	C:\Windows\system32\IMM32.DLL
0x00007ffac42a0000 - 0x00007ffac43d9000 	C:\Windows\system32\MSCTF.dll
0x0000000072000000 - 0x0000000072012000 	E:\ProgramFiles\Xilinx\SDK\2015.4\eclipse\win64.o\plugins\org.eclipse.equinox.launcher.win32.win32.x86_64_1.1.200.v20140116-2212\eclipse_1503.dll
0x00007ffac39a0000 - 0x00007ffac3a45000 	C:\Windows\system32\ADVAPI32.dll
0x00007ffabb630000 - 0x00007ffabb63a000 	C:\Windows\SYSTEM32\VERSION.dll
0x00007ffac43e0000 - 0x00007ffac4437000 	C:\Windows\SYSTEM32\sechost.dll
0x00007ffac34f0000 - 0x00007ffac3627000 	C:\Windows\system32\RPCRT4.dll
0x00007ffac1cc0000 - 0x00007ffac1de1000 	C:\Windows\system32\uxtheme.dll
0x00007ffac37b0000 - 0x00007ffac3986000 	C:\Windows\SYSTEM32\combase.dll
0x00000000715e0000 - 0x0000000071e63000 	E:\ProgramFiles\Xilinx\SDK\2015.4\tps\win64\jre\bin\server\jvm.dll
0x00007ffabb010000 - 0x00007ffabb019000 	C:\Windows\SYSTEM32\WSOCK32.dll
0x00007ffabe3f0000 - 0x00007ffabe40f000 	C:\Windows\SYSTEM32\WINMM.dll
0x00007ffac5920000 - 0x00007ffac5927000 	C:\Windows\system32\PSAPI.DLL
0x0000000074090000 - 0x0000000074162000 	C:\Windows\SYSTEM32\MSVCR100.dll
0x00007ffac3630000 - 0x00007ffac3688000 	C:\Windows\system32\WS2_32.dll
0x00007ffabe3c0000 - 0x00007ffabe3ea000 	C:\Windows\SYSTEM32\WINMMBASE.dll
0x00007ffac3740000 - 0x00007ffac3749000 	C:\Windows\system32\NSI.dll
0x00007ffac32c0000 - 0x00007ffac330a000 	C:\Windows\SYSTEM32\cfgmgr32.dll
0x00007ffac1e40000 - 0x00007ffac1e66000 	C:\Windows\SYSTEM32\DEVOBJ.dll
0x0000000072490000 - 0x000000007249f000 	E:\ProgramFiles\Xilinx\SDK\2015.4\tps\win64\jre\bin\verify.dll
0x0000000071480000 - 0x00000000714a9000 	E:\ProgramFiles\Xilinx\SDK\2015.4\tps\win64\jre\bin\java.dll
0x0000000072470000 - 0x0000000072486000 	E:\ProgramFiles\Xilinx\SDK\2015.4\tps\win64\jre\bin\zip.dll
0x00007ffac4510000 - 0x00007ffac591f000 	C:\Windows\system32\SHELL32.dll
0x00007ffac3750000 - 0x00007ffac37a1000 	C:\Windows\system32\SHLWAPI.dll
0x00007ffac12f0000 - 0x00007ffac138f000 	C:\Windows\SYSTEM32\SHCORE.dll
0x00007ffac2fe0000 - 0x00007ffac2ff4000 	C:\Windows\SYSTEM32\profapi.dll
0x00007ffac2870000 - 0x00007ffac288e000 	C:\Windows\SYSTEM32\CRYPTSP.dll
0x00007ffac24b0000 - 0x00007ffac24e5000 	C:\Windows\system32\rsaenh.dll
0x00007ffac2b90000 - 0x00007ffac2bb6000 	C:\Windows\SYSTEM32\bcrypt.dll
0x00007ffac25c0000 - 0x00007ffac25de000 	C:\Windows\SYSTEM32\USERENV.dll
0x00007ffac2ec0000 - 0x00007ffac2f20000 	C:\Windows\system32\bcryptprimitives.dll
0x00007ffac2f20000 - 0x00007ffac2f2a000 	C:\Windows\SYSTEM32\CRYPTBASE.dll
0x0000000071460000 - 0x000000007147a000 	E:\ProgramFiles\Xilinx\SDK\2015.4\tps\win64\jre\bin\net.dll
0x00007ffac2810000 - 0x00007ffac2868000 	C:\Windows\system32\mswsock.dll
0x00007ffabd0b0000 - 0x00007ffabd0d9000 	C:\Windows\SYSTEM32\IPHLPAPI.DLL
0x00007ffabd080000 - 0x00007ffabd08a000 	C:\Windows\SYSTEM32\WINNSI.DLL
0x00007ffabcf20000 - 0x00007ffabcf34000 	C:\Windows\SYSTEM32\dhcpcsvc6.DLL
0x00007ffabcf00000 - 0x00007ffabcf19000 	C:\Windows\SYSTEM32\dhcpcsvc.DLL
0x0000000071440000 - 0x0000000071451000 	E:\ProgramFiles\Xilinx\SDK\2015.4\tps\win64\jre\bin\nio.dll
0x00007ffac4020000 - 0x00007ffac4198000 	C:\Windows\system32\ole32.dll
0x00007ffac1e90000 - 0x00007ffac1e9a000 	C:\Windows\SYSTEM32\kernel.appcore.dll
0x00007ffab87b0000 - 0x00007ffab87c4000 	C:\Windows\system32\napinsp.dll
0x00007ffab87e0000 - 0x00007ffab87f9000 	C:\Windows\system32\pnrpnsp.dll
0x00007ffac19a0000 - 0x00007ffac19bb000 	C:\Windows\system32\NLAapi.dll
0x00007ffac2620000 - 0x00007ffac26c3000 	C:\Windows\SYSTEM32\DNSAPI.dll
0x00007ffab87d0000 - 0x00007ffab87dc000 	C:\Windows\System32\winrnr.dll
0x00007ffab8800000 - 0x00007ffab8813000 	C:\Windows\system32\wshbth.dll
0x00007ffab9e90000 - 0x00007ffab9e99000 	C:\Windows\System32\rasadhlp.dll
0x00007ffabcba0000 - 0x00007ffabcc08000 	C:\Windows\System32\fwpuclnt.dll
0x0000000017950000 - 0x00000000179f8000 	C:\Users\CoBoL\.Xilinx\SDK\2015.4\org.eclipse.osgi\bundles\303\1\.cp\swt-win32-4335.dll
0x00007ffac4440000 - 0x00007ffac4501000 	C:\Windows\system32\OLEAUT32.dll
0x00007ffac4200000 - 0x00007ffac429e000 	C:\Windows\system32\comdlg32.dll
0x00007ffabf180000 - 0x00007ffabf1fb000 	C:\Windows\SYSTEM32\WINSPOOL.DRV
0x00007ffab6910000 - 0x00007ffab6924000 	C:\Windows\SYSTEM32\USP10.dll
0x00007ffabb6c0000 - 0x00007ffabb908000 	C:\Windows\SYSTEM32\WININET.dll
0x00007ffac3310000 - 0x00007ffac34ef000 	C:\Windows\system32\CRYPT32.dll
0x00007ffabb910000 - 0x00007ffabbbd7000 	C:\Windows\SYSTEM32\iertutil.dll
0x00007ffac3090000 - 0x00007ffac30a2000 	C:\Windows\system32\MSASN1.dll
0x00007ffac1120000 - 0x00007ffac1140000 	C:\Windows\system32\dwmapi.dll
0x00007ffabe730000 - 0x00007ffabe89f000 	C:\Windows\SYSTEM32\propsys.dll
0x00007ffac3a50000 - 0x00007ffac3af4000 	C:\Windows\SYSTEM32\clbcatq.dll
0x0000000017a00000 - 0x0000000017a1e000 	C:\Users\CoBoL\.Xilinx\SDK\2015.4\org.eclipse.osgi\bundles\303\1\.cp\swt-gdip-win32-4335.dll
0x00007ffabe440000 - 0x00007ffabe5d8000 	C:\Windows\WinSxS\amd64_microsoft.windows.gdiplus_6595b64144ccf1df_1.1.9600.17227_none_932c0e57474f5080\gdiplus.dll
0x00007ffac0700000 - 0x00007ffac08ae000 	C:\Windows\SYSTEM32\WindowsCodecs.dll
0x0000000180000000 - 0x0000000180012000 	C:\Users\CoBoL\.Xilinx\SDK\2015.4\org.eclipse.osgi\bundles\121\1\.cp\os\win32\x86_64\localfile_1_0_0.dll
0x00007ffab6650000 - 0x00007ffab6661000 	C:\Users\CoBoL\.Xilinx\SDK\2015.4\org.eclipse.osgi\bundles\124\1\.cp\jWinHttp-1.0.0.dll
0x00007ffaba8b0000 - 0x00007ffaba975000 	C:\Windows\SYSTEM32\WINHTTP.dll
0x00007ffabf110000 - 0x00007ffabf173000 	C:\Windows\SYSTEM32\oleacc.dll
0x00007ffab7c10000 - 0x00007ffab7c1f000 	E:\ProgramFiles\Xilinx\SDK\2015.4\lib\win64.o\librdi_repo_manager.dll
0x00007ffab5ba0000 - 0x00007ffab5bca000 	E:\ProgramFiles\Xilinx\SDK\2015.4\lib\win64.o\libisl_sysinfo.dll
0x00007ffa85420000 - 0x00007ffa85dad000 	E:\ProgramFiles\Xilinx\SDK\2015.4\lib\win64.o\librdi_common.dll
0x00007ffaae0d0000 - 0x00007ffaae124000 	E:\ProgramFiles\Xilinx\SDK\2015.4\lib\win64.o\librdi_commonxillic.dll
0x00007ffa85230000 - 0x00007ffa8541c000 	E:\ProgramFiles\Xilinx\SDK\2015.4\lib\win64.o\librdi_hsm.dll
0x00007ffab8f90000 - 0x00007ffab9037000 	C:\Windows\SYSTEM32\MSVCP110.dll
0x00007ffab8eb0000 - 0x00007ffab8f84000 	C:\Windows\SYSTEM32\MSVCR110.dll
0x00007ffa84ec0000 - 0x00007ffa8522e000 	E:\ProgramFiles\Xilinx\SDK\2015.4\lib\win64.o\libCOIN-all.dll
0x00007ffa84ca0000 - 0x00007ffa84ebe000 	E:\ProgramFiles\Xilinx\SDK\2015.4\lib\win64.o\libXil_lmgr11.dll
0x00007ffab7ab0000 - 0x00007ffab7ac0000 	E:\ProgramFiles\Xilinx\SDK\2015.4\lib\win64.o\libboost_date_time.dll
0x00007ffab5b70000 - 0x00007ffab5b92000 	E:\ProgramFiles\Xilinx\SDK\2015.4\lib\win64.o\libboost_filesystem.dll
0x00007ffaade70000 - 0x00007ffaadee4000 	E:\ProgramFiles\Xilinx\SDK\2015.4\lib\win64.o\libboost_program_options.dll
0x00007ffaa3690000 - 0x00007ffaa378a000 	E:\ProgramFiles\Xilinx\SDK\2015.4\lib\win64.o\libboost_regex.dll
0x00007ffab64f0000 - 0x00007ffab6503000 	E:\ProgramFiles\Xilinx\SDK\2015.4\lib\win64.o\libboost_signals.dll
0x00007ffab6a30000 - 0x00007ffab6a39000 	E:\ProgramFiles\Xilinx\SDK\2015.4\lib\win64.o\libboost_system.dll
0x00007ffab4f60000 - 0x00007ffab4f7d000 	E:\ProgramFiles\Xilinx\SDK\2015.4\lib\win64.o\libboost_thread.dll
0x00007ffab6830000 - 0x00007ffab683b000 	E:\ProgramFiles\Xilinx\SDK\2015.4\lib\win64.o\libboost_xilinx.dll
0x00007ffaa5b60000 - 0x00007ffaa5be0000 	E:\ProgramFiles\Xilinx\SDK\2015.4\lib\win64.o\libhdlpsolve.dll
0x00007ffaa2f20000 - 0x00007ffaa2fba000 	E:\ProgramFiles\Xilinx\SDK\2015.4\lib\win64.o\libhdxml.dll
0x00007ffa84860000 - 0x00007ffa84c94e00 	E:\ProgramFiles\Xilinx\SDK\2015.4\lib\win64.o\libisl_iostreams.dll
0x00007ffab34f0000 - 0x00007ffab3505000 	E:\ProgramFiles\Xilinx\SDK\2015.4\lib\win64.o\pthreadVC2.dll
0x00007ffa9ea20000 - 0x00007ffa9eb50000 	E:\ProgramFiles\Xilinx\SDK\2015.4\lib\win64.o\librdi_curl.dll
0x00007ffab1f10000 - 0x00007ffab1f28000 	E:\ProgramFiles\Xilinx\SDK\2015.4\lib\win64.o\librdiconfig.dll
0x00007ffab1c80000 - 0x00007ffab1ca3000 	E:\ProgramFiles\Xilinx\SDK\2015.4\lib\win64.o\librdizlib.dll
0x00000000714b0000 - 0x00000000715d7000 	E:\ProgramFiles\Xilinx\SDK\2015.4\lib\win64.o\tcl85t.dll
0x0000000020c60000 - 0x0000000020ec3000 	E:\ProgramFiles\Xilinx\SDK\2015.4\lib\win64.o\xerces-c_3_1.dll
0x00007ffabbbe0000 - 0x00007ffabbd65000 	C:\Windows\SYSTEM32\urlmon.dll
0x00007ffab8210000 - 0x00007ffab8233000 	C:\Windows\SYSTEM32\VCOMP110.DLL
0x00007ffaade20000 - 0x00007ffaade63000 	E:\ProgramFiles\Xilinx\SDK\2015.4\lib\win64.o\librdi_hdf.dll
0x00007ffa84600000 - 0x00007ffa84855000 	E:\ProgramFiles\Xilinx\SDK\2015.4\lib\win64.o\librdi_ippcw.dll
0x00007ffac1980000 - 0x00007ffac1995000 	C:\Windows\SYSTEM32\NETAPI32.dll
0x00007ffac3270000 - 0x00007ffac32bc000 	C:\Windows\system32\WINTRUST.dll
0x00007ffab6490000 - 0x00007ffab649b000 	E:\ProgramFiles\Xilinx\SDK\2015.4\lib\win64.o\libboost_chrono.dll
0x00007ffab1ef0000 - 0x00007ffab1f06000 	E:\ProgramFiles\Xilinx\SDK\2015.4\lib\win64.o\libboost_iostreams.dll
0x00007ffaae630000 - 0x00007ffaae653000 	E:\ProgramFiles\Xilinx\SDK\2015.4\lib\win64.o\libisl_iosutils.dll
0x00007ffac2a10000 - 0x00007ffac2a1c000 	C:\Windows\SYSTEM32\netutils.dll
0x00007ffac2cb0000 - 0x00007ffac2cd5000 	C:\Windows\SYSTEM32\srvcli.dll
0x00007ffac1390000 - 0x00007ffac13a6000 	C:\Windows\SYSTEM32\wkscli.dll
0x00007ffabf200000 - 0x00007ffabf207000 	C:\Windows\SYSTEM32\msimg32.dll
0x00007ffa83490000 - 0x00007ffa83ca0000 	E:\ProgramFiles\Xilinx\SDK\2015.4\lib\win64.o\libXil_lmgr11FNP.dll
0x00007ffab80d0000 - 0x00007ffab80dc000 	C:\Windows\SYSTEM32\snmpapi.dll
0x00007ffac3b40000 - 0x00007ffac3d14000 	C:\Windows\system32\SETUPAPI.dll
0x00007ffac2e90000 - 0x00007ffac2ebb000 	C:\Windows\SYSTEM32\SspiCli.dll
0x00007ffab1640000 - 0x00007ffab1656000 	E:\ProgramFiles\Xilinx\SDK\2015.4\eclipse\win64.o\plugins\org.eclipse.cdt.core.win32.x86_64_5.2.0.201402142303\os\win32\x86_64\spawner.dll
0x00007ffab63a0000 - 0x00007ffab63aa000 	E:\ProgramFiles\Xilinx\SDK\2015.4\lib\win64.o\librdi_jtag_settings.dll
0x00007ffab5f30000 - 0x00007ffab5f59000 	E:\ProgramFiles\Xilinx\SDK\2015.4\lib\win64.o\librdi_debug_dialog.dll
0x00007ffab6360000 - 0x00007ffab6368000 	E:\ProgramFiles\Xilinx\SDK\2015.4\lib\win64.o\librdi_target_manager.dll
0x0000000071080000 - 0x00000000710a6000 	E:\ProgramFiles\Xilinx\SDK\2015.4\eclipse\win64.o\plugins\gnu.io.rxtx.win32.x86_64_2.1.7.3_v20071015\os\win32\x86_64\rxtxSerial.dll
0x00007ffabc890000 - 0x00007ffabc893000 	C:\Windows\SYSTEM32\icmp.Dll
0x00007ffab61d0000 - 0x00007ffab6358000 	C:\Windows\SYSTEM32\dbghelp.dll

VM Arguments:
jvm_args: -Dcom.xilinx.sdk.args.hwspec=E:/projects/xilinix/master_repo/LAB_AEP/Projects/fmc_imageon_gs/ZEDBOARD/fmc_imageon_gs.sdk/fmc_imageon_gs_wrapper.hdf -Xms64m -Xmx512m & 
java_command: <unknown>
java_class_path (initial): E:\ProgramFiles\Xilinx\SDK\2015.4\eclipse\win64.o\\plugins/org.eclipse.equinox.launcher_1.3.0.v20130327-1440.jar
Launcher Type: generic

Environment Variables:
JAVA_HOME=C:\Program Files\Java\jdk1.8.0_20
CLASSPATH=.;C:\Program Files (x86)\QuickTime\QTSystem\QTJava.zip;
USERNAME=CoBoL
OS=Windows_NT
PROCESSOR_IDENTIFIER=Intel64 Family 6 Model 69 Stepping 1, GenuineIntel



---------------  S Y S T E M  ---------------

OS: Windows 8.1 , 64 bit Build 9600 (6.3.9600.17056)

CPU:total 4 (2 cores per cpu, 2 threads per core) family 6 model 69 stepping 1, cmov, cx8, fxsr, mmx, sse, sse2, sse3, ssse3, sse4.1, sse4.2, popcnt, avx, avx2, aes, clmul, erms, lzcnt, ht, tsc, tscinvbit, bmi1, bmi2

Memory: 4k page, physical 8287332k(4087304k free), swap 11367524k(6753880k free)

vm_info: Java HotSpot(TM) 64-Bit Server VM (25.45-b02) for windows-amd64 JRE (1.8.0_45-b15), built on Apr 30 2015 12:40:44 by "java_re" with MS VC++ 10.0 (VS2010)

time: Wed Jun 29 12:17:35 2016
elapsed time: 1592 seconds (0d 0h 26m 32s)

