#
# A fatal error has been detected by the Java Runtime Environment:
#
#  EXCEPTION_UNCAUGHT_CXX_EXCEPTION (0xe06d7363) at pc=0x00007ff81a10606c, pid=3804, tid=5612
#
# JRE version: Java(TM) SE Runtime Environment (8.0_45-b15) (build 1.8.0_45-b15)
# Java VM: Java HotSpot(TM) 64-Bit Server VM (25.45-b02 mixed mode windows-amd64 compressed oops)
# Problematic frame:
# C  [KERNELBASE.dll+0x606c]
#
# Failed to write core dump. Minidumps are not enabled by default on client versions of Windows
#
# If you would like to submit a bug report, please visit:
#   http://bugreport.java.com/bugreport/crash.jsp
#

---------------  T H R E A D  ---------------

Current thread (0x0000000013757000):  VMThread [stack: 0x00000000147e0000,0x00000000148e0000] [id=5612]

siginfo: ExceptionCode=0xe06d7363, ExceptionInformation=0x0000000019930520 0x00000000148df588 0x00007ff80ce52cb8 0x00007ff80cda0000 

Registers:
RAX=0x0000000000000000, RBX=0x00007ff80ce52cb8, RCX=0x00000000148deeb0, RDX=0x00007ff81cc968eb
RSP=0x00000000148df3d0, RBP=0x00000000148df510, RSI=0x00000000ffffffff, RDI=0x00000000227c3190
R8 =0x00000000148df008, R9 =0x0000000000000000, R10=0x0000000000000000, R11=0x00000000148df321
R12=0x0000000000000001, R13=0x0000000000000008, R14=0x0000000000000000, R15=0xffffffffffffffff
RIP=0x00007ff81a10606c, EFLAGS=0x0000000000000202

Top of Stack: (sp=0x00000000148df3d0)
0x00000000148df3d0:   0000000000640000 00007ff80ce52cb8
0x00000000148df3e0:   00000000ffffffff 00000000227c3190
0x00000000148df3f0:   00000001e06d7363 0000000000000000
0x00000000148df400:   00007ff81a10606c 0000000000000004
0x00000000148df410:   0000000019930520 00000000148df588
0x00000000148df420:   00007ff80ce52cb8 00007ff80cda0000
0x00000000148df430:   0000000000000000 000000001aedb7d0
0x00000000148df440:   0000000000000000 0000000000000000
0x00000000148df450:   0000000000000000 00000000148df6c0
0x00000000148df460:   ffffffffffffffff 0000000000000001
0x00000000148df470:   0000000000008008 0000000000000000
0x00000000148df480:   ffffffffffffffff 0000000000000000
0x00000000148df490:   000033a105f635ac 00000000ffffffff
0x00000000148df4a0:   00007ff80ce52cb8 00007ff80cdfe92c
0x00000000148df4b0:   00000000c0000001 00000000148df520
0x00000000148df4c0:   0000000000000001 0000000000000000 

Instructions: (pc=0x00007ff81a10606c)
0x00007ff81a10604c:   44 3b c0 44 0f 47 c0 44 89 44 24 38 49 c1 e0 03
0x00007ff81a10605c:   e8 cb b5 ff ff 48 8d 4c 24 20 ff 15 fc e5 0f 00
0x00007ff81a10606c:   48 8b 8c 24 c0 00 00 00 48 33 cc e8 84 b3 ff ff
0x00007ff81a10607c:   48 81 c4 d8 00 00 00 c3 90 90 90 90 90 90 90 90 


Register to memory mapping:

RAX=0x0000000000000000 is an unknown value
RBX=0x00007ff80ce52cb8 is an unknown value
RCX=0x00000000148deeb0 is an unknown value
RDX=0x00007ff81cc968eb is an unknown value
RSP=0x00000000148df3d0 is an unknown value
RBP=0x00000000148df510 is an unknown value
RSI=0x00000000ffffffff is an unallocated location in the heap
RDI=0x00000000227c3190 is an unknown value
R8 =0x00000000148df008 is an unknown value
R9 =0x0000000000000000 is an unknown value
R10=0x0000000000000000 is an unknown value
R11=0x00000000148df321 is an unknown value
R12=0x0000000000000001 is an unknown value
R13=0x0000000000000008 is an unknown value
R14=0x0000000000000000 is an unknown value
R15=0xffffffffffffffff is an unknown value


Stack: [0x00000000147e0000,0x00000000148e0000],  sp=0x00000000148df3d0,  free space=1020k
Native frames: (J=compiled Java code, j=interpreted, Vv=VM code, C=native code)
C  [KERNELBASE.dll+0x606c]
C  [MSVCR110.dll+0x5e92c]
C  [MSVCR110.dll+0x1315c]
C  [MSVCR110.dll+0x136a9]
C  [MSVCR110.dll+0x13e9c]
C  [MSVCR110.dll+0x239e]
C  [MSVCR110.dll+0xaf9e]
C  [MSVCP110.dll+0x397b9]
C  [librdi_common.dll+0x14283e]
C  [librdi_common.dll+0x141449]
C  [librdi_target_manager.dll+0x2400]
C  [librdi_target_manager.dll+0x2682]
C  [ntdll.dll+0x231dd]
C  [ntdll.dll+0x2160a]
C  [ntdll.dll+0x6b5ec]
C  [KERNEL32.DLL+0x4d56]
C  [MSVCR100.dll+0x20ccd]
V  [jvm.dll+0x20f135]
V  [jvm.dll+0x247ef7]
V  [jvm.dll+0x247196]
V  [jvm.dll+0x247631]
V  [jvm.dll+0x24784e]
V  [jvm.dll+0x29853a]
C  [MSVCR100.dll+0x21d9f]
C  [MSVCR100.dll+0x21e3b]
C  [KERNEL32.DLL+0x16ad]
C  [ntdll.dll+0x54409]

VM_Operation (0x000000000013f500): Exit, mode: safepoint, requested by thread 0x0000000002263800


---------------  P R O C E S S  ---------------

Java Threads: ( => current thread )
  0x000000001920a800 JavaThread "pool-2-thread-6" [_thread_blocked, id=10272, stack(0x0000000024c90000,0x0000000024d90000)]
  0x0000000019206800 JavaThread "Thread-20" [_thread_in_native, id=9096, stack(0x00000000241f0000,0x00000000242f0000)]
  0x0000000019206000 JavaThread "pool-2-thread-5" [_thread_blocked, id=7220, stack(0x0000000023a30000,0x0000000023b30000)]
  0x0000000019203800 JavaThread "pool-2-thread-4" [_thread_blocked, id=3124, stack(0x00000000244f0000,0x00000000245f0000)]
  0x0000000019204800 JavaThread "pool-2-thread-3" [_thread_blocked, id=5620, stack(0x00000000242f0000,0x00000000243f0000)]
  0x0000000019202000 JavaThread "pool-2-thread-2" [_thread_blocked, id=14780, stack(0x00000000243f0000,0x00000000244f0000)]
  0x00000000191ff000 JavaThread "pool-2-thread-1" [_thread_blocked, id=17772, stack(0x0000000024790000,0x0000000024890000)]
  0x00000000191fe800 JavaThread "Thread-17" daemon [_thread_blocked, id=12304, stack(0x00000000240f0000,0x00000000241f0000)]
  0x0000000016a7c800 JavaThread "TCF Locator DNS Lookup" daemon [_thread_blocked, id=10344, stack(0x0000000020130000,0x0000000020230000)]
  0x0000000016a7b000 JavaThread "TCF Locator Timer" daemon [_thread_blocked, id=2692, stack(0x0000000020030000,0x0000000020130000)]
  0x0000000016a77800 JavaThread "TCF Locator Receiver" daemon [_thread_in_native, id=452, stack(0x000000001ff30000,0x0000000020030000)]
  0x0000000016a79800 JavaThread "TCF Timer Dispatcher" daemon [_thread_blocked, id=12284, stack(0x000000001fd30000,0x000000001fe30000)]
  0x0000000016203000 JavaThread "EMF Reference Cleaner" daemon [_thread_blocked, id=7396, stack(0x0000000017aa0000,0x0000000017ba0000)]
  0x00000000137ee000 JavaThread "Service Thread" daemon [_thread_blocked, id=2828, stack(0x00000000153e0000,0x00000000154e0000)]
  0x00000000137e4800 JavaThread "C1 CompilerThread2" daemon [_thread_blocked, id=7796, stack(0x00000000152e0000,0x00000000153e0000)]
  0x00000000137e1800 JavaThread "C2 CompilerThread1" daemon [_thread_blocked, id=7100, stack(0x00000000151e0000,0x00000000152e0000)]
  0x0000000014ce8800 JavaThread "C2 CompilerThread0" daemon [_thread_blocked, id=18012, stack(0x00000000150e0000,0x00000000151e0000)]
  0x00000000137dd800 JavaThread "Attach Listener" daemon [_thread_blocked, id=13852, stack(0x0000000014be0000,0x0000000014ce0000)]
  0x00000000137dc800 JavaThread "Signal Dispatcher" daemon [_thread_blocked, id=3984, stack(0x0000000014ae0000,0x0000000014be0000)]
  0x0000000002358800 JavaThread "Finalizer" daemon [_thread_blocked, id=8820, stack(0x00000000149e0000,0x0000000014ae0000)]
  0x0000000002350000 JavaThread "Reference Handler" daemon [_thread_blocked, id=12220, stack(0x00000000148e0000,0x00000000149e0000)]
  0x0000000002263800 JavaThread "main" [_thread_blocked, id=11304, stack(0x0000000000040000,0x0000000000140000)]

Other Threads:
=>0x0000000013757000 VMThread [stack: 0x00000000147e0000,0x00000000148e0000] [id=5612]

VM state:at safepoint (shutting down)

VM Mutex/Monitor currently owned by a thread:  ([mutex/lock_event])
[0x00000000022609d0] Threads_lock - owner thread: 0x0000000013757000

Heap:
 PSYoungGen      total 111616K, used 77635K [0x00000000f5580000, 0x00000000fd700000, 0x0000000100000000)
  eden space 92672K, 81% used [0x00000000f5580000,0x00000000f9ef00a0,0x00000000fb000000)
  from space 18944K, 12% used [0x00000000fb000000,0x00000000fb260e40,0x00000000fc280000)
  to   space 19456K, 0% used [0x00000000fc400000,0x00000000fc400000,0x00000000fd700000)
 ParOldGen       total 105472K, used 40975K [0x00000000e0000000, 0x00000000e6700000, 0x00000000f5580000)
  object space 105472K, 38% used [0x00000000e0000000,0x00000000e2803c60,0x00000000e6700000)
 Metaspace       used 79963K, capacity 86526K, committed 86936K, reserved 1124352K
  class space    used 9627K, capacity 11630K, committed 11672K, reserved 1048576K

Card table byte_map: [0x00000000023a0000,0x00000000024b0000] byte_map_base: 0x0000000001ca0000

Marking Bits: (ParMarkBitMap*) 0x0000000068c94040
 Begin Bits: [0x0000000011cf0000, 0x00000000124f0000)
 End Bits:   [0x00000000124f0000, 0x0000000012cf0000)

Polling page: 0x00000000004e0000

CodeCache: size=245760Kb used=38628Kb max_used=38637Kb free=207131Kb
 bounds [0x0000000002530000, 0x0000000004b40000, 0x0000000011530000]
 total_blobs=11325 nmethods=10484 adapters=747
 compilation: enabled

Compilation events (10 events):
Event: 1107.309 Thread 0x00000000137e4800 nmethod 13317 0x00000000037d3b10 code [0x00000000037d3c80, 0x00000000037d3e68]
Event: 1107.309 Thread 0x00000000137e4800 13319       1       org.eclipse.osgi.internal.loader.BundleLoaderProxy::getBasicBundleLoader (5 bytes)
Event: 1107.309 Thread 0x00000000137e4800 nmethod 13319 0x00000000034fe050 code [0x00000000034fe1a0, 0x00000000034fe2b0]
Event: 1107.309 Thread 0x00000000137e4800 13320       1       org.eclipse.osgi.internal.loader.BundleLoaderProxy::getBundleData (5 bytes)
Event: 1107.310 Thread 0x00000000137e4800 nmethod 13320 0x00000000034fdd10 code [0x00000000034fde60, 0x00000000034fdf70]
Event: 1107.427 Thread 0x0000000014ce8800 nmethod 13308 0x0000000004b33d10 code [0x0000000004b34060, 0x0000000004b36e60]
Event: 1109.439 Thread 0x00000000137e4800 13321   !   3       org.eclipse.osgi.internal.baseadaptor.BaseStorage::compact (215 bytes)
Event: 1109.441 Thread 0x00000000137e4800 nmethod 13321 0x0000000003bbb890 code [0x0000000003bbbce0, 0x0000000003bbe1a8]
Event: 1113.772 Thread 0x00000000137e4800 13322       3       org.eclipse.osgi.framework.internal.core.AbstractBundle::close (52 bytes)
Event: 1113.774 Thread 0x00000000137e4800 nmethod 13322 0x0000000004317090 code [0x00000000043172c0, 0x0000000004317fc8]

GC Heap History (10 events):
Event: 783.852 GC heap before
{Heap before GC invocations=28 (full 4):
 PSYoungGen      total 109568K, used 109222K [0x00000000f5580000, 0x00000000fd900000, 0x0000000100000000)
  eden space 95744K, 100% used [0x00000000f5580000,0x00000000fb300000,0x00000000fb300000)
  from space 13824K, 97% used [0x00000000fb780000,0x00000000fc4a9830,0x00000000fc500000)
  to   space 19456K, 0% used [0x00000000fc600000,0x00000000fc600000,0x00000000fd900000)
 ParOldGen       total 105472K, used 40468K [0x00000000e0000000, 0x00000000e6700000, 0x00000000f5580000)
  object space 105472K, 38% used [0x00000000e0000000,0x00000000e27853f0,0x00000000e6700000)
 Metaspace       used 78795K, capacity 85328K, committed 85528K, reserved 1124352K
  class space    used 9562K, capacity 11543K, committed 11544K, reserved 1048576K
Event: 783.873 GC heap after
Heap after GC invocations=28 (full 4):
 PSYoungGen      total 109056K, used 11481K [0x00000000f5580000, 0x00000000fd580000, 0x0000000100000000)
  eden space 93184K, 0% used [0x00000000f5580000,0x00000000f5580000,0x00000000fb080000)
  from space 15872K, 72% used [0x00000000fc600000,0x00000000fd136640,0x00000000fd580000)
  to   space 18944K, 0% used [0x00000000fb080000,0x00000000fb080000,0x00000000fc300000)
 ParOldGen       total 105472K, used 40476K [0x00000000e0000000, 0x00000000e6700000, 0x00000000f5580000)
  object space 105472K, 38% used [0x00000000e0000000,0x00000000e27873f0,0x00000000e6700000)
 Metaspace       used 78795K, capacity 85328K, committed 85528K, reserved 1124352K
  class space    used 9562K, capacity 11543K, committed 11544K, reserved 1048576K
}
Event: 970.657 GC heap before
{Heap before GC invocations=29 (full 4):
 PSYoungGen      total 109056K, used 49985K [0x00000000f5580000, 0x00000000fd580000, 0x0000000100000000)
  eden space 93184K, 41% used [0x00000000f5580000,0x00000000f7b19e10,0x00000000fb080000)
  from space 15872K, 72% used [0x00000000fc600000,0x00000000fd136640,0x00000000fd580000)
  to   space 18944K, 0% used [0x00000000fb080000,0x00000000fb080000,0x00000000fc300000)
 ParOldGen       total 105472K, used 40476K [0x00000000e0000000, 0x00000000e6700000, 0x00000000f5580000)
  object space 105472K, 38% used [0x00000000e0000000,0x00000000e27873f0,0x00000000e6700000)
 Metaspace       used 78973K, capacity 85392K, committed 85528K, reserved 1124352K
  class space    used 9563K, capacity 11543K, committed 11544K, reserved 1048576K
Event: 970.676 GC heap after
Heap after GC invocations=29 (full 4):
 PSYoungGen      total 104448K, used 10998K [0x00000000f5580000, 0x00000000fd480000, 0x0000000100000000)
  eden space 93184K, 0% used [0x00000000f5580000,0x00000000f5580000,0x00000000fb080000)
  from space 11264K, 97% used [0x00000000fb080000,0x00000000fbb3d810,0x00000000fbb80000)
  to   space 18432K, 0% used [0x00000000fc280000,0x00000000fc280000,0x00000000fd480000)
 ParOldGen       total 105472K, used 40484K [0x00000000e0000000, 0x00000000e6700000, 0x00000000f5580000)
  object space 105472K, 38% used [0x00000000e0000000,0x00000000e27893f0,0x00000000e6700000)
 Metaspace       used 78973K, capacity 85392K, committed 85528K, reserved 1124352K
  class space    used 9563K, capacity 11543K, committed 11544K, reserved 1048576K
}
Event: 970.676 GC heap before
{Heap before GC invocations=30 (full 5):
 PSYoungGen      total 104448K, used 10998K [0x00000000f5580000, 0x00000000fd480000, 0x0000000100000000)
  eden space 93184K, 0% used [0x00000000f5580000,0x00000000f5580000,0x00000000fb080000)
  from space 11264K, 97% used [0x00000000fb080000,0x00000000fbb3d810,0x00000000fbb80000)
  to   space 18432K, 0% used [0x00000000fc280000,0x00000000fc280000,0x00000000fd480000)
 ParOldGen       total 105472K, used 40484K [0x00000000e0000000, 0x00000000e6700000, 0x00000000f5580000)
  object space 105472K, 38% used [0x00000000e0000000,0x00000000e27893f0,0x00000000e6700000)
 Metaspace       used 78973K, capacity 85392K, committed 85528K, reserved 1124352K
  class space    used 9563K, capacity 11543K, committed 11544K, reserved 1048576K
Event: 971.068 GC heap after
Heap after GC invocations=30 (full 5):
 PSYoungGen      total 104448K, used 0K [0x00000000f5580000, 0x00000000fd480000, 0x0000000100000000)
  eden space 93184K, 0% used [0x00000000f5580000,0x00000000f5580000,0x00000000fb080000)
  from space 11264K, 0% used [0x00000000fb080000,0x00000000fb080000,0x00000000fbb80000)
  to   space 18432K, 0% used [0x00000000fc280000,0x00000000fc280000,0x00000000fd480000)
 ParOldGen       total 105472K, used 40959K [0x00000000e0000000, 0x00000000e6700000, 0x00000000f5580000)
  object space 105472K, 38% used [0x00000000e0000000,0x00000000e27ffc60,0x00000000e6700000)
 Metaspace       used 78941K, capacity 85338K, committed 85528K, reserved 1124352K
  class space    used 9558K, capacity 11534K, committed 11544K, reserved 1048576K
}
Event: 994.678 GC heap before
{Heap before GC invocations=31 (full 5):
 PSYoungGen      total 104448K, used 93184K [0x00000000f5580000, 0x00000000fd480000, 0x0000000100000000)
  eden space 93184K, 100% used [0x00000000f5580000,0x00000000fb080000,0x00000000fb080000)
  from space 11264K, 0% used [0x00000000fb080000,0x00000000fb080000,0x00000000fbb80000)
  to   space 18432K, 0% used [0x00000000fc280000,0x00000000fc280000,0x00000000fd480000)
 ParOldGen       total 105472K, used 40959K [0x00000000e0000000, 0x00000000e6700000, 0x00000000f5580000)
  object space 105472K, 38% used [0x00000000e0000000,0x00000000e27ffc60,0x00000000e6700000)
 Metaspace       used 79089K, capacity 85466K, committed 85784K, reserved 1124352K
  class space    used 9561K, capacity 11534K, committed 11544K, reserved 1048576K
Event: 994.692 GC heap after
Heap after GC invocations=31 (full 5):
 PSYoungGen      total 111104K, used 4640K [0x00000000f5580000, 0x00000000fd700000, 0x0000000100000000)
  eden space 92672K, 0% used [0x00000000f5580000,0x00000000f5580000,0x00000000fb000000)
  from space 18432K, 25% used [0x00000000fc280000,0x00000000fc708058,0x00000000fd480000)
  to   space 18944K, 0% used [0x00000000fb000000,0x00000000fb000000,0x00000000fc280000)
 ParOldGen       total 105472K, used 40967K [0x00000000e0000000, 0x00000000e6700000, 0x00000000f5580000)
  object space 105472K, 38% used [0x00000000e0000000,0x00000000e2801c60,0x00000000e6700000)
 Metaspace       used 79089K, capacity 85466K, committed 85784K, reserved 1124352K
  class space    used 9561K, capacity 11534K, committed 11544K, reserved 1048576K
}
Event: 1033.437 GC heap before
{Heap before GC invocations=32 (full 5):
 PSYoungGen      total 111104K, used 97312K [0x00000000f5580000, 0x00000000fd700000, 0x0000000100000000)
  eden space 92672K, 100% used [0x00000000f5580000,0x00000000fb000000,0x00000000fb000000)
  from space 18432K, 25% used [0x00000000fc280000,0x00000000fc708058,0x00000000fd480000)
  to   space 18944K, 0% used [0x00000000fb000000,0x00000000fb000000,0x00000000fc280000)
 ParOldGen       total 105472K, used 40967K [0x00000000e0000000, 0x00000000e6700000, 0x00000000f5580000)
  object space 105472K, 38% used [0x00000000e0000000,0x00000000e2801c60,0x00000000e6700000)
 Metaspace       used 79280K, capacity 85722K, committed 86040K, reserved 1124352K
  class space    used 9561K, capacity 11534K, committed 11544K, reserved 1048576K
Event: 1033.444 GC heap after
Heap after GC invocations=32 (full 5):
 PSYoungGen      total 111616K, used 2435K [0x00000000f5580000, 0x00000000fd700000, 0x0000000100000000)
  eden space 92672K, 0% used [0x00000000f5580000,0x00000000f5580000,0x00000000fb000000)
  from space 18944K, 12% used [0x00000000fb000000,0x00000000fb260e40,0x00000000fc280000)
  to   space 19456K, 0% used [0x00000000fc400000,0x00000000fc400000,0x00000000fd700000)
 ParOldGen       total 105472K, used 40975K [0x00000000e0000000, 0x00000000e6700000, 0x00000000f5580000)
  object space 105472K, 38% used [0x00000000e0000000,0x00000000e2803c60,0x00000000e6700000)
 Metaspace       used 79280K, capacity 85722K, committed 86040K, reserved 1124352K
  class space    used 9561K, capacity 11534K, committed 11544K, reserved 1048576K
}

Deoptimization events (10 events):
Event: 1105.656 Thread 0x0000000002263800 Uncommon trap: reason=class_check action=maybe_recompile pc=0x0000000004aad458 method=org.eclipse.e4.core.internal.contexts.TrackableComputationExt.update(Lorg/eclipse/e4/core/internal/contexts/ContextChangeEvent;)Z @ 62
Event: 1105.656 Thread 0x0000000002263800 Uncommon trap: reason=class_check action=maybe_recompile pc=0x0000000004aad458 method=org.eclipse.e4.core.internal.contexts.TrackableComputationExt.update(Lorg/eclipse/e4/core/internal/contexts/ContextChangeEvent;)Z @ 62
Event: 1105.656 Thread 0x0000000002263800 Uncommon trap: reason=class_check action=maybe_recompile pc=0x0000000004aad458 method=org.eclipse.e4.core.internal.contexts.TrackableComputationExt.update(Lorg/eclipse/e4/core/internal/contexts/ContextChangeEvent;)Z @ 62
Event: 1106.116 Thread 0x0000000016a76800 Uncommon trap: reason=unstable_if action=reinterpret pc=0x0000000003da1404 method=org.eclipse.ui.PlatformUI.isWorkbenchRunning()Z @ 12
Event: 1106.197 Thread 0x0000000002263800 Uncommon trap: reason=unstable_if action=reinterpret pc=0x0000000003eead88 method=org.eclipse.swt.graphics.Resource.dispose()V @ 15
Event: 1107.083 Thread 0x0000000002263800 Uncommon trap: reason=unstable_if action=reinterpret pc=0x00000000049bd604 method=org.eclipse.swt.widgets.Display.getSystemFont()Lorg/eclipse/swt/graphics/Font; @ 8
Event: 1107.088 Thread 0x0000000002263800 Uncommon trap: reason=unstable_if action=reinterpret pc=0x00000000031b780c method=org.eclipse.core.runtime.internal.adaptor.EclipseLazyStarter.shouldActivateFor(Ljava/lang/String;Lorg/eclipse/osgi/baseadaptor/BaseData;Lorg/eclipse/core/runtime/internal/ada-· Š™L‘@
Event: 1107.150 Thread 0x0000000002263800 Uncommon trap: reason=null_check action=maybe_recompile pc=0x000000000400ec9c method=com.xilinx.sdk.targetmanager.internal.json.XMDJSONProcess.issueCommand(Ljava/lang/String;)Lcom/xilinx/sdk/targetmanager/internal/IXMDResult; @ 3
Event: 1107.289 Thread 0x000000001682a800 Uncommon trap: reason=unstable_if action=reinterpret pc=0x000000000450224c method=org.eclipse.core.internal.jobs.JobManager.nextJob()Lorg/eclipse/core/runtime/jobs/Job; @ 80
Event: 1113.772 Thread 0x0000000002263800 Uncommon trap: reason=unstable_if action=reinterpret pc=0x0000000004920a9c method=sun.reflect.UnsafeStaticObjectFieldAccessorImpl.set(Ljava/lang/Object;Ljava/lang/Object;)V @ 13

Internal exceptions (10 events):
Event: 1103.891 Thread 0x0000000019209000 Exception <a 'java/net/SocketException': Socket closed> (0x00000000f86a1718) thrown at [C:\re\workspace\8-2-build-windows-amd64-cygwin\jdk8u45\3627\hotspot\src\share\vm\prims\jni.cpp, line 735]
Event: 1105.049 Thread 0x0000000002263800 Implicit null exception at 0x00000000034f170c to 0x00000000034f1769
Event: 1105.591 Thread 0x0000000002263800 Implicit null exception at 0x000000000468de20 to 0x000000000468e185
Event: 1106.115 Thread 0x000000001e232000 Exception <a 'java/lang/InterruptedException'> (0x00000000f98658b8) thrown at [C:\re\workspace\8-2-build-windows-amd64-cygwin\jdk8u45\3627\hotspot\src\share\vm\runtime\objectMonitor.cpp, line 1683]
Event: 1107.150 Thread 0x0000000002263800 Exception <a 'java/lang/NullPointerException'> (0x00000000f9a36de8) thrown at [C:\re\workspace\8-2-build-windows-amd64-cygwin\jdk8u45\3627\hotspot\src\share\vm\prims\jvm.cpp, line 1386]
Event: 1107.331 Thread 0x0000000015914800 Exception <a 'java/lang/InterruptedException': sleep interrupted> (0x00000000f9bb1e98) thrown at [C:\re\workspace\8-2-build-windows-amd64-cygwin\jdk8u45\3627\hotspot\src\share\vm\prims\jvm.cpp, line 3211]
Event: 1107.332 Thread 0x00000000169f0000 Exception <a 'java/lang/InterruptedException'> (0x00000000f9c99928) thrown at [C:\re\workspace\8-2-build-windows-amd64-cygwin\jdk8u45\3627\hotspot\src\share\vm\runtime\objectMonitor.cpp, line 1683]
Event: 1107.332 Thread 0x0000000015d30800 Exception <a 'java/lang/InterruptedException'> (0x00000000f9cba350) thrown at [C:\re\workspace\8-2-build-windows-amd64-cygwin\jdk8u45\3627\hotspot\src\share\vm\runtime\objectMonitor.cpp, line 1683]
Event: 1113.772 Thread 0x0000000015b07000 Exception <a 'java/lang/InterruptedException'> (0x00000000f9bb1880) thrown at [C:\re\workspace\8-2-build-windows-amd64-cygwin\jdk8u45\3627\hotspot\src\share\vm\runtime\objectMonitor.cpp, line 1683]
Event: 1113.772 Thread 0x0000000002263800 Implicit null exception at 0x0000000004920696 to 0x0000000004920a89

Events (10 events):
Event: 1113.773 Thread 0x0000000002263800 DEOPT UNPACKING pc=0x000000000257582a sp=0x000000000013ea38 mode 2
Event: 1113.773 Thread 0x0000000015035800 Thread exited: 0x0000000015035800
Event: 1113.773 loading class java/util/IdentityHashMap$KeyIterator
Event: 1113.773 loading class java/util/IdentityHashMap$IdentityHashMapIterator
Event: 1113.773 loading class java/util/IdentityHashMap$IdentityHashMapIterator done
Event: 1113.773 loading class java/util/IdentityHashMap$KeyIterator done
Event: 1113.774 Thread 0x0000000019200800 Thread added: 0x0000000019200800
Event: 1113.774 Thread 0x0000000019200800 Thread exited: 0x0000000019200800
Event: 1113.774 Thread 0x00000000137e4800 flushing nmethod 0x0000000002856590
Event: 1113.775 Executing VM operation: Exit


Dynamic libraries:
0x0000000000400000 - 0x000000000044f000 	E:\ProgramFiles\Xilinx\SDK\2015.4\eclipse\win64.o\eclipse.exe
0x00007ff81cc70000 - 0x00007ff81ce16000 	C:\Windows\SYSTEM32\ntdll.dll
0x00007ff81c7a0000 - 0x00007ff81c8da000 	C:\Windows\system32\KERNEL32.DLL
0x00007ff81a100000 - 0x00007ff81a20f000 	C:\Windows\system32\KERNELBASE.dll
0x00007ff81aaf0000 - 0x00007ff81ac61000 	C:\Windows\system32\USER32.dll
0x00007ff8176a0000 - 0x00007ff8178fa000 	C:\Windows\WinSxS\amd64_microsoft.windows.common-controls_6595b64144ccf1df_6.0.9600.17031_none_6242a4b3ecbb55a1\COMCTL32.dll
0x00007ff81c5e0000 - 0x00007ff81c687000 	C:\Windows\system32\msvcrt.dll
0x00007ff81c8e0000 - 0x00007ff81ca24000 	C:\Windows\system32\GDI32.dll
0x00007ff81c150000 - 0x00007ff81c184000 	C:\Windows\system32\IMM32.DLL
0x00007ff81a950000 - 0x00007ff81aa89000 	C:\Windows\system32\MSCTF.dll
0x0000000072000000 - 0x0000000072012000 	E:\ProgramFiles\Xilinx\SDK\2015.4\eclipse\win64.o\plugins\org.eclipse.equinox.launcher.win32.win32.x86_64_1.1.200.v20140116-2212\eclipse_1503.dll
0x00007ff81c530000 - 0x00007ff81c5d5000 	C:\Windows\system32\ADVAPI32.dll
0x00007ff812500000 - 0x00007ff81250a000 	C:\Windows\SYSTEM32\VERSION.dll
0x00007ff81c1a0000 - 0x00007ff81c1f7000 	C:\Windows\SYSTEM32\sechost.dll
0x00007ff81c200000 - 0x00007ff81c337000 	C:\Windows\system32\RPCRT4.dll
0x00007ff818cc0000 - 0x00007ff818de1000 	C:\Windows\system32\uxtheme.dll
0x00007ff81c350000 - 0x00007ff81c526000 	C:\Windows\SYSTEM32\combase.dll
0x00007ffff7350000 - 0x00007ffff738f000 	C:\Program Files\ASUS\Bluetooth Software\btmmhook.dll
0x00007ff81ac90000 - 0x00007ff81c09f000 	C:\Windows\system32\SHELL32.dll
0x00007ff81a4f0000 - 0x00007ff81a668000 	C:\Windows\system32\ole32.dll
0x00007ff81a670000 - 0x00007ff81a731000 	C:\Windows\system32\OLEAUT32.dll
0x00007ff81a740000 - 0x00007ff81a791000 	C:\Windows\system32\SHLWAPI.dll
0x00007ff81c340000 - 0x00007ff81c347000 	C:\Windows\system32\PSAPI.DLL
0x0000000068490000 - 0x0000000068d13000 	E:\ProgramFiles\Xilinx\SDK\2015.4\tps\win64\jre\bin\server\jvm.dll
0x00007ffff7e30000 - 0x00007ffff7e39000 	C:\Windows\SYSTEM32\WSOCK32.dll
0x00007ff816bd0000 - 0x00007ff816bef000 	C:\Windows\SYSTEM32\WINMM.dll
0x000000006b8d0000 - 0x000000006b9a2000 	C:\Windows\SYSTEM32\MSVCR100.dll
0x00007ff81ca30000 - 0x00007ff81ca88000 	C:\Windows\system32\WS2_32.dll
0x00007ff816ba0000 - 0x00007ff816bca000 	C:\Windows\SYSTEM32\WINMMBASE.dll
0x00007ff81c6f0000 - 0x00007ff81c6f9000 	C:\Windows\system32\NSI.dll
0x00007ff81a0b0000 - 0x00007ff81a0fa000 	C:\Windows\SYSTEM32\cfgmgr32.dll
0x00007ff818e70000 - 0x00007ff818e96000 	C:\Windows\SYSTEM32\DEVOBJ.dll
0x000000006a970000 - 0x000000006a97f000 	E:\ProgramFiles\Xilinx\SDK\2015.4\tps\win64\jre\bin\verify.dll
0x0000000069550000 - 0x0000000069579000 	E:\ProgramFiles\Xilinx\SDK\2015.4\tps\win64\jre\bin\java.dll
0x0000000069240000 - 0x0000000069256000 	E:\ProgramFiles\Xilinx\SDK\2015.4\tps\win64\jre\bin\zip.dll
0x00007ff817f00000 - 0x00007ff817f9f000 	C:\Windows\system32\SHCORE.dll
0x00007ff819fe0000 - 0x00007ff819ff4000 	C:\Windows\system32\profapi.dll
0x00007ff819880000 - 0x00007ff81989e000 	C:\Windows\SYSTEM32\CRYPTSP.dll
0x00007ff8194c0000 - 0x00007ff8194f5000 	C:\Windows\system32\rsaenh.dll
0x00007ff819b90000 - 0x00007ff819bb6000 	C:\Windows\SYSTEM32\bcrypt.dll
0x00007ff8195d0000 - 0x00007ff8195ee000 	C:\Windows\SYSTEM32\USERENV.dll
0x00007ff819ec0000 - 0x00007ff819f20000 	C:\Windows\system32\bcryptprimitives.dll
0x00007ff819f20000 - 0x00007ff819f2a000 	C:\Windows\SYSTEM32\CRYPTBASE.dll
0x0000000069220000 - 0x000000006923a000 	E:\ProgramFiles\Xilinx\SDK\2015.4\tps\win64\jre\bin\net.dll
0x00007ff819820000 - 0x00007ff819878000 	C:\Windows\system32\mswsock.dll
0x00007ff814350000 - 0x00007ff814379000 	C:\Windows\SYSTEM32\IPHLPAPI.DLL
0x00007ff814270000 - 0x00007ff81427a000 	C:\Windows\SYSTEM32\WINNSI.DLL
0x00007ff813f80000 - 0x00007ff813f94000 	C:\Windows\SYSTEM32\dhcpcsvc6.DLL
0x00007ff814440000 - 0x00007ff814459000 	C:\Windows\SYSTEM32\dhcpcsvc.DLL
0x0000000069200000 - 0x0000000069211000 	E:\ProgramFiles\Xilinx\SDK\2015.4\tps\win64\jre\bin\nio.dll
0x00007ff818e40000 - 0x00007ff818e4a000 	C:\Windows\SYSTEM32\kernel.appcore.dll
0x00007ff815e20000 - 0x00007ff815e34000 	C:\Windows\system32\napinsp.dll
0x00007ff815a40000 - 0x00007ff815a59000 	C:\Windows\system32\pnrpnsp.dll
0x00007ff818440000 - 0x00007ff81845b000 	C:\Windows\system32\NLAapi.dll
0x00007ff819630000 - 0x00007ff8196d3000 	C:\Windows\SYSTEM32\DNSAPI.dll
0x00007ff8169e0000 - 0x00007ff8169ec000 	C:\Windows\System32\winrnr.dll
0x00007ff812520000 - 0x00007ff812533000 	C:\Windows\system32\wshbth.dll
0x00007ff816a30000 - 0x00007ff816a39000 	C:\Windows\System32\rasadhlp.dll
0x00007ff8141a0000 - 0x00007ff814208000 	C:\Windows\System32\fwpuclnt.dll
0x0000000017fa0000 - 0x0000000018048000 	C:\Users\CoBoL\.Xilinx\SDK\2015.4\org.eclipse.osgi\bundles\303\1\.cp\swt-win32-4335.dll
0x00007ff81c700000 - 0x00007ff81c79e000 	C:\Windows\system32\comdlg32.dll
0x00007ff816d90000 - 0x00007ff816e0b000 	C:\Windows\SYSTEM32\WINSPOOL.DRV
0x00007ff816a00000 - 0x00007ff816a14000 	C:\Windows\SYSTEM32\USP10.dll
0x00007ff812710000 - 0x00007ff812958000 	C:\Windows\SYSTEM32\WININET.dll
0x00007ff81a260000 - 0x00007ff81a43f000 	C:\Windows\system32\CRYPT32.dll
0x00007ff812b80000 - 0x00007ff812e47000 	C:\Windows\SYSTEM32\iertutil.dll
0x00007ff81a090000 - 0x00007ff81a0a2000 	C:\Windows\system32\MSASN1.dll
0x00007ff817d30000 - 0x00007ff817d50000 	C:\Windows\system32\dwmapi.dll
0x00007ff815f10000 - 0x00007ff81607f000 	C:\Windows\SYSTEM32\propsys.dll
0x00007ff81c0a0000 - 0x00007ff81c144000 	C:\Windows\SYSTEM32\clbcatq.dll
0x00000000021c0000 - 0x00000000021de000 	C:\Users\CoBoL\.Xilinx\SDK\2015.4\org.eclipse.osgi\bundles\303\1\.cp\swt-gdip-win32-4335.dll
0x00007ff816bf0000 - 0x00007ff816d88000 	C:\Windows\WinSxS\amd64_microsoft.windows.gdiplus_6595b64144ccf1df_1.1.9600.17227_none_932c0e57474f5080\gdiplus.dll
0x00007ff817900000 - 0x00007ff817aae000 	C:\Windows\SYSTEM32\WindowsCodecs.dll
0x0000000180000000 - 0x0000000180012000 	C:\Users\CoBoL\.Xilinx\SDK\2015.4\org.eclipse.osgi\bundles\121\1\.cp\os\win32\x86_64\localfile_1_0_0.dll
0x00007ff80cb60000 - 0x00007ff80cb71000 	C:\Users\CoBoL\.Xilinx\SDK\2015.4\org.eclipse.osgi\bundles\124\1\.cp\jWinHttp-1.0.0.dll
0x00007ff80c650000 - 0x00007ff80c715000 	C:\Windows\SYSTEM32\WINHTTP.dll
0x00007ff8170c0000 - 0x00007ff817123000 	C:\Windows\SYSTEM32\oleacc.dll
0x00007ff8175b0000 - 0x00007ff8175bf000 	E:\ProgramFiles\Xilinx\SDK\2015.4\lib\win64.o\librdi_repo_manager.dll
0x00007ff80cb30000 - 0x00007ff80cb5a000 	E:\ProgramFiles\Xilinx\SDK\2015.4\lib\win64.o\libisl_sysinfo.dll
0x00007fffcfb90000 - 0x00007fffd051d000 	E:\ProgramFiles\Xilinx\SDK\2015.4\lib\win64.o\librdi_common.dll
0x00007ff8089b0000 - 0x00007ff808a04000 	E:\ProgramFiles\Xilinx\SDK\2015.4\lib\win64.o\librdi_commonxillic.dll
0x00007ff8087c0000 - 0x00007ff8089ac000 	E:\ProgramFiles\Xilinx\SDK\2015.4\lib\win64.o\librdi_hsm.dll
0x00007ff80ce80000 - 0x00007ff80cf27000 	C:\Windows\SYSTEM32\MSVCP110.dll
0x00007ff80cda0000 - 0x00007ff80ce74000 	C:\Windows\SYSTEM32\MSVCR110.dll
0x00007fffd4480000 - 0x00007fffd47ee000 	E:\ProgramFiles\Xilinx\SDK\2015.4\lib\win64.o\libCOIN-all.dll
0x00007ffff2330000 - 0x00007ffff254e000 	E:\ProgramFiles\Xilinx\SDK\2015.4\lib\win64.o\libXil_lmgr11.dll
0x00007ff817360000 - 0x00007ff817370000 	E:\ProgramFiles\Xilinx\SDK\2015.4\lib\win64.o\libboost_date_time.dll
0x00007ff80cb00000 - 0x00007ff80cb22000 	E:\ProgramFiles\Xilinx\SDK\2015.4\lib\win64.o\libboost_filesystem.dll
0x00007ff808740000 - 0x00007ff8087b4000 	E:\ProgramFiles\Xilinx\SDK\2015.4\lib\win64.o\libboost_program_options.dll
0x00007ffff9cd0000 - 0x00007ffff9dca000 	E:\ProgramFiles\Xilinx\SDK\2015.4\lib\win64.o\libboost_regex.dll
0x00007ff80cae0000 - 0x00007ff80caf3000 	E:\ProgramFiles\Xilinx\SDK\2015.4\lib\win64.o\libboost_signals.dll
0x00007ff816e80000 - 0x00007ff816e89000 	E:\ProgramFiles\Xilinx\SDK\2015.4\lib\win64.o\libboost_system.dll
0x00007ff809c60000 - 0x00007ff809c7d000 	E:\ProgramFiles\Xilinx\SDK\2015.4\lib\win64.o\libboost_thread.dll
0x00007ff80fee0000 - 0x00007ff80feeb000 	E:\ProgramFiles\Xilinx\SDK\2015.4\lib\win64.o\libboost_xilinx.dll
0x00007ff8086c0000 - 0x00007ff808740000 	E:\ProgramFiles\Xilinx\SDK\2015.4\lib\win64.o\libhdlpsolve.dll
0x00007ffffef90000 - 0x00007fffff02a000 	E:\ProgramFiles\Xilinx\SDK\2015.4\lib\win64.o\libhdxml.dll
0x00007fffcf750000 - 0x00007fffcfb84e00 	E:\ProgramFiles\Xilinx\SDK\2015.4\lib\win64.o\libisl_iostreams.dll
0x00007ff808220000 - 0x00007ff808235000 	E:\ProgramFiles\Xilinx\SDK\2015.4\lib\win64.o\pthreadVC2.dll
0x00007ffff98b0000 - 0x00007ffff99e0000 	E:\ProgramFiles\Xilinx\SDK\2015.4\lib\win64.o\librdi_curl.dll
0x00007ff808200000 - 0x00007ff808218000 	E:\ProgramFiles\Xilinx\SDK\2015.4\lib\win64.o\librdiconfig.dll
0x00007ff8081d0000 - 0x00007ff8081f3000 	E:\ProgramFiles\Xilinx\SDK\2015.4\lib\win64.o\librdizlib.dll
0x0000000069260000 - 0x0000000069387000 	E:\ProgramFiles\Xilinx\SDK\2015.4\lib\win64.o\tcl85t.dll
0x0000000020230000 - 0x0000000020493000 	E:\ProgramFiles\Xilinx\SDK\2015.4\lib\win64.o\xerces-c_3_1.dll
0x00007ff812f20000 - 0x00007ff8130a5000 	C:\Windows\SYSTEM32\urlmon.dll
0x00007ff80b530000 - 0x00007ff80b553000 	C:\Windows\SYSTEM32\VCOMP110.DLL
0x00007ff8044b0000 - 0x00007ff8044f3000 	E:\ProgramFiles\Xilinx\SDK\2015.4\lib\win64.o\librdi_hdf.dll
0x00007fffcf4f0000 - 0x00007fffcf745000 	E:\ProgramFiles\Xilinx\SDK\2015.4\lib\win64.o\librdi_ippcw.dll
0x00007ff817b30000 - 0x00007ff817b45000 	C:\Windows\SYSTEM32\NETAPI32.dll
0x00007ff81a210000 - 0x00007ff81a25c000 	C:\Windows\system32\WINTRUST.dll
0x00007ff80f840000 - 0x00007ff80f84b000 	E:\ProgramFiles\Xilinx\SDK\2015.4\lib\win64.o\libboost_chrono.dll
0x00007ff804490000 - 0x00007ff8044a6000 	E:\ProgramFiles\Xilinx\SDK\2015.4\lib\win64.o\libboost_iostreams.dll
0x00007ff801580000 - 0x00007ff8015a3000 	E:\ProgramFiles\Xilinx\SDK\2015.4\lib\win64.o\libisl_iosutils.dll
0x00007ff819270000 - 0x00007ff81927c000 	C:\Windows\SYSTEM32\netutils.dll
0x00007ff819cb0000 - 0x00007ff819cd5000 	C:\Windows\SYSTEM32\srvcli.dll
0x00007ff817af0000 - 0x00007ff817b06000 	C:\Windows\SYSTEM32\wkscli.dll
0x00007ff816e10000 - 0x00007ff816e17000 	C:\Windows\SYSTEM32\msimg32.dll
0x00007fffcdd90000 - 0x00007fffce5a0000 	E:\ProgramFiles\Xilinx\SDK\2015.4\lib\win64.o\libXil_lmgr11FNP.dll
0x00007ff8175c0000 - 0x00007ff8175cc000 	C:\Windows\SYSTEM32\snmpapi.dll
0x00007ff81ca90000 - 0x00007ff81cc64000 	C:\Windows\system32\SETUPAPI.dll
0x00007ff819e90000 - 0x00007ff819ebb000 	C:\Windows\SYSTEM32\SspiCli.dll
0x00007ff800640000 - 0x00007ff800656000 	E:\ProgramFiles\Xilinx\SDK\2015.4\eclipse\win64.o\plugins\org.eclipse.cdt.core.win32.x86_64_5.2.0.201402142303\os\win32\x86_64\spawner.dll
0x00007ff80cd60000 - 0x00007ff80cd6a000 	E:\ProgramFiles\Xilinx\SDK\2015.4\lib\win64.o\librdi_jtag_settings.dll
0x00007ff808ad0000 - 0x00007ff808af9000 	E:\ProgramFiles\Xilinx\SDK\2015.4\lib\win64.o\librdi_debug_dialog.dll
0x00007ff80b640000 - 0x00007ff80b648000 	E:\ProgramFiles\Xilinx\SDK\2015.4\lib\win64.o\librdi_target_manager.dll
0x0000000071080000 - 0x00000000710a6000 	E:\ProgramFiles\Xilinx\SDK\2015.4\eclipse\win64.o\plugins\gnu.io.rxtx.win32.x86_64_2.1.7.3_v20071015\os\win32\x86_64\rxtxSerial.dll
0x00007ff817370000 - 0x00007ff817373000 	C:\Windows\SYSTEM32\icmp.Dll
0x00007ff8074d0000 - 0x00007ff807658000 	C:\Windows\SYSTEM32\dbghelp.dll

VM Arguments:
jvm_args: -Dcom.xilinx.sdk.args.hwspec=E:/projects/xilinix/master_repo/LAB_AEP/Integrated_redo_/hdl/Projects/fmc_imageon_gs/ZEDBOARD/fmc_imageon_gs.sdk/fmc_imageon_gs_wrapper.hdf -Xms64m -Xmx512m & 
java_command: <unknown>
java_class_path (initial): E:\ProgramFiles\Xilinx\SDK\2015.4\eclipse\win64.o\\plugins/org.eclipse.equinox.launcher_1.3.0.v20130327-1440.jar
Launcher Type: generic

Environment Variables:
JAVA_HOME=C:\Program Files\Java\jdk1.8.0_20
CLASSPATH=.;C:\Program Files (x86)\QuickTime\QTSystem\QTJava.zip;
USERNAME=CoBoL
OS=Windows_NT
PROCESSOR_IDENTIFIER=Intel64 Family 6 Model 69 Stepping 1, GenuineIntel



---------------  S Y S T E M  ---------------

OS: Windows 8.1 , 64 bit Build 9600 (6.3.9600.17056)

CPU:total 4 (2 cores per cpu, 2 threads per core) family 6 model 69 stepping 1, cmov, cx8, fxsr, mmx, sse, sse2, sse3, ssse3, sse4.1, sse4.2, popcnt, avx, avx2, aes, clmul, erms, lzcnt, ht, tsc, tscinvbit, bmi1, bmi2

Memory: 4k page, physical 8287332k(3691060k free), swap 10613436k(4841388k free)

vm_info: Java HotSpot(TM) 64-Bit Server VM (25.45-b02) for windows-amd64 JRE (1.8.0_45-b15), built on Apr 30 2015 12:40:44 by "java_re" with MS VC++ 10.0 (VS2010)

time: Thu Jun 09 12:13:43 2016
elapsed time: 1114 seconds (0d 0h 18m 34s)

