#
# A fatal error has been detected by the Java Runtime Environment:
#
#  Internal Error (0xc000000d), pid=13908, tid=15012
#
# JRE version: Java(TM) SE Runtime Environment (8.0_45-b15) (build 1.8.0_45-b15)
# Java VM: Java HotSpot(TM) 64-Bit Server VM (25.45-b02 mixed mode windows-amd64 compressed oops)
# Problematic frame:
# C  [ntdll.dll+0xfe9d8]
#
# Failed to write core dump. Minidumps are not enabled by default on client versions of Windows
#
# If you would like to submit a bug report, please visit:
#   http://bugreport.java.com/bugreport/crash.jsp
#

---------------  T H R E A D  ---------------

Current thread (0x00000000136b7000):  VMThread [stack: 0x0000000014750000,0x0000000014850000] [id=15012]

siginfo: ExceptionCode=0xc000000d

Registers:
RAX=0x0000000018c85e60, RBX=0xfffffffffffffffe, RCX=0x000000000013f390, RDX=0x00000000022d7ced
RSP=0x000000001484f3b0, RBP=0x00007ff80fa97408, RSI=0x0000000000000000, RDI=0x00000000000003c8
R8 =0x0000000066e4260b, R9 =0x0000000018c897a0, R10=0x0000000000170002, R11=0x0000000000000000
R12=0x0000000022d2c4e0, R13=0x0000000022da5d10, R14=0x0000000022d2c5e8, R15=0x000000001484f528
RIP=0x00007ff81cd6e9d8, EFLAGS=0x0000000000000206

Top of Stack: (sp=0x000000001484f3b0)
0x000000001484f3b0:   0000000000000000 fffffffffffffffe
0x000000001484f3c0:   0000000000000000 00000000000003c8
0x000000001484f3d0:   00000000c000000d 0000000000000000
0x000000001484f3e0:   00007ff81cd6e9d8 0000000000000000
0x000000001484f3f0:   0000000000000000 0000000000000000
0x000000001484f400:   0000000000000000 0000000000000000
0x000000001484f410:   0000000000000000 0000000000000000
0x000000001484f420:   0000000000000000 0000000000000000
0x000000001484f430:   0000000000000000 0000000000000000
0x000000001484f440:   0000000000000000 0000000000000000
0x000000001484f450:   0000000000000000 0000000000000000
0x000000001484f460:   0000000000000000 0000000000000013
0x000000001484f470:   0000c1e4dc3698c7 0000000000000000
0x000000001484f480:   0000000000000120 00007ff81cd15ebf
0x000000001484f490:   0000000000300000 0000000000000000
0x000000001484f4a0:   0000000000000120 0000000000000000 

Instructions: (pc=0x00007ff81cd6e9d8)
0x00007ff81cd6e9b8:   6b f9 ff c7 44 24 20 0d 00 00 c0 b9 57 00 00 00
0x00007ff81cd6e9c8:   e8 23 14 f5 ff 90 48 8d 4c 24 20 e8 a4 37 f5 ff
0x00007ff81cd6e9d8:   eb 00 48 8b 8c 24 c0 00 00 00 48 33 cc e8 56 47
0x00007ff81cd6e9e8:   f8 ff 48 81 c4 d8 00 00 00 c3 40 55 48 83 ec 20 


Register to memory mapping:

RAX=0x0000000018c85e60 is an unknown value
RBX=0xfffffffffffffffe is an unknown value
RCX=0x000000000013f390 is pointing into the stack for thread: 0x00000000021d3800
RDX=0x00000000022d7ced is at code_begin+2093 in an Interpreter codelet
invoke return entry points  [0x00000000022d74c0, 0x00000000022d7dc0]  2304 bytes
RSP=0x000000001484f3b0 is an unknown value
RBP=0x00007ff80fa97408 is an unknown value
RSI=0x0000000000000000 is an unknown value
RDI=0x00000000000003c8 is an unknown value
R8 =0x0000000066e4260b is an unknown value
R9 =0x0000000018c897a0 is an unknown value
R10=0x0000000000170002 is an unknown value
R11=0x0000000000000000 is an unknown value
R12=0x0000000022d2c4e0 is an unknown value
R13=0x0000000022da5d10 is an unknown value
R14=0x0000000022d2c5e8 is an unknown value
R15=0x000000001484f528 is an unknown value


Stack: [0x0000000014750000,0x0000000014850000],  sp=0x000000001484f3b0,  free space=1020k
Native frames: (J=compiled Java code, j=interpreted, Vv=VM code, C=native code)
C  [ntdll.dll+0xfe9d8]
C  [ntdll.dll+0xa5ebf]
C  [KERNEL32.DLL+0x35da]
C  [MSVCR110.dll+0x752d]
C  [MSVCR110.dll+0x73c6]
C  [MSVCR110.dll+0x14cca]
C  [MSVCR110.dll+0x13edc]
C  [MSVCR110.dll+0x239e]
C  [MSVCR110.dll+0xaf9e]
C  [MSVCP110.dll+0x397b9]
C  [librdi_common.dll+0x14283e]
C  [librdi_common.dll+0x141449]
C  [librdi_target_manager.dll+0x2400]
C  [librdi_target_manager.dll+0x2682]
C  [ntdll.dll+0x231dd]
C  [ntdll.dll+0x2160a]
C  [ntdll.dll+0x6b5ec]
C  [KERNEL32.DLL+0x4d56]
C  [MSVCR100.dll+0x20ccd]
V  [jvm.dll+0x20f135]
V  [jvm.dll+0x247ef7]
V  [jvm.dll+0x247196]
V  [jvm.dll+0x247631]
V  [jvm.dll+0x24784e]
V  [jvm.dll+0x29853a]
C  [MSVCR100.dll+0x21d9f]
C  [MSVCR100.dll+0x21e3b]
C  [KERNEL32.DLL+0x16ad]
C  [ntdll.dll+0x54409]

VM_Operation (0x000000000013f500): Exit, mode: safepoint, requested by thread 0x00000000021d3800


---------------  P R O C E S S  ---------------

Java Threads: ( => current thread )
  0x000000001a489000 JavaThread "Spawner Reaper" daemon [_thread_in_native, id=17352, stack(0x0000000024700000,0x0000000024800000)]
  0x000000001a485000 JavaThread "Thread-17" daemon [_thread_blocked, id=4740, stack(0x00000000244f0000,0x00000000245f0000)]
  0x0000000015869000 JavaThread "TCF Locator DNS Lookup" daemon [_thread_blocked, id=13460, stack(0x0000000021700000,0x0000000021800000)]
  0x0000000015868800 JavaThread "TCF Locator Timer" daemon [_thread_blocked, id=8520, stack(0x0000000021600000,0x0000000021700000)]
  0x000000001586a000 JavaThread "TCF Locator Receiver" daemon [_thread_in_native, id=12500, stack(0x0000000021500000,0x0000000021600000)]
  0x0000000015865800 JavaThread "TCF Timer Dispatcher" daemon [_thread_blocked, id=15116, stack(0x0000000021300000,0x0000000021400000)]
  0x0000000016771800 JavaThread "EMF Reference Cleaner" daemon [_thread_blocked, id=9096, stack(0x0000000017a10000,0x0000000017b10000)]
  0x0000000014fcc000 JavaThread "Service Thread" daemon [_thread_blocked, id=11332, stack(0x0000000015350000,0x0000000015450000)]
  0x0000000013747800 JavaThread "C1 CompilerThread2" daemon [_thread_blocked, id=14772, stack(0x0000000014e50000,0x0000000014f50000)]
  0x0000000013741000 JavaThread "C2 CompilerThread1" daemon [_thread_blocked, id=12056, stack(0x0000000014d50000,0x0000000014e50000)]
  0x000000001373f000 JavaThread "C2 CompilerThread0" daemon [_thread_blocked, id=15776, stack(0x0000000014c50000,0x0000000014d50000)]
  0x000000001373c800 JavaThread "Attach Listener" daemon [_thread_blocked, id=14268, stack(0x0000000014b50000,0x0000000014c50000)]
  0x000000001373b800 JavaThread "Signal Dispatcher" daemon [_thread_blocked, id=14500, stack(0x0000000014a50000,0x0000000014b50000)]
  0x00000000022c8800 JavaThread "Finalizer" daemon [_thread_blocked, id=15544, stack(0x0000000014950000,0x0000000014a50000)]
  0x00000000022c0000 JavaThread "Reference Handler" daemon [_thread_blocked, id=2044, stack(0x0000000014850000,0x0000000014950000)]
  0x00000000021d3800 JavaThread "main" [_thread_blocked, id=5496, stack(0x0000000000040000,0x0000000000140000)]

Other Threads:
=>0x00000000136b7000 VMThread [stack: 0x0000000014750000,0x0000000014850000] [id=15012]

VM state:at safepoint (shutting down)

VM Mutex/Monitor currently owned by a thread:  ([mutex/lock_event])
[0x00000000021d03d0] Threads_lock - owner thread: 0x00000000136b7000

Heap:
 PSYoungGen      total 130048K, used 84016K [0x00000000f5580000, 0x00000000fe800000, 0x0000000100000000)
  eden space 116224K, 60% used [0x00000000f5580000,0x00000000f9a6d900,0x00000000fc700000)
  from space 13824K, 97% used [0x00000000fda80000,0x00000000fe79e808,0x00000000fe800000)
  to   space 16896K, 0% used [0x00000000fc700000,0x00000000fc700000,0x00000000fd780000)
 ParOldGen       total 98304K, used 30285K [0x00000000e0000000, 0x00000000e6000000, 0x00000000f5580000)
  object space 98304K, 30% used [0x00000000e0000000,0x00000000e1d93498,0x00000000e6000000)
 Metaspace       used 65813K, capacity 71366K, committed 71552K, reserved 1112064K
  class space    used 8112K, capacity 9823K, committed 9856K, reserved 1048576K

Card table byte_map: [0x0000000011690000,0x00000000117a0000] byte_map_base: 0x0000000010f90000

Marking Bits: (ParMarkBitMap*) 0x0000000067404040
 Begin Bits: [0x0000000011c50000, 0x0000000012450000)
 End Bits:   [0x0000000012450000, 0x0000000012c50000)

Polling page: 0x0000000000770000

CodeCache: size=245760Kb used=19873Kb max_used=20067Kb free=225886Kb
 bounds [0x00000000022d0000, 0x00000000036a0000, 0x00000000112d0000]
 total_blobs=6584 nmethods=5770 adapters=723
 compilation: enabled

Compilation events (10 events):
Event: 71.736 Thread 0x0000000013747800 7255       3       org.eclipse.osgi.internal.loader.BundleLoader::closeBundleLoader (38 bytes)
Event: 71.737 Thread 0x0000000013747800 nmethod 7255 0x0000000002e305d0 code [0x0000000002e30760, 0x0000000002e30bc8]
Event: 71.768 Thread 0x0000000013747800 7258       3       java.io.File::list (33 bytes)
Event: 71.770 Thread 0x0000000013747800 nmethod 7258 0x0000000002c68350 code [0x0000000002c68520, 0x0000000002c68c68]
Event: 71.862 Thread 0x0000000013747800 7259   !   3       org.eclipse.osgi.internal.baseadaptor.BaseStorage::compact (215 bytes)
Event: 71.867 Thread 0x0000000013747800 nmethod 7259 0x00000000034745d0 code [0x0000000003474a20, 0x0000000003476ee8]
Event: 72.044 Thread 0x0000000013747800 7260       3       org.eclipse.osgi.framework.internal.core.AbstractBundle::close (52 bytes)
Event: 72.046 Thread 0x0000000013747800 nmethod 7260 0x0000000002797fd0 code [0x0000000002798200, 0x0000000002798f08]
Event: 72.047 Thread 0x0000000013747800 7261       3       java.util.LinkedHashMap::clear (15 bytes)
Event: 72.047 Thread 0x0000000013747800 nmethod 7261 0x0000000002bac250 code [0x0000000002bac3c0, 0x0000000002bac588]

GC Heap History (10 events):
Event: 25.144 GC heap before
{Heap before GC invocations=15 (full 3):
 PSYoungGen      total 85504K, used 80118K [0x00000000f5580000, 0x00000000fcd00000, 0x0000000100000000)
  eden space 67072K, 100% used [0x00000000f5580000,0x00000000f9700000,0x00000000f9700000)
  from space 18432K, 70% used [0x00000000f9700000,0x00000000fa3bd8b0,0x00000000fa900000)
  to   space 18944K, 0% used [0x00000000fba80000,0x00000000fba80000,0x00000000fcd00000)
 ParOldGen       total 98304K, used 30253K [0x00000000e0000000, 0x00000000e6000000, 0x00000000f5580000)
  object space 98304K, 30% used [0x00000000e0000000,0x00000000e1d8b498,0x00000000e6000000)
 Metaspace       used 59821K, capacity 65040K, committed 65152K, reserved 1105920K
  class space    used 7392K, capacity 9034K, committed 9088K, reserved 1048576K
Event: 25.164 GC heap after
Heap after GC invocations=15 (full 3):
 PSYoungGen      total 98304K, used 9989K [0x00000000f5580000, 0x00000000fc980000, 0x0000000100000000)
  eden space 82944K, 0% used [0x00000000f5580000,0x00000000f5580000,0x00000000fa680000)
  from space 15360K, 65% used [0x00000000fba80000,0x00000000fc441550,0x00000000fc980000)
  to   space 17920K, 0% used [0x00000000fa680000,0x00000000fa680000,0x00000000fb800000)
 ParOldGen       total 98304K, used 30261K [0x00000000e0000000, 0x00000000e6000000, 0x00000000f5580000)
  object space 98304K, 30% used [0x00000000e0000000,0x00000000e1d8d498,0x00000000e6000000)
 Metaspace       used 59821K, capacity 65040K, committed 65152K, reserved 1105920K
  class space    used 7392K, capacity 9034K, committed 9088K, reserved 1048576K
}
Event: 26.542 GC heap before
{Heap before GC invocations=16 (full 3):
 PSYoungGen      total 98304K, used 92933K [0x00000000f5580000, 0x00000000fc980000, 0x0000000100000000)
  eden space 82944K, 100% used [0x00000000f5580000,0x00000000fa680000,0x00000000fa680000)
  from space 15360K, 65% used [0x00000000fba80000,0x00000000fc441550,0x00000000fc980000)
  to   space 17920K, 0% used [0x00000000fa680000,0x00000000fa680000,0x00000000fb800000)
 ParOldGen       total 98304K, used 30261K [0x00000000e0000000, 0x00000000e6000000, 0x00000000f5580000)
  object space 98304K, 30% used [0x00000000e0000000,0x00000000e1d8d498,0x00000000e6000000)
 Metaspace       used 60090K, capacity 65330K, committed 65408K, reserved 1105920K
  class space    used 7426K, capacity 9068K, committed 9088K, reserved 1048576K
Event: 26.557 GC heap after
Heap after GC invocations=16 (full 3):
 PSYoungGen      total 100864K, used 10299K [0x00000000f5580000, 0x00000000fda00000, 0x0000000100000000)
  eden space 82944K, 0% used [0x00000000f5580000,0x00000000f5580000,0x00000000fa680000)
  from space 17920K, 57% used [0x00000000fa680000,0x00000000fb08ec00,0x00000000fb800000)
  to   space 17408K, 0% used [0x00000000fc900000,0x00000000fc900000,0x00000000fda00000)
 ParOldGen       total 98304K, used 30269K [0x00000000e0000000, 0x00000000e6000000, 0x00000000f5580000)
  object space 98304K, 30% used [0x00000000e0000000,0x00000000e1d8f498,0x00000000e6000000)
 Metaspace       used 60090K, capacity 65330K, committed 65408K, reserved 1105920K
  class space    used 7426K, capacity 9068K, committed 9088K, reserved 1048576K
}
Event: 27.895 GC heap before
{Heap before GC invocations=17 (full 3):
 PSYoungGen      total 100864K, used 93243K [0x00000000f5580000, 0x00000000fda00000, 0x0000000100000000)
  eden space 82944K, 100% used [0x00000000f5580000,0x00000000fa680000,0x00000000fa680000)
  from space 17920K, 57% used [0x00000000fa680000,0x00000000fb08ec00,0x00000000fb800000)
  to   space 17408K, 0% used [0x00000000fc900000,0x00000000fc900000,0x00000000fda00000)
 ParOldGen       total 98304K, used 30269K [0x00000000e0000000, 0x00000000e6000000, 0x00000000f5580000)
  object space 98304K, 30% used [0x00000000e0000000,0x00000000e1d8f498,0x00000000e6000000)
 Metaspace       used 60117K, capacity 65400K, committed 65664K, reserved 1105920K
  class space    used 7427K, capacity 9069K, committed 9088K, reserved 1048576K
Event: 27.922 GC heap after
Heap after GC invocations=17 (full 3):
 PSYoungGen      total 117248K, used 11230K [0x00000000f5580000, 0x00000000fd900000, 0x0000000100000000)
  eden space 100864K, 0% used [0x00000000f5580000,0x00000000f5580000,0x00000000fb800000)
  from space 16384K, 68% used [0x00000000fc900000,0x00000000fd3f7970,0x00000000fd900000)
  to   space 16896K, 0% used [0x00000000fb800000,0x00000000fb800000,0x00000000fc880000)
 ParOldGen       total 98304K, used 30269K [0x00000000e0000000, 0x00000000e6000000, 0x00000000f5580000)
  object space 98304K, 30% used [0x00000000e0000000,0x00000000e1d8f498,0x00000000e6000000)
 Metaspace       used 60117K, capacity 65400K, committed 65664K, reserved 1105920K
  class space    used 7427K, capacity 9069K, committed 9088K, reserved 1048576K
}
Event: 31.640 GC heap before
{Heap before GC invocations=18 (full 3):
 PSYoungGen      total 117248K, used 112094K [0x00000000f5580000, 0x00000000fd900000, 0x0000000100000000)
  eden space 100864K, 100% used [0x00000000f5580000,0x00000000fb800000,0x00000000fb800000)
  from space 16384K, 68% used [0x00000000fc900000,0x00000000fd3f7970,0x00000000fd900000)
  to   space 16896K, 0% used [0x00000000fb800000,0x00000000fb800000,0x00000000fc880000)
 ParOldGen       total 98304K, used 30269K [0x00000000e0000000, 0x00000000e6000000, 0x00000000f5580000)
  object space 98304K, 30% used [0x00000000e0000000,0x00000000e1d8f498,0x00000000e6000000)
 Metaspace       used 62870K, capacity 68234K, committed 68352K, reserved 1107968K
  class space    used 7806K, capacity 9463K, committed 9472K, reserved 1048576K
Event: 31.653 GC heap after
Heap after GC invocations=18 (full 3):
 PSYoungGen      total 117760K, used 10266K [0x00000000f5580000, 0x00000000fea80000, 0x0000000100000000)
  eden space 100864K, 0% used [0x00000000f5580000,0x00000000f5580000,0x00000000fb800000)
  from space 16896K, 60% used [0x00000000fb800000,0x00000000fc206b10,0x00000000fc880000)
  to   space 16384K, 0% used [0x00000000fda80000,0x00000000fda80000,0x00000000fea80000)
 ParOldGen       total 98304K, used 30277K [0x00000000e0000000, 0x00000000e6000000, 0x00000000f5580000)
  object space 98304K, 30% used [0x00000000e0000000,0x00000000e1d91498,0x00000000e6000000)
 Metaspace       used 62870K, capacity 68234K, committed 68352K, reserved 1107968K
  class space    used 7806K, capacity 9463K, committed 9472K, reserved 1048576K
}
Event: 46.488 GC heap before
{Heap before GC invocations=19 (full 3):
 PSYoungGen      total 117760K, used 111130K [0x00000000f5580000, 0x00000000fea80000, 0x0000000100000000)
  eden space 100864K, 100% used [0x00000000f5580000,0x00000000fb800000,0x00000000fb800000)
  from space 16896K, 60% used [0x00000000fb800000,0x00000000fc206b10,0x00000000fc880000)
  to   space 16384K, 0% used [0x00000000fda80000,0x00000000fda80000,0x00000000fea80000)
 ParOldGen       total 98304K, used 30277K [0x00000000e0000000, 0x00000000e6000000, 0x00000000f5580000)
  object space 98304K, 30% used [0x00000000e0000000,0x00000000e1d91498,0x00000000e6000000)
 Metaspace       used 63739K, capacity 69304K, committed 69504K, reserved 1110016K
  class space    used 7890K, capacity 9497K, committed 9600K, reserved 1048576K
Event: 46.504 GC heap after
Heap after GC invocations=19 (full 3):
 PSYoungGen      total 130048K, used 13434K [0x00000000f5580000, 0x00000000fe800000, 0x0000000100000000)
  eden space 116224K, 0% used [0x00000000f5580000,0x00000000f5580000,0x00000000fc700000)
  from space 13824K, 97% used [0x00000000fda80000,0x00000000fe79e808,0x00000000fe800000)
  to   space 16896K, 0% used [0x00000000fc700000,0x00000000fc700000,0x00000000fd780000)
 ParOldGen       total 98304K, used 30285K [0x00000000e0000000, 0x00000000e6000000, 0x00000000f5580000)
  object space 98304K, 30% used [0x00000000e0000000,0x00000000e1d93498,0x00000000e6000000)
 Metaspace       used 63739K, capacity 69304K, committed 69504K, reserved 1110016K
  class space    used 7890K, capacity 9497K, committed 9600K, reserved 1048576K
}

Deoptimization events (10 events):
Event: 70.108 Thread 0x00000000021d3800 Uncommon trap: reason=unstable_if action=reinterpret pc=0x00000000024309e8 method=org.eclipse.swt.widgets.Composite._getChildren()[Lorg/eclipse/swt/widgets/Control; @ 76
Event: 70.261 Thread 0x00000000021d3800 Uncommon trap: reason=class_check action=maybe_recompile pc=0x0000000003564424 method=org.eclipse.swt.widgets.Control.windowProc(JIJJ)J @ 997
Event: 70.261 Thread 0x00000000021d3800 Uncommon trap: reason=class_check action=maybe_recompile pc=0x0000000003564424 method=org.eclipse.swt.widgets.Control.windowProc(JIJJ)J @ 997
Event: 70.458 Thread 0x00000000021d3800 Uncommon trap: reason=unstable_if action=reinterpret pc=0x0000000002adef04 method=java.util.ArrayList.toArray([Ljava/lang/Object;)[Ljava/lang/Object; @ 48
Event: 71.022 Thread 0x000000001a488000 Uncommon trap: reason=unstable_if action=reinterpret pc=0x0000000002442b64 method=sun.nio.cs.SingleByte$Encoder.encode(C)I @ 13
Event: 71.022 Thread 0x000000001a488000 Uncommon trap: reason=unstable_if action=reinterpret pc=0x00000000030894cc method=java.nio.charset.CharsetEncoder.encode(Ljava/nio/CharBuffer;Ljava/nio/ByteBuffer;Z)Ljava/nio/charset/CoderResult; @ 105
Event: 71.083 Thread 0x00000000021d3800 Uncommon trap: reason=unstable_if action=reinterpret pc=0x0000000003063994 method=sun.nio.cs.UTF_8$Decoder.decodeArrayLoop(Ljava/nio/ByteBuffer;Ljava/nio/CharBuffer;)Ljava/nio/charset/CoderResult; @ 110
Event: 71.621 Thread 0x00000000021d3800 Uncommon trap: reason=unstable_if action=reinterpret pc=0x0000000002da346c method=org.eclipse.core.runtime.internal.adaptor.EclipseLazyStarter.shouldActivateFor(Ljava/lang/String;Lorg/eclipse/osgi/baseadaptor/BaseData;Lorg/eclipse/core/runtime/internal/ada-7αίμQ@
Event: 71.701 Thread 0x00000000021d3800 Uncommon trap: reason=predicate action=maybe_recompile pc=0x0000000002bcef30 method=java.util.AbstractCollection.toArray([Ljava/lang/Object;)[Ljava/lang/Object; @ 49
Event: 72.045 Thread 0x00000000021d3800 Uncommon trap: reason=unstable_if action=reinterpret pc=0x000000000272e5d8 method=sun.reflect.UnsafeStaticObjectFieldAccessorImpl.set(Ljava/lang/Object;Ljava/lang/Object;)V @ 13

Internal exceptions (10 events):
Event: 66.026 Thread 0x000000001a47d000 Exception <a 'java/net/SocketException': Socket closed> (0x00000000f8326e48) thrown at [C:\re\workspace\8-2-build-windows-amd64-cygwin\jdk8u45\3627\hotspot\src\share\vm\prims\jni.cpp, line 735]
Event: 66.027 Thread 0x000000001a47b800 Exception <a 'java/lang/InterruptedException'> (0x00000000f83574e8) thrown at [C:\re\workspace\8-2-build-windows-amd64-cygwin\jdk8u45\3627\hotspot\src\share\vm\runtime\objectMonitor.cpp, line 1683]
Event: 69.086 Thread 0x000000001a482000 Exception <a 'sun/nio/fs/WindowsException'> (0x00000000f7872418) thrown at [C:\re\workspace\8-2-build-windows-amd64-cygwin\jdk8u45\3627\hotspot\src\share\vm\prims\jni.cpp, line 709]
Event: 71.004 Thread 0x000000001a484800 Exception <a 'java/lang/InterruptedException'> (0x00000000f936a930) thrown at [C:\re\workspace\8-2-build-windows-amd64-cygwin\jdk8u45\3627\hotspot\src\share\vm\runtime\objectMonitor.cpp, line 1683]
Event: 71.742 Thread 0x0000000015d6d800 Exception <a 'java/lang/InterruptedException': sleep interrupted> (0x00000000f96af018) thrown at [C:\re\workspace\8-2-build-windows-amd64-cygwin\jdk8u45\3627\hotspot\src\share\vm\prims\jvm.cpp, line 3211]
Event: 71.744 Thread 0x00000000169f7800 Exception <a 'java/lang/InterruptedException'> (0x00000000f9550cf0) thrown at [C:\re\workspace\8-2-build-windows-amd64-cygwin\jdk8u45\3627\hotspot\src\share\vm\runtime\objectMonitor.cpp, line 1683]
Event: 71.745 Thread 0x000000001619b800 Exception <a 'java/lang/InterruptedException'> (0x00000000f97d18b8) thrown at [C:\re\workspace\8-2-build-windows-amd64-cygwin\jdk8u45\3627\hotspot\src\share\vm\runtime\objectMonitor.cpp, line 1683]
Event: 72.045 Thread 0x0000000015ece000 Exception <a 'java/lang/InterruptedException'> (0x00000000f9653a70) thrown at [C:\re\workspace\8-2-build-windows-amd64-cygwin\jdk8u45\3627\hotspot\src\share\vm\runtime\objectMonitor.cpp, line 1683]
Event: 72.045 Thread 0x00000000021d3800 Implicit null exception at 0x000000000272e1d7 to 0x000000000272e5c5
Event: 72.046 Thread 0x000000001a47b800 Exception <a 'java/io/IOException'> (0x00000000f9a3d548) thrown at [C:\re\workspace\8-2-build-windows-amd64-cygwin\jdk8u45\3627\hotspot\src\share\vm\prims\jni.cpp, line 709]

Events (10 events):
Event: 72.046 Thread 0x000000001a47b800 Thread added: 0x000000001a47b800
Event: 72.046 Executing VM operation: RevokeBias
Event: 72.046 Executing VM operation: RevokeBias done
Event: 72.046 Executing VM operation: RevokeBias
Event: 72.046 Executing VM operation: RevokeBias done
Event: 72.046 Thread 0x0000000013747800 flushing nmethod 0x0000000002bac250
Event: 72.046 Thread 0x0000000013747800 flushing nmethod 0x0000000002bb7990
Event: 72.046 Thread 0x000000001a47b800 Thread exited: 0x000000001a47b800
Event: 72.047 Thread 0x0000000013747800 flushing nmethod 0x0000000002c89250
Event: 72.047 Executing VM operation: Exit


Dynamic libraries:
0x0000000000400000 - 0x000000000044f000 	E:\ProgramFiles\Xilinx\SDK\2015.4\eclipse\win64.o\eclipse.exe
0x00007ff81cc70000 - 0x00007ff81ce16000 	C:\Windows\SYSTEM32\ntdll.dll
0x00007ff81c7a0000 - 0x00007ff81c8da000 	C:\Windows\system32\KERNEL32.DLL
0x00007ff81a100000 - 0x00007ff81a20f000 	C:\Windows\system32\KERNELBASE.dll
0x00007ff81aaf0000 - 0x00007ff81ac61000 	C:\Windows\system32\USER32.dll
0x00007ff8176a0000 - 0x00007ff8178fa000 	C:\Windows\WinSxS\amd64_microsoft.windows.common-controls_6595b64144ccf1df_6.0.9600.17031_none_6242a4b3ecbb55a1\COMCTL32.dll
0x00007ff81c5e0000 - 0x00007ff81c687000 	C:\Windows\system32\msvcrt.dll
0x00007ff81c8e0000 - 0x00007ff81ca24000 	C:\Windows\system32\GDI32.dll
0x00007ff81c150000 - 0x00007ff81c184000 	C:\Windows\system32\IMM32.DLL
0x00007ff81a950000 - 0x00007ff81aa89000 	C:\Windows\system32\MSCTF.dll
0x0000000072000000 - 0x0000000072012000 	E:\ProgramFiles\Xilinx\SDK\2015.4\eclipse\win64.o\plugins\org.eclipse.equinox.launcher.win32.win32.x86_64_1.1.200.v20140116-2212\eclipse_1503.dll
0x00007ff81c530000 - 0x00007ff81c5d5000 	C:\Windows\system32\ADVAPI32.dll
0x00007ff812500000 - 0x00007ff81250a000 	C:\Windows\SYSTEM32\VERSION.dll
0x00007ff81c1a0000 - 0x00007ff81c1f7000 	C:\Windows\SYSTEM32\sechost.dll
0x00007ff81c200000 - 0x00007ff81c337000 	C:\Windows\system32\RPCRT4.dll
0x00007ff818cc0000 - 0x00007ff818de1000 	C:\Windows\system32\uxtheme.dll
0x00007ff81c350000 - 0x00007ff81c526000 	C:\Windows\SYSTEM32\combase.dll
0x00007ffff7350000 - 0x00007ffff738f000 	C:\Program Files\ASUS\Bluetooth Software\btmmhook.dll
0x00007ff81ac90000 - 0x00007ff81c09f000 	C:\Windows\system32\SHELL32.dll
0x00007ff81a4f0000 - 0x00007ff81a668000 	C:\Windows\system32\ole32.dll
0x00007ff81a670000 - 0x00007ff81a731000 	C:\Windows\system32\OLEAUT32.dll
0x00007ff81a740000 - 0x00007ff81a791000 	C:\Windows\system32\SHLWAPI.dll
0x00007ff81c340000 - 0x00007ff81c347000 	C:\Windows\system32\PSAPI.DLL
0x0000000066c00000 - 0x0000000067483000 	E:\ProgramFiles\Xilinx\SDK\2015.4\tps\win64\jre\bin\server\jvm.dll
0x00007ffff7e30000 - 0x00007ffff7e39000 	C:\Windows\SYSTEM32\WSOCK32.dll
0x00007ff816bd0000 - 0x00007ff816bef000 	C:\Windows\SYSTEM32\WINMM.dll
0x000000006b8d0000 - 0x000000006b9a2000 	C:\Windows\SYSTEM32\MSVCR100.dll
0x00007ff81ca30000 - 0x00007ff81ca88000 	C:\Windows\system32\WS2_32.dll
0x00007ff816ba0000 - 0x00007ff816bca000 	C:\Windows\SYSTEM32\WINMMBASE.dll
0x00007ff81c6f0000 - 0x00007ff81c6f9000 	C:\Windows\system32\NSI.dll
0x00007ff81a0b0000 - 0x00007ff81a0fa000 	C:\Windows\SYSTEM32\cfgmgr32.dll
0x00007ff818e70000 - 0x00007ff818e96000 	C:\Windows\SYSTEM32\DEVOBJ.dll
0x00000000676b0000 - 0x00000000676bf000 	E:\ProgramFiles\Xilinx\SDK\2015.4\tps\win64\jre\bin\verify.dll
0x0000000066bd0000 - 0x0000000066bf9000 	E:\ProgramFiles\Xilinx\SDK\2015.4\tps\win64\jre\bin\java.dll
0x0000000066bb0000 - 0x0000000066bc6000 	E:\ProgramFiles\Xilinx\SDK\2015.4\tps\win64\jre\bin\zip.dll
0x00007ff817f00000 - 0x00007ff817f9f000 	C:\Windows\system32\SHCORE.dll
0x00007ff819fe0000 - 0x00007ff819ff4000 	C:\Windows\system32\profapi.dll
0x00007ff819880000 - 0x00007ff81989e000 	C:\Windows\SYSTEM32\CRYPTSP.dll
0x00007ff8194c0000 - 0x00007ff8194f5000 	C:\Windows\system32\rsaenh.dll
0x00007ff819b90000 - 0x00007ff819bb6000 	C:\Windows\SYSTEM32\bcrypt.dll
0x00007ff8195d0000 - 0x00007ff8195ee000 	C:\Windows\SYSTEM32\USERENV.dll
0x00007ff819ec0000 - 0x00007ff819f20000 	C:\Windows\system32\bcryptprimitives.dll
0x00007ff819f20000 - 0x00007ff819f2a000 	C:\Windows\SYSTEM32\CRYPTBASE.dll
0x0000000066b90000 - 0x0000000066baa000 	E:\ProgramFiles\Xilinx\SDK\2015.4\tps\win64\jre\bin\net.dll
0x00007ff819820000 - 0x00007ff819878000 	C:\Windows\system32\mswsock.dll
0x00007ff814350000 - 0x00007ff814379000 	C:\Windows\SYSTEM32\IPHLPAPI.DLL
0x00007ff814270000 - 0x00007ff81427a000 	C:\Windows\SYSTEM32\WINNSI.DLL
0x00007ff813f80000 - 0x00007ff813f94000 	C:\Windows\SYSTEM32\dhcpcsvc6.DLL
0x00007ff814440000 - 0x00007ff814459000 	C:\Windows\SYSTEM32\dhcpcsvc.DLL
0x0000000066b70000 - 0x0000000066b81000 	E:\ProgramFiles\Xilinx\SDK\2015.4\tps\win64\jre\bin\nio.dll
0x00007ff818e40000 - 0x00007ff818e4a000 	C:\Windows\SYSTEM32\kernel.appcore.dll
0x00007ff815e20000 - 0x00007ff815e34000 	C:\Windows\system32\napinsp.dll
0x00007ff815a40000 - 0x00007ff815a59000 	C:\Windows\system32\pnrpnsp.dll
0x00007ff818440000 - 0x00007ff81845b000 	C:\Windows\system32\NLAapi.dll
0x00007ff819630000 - 0x00007ff8196d3000 	C:\Windows\SYSTEM32\DNSAPI.dll
0x00007ff8169e0000 - 0x00007ff8169ec000 	C:\Windows\System32\winrnr.dll
0x00007ff812520000 - 0x00007ff812533000 	C:\Windows\system32\wshbth.dll
0x00007ff816a30000 - 0x00007ff816a39000 	C:\Windows\System32\rasadhlp.dll
0x00007ff8141a0000 - 0x00007ff814208000 	C:\Windows\System32\fwpuclnt.dll
0x00000000180f0000 - 0x0000000018198000 	C:\Users\CoBoL\.Xilinx\SDK\2015.4\org.eclipse.osgi\bundles\303\1\.cp\swt-win32-4335.dll
0x00007ff81c700000 - 0x00007ff81c79e000 	C:\Windows\system32\comdlg32.dll
0x00007ff816d90000 - 0x00007ff816e0b000 	C:\Windows\SYSTEM32\WINSPOOL.DRV
0x00007ff816a00000 - 0x00007ff816a14000 	C:\Windows\SYSTEM32\USP10.dll
0x00007ff812710000 - 0x00007ff812958000 	C:\Windows\SYSTEM32\WININET.dll
0x00007ff81a260000 - 0x00007ff81a43f000 	C:\Windows\system32\CRYPT32.dll
0x00007ff812b80000 - 0x00007ff812e47000 	C:\Windows\SYSTEM32\iertutil.dll
0x00007ff81a090000 - 0x00007ff81a0a2000 	C:\Windows\system32\MSASN1.dll
0x00007ff817d30000 - 0x00007ff817d50000 	C:\Windows\system32\dwmapi.dll
0x00007ff815f10000 - 0x00007ff81607f000 	C:\Windows\SYSTEM32\propsys.dll
0x00007ff81c0a0000 - 0x00007ff81c144000 	C:\Windows\SYSTEM32\clbcatq.dll
0x0000000002140000 - 0x000000000215e000 	C:\Users\CoBoL\.Xilinx\SDK\2015.4\org.eclipse.osgi\bundles\303\1\.cp\swt-gdip-win32-4335.dll
0x00007ff816bf0000 - 0x00007ff816d88000 	C:\Windows\WinSxS\amd64_microsoft.windows.gdiplus_6595b64144ccf1df_1.1.9600.17227_none_932c0e57474f5080\gdiplus.dll
0x00007ff817900000 - 0x00007ff817aae000 	C:\Windows\SYSTEM32\WindowsCodecs.dll
0x0000000180000000 - 0x0000000180012000 	C:\Users\CoBoL\.Xilinx\SDK\2015.4\org.eclipse.osgi\bundles\121\1\.cp\os\win32\x86_64\localfile_1_0_0.dll
0x00007ff8112f0000 - 0x00007ff811301000 	C:\Users\CoBoL\.Xilinx\SDK\2015.4\org.eclipse.osgi\bundles\124\1\.cp\jWinHttp-1.0.0.dll
0x00007ff80c650000 - 0x00007ff80c715000 	C:\Windows\SYSTEM32\WINHTTP.dll
0x00007ff8170c0000 - 0x00007ff817123000 	C:\Windows\SYSTEM32\oleacc.dll
0x00007ff80fe00000 - 0x00007ff80fe0f000 	E:\ProgramFiles\Xilinx\SDK\2015.4\lib\win64.o\librdi_repo_manager.dll
0x00007ff809de0000 - 0x00007ff809e0a000 	E:\ProgramFiles\Xilinx\SDK\2015.4\lib\win64.o\libisl_sysinfo.dll
0x00007fffcfb90000 - 0x00007fffd051d000 	E:\ProgramFiles\Xilinx\SDK\2015.4\lib\win64.o\librdi_common.dll
0x00007ff802a80000 - 0x00007ff802ad4000 	E:\ProgramFiles\Xilinx\SDK\2015.4\lib\win64.o\librdi_commonxillic.dll
0x00007fffd34a0000 - 0x00007fffd368c000 	E:\ProgramFiles\Xilinx\SDK\2015.4\lib\win64.o\librdi_hsm.dll
0x00007ff80fe90000 - 0x00007ff80ff37000 	C:\Windows\SYSTEM32\MSVCP110.dll
0x00007ff80fa90000 - 0x00007ff80fb64000 	C:\Windows\SYSTEM32\MSVCR110.dll
0x00007fffd4420000 - 0x00007fffd478e000 	E:\ProgramFiles\Xilinx\SDK\2015.4\lib\win64.o\libCOIN-all.dll
0x00007fffd3ad0000 - 0x00007fffd3cee000 	E:\ProgramFiles\Xilinx\SDK\2015.4\lib\win64.o\libXil_lmgr11.dll
0x00007ff8175c0000 - 0x00007ff8175d0000 	E:\ProgramFiles\Xilinx\SDK\2015.4\lib\win64.o\libboost_date_time.dll
0x00007ff80cf90000 - 0x00007ff80cfb2000 	E:\ProgramFiles\Xilinx\SDK\2015.4\lib\win64.o\libboost_filesystem.dll
0x00007ff80cf10000 - 0x00007ff80cf84000 	E:\ProgramFiles\Xilinx\SDK\2015.4\lib\win64.o\libboost_program_options.dll
0x00007ff802780000 - 0x00007ff80287a000 	E:\ProgramFiles\Xilinx\SDK\2015.4\lib\win64.o\libboost_regex.dll
0x00007ff80cef0000 - 0x00007ff80cf03000 	E:\ProgramFiles\Xilinx\SDK\2015.4\lib\win64.o\libboost_signals.dll
0x00007ff815d10000 - 0x00007ff815d19000 	E:\ProgramFiles\Xilinx\SDK\2015.4\lib\win64.o\libboost_system.dll
0x00007ff80ced0000 - 0x00007ff80ceed000 	E:\ProgramFiles\Xilinx\SDK\2015.4\lib\win64.o\libboost_thread.dll
0x00007ff812350000 - 0x00007ff81235b000 	E:\ProgramFiles\Xilinx\SDK\2015.4\lib\win64.o\libboost_xilinx.dll
0x00007ff80cda0000 - 0x00007ff80ce20000 	E:\ProgramFiles\Xilinx\SDK\2015.4\lib\win64.o\libhdlpsolve.dll
0x00007ff809e10000 - 0x00007ff809eaa000 	E:\ProgramFiles\Xilinx\SDK\2015.4\lib\win64.o\libhdxml.dll
0x00007fffd3690000 - 0x00007fffd3ac4e00 	E:\ProgramFiles\Xilinx\SDK\2015.4\lib\win64.o\libisl_iostreams.dll
0x00007ff80cfc0000 - 0x00007ff80cfd5000 	E:\ProgramFiles\Xilinx\SDK\2015.4\lib\win64.o\pthreadVC2.dll
0x00007ffffdb50000 - 0x00007ffffdc80000 	E:\ProgramFiles\Xilinx\SDK\2015.4\lib\win64.o\librdi_curl.dll
0x00007ff80ceb0000 - 0x00007ff80cec8000 	E:\ProgramFiles\Xilinx\SDK\2015.4\lib\win64.o\librdiconfig.dll
0x00007ff802a50000 - 0x00007ff802a73000 	E:\ProgramFiles\Xilinx\SDK\2015.4\lib\win64.o\librdizlib.dll
0x00000000676c0000 - 0x00000000677e7000 	E:\ProgramFiles\Xilinx\SDK\2015.4\lib\win64.o\tcl85t.dll
0x0000000022500000 - 0x0000000022763000 	E:\ProgramFiles\Xilinx\SDK\2015.4\lib\win64.o\xerces-c_3_1.dll
0x00007ff812f20000 - 0x00007ff8130a5000 	C:\Windows\SYSTEM32\urlmon.dll
0x00007ff80d020000 - 0x00007ff80d043000 	C:\Windows\SYSTEM32\VCOMP110.DLL
0x00007ff801730000 - 0x00007ff801773000 	E:\ProgramFiles\Xilinx\SDK\2015.4\lib\win64.o\librdi_hdf.dll
0x00007fffcf0f0000 - 0x00007fffcf345000 	E:\ProgramFiles\Xilinx\SDK\2015.4\lib\win64.o\librdi_ippcw.dll
0x00007ff817b30000 - 0x00007ff817b45000 	C:\Windows\SYSTEM32\NETAPI32.dll
0x00007ff81a210000 - 0x00007ff81a25c000 	C:\Windows\system32\WINTRUST.dll
0x00007ff8115f0000 - 0x00007ff8115fb000 	E:\ProgramFiles\Xilinx\SDK\2015.4\lib\win64.o\libboost_chrono.dll
0x00007ff80c7b0000 - 0x00007ff80c7c6000 	E:\ProgramFiles\Xilinx\SDK\2015.4\lib\win64.o\libboost_iostreams.dll
0x00007ff802750000 - 0x00007ff802773000 	E:\ProgramFiles\Xilinx\SDK\2015.4\lib\win64.o\libisl_iosutils.dll
0x00007ff819270000 - 0x00007ff81927c000 	C:\Windows\SYSTEM32\netutils.dll
0x00007ff819cb0000 - 0x00007ff819cd5000 	C:\Windows\SYSTEM32\srvcli.dll
0x00007ff817af0000 - 0x00007ff817b06000 	C:\Windows\SYSTEM32\wkscli.dll
0x00007ff816e10000 - 0x00007ff816e17000 	C:\Windows\SYSTEM32\msimg32.dll
0x00007fffce1b0000 - 0x00007fffce9c0000 	E:\ProgramFiles\Xilinx\SDK\2015.4\lib\win64.o\libXil_lmgr11FNP.dll
0x00007ff815e10000 - 0x00007ff815e1c000 	C:\Windows\SYSTEM32\snmpapi.dll
0x00007ff81ca90000 - 0x00007ff81cc64000 	C:\Windows\system32\SETUPAPI.dll
0x00007ff819e90000 - 0x00007ff819ebb000 	C:\Windows\SYSTEM32\SspiCli.dll
0x00007ff80f840000 - 0x00007ff80f84a000 	E:\ProgramFiles\Xilinx\SDK\2015.4\lib\win64.o\librdi_jtag_settings.dll
0x00007ff801700000 - 0x00007ff801729000 	E:\ProgramFiles\Xilinx\SDK\2015.4\lib\win64.o\librdi_debug_dialog.dll
0x00007ff80edb0000 - 0x00007ff80edb8000 	E:\ProgramFiles\Xilinx\SDK\2015.4\lib\win64.o\librdi_target_manager.dll
0x00007ff802730000 - 0x00007ff802746000 	E:\ProgramFiles\Xilinx\SDK\2015.4\eclipse\win64.o\plugins\org.eclipse.cdt.core.win32.x86_64_5.2.0.201402142303\os\win32\x86_64\spawner.dll
0x00007ff811a60000 - 0x00007ff811a63000 	C:\Windows\SYSTEM32\icmp.Dll
0x00007ff8074d0000 - 0x00007ff807658000 	C:\Windows\SYSTEM32\dbghelp.dll

VM Arguments:
jvm_args: -Dcom.xilinx.sdk.args.hwspec=E:/projects/xilinix/master_repo/LAB_AEP/Integrated_redo_/hdl/Projects/fmc_imageon_gs/ZEDBOARD/fmc_imageon_gs.sdk/fmc_imageon_gs_wrapper.hdf -Xms64m -Xmx512m & 
java_command: <unknown>
java_class_path (initial): E:\ProgramFiles\Xilinx\SDK\2015.4\eclipse\win64.o\\plugins/org.eclipse.equinox.launcher_1.3.0.v20130327-1440.jar
Launcher Type: generic

Environment Variables:
JAVA_HOME=C:\Program Files\Java\jdk1.8.0_20
CLASSPATH=.;C:\Program Files (x86)\QuickTime\QTSystem\QTJava.zip;
USERNAME=CoBoL
OS=Windows_NT
PROCESSOR_IDENTIFIER=Intel64 Family 6 Model 69 Stepping 1, GenuineIntel



---------------  S Y S T E M  ---------------

OS: Windows 8.1 , 64 bit Build 9600 (6.3.9600.17056)

CPU:total 4 (2 cores per cpu, 2 threads per core) family 6 model 69 stepping 1, cmov, cx8, fxsr, mmx, sse, sse2, sse3, ssse3, sse4.1, sse4.2, popcnt, avx, avx2, aes, clmul, erms, lzcnt, ht, tsc, tscinvbit, bmi1, bmi2

Memory: 4k page, physical 8287332k(2626672k free), swap 10613436k(2401268k free)

vm_info: Java HotSpot(TM) 64-Bit Server VM (25.45-b02) for windows-amd64 JRE (1.8.0_45-b15), built on Apr 30 2015 12:40:44 by "java_re" with MS VC++ 10.0 (VS2010)

time: Tue Jun 07 20:14:02 2016
elapsed time: 72 seconds (0d 0h 1m 12s)

