#
# A fatal error has been detected by the Java Runtime Environment:
#
#  EXCEPTION_UNCAUGHT_CXX_EXCEPTION (0xe06d7363) at pc=0x00007ffac30b606c, pid=10124, tid=6060
#
# JRE version: Java(TM) SE Runtime Environment (8.0_45-b15) (build 1.8.0_45-b15)
# Java VM: Java HotSpot(TM) 64-Bit Server VM (25.45-b02 mixed mode windows-amd64 compressed oops)
# Problematic frame:
# C  [KERNELBASE.dll+0x606c]
#
# Failed to write core dump. Minidumps are not enabled by default on client versions of Windows
#
# If you would like to submit a bug report, please visit:
#   http://bugreport.java.com/bugreport/crash.jsp
#

---------------  T H R E A D  ---------------

Current thread (0x0000000013597000):  VMThread [stack: 0x0000000014630000,0x0000000014730000] [id=6060]

siginfo: ExceptionCode=0xe06d7363, ExceptionInformation=0x0000000019930520 0x000000001472f588 0x00007ffab8ef2cb8 0x00007ffab8e40000 

Registers:
RAX=0x0000000000000000, RBX=0x00007ffab8ef2cb8, RCX=0x000000001472eeb0, RDX=0x00007ffac5c968eb
RSP=0x000000001472f3d0, RBP=0x000000001472f510, RSI=0x00000000ffffffff, RDI=0x0000000027c2f880
R8 =0x000000001472f008, R9 =0x0000000000000000, R10=0x0000000000000000, R11=0x000000001472f321
R12=0x0000000000000001, R13=0x0000000000000008, R14=0x0000000000000000, R15=0xffffffffffffffff
RIP=0x00007ffac30b606c, EFLAGS=0x0000000000000206

Top of Stack: (sp=0x000000001472f3d0)
0x000000001472f3d0:   0000000000220000 00007ffab8ef2cb8
0x000000001472f3e0:   00000000ffffffff 0000000027c2f880
0x000000001472f3f0:   00000001e06d7363 0000000000000000
0x000000001472f400:   00007ffac30b606c 0000000000000004
0x000000001472f410:   0000000019930520 000000001472f588
0x000000001472f420:   00007ffab8ef2cb8 00007ffab8e40000
0x000000001472f430:   0000000000000000 00000000226b30d0
0x000000001472f440:   0000000000000000 0000000000000000
0x000000001472f450:   0000000000000000 000000001472f6c0
0x000000001472f460:   ffffffffffffffff 0000000000000001
0x000000001472f470:   0000000000008008 0000000000000000
0x000000001472f480:   ffffffffffffffff 0000000000000000
0x000000001472f490:   00001f98d48d7954 00000000ffffffff
0x000000001472f4a0:   00007ffab8ef2cb8 00007ffab8e9e92c
0x000000001472f4b0:   00000000c0000001 000000001472f520
0x000000001472f4c0:   0000000000000001 0000000000000000 

Instructions: (pc=0x00007ffac30b606c)
0x00007ffac30b604c:   44 3b c0 44 0f 47 c0 44 89 44 24 38 49 c1 e0 03
0x00007ffac30b605c:   e8 cb b5 ff ff 48 8d 4c 24 20 ff 15 fc e5 0f 00
0x00007ffac30b606c:   48 8b 8c 24 c0 00 00 00 48 33 cc e8 84 b3 ff ff
0x00007ffac30b607c:   48 81 c4 d8 00 00 00 c3 90 90 90 90 90 90 90 90 


Register to memory mapping:

RAX=0x0000000000000000 is an unknown value
RBX=0x00007ffab8ef2cb8 is an unknown value
RCX=0x000000001472eeb0 is an unknown value
RDX=0x00007ffac5c968eb is an unknown value
RSP=0x000000001472f3d0 is an unknown value
RBP=0x000000001472f510 is an unknown value
RSI=0x00000000ffffffff is an unallocated location in the heap
RDI=0x0000000027c2f880 is an unknown value
R8 =0x000000001472f008 is an unknown value
R9 =0x0000000000000000 is an unknown value
R10=0x0000000000000000 is an unknown value
R11=0x000000001472f321 is an unknown value
R12=0x0000000000000001 is an unknown value
R13=0x0000000000000008 is an unknown value
R14=0x0000000000000000 is an unknown value
R15=0xffffffffffffffff is an unknown value


Stack: [0x0000000014630000,0x0000000014730000],  sp=0x000000001472f3d0,  free space=1020k
Native frames: (J=compiled Java code, j=interpreted, Vv=VM code, C=native code)
C  [KERNELBASE.dll+0x606c]
C  [MSVCR110.dll+0x5e92c]
C  [MSVCR110.dll+0x1315c]
C  [MSVCR110.dll+0x136a9]
C  [MSVCR110.dll+0x13e9c]
C  [MSVCR110.dll+0x239e]
C  [MSVCR110.dll+0xaf9e]
C  [MSVCP110.dll+0x397b9]
C  [librdi_common.dll+0x14283e]
C  [librdi_common.dll+0x141449]
C  [librdi_target_manager.dll+0x2400]
C  [librdi_target_manager.dll+0x2682]
C  [ntdll.dll+0x231dd]
C  [ntdll.dll+0x2160a]
C  [ntdll.dll+0x6b5ec]
C  [KERNEL32.DLL+0x4d56]
C  [MSVCR100.dll+0x20ccd]
V  [jvm.dll+0x20f135]
V  [jvm.dll+0x247ef7]
V  [jvm.dll+0x247196]
V  [jvm.dll+0x247631]
V  [jvm.dll+0x24784e]
V  [jvm.dll+0x29853a]
C  [MSVCR100.dll+0x21d9f]
C  [MSVCR100.dll+0x21e3b]
C  [KERNEL32.DLL+0x16ad]
C  [ntdll.dll+0x54409]

VM_Operation (0x000000000013f500): Exit, mode: safepoint, requested by thread 0x0000000002163800


---------------  P R O C E S S  ---------------

Java Threads: ( => current thread )
  0x0000000015a06800 JavaThread "Spawner Reaper" daemon [_thread_in_native, id=11440, stack(0x0000000020770000,0x0000000020870000)]
  0x00000000159ff800 JavaThread "pool-2-thread-4" [_thread_blocked, id=2904, stack(0x00000000265a0000,0x00000000266a0000)]
  0x000000001b1e5000 JavaThread "pool-2-thread-3" [_thread_blocked, id=11180, stack(0x00000000288d0000,0x00000000289d0000)]
  0x0000000016315800 JavaThread "pool-2-thread-2" [_thread_blocked, id=7588, stack(0x00000000261e0000,0x00000000262e0000)]
  0x0000000016312800 JavaThread "pool-2-thread-1" [_thread_blocked, id=11392, stack(0x0000000027280000,0x0000000027380000)]
  0x000000001b1ef800 JavaThread "Thread-21" daemon [_thread_blocked, id=12044, stack(0x00000000269b0000,0x0000000026ab0000)]
  0x0000000015f6f800 JavaThread "TCF Locator DNS Lookup" daemon [_thread_blocked, id=3712, stack(0x000000001f500000,0x000000001f600000)]
  0x0000000015f6a000 JavaThread "TCF Locator Timer" daemon [_thread_blocked, id=11444, stack(0x000000001f400000,0x000000001f500000)]
  0x0000000015f6d000 JavaThread "TCF Locator Receiver" daemon [_thread_in_native, id=7972, stack(0x000000001f300000,0x000000001f400000)]
  0x0000000015f6c800 JavaThread "TCF Timer Dispatcher" daemon [_thread_blocked, id=11680, stack(0x000000001dff0000,0x000000001e0f0000)]
  0x0000000015890000 JavaThread "EMF Reference Cleaner" daemon [_thread_blocked, id=11020, stack(0x00000000173f0000,0x00000000174f0000)]
  0x000000001362e800 JavaThread "Service Thread" daemon [_thread_blocked, id=11928, stack(0x0000000015230000,0x0000000015330000)]
  0x000000001362c800 JavaThread "C1 CompilerThread2" daemon [_thread_blocked, id=11584, stack(0x0000000015130000,0x0000000015230000)]
  0x0000000013625800 JavaThread "C2 CompilerThread1" daemon [_thread_blocked, id=6848, stack(0x0000000015030000,0x0000000015130000)]
  0x000000001361f800 JavaThread "C2 CompilerThread0" daemon [_thread_blocked, id=5824, stack(0x0000000014f30000,0x0000000015030000)]
  0x000000001361d800 JavaThread "Attach Listener" daemon [_thread_blocked, id=11076, stack(0x0000000014a30000,0x0000000014b30000)]
  0x000000001361c800 JavaThread "Signal Dispatcher" daemon [_thread_blocked, id=3216, stack(0x0000000014930000,0x0000000014a30000)]
  0x000000000225a000 JavaThread "Finalizer" daemon [_thread_blocked, id=9824, stack(0x0000000014830000,0x0000000014930000)]
  0x0000000002250000 JavaThread "Reference Handler" daemon [_thread_blocked, id=9852, stack(0x0000000014730000,0x0000000014830000)]
  0x0000000002163800 JavaThread "main" [_thread_blocked, id=1704, stack(0x0000000000040000,0x0000000000140000)]

Other Threads:
=>0x0000000013597000 VMThread [stack: 0x0000000014630000,0x0000000014730000] [id=6060]

VM state:at safepoint (shutting down)

VM Mutex/Monitor currently owned by a thread:  ([mutex/lock_event])
[0x0000000002160fd0] Threads_lock - owner thread: 0x0000000013597000

Heap:
 PSYoungGen      total 143872K, used 58373K [0x00000000f5580000, 0x00000000fe300000, 0x0000000100000000)
  eden space 142848K, 40% used [0x00000000f5580000,0x00000000f8e814c0,0x00000000fe100000)
  from space 1024K, 0% used [0x00000000fe100000,0x00000000fe100000,0x00000000fe200000)
  to   space 1024K, 0% used [0x00000000fe200000,0x00000000fe200000,0x00000000fe300000)
 ParOldGen       total 114176K, used 57298K [0x00000000e0000000, 0x00000000e6f80000, 0x00000000f5580000)
  object space 114176K, 50% used [0x00000000e0000000,0x00000000e37f4b78,0x00000000e6f80000)
 Metaspace       used 92381K, capacity 99672K, committed 99968K, reserved 1136640K
  class space    used 11063K, capacity 13160K, committed 13184K, reserved 1048576K

Card table byte_map: [0x0000000011620000,0x0000000011730000] byte_map_base: 0x0000000010f20000

Marking Bits: (ParMarkBitMap*) 0x0000000071de4040
 Begin Bits: [0x0000000011b30000, 0x0000000012330000)
 End Bits:   [0x0000000012330000, 0x0000000012b30000)

Polling page: 0x00000000003e0000

CodeCache: size=245760Kb used=55424Kb max_used=55427Kb free=190335Kb
 bounds [0x0000000002260000, 0x00000000058f0000, 0x0000000011260000]
 total_blobs=15647 nmethods=14788 adapters=764
 compilation: enabled

Compilation events (10 events):
Event: 40053.491 Thread 0x000000001361f800 nmethod 19782 0x00000000058d8d50 code [0x00000000058d9180, 0x00000000058de2d0]
Event: 40053.495 Thread 0x000000001361f800 19794   !   4       org.eclipse.osgi.framework.eventmgr.ListenerQueue::dispatchEventSynchronous (81 bytes)
Event: 40053.555 Thread 0x000000001361f800 nmethod 19794 0x00000000058d3d50 code [0x00000000058d3f00, 0x00000000058d4888]
Event: 40053.560 Thread 0x000000001361f800 19793       4       org.osgi.service.event.Event::<init> (40 bytes)
Event: 40053.564 Thread 0x0000000013625800 nmethod 19785 0x00000000058e5150 code [0x00000000058e5500, 0x00000000058e8980]
Event: 40053.589 Thread 0x000000001361f800 nmethod 19793 0x0000000003bd0a90 code [0x0000000003bd0c00, 0x0000000003bd11e8]
Event: 40054.563 Thread 0x000000001362c800 19811   !   3       org.eclipse.osgi.internal.baseadaptor.BaseStorage::compact (215 bytes)
Event: 40054.568 Thread 0x000000001362c800 nmethod 19811 0x0000000002bb89d0 code [0x0000000002bb8e20, 0x0000000002bbb2e8]
Event: 40055.824 Thread 0x000000001362c800 19812       3       org.eclipse.osgi.framework.internal.core.AbstractBundle::close (52 bytes)
Event: 40055.828 Thread 0x000000001362c800 nmethod 19812 0x00000000058d2890 code [0x00000000058d2ac0, 0x00000000058d37c8]

GC Heap History (10 events):
Event: 39592.547 GC heap before
{Heap before GC invocations=673 (full 322):
 PSYoungGen      total 143872K, used 160K [0x00000000f5580000, 0x00000000fe300000, 0x0000000100000000)
  eden space 142848K, 0% used [0x00000000f5580000,0x00000000f5580000,0x00000000fe100000)
  from space 1024K, 15% used [0x00000000fe100000,0x00000000fe128000,0x00000000fe200000)
  to   space 1024K, 0% used [0x00000000fe200000,0x00000000fe200000,0x00000000fe300000)
 ParOldGen       total 114176K, used 57298K [0x00000000e0000000, 0x00000000e6f80000, 0x00000000f5580000)
  object space 114176K, 50% used [0x00000000e0000000,0x00000000e37f4a58,0x00000000e6f80000)
 Metaspace       used 91489K, capacity 98658K, committed 99072K, reserved 1134592K
  class space    used 10960K, capacity 12933K, committed 13056K, reserved 1048576K
Event: 39593.005 GC heap after
Heap after GC invocations=673 (full 322):
 PSYoungGen      total 143872K, used 0K [0x00000000f5580000, 0x00000000fe300000, 0x0000000100000000)
  eden space 142848K, 0% used [0x00000000f5580000,0x00000000f5580000,0x00000000fe100000)
  from space 1024K, 0% used [0x00000000fe100000,0x00000000fe100000,0x00000000fe200000)
  to   space 1024K, 0% used [0x00000000fe200000,0x00000000fe200000,0x00000000fe300000)
 ParOldGen       total 114176K, used 57298K [0x00000000e0000000, 0x00000000e6f80000, 0x00000000f5580000)
  object space 114176K, 50% used [0x00000000e0000000,0x00000000e37f4a58,0x00000000e6f80000)
 Metaspace       used 91489K, capacity 98658K, committed 99072K, reserved 1134592K
  class space    used 10960K, capacity 12933K, committed 13056K, reserved 1048576K
}
Event: 39652.539 GC heap before
{Heap before GC invocations=674 (full 322):
 PSYoungGen      total 143872K, used 9246K [0x00000000f5580000, 0x00000000fe300000, 0x0000000100000000)
  eden space 142848K, 6% used [0x00000000f5580000,0x00000000f5e87a00,0x00000000fe100000)
  from space 1024K, 0% used [0x00000000fe100000,0x00000000fe100000,0x00000000fe200000)
  to   space 1024K, 0% used [0x00000000fe200000,0x00000000fe200000,0x00000000fe300000)
 ParOldGen       total 114176K, used 57298K [0x00000000e0000000, 0x00000000e6f80000, 0x00000000f5580000)
  object space 114176K, 50% used [0x00000000e0000000,0x00000000e37f4a58,0x00000000e6f80000)
 Metaspace       used 91489K, capacity 98658K, committed 99072K, reserved 1134592K
  class space    used 10960K, capacity 12933K, committed 13056K, reserved 1048576K
Event: 39652.550 GC heap after
Heap after GC invocations=674 (full 322):
 PSYoungGen      total 143872K, used 512K [0x00000000f5580000, 0x00000000fe300000, 0x0000000100000000)
  eden space 142848K, 0% used [0x00000000f5580000,0x00000000f5580000,0x00000000fe100000)
  from space 1024K, 50% used [0x00000000fe200000,0x00000000fe280000,0x00000000fe300000)
  to   space 1024K, 0% used [0x00000000fe100000,0x00000000fe100000,0x00000000fe200000)
 ParOldGen       total 114176K, used 57298K [0x00000000e0000000, 0x00000000e6f80000, 0x00000000f5580000)
  object space 114176K, 50% used [0x00000000e0000000,0x00000000e37f4a58,0x00000000e6f80000)
 Metaspace       used 91489K, capacity 98658K, committed 99072K, reserved 1134592K
  class space    used 10960K, capacity 12933K, committed 13056K, reserved 1048576K
}
Event: 39652.550 GC heap before
{Heap before GC invocations=675 (full 323):
 PSYoungGen      total 143872K, used 512K [0x00000000f5580000, 0x00000000fe300000, 0x0000000100000000)
  eden space 142848K, 0% used [0x00000000f5580000,0x00000000f5580000,0x00000000fe100000)
  from space 1024K, 50% used [0x00000000fe200000,0x00000000fe280000,0x00000000fe300000)
  to   space 1024K, 0% used [0x00000000fe100000,0x00000000fe100000,0x00000000fe200000)
 ParOldGen       total 114176K, used 57298K [0x00000000e0000000, 0x00000000e6f80000, 0x00000000f5580000)
  object space 114176K, 50% used [0x00000000e0000000,0x00000000e37f4a58,0x00000000e6f80000)
 Metaspace       used 91489K, capacity 98658K, committed 99072K, reserved 1134592K
  class space    used 10960K, capacity 12933K, committed 13056K, reserved 1048576K
Event: 39653.074 GC heap after
Heap after GC invocations=675 (full 323):
 PSYoungGen      total 143872K, used 0K [0x00000000f5580000, 0x00000000fe300000, 0x0000000100000000)
  eden space 142848K, 0% used [0x00000000f5580000,0x00000000f5580000,0x00000000fe100000)
  from space 1024K, 0% used [0x00000000fe200000,0x00000000fe200000,0x00000000fe300000)
  to   space 1024K, 0% used [0x00000000fe100000,0x00000000fe100000,0x00000000fe200000)
 ParOldGen       total 114176K, used 57440K [0x00000000e0000000, 0x00000000e6f80000, 0x00000000f5580000)
  object space 114176K, 50% used [0x00000000e0000000,0x00000000e38182d0,0x00000000e6f80000)
 Metaspace       used 91489K, capacity 98658K, committed 99072K, reserved 1134592K
  class space    used 10960K, capacity 12933K, committed 13056K, reserved 1048576K
}
Event: 39712.563 GC heap before
{Heap before GC invocations=676 (full 323):
 PSYoungGen      total 143872K, used 4580K [0x00000000f5580000, 0x00000000fe300000, 0x0000000100000000)
  eden space 142848K, 3% used [0x00000000f5580000,0x00000000f59f90e0,0x00000000fe100000)
  from space 1024K, 0% used [0x00000000fe200000,0x00000000fe200000,0x00000000fe300000)
  to   space 1024K, 0% used [0x00000000fe100000,0x00000000fe100000,0x00000000fe200000)
 ParOldGen       total 114176K, used 57440K [0x00000000e0000000, 0x00000000e6f80000, 0x00000000f5580000)
  object space 114176K, 50% used [0x00000000e0000000,0x00000000e38182d0,0x00000000e6f80000)
 Metaspace       used 91489K, capacity 98658K, committed 99072K, reserved 1134592K
  class space    used 10960K, capacity 12933K, committed 13056K, reserved 1048576K
Event: 39712.571 GC heap after
Heap after GC invocations=676 (full 323):
 PSYoungGen      total 143872K, used 160K [0x00000000f5580000, 0x00000000fe300000, 0x0000000100000000)
  eden space 142848K, 0% used [0x00000000f5580000,0x00000000f5580000,0x00000000fe100000)
  from space 1024K, 15% used [0x00000000fe100000,0x00000000fe128000,0x00000000fe200000)
  to   space 1024K, 0% used [0x00000000fe200000,0x00000000fe200000,0x00000000fe300000)
 ParOldGen       total 114176K, used 57440K [0x00000000e0000000, 0x00000000e6f80000, 0x00000000f5580000)
  object space 114176K, 50% used [0x00000000e0000000,0x00000000e38182d0,0x00000000e6f80000)
 Metaspace       used 91489K, capacity 98658K, committed 99072K, reserved 1134592K
  class space    used 10960K, capacity 12933K, committed 13056K, reserved 1048576K
}
Event: 39712.571 GC heap before
{Heap before GC invocations=677 (full 324):
 PSYoungGen      total 143872K, used 160K [0x00000000f5580000, 0x00000000fe300000, 0x0000000100000000)
  eden space 142848K, 0% used [0x00000000f5580000,0x00000000f5580000,0x00000000fe100000)
  from space 1024K, 15% used [0x00000000fe100000,0x00000000fe128000,0x00000000fe200000)
  to   space 1024K, 0% used [0x00000000fe200000,0x00000000fe200000,0x00000000fe300000)
 ParOldGen       total 114176K, used 57440K [0x00000000e0000000, 0x00000000e6f80000, 0x00000000f5580000)
  object space 114176K, 50% used [0x00000000e0000000,0x00000000e38182d0,0x00000000e6f80000)
 Metaspace       used 91489K, capacity 98658K, committed 99072K, reserved 1134592K
  class space    used 10960K, capacity 12933K, committed 13056K, reserved 1048576K
Event: 39712.979 GC heap after
Heap after GC invocations=677 (full 324):
 PSYoungGen      total 143872K, used 0K [0x00000000f5580000, 0x00000000fe300000, 0x0000000100000000)
  eden space 142848K, 0% used [0x00000000f5580000,0x00000000f5580000,0x00000000fe100000)
  from space 1024K, 0% used [0x00000000fe100000,0x00000000fe100000,0x00000000fe200000)
  to   space 1024K, 0% used [0x00000000fe200000,0x00000000fe200000,0x00000000fe300000)
 ParOldGen       total 114176K, used 57298K [0x00000000e0000000, 0x00000000e6f80000, 0x00000000f5580000)
  object space 114176K, 50% used [0x00000000e0000000,0x00000000e37f4b78,0x00000000e6f80000)
 Metaspace       used 91489K, capacity 98658K, committed 99072K, reserved 1134592K
  class space    used 10960K, capacity 12933K, committed 13056K, reserved 1048576K
}

Deoptimization events (10 events):
Event: 40052.696 Thread 0x0000000002163800 Uncommon trap: reason=class_check action=maybe_recompile pc=0x0000000004847e8c method=org.eclipse.swt.widgets.Display.asyncExec(Ljava/lang/Runnable;)V @ 54
Event: 40052.696 Thread 0x0000000002163800 Uncommon trap: reason=class_check action=maybe_recompile pc=0x0000000004847e8c method=org.eclipse.swt.widgets.Display.asyncExec(Ljava/lang/Runnable;)V @ 54
Event: 40052.731 Thread 0x0000000002163800 Uncommon trap: reason=null_check action=make_not_entrant pc=0x000000000376fd90 method=java.lang.Class.reflectionData()Ljava/lang/Class$ReflectionData; @ 24
Event: 40052.836 Thread 0x0000000015891800 Uncommon trap: reason=unstable_if action=reinterpret pc=0x0000000002a2ab40 method=org.eclipse.osgi.framework.internal.core.BundleContextImpl.dispatchEvent(Ljava/lang/Object;Ljava/lang/Object;ILjava/lang/Object;)V @ 16
Event: 40052.844 Thread 0x0000000002163800 Uncommon trap: reason=unstable_if action=reinterpret pc=0x00000000055e7b64 method=org.eclipse.osgi.framework.internal.core.FilterImpl.compare_Long(IJLjava/lang/Object;)Z @ 145
Event: 40053.002 Thread 0x0000000015a00000 Uncommon trap: reason=unstable_if action=reinterpret pc=0x00000000056628cc method=org.eclipse.core.internal.jobs.WorkerPool.startJob(Lorg/eclipse/core/internal/jobs/Worker;)Lorg/eclipse/core/internal/jobs/InternalJob; @ 177
Event: 40053.007 Thread 0x00000000159fe800 Uncommon trap: reason=unstable_if action=reinterpret pc=0x00000000056628cc method=org.eclipse.core.internal.jobs.WorkerPool.startJob(Lorg/eclipse/core/internal/jobs/Worker;)Lorg/eclipse/core/internal/jobs/InternalJob; @ 177
Event: 40053.011 Thread 0x0000000015a02800 Uncommon trap: reason=unstable_if action=reinterpret pc=0x00000000056628cc method=org.eclipse.core.internal.jobs.WorkerPool.startJob(Lorg/eclipse/core/internal/jobs/Worker;)Lorg/eclipse/core/internal/jobs/InternalJob; @ 177
Event: 40053.030 Thread 0x0000000015a04000 Uncommon trap: reason=unstable_if action=reinterpret pc=0x00000000056628cc method=org.eclipse.core.internal.jobs.WorkerPool.startJob(Lorg/eclipse/core/internal/jobs/Worker;)Lorg/eclipse/core/internal/jobs/InternalJob; @ 177
Event: 40055.828 Thread 0x00000000159fe800 Uncommon trap: reason=bimorphic action=maybe_recompile pc=0x0000000004998aec method=java.util.concurrent.CopyOnWriteArrayList.indexOf(Ljava/lang/Object;[Ljava/lang/Object;II)I @ 46

Internal exceptions (10 events):
Event: 40048.795 Thread 0x0000000002163800 Implicit null exception at 0x00000000043ec049 to 0x00000000043f49f1
Event: 40050.047 Thread 0x0000000002163800 Implicit null exception at 0x000000000315fe45 to 0x0000000003160115
Event: 40051.687 Thread 0x000000001b1e7800 Exception <a 'java/lang/InterruptedException'> (0x00000000f88340f8) thrown at [C:\re\workspace\8-2-build-windows-amd64-cygwin\jdk8u45\3627\hotspot\src\share\vm\runtime\objectMonitor.cpp, line 1683]
Event: 40051.732 Thread 0x0000000015a04000 Implicit null exception at 0x00000000031dbc83 to 0x00000000031df1a9
Event: 40052.731 Thread 0x0000000002163800 Implicit null exception at 0x000000000376fabb to 0x000000000376fd6d
Event: 40053.139 Thread 0x00000000158b7800 Exception <a 'java/lang/InterruptedException': sleep interrupted> (0x00000000f5580c70) thrown at [C:\re\workspace\8-2-build-windows-amd64-cygwin\jdk8u45\3627\hotspot\src\share\vm\prims\jvm.cpp, line 3211]
Event: 40053.157 Thread 0x0000000015895800 Exception <a 'java/lang/InterruptedException'> (0x00000000f8c44d78) thrown at [C:\re\workspace\8-2-build-windows-amd64-cygwin\jdk8u45\3627\hotspot\src\share\vm\runtime\objectMonitor.cpp, line 1683]
Event: 40053.159 Thread 0x000000001589c000 Exception <a 'java/lang/InterruptedException'> (0x00000000f8c923a0) thrown at [C:\re\workspace\8-2-build-windows-amd64-cygwin\jdk8u45\3627\hotspot\src\share\vm\runtime\objectMonitor.cpp, line 1683]
Event: 40055.825 Thread 0x0000000015891800 Exception <a 'java/lang/InterruptedException'> (0x00000000f8b683b8) thrown at [C:\re\workspace\8-2-build-windows-amd64-cygwin\jdk8u45\3627\hotspot\src\share\vm\runtime\objectMonitor.cpp, line 1683]
Event: 40055.829 Thread 0x00000000159fe800 Exception <a 'java/io/IOException'> (0x00000000f8e4a888) thrown at [C:\re\workspace\8-2-build-windows-amd64-cygwin\jdk8u45\3627\hotspot\src\share\vm\prims\jni.cpp, line 709]

Events (10 events):
Event: 40055.827 Thread 0x00000000159fe800 Thread added: 0x00000000159fe800
Event: 40055.828 Thread 0x00000000159fe800 Uncommon trap: trap_request=0xffffffc6 fr.pc=0x0000000004998aec
Event: 40055.828 Thread 0x00000000159fe800 DEOPT PACKING pc=0x0000000004998aec sp=0x0000000016eef390
Event: 40055.828 Thread 0x00000000159fe800 DEOPT UNPACKING pc=0x00000000022a582a sp=0x0000000016eef348 mode 2
Event: 40055.828 Executing VM operation: RevokeBias
Event: 40055.828 Executing VM operation: RevokeBias done
Event: 40055.829 Executing VM operation: RevokeBias
Event: 40055.829 Executing VM operation: RevokeBias done
Event: 40055.829 Thread 0x00000000159fe800 Thread exited: 0x00000000159fe800
Event: 40055.833 Executing VM operation: Exit


Dynamic libraries:
0x0000000000400000 - 0x000000000044f000 	E:\ProgramFiles\Xilinx\SDK\2015.4\eclipse\win64.o\eclipse.exe
0x00007ffac5c70000 - 0x00007ffac5e16000 	C:\Windows\SYSTEM32\ntdll.dll
0x00007ffac3e80000 - 0x00007ffac3fba000 	C:\Windows\system32\KERNEL32.DLL
0x00007ffac30b0000 - 0x00007ffac31bf000 	C:\Windows\system32\KERNELBASE.dll
0x00007ffac5950000 - 0x00007ffac5ac1000 	C:\Windows\system32\USER32.dll
0x00007ffac0ec0000 - 0x00007ffac111a000 	C:\Windows\WinSxS\amd64_microsoft.windows.common-controls_6595b64144ccf1df_6.0.9600.17031_none_6242a4b3ecbb55a1\COMCTL32.dll
0x00007ffac3690000 - 0x00007ffac3737000 	C:\Windows\system32\msvcrt.dll
0x00007ffac3d30000 - 0x00007ffac3e74000 	C:\Windows\system32\GDI32.dll
0x00007ffac3b00000 - 0x00007ffac3b34000 	C:\Windows\system32\IMM32.DLL
0x00007ffac42a0000 - 0x00007ffac43d9000 	C:\Windows\system32\MSCTF.dll
0x0000000072000000 - 0x0000000072012000 	E:\ProgramFiles\Xilinx\SDK\2015.4\eclipse\win64.o\plugins\org.eclipse.equinox.launcher.win32.win32.x86_64_1.1.200.v20140116-2212\eclipse_1503.dll
0x00007ffac39a0000 - 0x00007ffac3a45000 	C:\Windows\system32\ADVAPI32.dll
0x00007ffabb630000 - 0x00007ffabb63a000 	C:\Windows\SYSTEM32\VERSION.dll
0x00007ffac43e0000 - 0x00007ffac4437000 	C:\Windows\SYSTEM32\sechost.dll
0x00007ffac34f0000 - 0x00007ffac3627000 	C:\Windows\system32\RPCRT4.dll
0x00007ffac1cc0000 - 0x00007ffac1de1000 	C:\Windows\system32\uxtheme.dll
0x00007ffac37b0000 - 0x00007ffac3986000 	C:\Windows\SYSTEM32\combase.dll
0x00000000715e0000 - 0x0000000071e63000 	E:\ProgramFiles\Xilinx\SDK\2015.4\tps\win64\jre\bin\server\jvm.dll
0x00007ffab8a60000 - 0x00007ffab8a69000 	C:\Windows\SYSTEM32\WSOCK32.dll
0x00007ffabe3f0000 - 0x00007ffabe40f000 	C:\Windows\SYSTEM32\WINMM.dll
0x00007ffac5920000 - 0x00007ffac5927000 	C:\Windows\system32\PSAPI.DLL
0x0000000074090000 - 0x0000000074162000 	C:\Windows\SYSTEM32\MSVCR100.dll
0x00007ffac3630000 - 0x00007ffac3688000 	C:\Windows\system32\WS2_32.dll
0x00007ffabe3c0000 - 0x00007ffabe3ea000 	C:\Windows\SYSTEM32\WINMMBASE.dll
0x00007ffac3740000 - 0x00007ffac3749000 	C:\Windows\system32\NSI.dll
0x00007ffac32c0000 - 0x00007ffac330a000 	C:\Windows\SYSTEM32\cfgmgr32.dll
0x00007ffac1e40000 - 0x00007ffac1e66000 	C:\Windows\SYSTEM32\DEVOBJ.dll
0x0000000072490000 - 0x000000007249f000 	E:\ProgramFiles\Xilinx\SDK\2015.4\tps\win64\jre\bin\verify.dll
0x0000000071480000 - 0x00000000714a9000 	E:\ProgramFiles\Xilinx\SDK\2015.4\tps\win64\jre\bin\java.dll
0x0000000072470000 - 0x0000000072486000 	E:\ProgramFiles\Xilinx\SDK\2015.4\tps\win64\jre\bin\zip.dll
0x00007ffac4510000 - 0x00007ffac591f000 	C:\Windows\system32\SHELL32.dll
0x00007ffac3750000 - 0x00007ffac37a1000 	C:\Windows\system32\SHLWAPI.dll
0x00007ffac12f0000 - 0x00007ffac138f000 	C:\Windows\SYSTEM32\SHCORE.dll
0x00007ffac2fe0000 - 0x00007ffac2ff4000 	C:\Windows\SYSTEM32\profapi.dll
0x00007ffac2870000 - 0x00007ffac288e000 	C:\Windows\SYSTEM32\CRYPTSP.dll
0x00007ffac24b0000 - 0x00007ffac24e5000 	C:\Windows\system32\rsaenh.dll
0x00007ffac2b90000 - 0x00007ffac2bb6000 	C:\Windows\SYSTEM32\bcrypt.dll
0x00007ffac25c0000 - 0x00007ffac25de000 	C:\Windows\SYSTEM32\USERENV.dll
0x00007ffac2ec0000 - 0x00007ffac2f20000 	C:\Windows\system32\bcryptprimitives.dll
0x00007ffac2f20000 - 0x00007ffac2f2a000 	C:\Windows\SYSTEM32\CRYPTBASE.dll
0x0000000071460000 - 0x000000007147a000 	E:\ProgramFiles\Xilinx\SDK\2015.4\tps\win64\jre\bin\net.dll
0x00007ffac2810000 - 0x00007ffac2868000 	C:\Windows\system32\mswsock.dll
0x00007ffabd0b0000 - 0x00007ffabd0d9000 	C:\Windows\SYSTEM32\IPHLPAPI.DLL
0x00007ffabd080000 - 0x00007ffabd08a000 	C:\Windows\SYSTEM32\WINNSI.DLL
0x00007ffabcf20000 - 0x00007ffabcf34000 	C:\Windows\SYSTEM32\dhcpcsvc6.DLL
0x00007ffabcf00000 - 0x00007ffabcf19000 	C:\Windows\SYSTEM32\dhcpcsvc.DLL
0x0000000071440000 - 0x0000000071451000 	E:\ProgramFiles\Xilinx\SDK\2015.4\tps\win64\jre\bin\nio.dll
0x00007ffac4020000 - 0x00007ffac4198000 	C:\Windows\system32\ole32.dll
0x00007ffac1e90000 - 0x00007ffac1e9a000 	C:\Windows\SYSTEM32\kernel.appcore.dll
0x00007ffab87b0000 - 0x00007ffab87c4000 	C:\Windows\system32\napinsp.dll
0x00007ffab87e0000 - 0x00007ffab87f9000 	C:\Windows\system32\pnrpnsp.dll
0x00007ffac19a0000 - 0x00007ffac19bb000 	C:\Windows\system32\NLAapi.dll
0x00007ffac2620000 - 0x00007ffac26c3000 	C:\Windows\SYSTEM32\DNSAPI.dll
0x00007ffab87d0000 - 0x00007ffab87dc000 	C:\Windows\System32\winrnr.dll
0x00007ffab8800000 - 0x00007ffab8813000 	C:\Windows\system32\wshbth.dll
0x00007ffab9e90000 - 0x00007ffab9e99000 	C:\Windows\System32\rasadhlp.dll
0x00007ffabcba0000 - 0x00007ffabcc08000 	C:\Windows\System32\fwpuclnt.dll
0x000000001a3f0000 - 0x000000001a498000 	C:\Users\CoBoL\.Xilinx\SDK\2015.4\org.eclipse.osgi\bundles\303\1\.cp\swt-win32-4335.dll
0x00007ffac4440000 - 0x00007ffac4501000 	C:\Windows\system32\OLEAUT32.dll
0x00007ffac4200000 - 0x00007ffac429e000 	C:\Windows\system32\comdlg32.dll
0x00007ffabf180000 - 0x00007ffabf1fb000 	C:\Windows\SYSTEM32\WINSPOOL.DRV
0x00007ffab6910000 - 0x00007ffab6924000 	C:\Windows\SYSTEM32\USP10.dll
0x00007ffabb6c0000 - 0x00007ffabb908000 	C:\Windows\SYSTEM32\WININET.dll
0x00007ffac3310000 - 0x00007ffac34ef000 	C:\Windows\system32\CRYPT32.dll
0x00007ffabb910000 - 0x00007ffabbbd7000 	C:\Windows\SYSTEM32\iertutil.dll
0x00007ffac3090000 - 0x00007ffac30a2000 	C:\Windows\system32\MSASN1.dll
0x00007ffac1120000 - 0x00007ffac1140000 	C:\Windows\system32\dwmapi.dll
0x00007ffabe730000 - 0x00007ffabe89f000 	C:\Windows\SYSTEM32\propsys.dll
0x00007ffac3a50000 - 0x00007ffac3af4000 	C:\Windows\SYSTEM32\clbcatq.dll
0x0000000018d00000 - 0x0000000018d1e000 	C:\Users\CoBoL\.Xilinx\SDK\2015.4\org.eclipse.osgi\bundles\303\1\.cp\swt-gdip-win32-4335.dll
0x00007ffabe440000 - 0x00007ffabe5d8000 	C:\Windows\WinSxS\amd64_microsoft.windows.gdiplus_6595b64144ccf1df_1.1.9600.17227_none_932c0e57474f5080\gdiplus.dll
0x00007ffac0700000 - 0x00007ffac08ae000 	C:\Windows\SYSTEM32\WindowsCodecs.dll
0x0000000180000000 - 0x0000000180012000 	C:\Users\CoBoL\.Xilinx\SDK\2015.4\org.eclipse.osgi\bundles\121\1\.cp\os\win32\x86_64\localfile_1_0_0.dll
0x00007ffab6820000 - 0x00007ffab6831000 	C:\Users\CoBoL\.Xilinx\SDK\2015.4\org.eclipse.osgi\bundles\124\1\.cp\jWinHttp-1.0.0.dll
0x00007ffaba8b0000 - 0x00007ffaba975000 	C:\Windows\SYSTEM32\WINHTTP.dll
0x00007ffabf110000 - 0x00007ffabf173000 	C:\Windows\SYSTEM32\oleacc.dll
0x00007ffab9030000 - 0x00007ffab903f000 	E:\ProgramFiles\Xilinx\SDK\2015.4\lib\win64.o\librdi_repo_manager.dll
0x00007ffab9000000 - 0x00007ffab902a000 	E:\ProgramFiles\Xilinx\SDK\2015.4\lib\win64.o\libisl_sysinfo.dll
0x00007ffa85420000 - 0x00007ffa85dad000 	E:\ProgramFiles\Xilinx\SDK\2015.4\lib\win64.o\librdi_common.dll
0x00007ffab1ca0000 - 0x00007ffab1cf4000 	E:\ProgramFiles\Xilinx\SDK\2015.4\lib\win64.o\librdi_commonxillic.dll
0x00007ffa85230000 - 0x00007ffa8541c000 	E:\ProgramFiles\Xilinx\SDK\2015.4\lib\win64.o\librdi_hsm.dll
0x00007ffab8f20000 - 0x00007ffab8fc7000 	C:\Windows\SYSTEM32\MSVCP110.dll
0x00007ffab8e40000 - 0x00007ffab8f14000 	C:\Windows\SYSTEM32\MSVCR110.dll
0x00007ffa84ec0000 - 0x00007ffa8522e000 	E:\ProgramFiles\Xilinx\SDK\2015.4\lib\win64.o\libCOIN-all.dll
0x00007ffa84ca0000 - 0x00007ffa84ebe000 	E:\ProgramFiles\Xilinx\SDK\2015.4\lib\win64.o\libXil_lmgr11.dll
0x00007ffab8ff0000 - 0x00007ffab9000000 	E:\ProgramFiles\Xilinx\SDK\2015.4\lib\win64.o\libboost_date_time.dll
0x00007ffab1c70000 - 0x00007ffab1c92000 	E:\ProgramFiles\Xilinx\SDK\2015.4\lib\win64.o\libboost_filesystem.dll
0x00007ffaaf8c0000 - 0x00007ffaaf934000 	E:\ProgramFiles\Xilinx\SDK\2015.4\lib\win64.o\libboost_program_options.dll
0x00007ffaa3690000 - 0x00007ffaa378a000 	E:\ProgramFiles\Xilinx\SDK\2015.4\lib\win64.o\libboost_regex.dll
0x00007ffab8fd0000 - 0x00007ffab8fe3000 	E:\ProgramFiles\Xilinx\SDK\2015.4\lib\win64.o\libboost_signals.dll
0x00007ffab7ab0000 - 0x00007ffab7ab9000 	E:\ProgramFiles\Xilinx\SDK\2015.4\lib\win64.o\libboost_system.dll
0x00007ffab6650000 - 0x00007ffab666d000 	E:\ProgramFiles\Xilinx\SDK\2015.4\lib\win64.o\libboost_thread.dll
0x00007ffab6a30000 - 0x00007ffab6a3b000 	E:\ProgramFiles\Xilinx\SDK\2015.4\lib\win64.o\libboost_xilinx.dll
0x00007ffaae630000 - 0x00007ffaae6b0000 	E:\ProgramFiles\Xilinx\SDK\2015.4\lib\win64.o\libhdlpsolve.dll
0x00007ffaab8a0000 - 0x00007ffaab93a000 	E:\ProgramFiles\Xilinx\SDK\2015.4\lib\win64.o\libhdxml.dll
0x00007ffa84860000 - 0x00007ffa84c94e00 	E:\ProgramFiles\Xilinx\SDK\2015.4\lib\win64.o\libisl_iostreams.dll
0x00007ffab64f0000 - 0x00007ffab6505000 	E:\ProgramFiles\Xilinx\SDK\2015.4\lib\win64.o\pthreadVC2.dll
0x00007ffa9ea20000 - 0x00007ffa9eb50000 	E:\ProgramFiles\Xilinx\SDK\2015.4\lib\win64.o\librdi_curl.dll
0x00007ffab5ff0000 - 0x00007ffab6008000 	E:\ProgramFiles\Xilinx\SDK\2015.4\lib\win64.o\librdiconfig.dll
0x00007ffab1680000 - 0x00007ffab16a3000 	E:\ProgramFiles\Xilinx\SDK\2015.4\lib\win64.o\librdizlib.dll
0x0000000073f60000 - 0x0000000074087000 	E:\ProgramFiles\Xilinx\SDK\2015.4\lib\win64.o\tcl85t.dll
0x00000000208b0000 - 0x0000000020b13000 	E:\ProgramFiles\Xilinx\SDK\2015.4\lib\win64.o\xerces-c_3_1.dll
0x00007ffabbbe0000 - 0x00007ffabbd65000 	C:\Windows\SYSTEM32\urlmon.dll
0x00007ffab8140000 - 0x00007ffab8163000 	C:\Windows\SYSTEM32\VCOMP110.DLL
0x00007ffaafed0000 - 0x00007ffaaff13000 	E:\ProgramFiles\Xilinx\SDK\2015.4\lib\win64.o\librdi_hdf.dll
0x00007ffa84600000 - 0x00007ffa84855000 	E:\ProgramFiles\Xilinx\SDK\2015.4\lib\win64.o\librdi_ippcw.dll
0x00007ffac1980000 - 0x00007ffac1995000 	C:\Windows\SYSTEM32\NETAPI32.dll
0x00007ffac3270000 - 0x00007ffac32bc000 	C:\Windows\system32\WINTRUST.dll
0x00007ffab6490000 - 0x00007ffab649b000 	E:\ProgramFiles\Xilinx\SDK\2015.4\lib\win64.o\libboost_chrono.dll
0x00007ffab37c0000 - 0x00007ffab37d6000 	E:\ProgramFiles\Xilinx\SDK\2015.4\lib\win64.o\libboost_iostreams.dll
0x00007ffab1650000 - 0x00007ffab1673000 	E:\ProgramFiles\Xilinx\SDK\2015.4\lib\win64.o\libisl_iosutils.dll
0x00007ffac2a10000 - 0x00007ffac2a1c000 	C:\Windows\SYSTEM32\netutils.dll
0x00007ffac2cb0000 - 0x00007ffac2cd5000 	C:\Windows\SYSTEM32\srvcli.dll
0x00007ffac1390000 - 0x00007ffac13a6000 	C:\Windows\SYSTEM32\wkscli.dll
0x00007ffabf200000 - 0x00007ffabf207000 	C:\Windows\SYSTEM32\msimg32.dll
0x00007ffa835b0000 - 0x00007ffa83dc0000 	E:\ProgramFiles\Xilinx\SDK\2015.4\lib\win64.o\libXil_lmgr11FNP.dll
0x00007ffab7c10000 - 0x00007ffab7c1c000 	C:\Windows\SYSTEM32\snmpapi.dll
0x00007ffac3b40000 - 0x00007ffac3d14000 	C:\Windows\system32\SETUPAPI.dll
0x00007ffac2e90000 - 0x00007ffac2ebb000 	C:\Windows\SYSTEM32\SspiCli.dll
0x00007ffabc880000 - 0x00007ffabc896000 	E:\ProgramFiles\Xilinx\SDK\2015.4\eclipse\win64.o\plugins\org.eclipse.cdt.core.win32.x86_64_5.2.0.201402142303\os\win32\x86_64\spawner.dll
0x00007ffabef70000 - 0x00007ffabef7a000 	E:\ProgramFiles\Xilinx\SDK\2015.4\lib\win64.o\librdi_jtag_settings.dll
0x00007ffab89d0000 - 0x00007ffab89f9000 	E:\ProgramFiles\Xilinx\SDK\2015.4\lib\win64.o\librdi_debug_dialog.dll
0x00007ffabc870000 - 0x00007ffabc878000 	E:\ProgramFiles\Xilinx\SDK\2015.4\lib\win64.o\librdi_target_manager.dll
0x00007ffab79e0000 - 0x00007ffab79fb000 	C:\Windows\SYSTEM32\MPR.dll
0x00007ffabc900000 - 0x00007ffabc90b000 	C:\Windows\System32\drprov.dll
0x00007ffac29b0000 - 0x00007ffac2a07000 	C:\Windows\System32\WINSTA.dll
0x00007ffab83b0000 - 0x00007ffab83c5000 	C:\Windows\System32\ntlanman.dll
0x00007ffab8260000 - 0x00007ffab827e000 	C:\Windows\System32\davclnt.dll

VM Arguments:
jvm_args: -Dcom.xilinx.sdk.args.hwspec=E:/projects/xilinix/master_repo_old/LAB_AEP/Projects/fmc_imageon_gs/ZEDBOARD/fmc_imageon_gs.sdk/fmc_imageon_gs_wrapper.hdf -Xms64m -Xmx512m & 
java_command: <unknown>
java_class_path (initial): E:\ProgramFiles\Xilinx\SDK\2015.4\eclipse\win64.o\\plugins/org.eclipse.equinox.launcher_1.3.0.v20130327-1440.jar
Launcher Type: generic

Environment Variables:
JAVA_HOME=C:\Program Files\Java\jdk1.8.0_20
CLASSPATH=.;C:\Program Files (x86)\QuickTime\QTSystem\QTJava.zip;
USERNAME=CoBoL
OS=Windows_NT
PROCESSOR_IDENTIFIER=Intel64 Family 6 Model 69 Stepping 1, GenuineIntel



---------------  S Y S T E M  ---------------

OS: Windows 8.1 , 64 bit Build 9600 (6.3.9600.17056)

CPU:total 4 (2 cores per cpu, 2 threads per core) family 6 model 69 stepping 1, cmov, cx8, fxsr, mmx, sse, sse2, sse3, ssse3, sse4.1, sse4.2, popcnt, avx, avx2, aes, clmul, erms, lzcnt, ht, tsc, tscinvbit, bmi1, bmi2

Memory: 4k page, physical 8287332k(4418748k free), swap 11367524k(6950036k free)

vm_info: Java HotSpot(TM) 64-Bit Server VM (25.45-b02) for windows-amd64 JRE (1.8.0_45-b15), built on Apr 30 2015 12:40:44 by "java_re" with MS VC++ 10.0 (VS2010)

time: Wed Jun 29 00:17:37 2016
elapsed time: 40056 seconds (0d 11h 7m 36s)

