#-----------------------------------------------------------
# Webtalk v2015.4 (64-bit)
# SW Build 1412921 on Wed Nov 18 09:43:45 MST 2015
# 
# Start of session at: Thu Jun 02 17:45:02 2016
# Process ID: 131636
# Current directory: E:/projects/xilinix/master_repo/LAB_AEP/Integrated/Integrated_1/Integrated_1.sdk/webtalk
# Command line: wbtcv.exe -mode batch -source sdk_webtalk.tcl
# Log file: E:/projects/xilinix/master_repo/LAB_AEP/Integrated/Integrated_1/Integrated_1.sdk/webtalk/webtalk.log
# Journal file: E:/projects/xilinix/master_repo/LAB_AEP/Integrated/Integrated_1/Integrated_1.sdk/webtalk\webtalk.jou
#-----------------------------------------------------------
source sdk_webtalk.tcl
# webtalk_init -webtalk_dir E:\\projects\\xilinix\\master_repo\\LAB_AEP\\Integrated\\Integrated_1\\Integrated_1.sdk\\webtalk
# webtalk_register_client -client project
# webtalk_add_data -client project -key date_generated -value "Thu Jun 2 17:44:59 2016" -context "software_version_and_target_device"
# webtalk_add_data -client project -key product_version -value "SDK v2015.4" -context "software_version_and_target_device"
# webtalk_add_data -client project -key build_version -value "2015.4" -context "software_version_and_target_device"
# webtalk_add_data -client project -key os_platform -value "amd64" -context "software_version_and_target_device"
# webtalk_add_data -client project -key registration_id -value "" -context "software_version_and_target_device"
# webtalk_add_data -client project -key tool_flow -value "SDK" -context "software_version_and_target_device"
# webtalk_add_data -client project -key beta -value "false" -context "software_version_and_target_device"
# webtalk_add_data -client project -key route_design -value "NA" -context "software_version_and_target_device"
# webtalk_add_data -client project -key target_family -value "NA" -context "software_version_and_target_device"
# webtalk_add_data -client project -key target_device -value "NA" -context "software_version_and_target_device"
# webtalk_add_data -client project -key target_package -value "NA" -context "software_version_and_target_device"
# webtalk_add_data -client project -key target_speed -value "NA" -context "software_version_and_target_device"
# webtalk_add_data -client project -key random_id -value "vr3rdaefc90lbd0u3ln2b40jdb" -context "software_version_and_target_device"
# webtalk_add_data -client project -key project_id -value "2015.4_14" -context "software_version_and_target_device"
# webtalk_add_data -client project -key project_iteration -value "14" -context "software_version_and_target_device"
# webtalk_add_data -client project -key os_name -value "" -context "user_environment"
# webtalk_add_data -client project -key os_release -value "" -context "user_environment"
# webtalk_add_data -client project -key cpu_name -value "" -context "user_environment"
# webtalk_add_data -client project -key cpu_speed -value "" -context "user_environment"
# webtalk_add_data -client project -key total_processors -value "" -context "user_environment"
# webtalk_add_data -client project -key system_ram -value "" -context "user_environment"
# webtalk_register_client -client sdk
# webtalk_add_data -client sdk -key uid -value "1464876571817" -context "sdk\\\\bsp/1464876571817"
# webtalk_add_data -client sdk -key hwid -value "1464873638106" -context "sdk\\\\bsp/1464876571817"
# webtalk_add_data -client sdk -key os -value "standalone" -context "sdk\\\\bsp/1464876571817"
# webtalk_add_data -client sdk -key apptemplate -value "null" -context "sdk\\\\bsp/1464876571817"
# webtalk_add_data -client sdk -key uid -value "1464876801453" -context "sdk\\\\bsp/1464876801453"
# webtalk_add_data -client sdk -key hwid -value "1464873638106" -context "sdk\\\\bsp/1464876801453"
# webtalk_add_data -client sdk -key os -value "standalone" -context "sdk\\\\bsp/1464876801453"
# webtalk_add_data -client sdk -key apptemplate -value "hello_world" -context "sdk\\\\bsp/1464876801453"
# webtalk_add_data -client sdk -key uid -value "1464876808519" -context "sdk\\\\application/1464876808519"
# webtalk_add_data -client sdk -key hwid -value "1464873638106" -context "sdk\\\\application/1464876808519"
# webtalk_add_data -client sdk -key bspid -value "1464876801453" -context "sdk\\\\application/1464876808519"
# webtalk_add_data -client sdk -key newbsp -value "true" -context "sdk\\\\application/1464876808519"
# webtalk_add_data -client sdk -key os -value "standalone" -context "sdk\\\\application/1464876808519"
# webtalk_add_data -client sdk -key apptemplate -value "hello_world" -context "sdk\\\\application/1464876808519"
# webtalk_add_data -client sdk -key uid -value "1464877588857" -context "sdk\\\\bsp/1464877588857"
# webtalk_add_data -client sdk -key hwid -value "1464873638106" -context "sdk\\\\bsp/1464877588857"
# webtalk_add_data -client sdk -key os -value "standalone" -context "sdk\\\\bsp/1464877588857"
# webtalk_add_data -client sdk -key apptemplate -value "null" -context "sdk\\\\bsp/1464877588857"
# webtalk_add_data -client sdk -key uid -value "1464877660440" -context "sdk\\\\bsp/1464877660440"
# webtalk_add_data -client sdk -key hwid -value "1464873638106" -context "sdk\\\\bsp/1464877660440"
# webtalk_add_data -client sdk -key os -value "standalone" -context "sdk\\\\bsp/1464877660440"
# webtalk_add_data -client sdk -key apptemplate -value "null" -context "sdk\\\\bsp/1464877660440"
# webtalk_transmit -clientid 2803833246 -regid "" -xml E:\\projects\\xilinix\\master_repo\\LAB_AEP\\Integrated\\Integrated_1\\Integrated_1.sdk\\webtalk\\usage_statistics_ext_sdk.xml -html E:\\projects\\xilinix\\master_repo\\LAB_AEP\\Integrated\\Integrated_1\\Integrated_1.sdk\\webtalk\\usage_statistics_ext_sdk.html -wdm E:\\projects\\xilinix\\master_repo\\LAB_AEP\\Integrated\\Integrated_1\\Integrated_1.sdk\\webtalk\\sdk_webtalk.wdm -intro "<H3>SDK Usage Report</H3><BR>"
# webtalk_terminate
INFO: [Common 17-206] Exiting Webtalk at Thu Jun 02 17:45:34 2016...
