17:30:13 INFO  : Launching XSDB server: xsdb.bat C:/Xilinx/SDK/2015.4/scripts/xsdb/xsdb/xsdb-server.tcl
17:30:36 INFO  : XSDB server has started successfully.
17:33:24 INFO  : Launching XSDB server: xsdb.bat C:/Xilinx/SDK/2015.4/scripts/xsdb/xsdb/xsdb-server.tcl
17:33:32 INFO  : XSDB server has started successfully.
17:38:04 INFO  : Launching XSDB server: xsdb.bat C:/Xilinx/SDK/2015.4/scripts/xsdb/xsdb/xsdb-server.tcl
17:38:08 INFO  : XSDB server has started successfully.
17:46:29 INFO  : Launching XSDB server: xsdb.bat C:/Xilinx/SDK/2015.4/scripts/xsdb/xsdb/xsdb-server.tcl
17:46:36 INFO  : XSDB server has started successfully.
22:08:00 INFO  : Launching XSDB server: xsdb.bat C:/Xilinx/SDK/2015.4/scripts/xsdb/xsdb/xsdb-server.tcl
22:08:10 INFO  : XSDB server has started successfully.
22:33:11 INFO  : Launching XSDB server: xsdb.bat C:/Xilinx/SDK/2015.4/scripts/xsdb/xsdb/xsdb-server.tcl
22:33:20 INFO  : XSDB server has started successfully.
00:25:13 INFO  : Launching XSDB server: xsdb.bat C:/Xilinx/SDK/2015.4/scripts/xsdb/xsdb/xsdb-server.tcl
00:25:23 INFO  : XSDB server has started successfully.
01:15:14 INFO  : Launching XSDB server: xsdb.bat C:/Xilinx/SDK/2015.4/scripts/xsdb/xsdb/xsdb-server.tcl
01:15:32 INFO  : XSDB server has started successfully.
01:34:22 INFO  : Saving repository preferences.
01:34:22 INFO  : Reading in cores from local repositories: 
		 C:\Avnet\hdl\Projects\fmc_imageon_gs\software\sw_repository
01:34:22 INFO  : Cleaning BSP projects in the workspace.
01:48:37 INFO  : Connected to target on host '127.0.0.1' and port '3121'.
01:49:18 INFO  : Saving repository preferences.
01:49:27 INFO  : Saving repository preferences.
01:49:28 INFO  : Saving repository preferences.
01:53:58 INFO  : Connected to target on host '127.0.0.1' and port '3121'.
02:19:10 INFO  : Launching XSDB server: xsdb.bat C:/Xilinx/SDK/2015.4/scripts/xsdb/xsdb/xsdb-server.tcl
02:19:20 INFO  : XSDB server has started successfully.
02:19:28 INFO  : Restoring local repository preferences: 
		 C:\Avnet\hdl\Projects\fmc_imageon_gs\software\sw_repository
06:06:00 INFO  : Launching XSDB server: xsdb.bat C:/Xilinx/SDK/2015.4/scripts/xsdb/xsdb/xsdb-server.tcl
06:06:13 INFO  : XSDB server has started successfully.
06:06:19 INFO  : Restoring local repository preferences: 
		 C:\Avnet\hdl\Projects\fmc_imageon_gs\software\sw_repository
17:39:15 INFO  : Launching XSDB server: xsdb.bat C:/Xilinx/SDK/2015.4/scripts/xsdb/xsdb/xsdb-server.tcl
17:39:47 INFO  : XSDB server has started successfully.
17:39:57 INFO  : Restoring local repository preferences: 
		 C:\Avnet\hdl\Projects\fmc_imageon_gs\software\sw_repository
23:30:02 INFO  : Launching XSDB server: xsdb.bat C:/Xilinx/SDK/2015.4/scripts/xsdb/xsdb/xsdb-server.tcl
23:30:34 INFO  : XSDB server has started successfully.
23:30:44 INFO  : Restoring local repository preferences: 
		 C:\Avnet\hdl\Projects\fmc_imageon_gs\software\sw_repository
10:35:32 INFO  : Launching XSDB server: xsdb.bat C:/Xilinx/SDK/2015.4/scripts/xsdb/xsdb/xsdb-server.tcl
10:35:52 INFO  : XSDB server has started successfully.
10:35:56 INFO  : Restoring local repository preferences: 
		 C:\Avnet\hdl\Projects\fmc_imageon_gs\software\sw_repository
10:36:12 INFO  : Saving repository preferences.
10:36:13 INFO  : Saving repository preferences.
10:41:11 INFO  : Saving repository preferences.
10:41:14 INFO  : Saving repository preferences.
